[01m[K/home/pietro/Scrivania/TESI/ROS2/MoCap/Ros2MoCap/src/mocap_pub/src/MoCapPublisher.cpp:[m[K In member function ‘[01m[Kvoid MoCapPublisher::sendRigidBodyMessage(sRigidBodyData*, int)[m[K’:
[01m[K/home/pietro/Scrivania/TESI/ROS2/MoCap/Ros2MoCap/src/mocap_pub/src/MoCapPublisher.cpp:46:10:[m[K [01;31m[Kerror: [m[K‘[01m[Kusing RigidBody = struct mocap_interfaces::msg::RigidBody_<std::allocator<void> >[m[K’ {aka ‘[01m[Kstruct mocap_interfaces::msg::RigidBody_<std::allocator<void> >[m[K’} has no member named ‘[01m[Kp[m[K’
   46 |       rb.[01;31m[Kp[m[K.x = bodies[i].x;
      |          [01;31m[K^[m[K
[01m[K/home/pietro/Scrivania/TESI/ROS2/MoCap/Ros2MoCap/src/mocap_pub/src/MoCapPublisher.cpp:47:10:[m[K [01;31m[Kerror: [m[K‘[01m[Kusing RigidBody = struct mocap_interfaces::msg::RigidBody_<std::allocator<void> >[m[K’ {aka ‘[01m[Kstruct mocap_interfaces::msg::RigidBody_<std::allocator<void> >[m[K’} has no member named ‘[01m[Kp[m[K’
   47 |       rb.[01;31m[Kp[m[K.y = bodies[i].y;
      |          [01;31m[K^[m[K
[01m[K/home/pietro/Scrivania/TESI/ROS2/MoCap/Ros2MoCap/src/mocap_pub/src/MoCapPublisher.cpp:48:10:[m[K [01;31m[Kerror: [m[K‘[01m[Kusing RigidBody = struct mocap_interfaces::msg::RigidBody_<std::allocator<void> >[m[K’ {aka ‘[01m[Kstruct mocap_interfaces::msg::RigidBody_<std::allocator<void> >[m[K’} has no member named ‘[01m[Kp[m[K’
   48 |       rb.[01;31m[Kp[m[K.z = bodies[i].z;
      |          [01;31m[K^[m[K
[01m[K/home/pietro/Scrivania/TESI/ROS2/MoCap/Ros2MoCap/src/mocap_pub/src/MoCapPublisher.cpp:49:10:[m[K [01;31m[Kerror: [m[K‘[01m[Kusing RigidBody = struct mocap_interfaces::msg::RigidBody_<std::allocator<void> >[m[K’ {aka ‘[01m[Kstruct mocap_interfaces::msg::RigidBody_<std::allocator<void> >[m[K’} has no member named ‘[01m[Kq[m[K’
   49 |       rb.[01;31m[Kq[m[K.x = bodies[i].qx;
      |          [01;31m[K^[m[K
[01m[K/home/pietro/Scrivania/TESI/ROS2/MoCap/Ros2MoCap/src/mocap_pub/src/MoCapPublisher.cpp:50:10:[m[K [01;31m[Kerror: [m[K‘[01m[Kusing RigidBody = struct mocap_interfaces::msg::RigidBody_<std::allocator<void> >[m[K’ {aka ‘[01m[Kstruct mocap_interfaces::msg::RigidBody_<std::allocator<void> >[m[K’} has no member named ‘[01m[Kq[m[K’
   50 |       rb.[01;31m[Kq[m[K.y = bodies[i].qy;
      |          [01;31m[K^[m[K
[01m[K/home/pietro/Scrivania/TESI/ROS2/MoCap/Ros2MoCap/src/mocap_pub/src/MoCapPublisher.cpp:51:10:[m[K [01;31m[Kerror: [m[K‘[01m[Kusing RigidBody = struct mocap_interfaces::msg::RigidBody_<std::allocator<void> >[m[K’ {aka ‘[01m[Kstruct mocap_interfaces::msg::RigidBody_<std::allocator<void> >[m[K’} has no member named ‘[01m[Kq[m[K’
   51 |       rb.[01;31m[Kq[m[K.z = bodies[i].qz;
      |          [01;31m[K^[m[K
[01m[K/home/pietro/Scrivania/TESI/ROS2/MoCap/Ros2MoCap/src/mocap_pub/src/MoCapPublisher.cpp:52:10:[m[K [01;31m[Kerror: [m[K‘[01m[Kusing RigidBody = struct mocap_interfaces::msg::RigidBody_<std::allocator<void> >[m[K’ {aka ‘[01m[Kstruct mocap_interfaces::msg::RigidBody_<std::allocator<void> >[m[K’} has no member named ‘[01m[Kq[m[K’
   52 |       rb.[01;31m[Kq[m[K.w = bodies[i].qw;
      |          [01;31m[K^[m[K
make[2]: *** [CMakeFiles/mocap_pub.dir/build.make:63: CMakeFiles/mocap_pub.dir/src/MoCapPublisher.cpp.o] Error 1
make[1]: *** [CMakeFiles/Makefile2:78: CMakeFiles/mocap_pub.dir/all] Error 2
make: *** [Makefile:141: all] Error 2
