[0.015s] Invoking command in '/home/pietro/Scrivania/TESI/ROS2/MoCap/Ros2MoCap/build/mocap_pub': AMENT_PREFIX_PATH=/home/pietro/Scrivania/TESI/ROS2/MoCap/Ros2MoCap/install/mocap_interfaces:${AMENT_PREFIX_PATH} CMAKE_PREFIX_PATH=/home/pietro/Scrivania/TESI/ROS2/MoCap/Ros2MoCap/install/mocap_interfaces:/opt/ros/foxy LD_LIBRARY_PATH=/home/pietro/Scrivania/TESI/ROS2/MoCap/Ros2MoCap/install/mocap_interfaces/lib:${LD_LIBRARY_PATH} PYTHONPATH=/home/pietro/Scrivania/TESI/ROS2/MoCap/Ros2MoCap/install/mocap_interfaces/lib/python3.8/site-packages:${PYTHONPATH} /usr/bin/cmake --build /home/pietro/Scrivania/TESI/ROS2/MoCap/Ros2MoCap/build/mocap_pub -- -j8 -l8
[0.108s] [35m[1mScanning dependencies of target mocap_pub[0m
[0.134s] [ 33%] [32mBuilding CXX object CMakeFiles/mocap_pub.dir/src/MoCapPublisher.cpp.o[0m
[1.139s] [01m[K/home/pietro/Scrivania/TESI/ROS2/MoCap/Ros2MoCap/src/mocap_pub/src/MoCapPublisher.cpp:[m[K In member function ‘[01m[Kvoid MoCapPublisher::sendRigidBodyMessage(sRigidBodyData*, int)[m[K’:
[1.139s] [01m[K/home/pietro/Scrivania/TESI/ROS2/MoCap/Ros2MoCap/src/mocap_pub/src/MoCapPublisher.cpp:46:10:[m[K [01;31m[Kerror: [m[K‘[01m[Kusing RigidBody = struct mocap_interfaces::msg::RigidBody_<std::allocator<void> >[m[K’ {aka ‘[01m[Kstruct mocap_interfaces::msg::RigidBody_<std::allocator<void> >[m[K’} has no member named ‘[01m[Kp[m[K’
[1.139s]    46 |       rb.[01;31m[Kp[m[K.x = bodies[i].x;
[1.139s]       |          [01;31m[K^[m[K
[1.139s] [01m[K/home/pietro/Scrivania/TESI/ROS2/MoCap/Ros2MoCap/src/mocap_pub/src/MoCapPublisher.cpp:47:10:[m[K [01;31m[Kerror: [m[K‘[01m[Kusing RigidBody = struct mocap_interfaces::msg::RigidBody_<std::allocator<void> >[m[K’ {aka ‘[01m[Kstruct mocap_interfaces::msg::RigidBody_<std::allocator<void> >[m[K’} has no member named ‘[01m[Kp[m[K’
[1.139s]    47 |       rb.[01;31m[Kp[m[K.y = bodies[i].y;
[1.139s]       |          [01;31m[K^[m[K
[1.140s] [01m[K/home/pietro/Scrivania/TESI/ROS2/MoCap/Ros2MoCap/src/mocap_pub/src/MoCapPublisher.cpp:48:10:[m[K [01;31m[Kerror: [m[K‘[01m[Kusing RigidBody = struct mocap_interfaces::msg::RigidBody_<std::allocator<void> >[m[K’ {aka ‘[01m[Kstruct mocap_interfaces::msg::RigidBody_<std::allocator<void> >[m[K’} has no member named ‘[01m[Kp[m[K’
[1.140s]    48 |       rb.[01;31m[Kp[m[K.z = bodies[i].z;
[1.140s]       |          [01;31m[K^[m[K
[1.140s] [01m[K/home/pietro/Scrivania/TESI/ROS2/MoCap/Ros2MoCap/src/mocap_pub/src/MoCapPublisher.cpp:49:10:[m[K [01;31m[Kerror: [m[K‘[01m[Kusing RigidBody = struct mocap_interfaces::msg::RigidBody_<std::allocator<void> >[m[K’ {aka ‘[01m[Kstruct mocap_interfaces::msg::RigidBody_<std::allocator<void> >[m[K’} has no member named ‘[01m[Kq[m[K’
[1.140s]    49 |       rb.[01;31m[Kq[m[K.x = bodies[i].qx;
[1.140s]       |          [01;31m[K^[m[K
[1.140s] [01m[K/home/pietro/Scrivania/TESI/ROS2/MoCap/Ros2MoCap/src/mocap_pub/src/MoCapPublisher.cpp:50:10:[m[K [01;31m[Kerror: [m[K‘[01m[Kusing RigidBody = struct mocap_interfaces::msg::RigidBody_<std::allocator<void> >[m[K’ {aka ‘[01m[Kstruct mocap_interfaces::msg::RigidBody_<std::allocator<void> >[m[K’} has no member named ‘[01m[Kq[m[K’
[1.140s]    50 |       rb.[01;31m[Kq[m[K.y = bodies[i].qy;
[1.140s]       |          [01;31m[K^[m[K
[1.141s] [01m[K/home/pietro/Scrivania/TESI/ROS2/MoCap/Ros2MoCap/src/mocap_pub/src/MoCapPublisher.cpp:51:10:[m[K [01;31m[Kerror: [m[K‘[01m[Kusing RigidBody = struct mocap_interfaces::msg::RigidBody_<std::allocator<void> >[m[K’ {aka ‘[01m[Kstruct mocap_interfaces::msg::RigidBody_<std::allocator<void> >[m[K’} has no member named ‘[01m[Kq[m[K’
[1.141s]    51 |       rb.[01;31m[Kq[m[K.z = bodies[i].qz;
[1.141s]       |          [01;31m[K^[m[K
[1.141s] [01m[K/home/pietro/Scrivania/TESI/ROS2/MoCap/Ros2MoCap/src/mocap_pub/src/MoCapPublisher.cpp:52:10:[m[K [01;31m[Kerror: [m[K‘[01m[Kusing RigidBody = struct mocap_interfaces::msg::RigidBody_<std::allocator<void> >[m[K’ {aka ‘[01m[Kstruct mocap_interfaces::msg::RigidBody_<std::allocator<void> >[m[K’} has no member named ‘[01m[Kq[m[K’
[1.141s]    52 |       rb.[01;31m[Kq[m[K.w = bodies[i].qw;
[1.141s]       |          [01;31m[K^[m[K
[1.760s] make[2]: *** [CMakeFiles/mocap_pub.dir/build.make:63: CMakeFiles/mocap_pub.dir/src/MoCapPublisher.cpp.o] Error 1
[1.760s] make[1]: *** [CMakeFiles/Makefile2:78: CMakeFiles/mocap_pub.dir/all] Error 2
[1.760s] make: *** [Makefile:141: all] Error 2
[1.763s] Invoked command in '/home/pietro/Scrivania/TESI/ROS2/MoCap/Ros2MoCap/build/mocap_pub' returned '2': AMENT_PREFIX_PATH=/home/pietro/Scrivania/TESI/ROS2/MoCap/Ros2MoCap/install/mocap_interfaces:${AMENT_PREFIX_PATH} CMAKE_PREFIX_PATH=/home/pietro/Scrivania/TESI/ROS2/MoCap/Ros2MoCap/install/mocap_interfaces:/opt/ros/foxy LD_LIBRARY_PATH=/home/pietro/Scrivania/TESI/ROS2/MoCap/Ros2MoCap/install/mocap_interfaces/lib:${LD_LIBRARY_PATH} PYTHONPATH=/home/pietro/Scrivania/TESI/ROS2/MoCap/Ros2MoCap/install/mocap_interfaces/lib/python3.8/site-packages:${PYTHONPATH} /usr/bin/cmake --build /home/pietro/Scrivania/TESI/ROS2/MoCap/Ros2MoCap/build/mocap_pub -- -j8 -l8
