[35m[1mScanning dependencies of target mocap[0m
[ 33%] [32mBuilding CXX object CMakeFiles/mocap.dir/src/MoCap.cpp.o[0m
[01m[K/home/pietro/Scrivania/TESI/ROS2/MoCap/Ros2MoCap/src/mocap/src/MoCap.cpp:[m[K In member function ‘[01m[Kvoid MoCap::sendRigidBodyMessage(std::vector<int>&, std::vector<bool>&, std::vector<float>&, std::vector<float>&, std::vector<float>&, std::vector<float>&, std::vector<float>&, std::vector<float>&, std::vector<float>&, std::vector<float>&)[m[K’:
[01m[K/home/pietro/Scrivania/TESI/ROS2/MoCap/Ros2MoCap/src/mocap/src/MoCap.cpp:16:47:[m[K [01;35m[Kwarning: [m[Kunused parameter ‘[01m[KID[m[K’ [[01;35m[K-Wunused-parameter[m[K]
   16 | void MoCap::sendRigidBodyMessage([01;35m[Kvector<int> &ID[m[K, vector<bool> &bTrackingValid, vector<float> &meanError, vector<float> &x, vector<float> &y, vector<float> &z, vector<float> &qx, vector<float> &qy, vector<float> &qz, vector<float> &qw)
      |                                  [01;35m[K~~~~~~~~~~~~~^~[m[K
[01m[K/home/pietro/Scrivania/TESI/ROS2/MoCap/Ros2MoCap/src/mocap/src/MoCap.cpp:16:65:[m[K [01;35m[Kwarning: [m[Kunused parameter ‘[01m[KbTrackingValid[m[K’ [[01;35m[K-Wunused-parameter[m[K]
   16 | void MoCap::sendRigidBodyMessage(vector<int> &ID, [01;35m[Kvector<bool> &bTrackingValid[m[K, vector<float> &meanError, vector<float> &x, vector<float> &y, vector<float> &z, vector<float> &qx, vector<float> &qy, vector<float> &qz, vector<float> &qw)
      |                                                   [01;35m[K~~~~~~~~~~~~~~^~~~~~~~~~~~~~[m[K
[01m[K/home/pietro/Scrivania/TESI/ROS2/MoCap/Ros2MoCap/src/mocap/src/MoCap.cpp:16:96:[m[K [01;35m[Kwarning: [m[Kunused parameter ‘[01m[KmeanError[m[K’ [[01;35m[K-Wunused-parameter[m[K]
   16 | void MoCap::sendRigidBodyMessage(vector<int> &ID, vector<bool> &bTrackingValid, [01;35m[Kvector<float> &meanError[m[K, vector<float> &x, vector<float> &y, vector<float> &z, vector<float> &qx, vector<float> &qy, vector<float> &qz, vector<float> &qw)
      |                                                                                 [01;35m[K~~~~~~~~~~~~~~~^~~~~~~~~[m[K
[01m[K/home/pietro/Scrivania/TESI/ROS2/MoCap/Ros2MoCap/src/mocap/src/MoCap.cpp:16:122:[m[K [01;35m[Kwarning: [m[Kunused parameter ‘[01m[Kx[m[K’ [[01;35m[K-Wunused-parameter[m[K]
   16 | void MoCap::sendRigidBodyMessage(vector<int> &ID, vector<bool> &bTrackingValid, vector<float> &meanError, [01;35m[Kvector<float> &x[m[K, vector<float> &y, vector<float> &z, vector<float> &qx, vector<float> &qy, vector<float> &qz, vector<float> &qw)
      |                                                                                                           [01;35m[K~~~~~~~~~~~~~~~^[m[K
[01m[K/home/pietro/Scrivania/TESI/ROS2/MoCap/Ros2MoCap/src/mocap/src/MoCap.cpp:16:140:[m[K [01;35m[Kwarning: [m[Kunused parameter ‘[01m[Ky[m[K’ [[01;35m[K-Wunused-parameter[m[K]
   16 | void MoCap::sendRigidBodyMessage(vector<int> &ID, vector<bool> &bTrackingValid, vector<float> &meanError, vector<float> &x, [01;35m[Kvector<float> &y[m[K, vector<float> &z, vector<float> &qx, vector<float> &qy, vector<float> &qz, vector<float> &qw)
      |                                                                                                                             [01;35m[K~~~~~~~~~~~~~~~^[m[K
[01m[K/home/pietro/Scrivania/TESI/ROS2/MoCap/Ros2MoCap/src/mocap/src/MoCap.cpp:16:158:[m[K [01;35m[Kwarning: [m[Kunused parameter ‘[01m[Kz[m[K’ [[01;35m[K-Wunused-parameter[m[K]
   16 | void MoCap::sendRigidBodyMessage(vector<int> &ID, vector<bool> &bTrackingValid, vector<float> &meanError, vector<float> &x, vector<float> &y, [01;35m[Kvector<float> &z[m[K, vector<float> &qx, vector<float> &qy, vector<float> &qz, vector<float> &qw)
      |                                                                                                                                               [01;35m[K~~~~~~~~~~~~~~~^[m[K
[01m[K/home/pietro/Scrivania/TESI/ROS2/MoCap/Ros2MoCap/src/mocap/src/MoCap.cpp:16:176:[m[K [01;35m[Kwarning: [m[Kunused parameter ‘[01m[Kqx[m[K’ [[01;35m[K-Wunused-parameter[m[K]
   16 | RigidBodyMessage(vector<int> &ID, vector<bool> &bTrackingValid, vector<float> &meanError, vector<float> &x, vector<float> &y, vector<float> &z, [01;35m[Kvector<float> &qx[m[K, vector<float> &qy, vector<float> &qz, vector<float> &qw)
      |                                                                                                                                                 [01;35m[K~~~~~~~~~~~~~~~^~[m[K

[01m[K/home/pietro/Scrivania/TESI/ROS2/MoCap/Ros2MoCap/src/mocap/src/MoCap.cpp:16:195:[m[K [01;35m[Kwarning: [m[Kunused parameter ‘[01m[Kqy[m[K’ [[01;35m[K-Wunused-parameter[m[K]
   16 | ctor<int> &ID, vector<bool> &bTrackingValid, vector<float> &meanError, vector<float> &x, vector<float> &y, vector<float> &z, vector<float> &qx, [01;35m[Kvector<float> &qy[m[K, vector<float> &qz, vector<float> &qw)
      |                                                                                                                                                 [01;35m[K~~~~~~~~~~~~~~~^~[m[K

[01m[K/home/pietro/Scrivania/TESI/ROS2/MoCap/Ros2MoCap/src/mocap/src/MoCap.cpp:16:214:[m[K [01;35m[Kwarning: [m[Kunused parameter ‘[01m[Kqz[m[K’ [[01;35m[K-Wunused-parameter[m[K]
   16 | or<bool> &bTrackingValid, vector<float> &meanError, vector<float> &x, vector<float> &y, vector<float> &z, vector<float> &qx, vector<float> &qy, [01;35m[Kvector<float> &qz[m[K, vector<float> &qw)
      |                                                                                                                                                 [01;35m[K~~~~~~~~~~~~~~~^~[m[K

[01m[K/home/pietro/Scrivania/TESI/ROS2/MoCap/Ros2MoCap/src/mocap/src/MoCap.cpp:16:233:[m[K [01;35m[Kwarning: [m[Kunused parameter ‘[01m[Kqw[m[K’ [[01;35m[K-Wunused-parameter[m[K]
   16 | Valid, vector<float> &meanError, vector<float> &x, vector<float> &y, vector<float> &z, vector<float> &qx, vector<float> &qy, vector<float> &qz, [01;35m[Kvector<float> &qw[m[K)
      |                                                                                                                                                 [01;35m[K~~~~~~~~~~~~~~~^~[m[K

[ 66%] [32m[1mLinking CXX executable mocap[0m
/usr/bin/ld: CMakeFiles/mocap.dir/src/MoCap.cpp.o: in function `main':
MoCap.cpp:(.text+0x59): undefined reference to `MoCap::MoCap()'
collect2: error: ld returned 1 exit status
make[2]: *** [CMakeFiles/mocap.dir/build.make:99: mocap] Error 1
make[1]: *** [CMakeFiles/Makefile2:78: CMakeFiles/mocap.dir/all] Error 2
make: *** [Makefile:141: all] Error 2
