-- Found ament_cmake: 0.9.8 (/opt/ros/foxy/share/ament_cmake/cmake)
-- Using PYTHON_EXECUTABLE: /usr/bin/python3
-- Found rclcpp: 2.3.1 (/opt/ros/foxy/share/rclcpp/cmake)
-- Using all available rosidl_typesupport_c: rosidl_typesupport_fastrtps_c;rosidl_typesupport_introspection_c
-- Found rosidl_adapter: 1.2.1 (/opt/ros/foxy/share/rosidl_adapter/cmake)
-- Using all available rosidl_typesupport_cpp: rosidl_typesupport_fastrtps_cpp;rosidl_typesupport_introspection_cpp
-- Found rmw_implementation_cmake: 1.0.3 (/opt/ros/foxy/share/rmw_implementation_cmake/cmake)
-- Using RMW implementation 'rmw_fastrtps_cpp' as default
-- Found mocap_interfaces: 0.0.0 (/home/pietro/Scrivania/TESI/ROS2/MoCap/Ros2MoCap/install/mocap_interfaces/share/mocap_interfaces/cmake)
-- Configuring done
-- Generating done
-- Build files have been written to: /home/pietro/Scrivania/TESI/ROS2/MoCap/Ros2MoCap/build/world_to_base
[35m[1mScanning dependencies of target world_to_base[0m
[ 50%] [32mBuilding CXX object CMakeFiles/world_to_base.dir/src/WorldToBase.cpp.o[0m
[01m[K/home/pietro/Scrivania/TESI/ROS2/MoCap/Ros2MoCap/src/world_to_base/src/WorldToBase.cpp:[m[K In member function ‘[01m[Kvoid WorldToBase::rigid_body_topic_callback(mocap_interfaces::msg::RigidBodyArray_<std::allocator<void> >::SharedPtr) const[m[K’:
[01m[K/home/pietro/Scrivania/TESI/ROS2/MoCap/Ros2MoCap/src/world_to_base/src/WorldToBase.cpp:14:21:[m[K [01;35m[Kwarning: [m[Kcomparison of integer expressions of different signedness: ‘[01m[Kint[m[K’ and ‘[01m[Kstd::vector<mocap_interfaces::msg::RigidBody_<std::allocator<void> >, std::allocator<mocap_interfaces::msg::RigidBody_<std::allocator<void> > > >::size_type[m[K’ {aka ‘[01m[Klong unsigned int[m[K’} [[01;35m[K-Wsign-compare[m[K]
   14 |   for (int i = 0; [01;35m[Ki < msg->rigid_bodies.size()[m[K; i++)
      |                   [01;35m[K~~^~~~~~~~~~~~~~~~~~~~~~~~~~[m[K
[100%] [32m[1mLinking CXX executable world_to_base[0m
[100%] Built target world_to_base
-- Install configuration: ""
-- Installing: /home/pietro/Scrivania/TESI/ROS2/MoCap/Ros2MoCap/install/world_to_base/lib/world_to_base/world_to_base
-- Set runtime path of "/home/pietro/Scrivania/TESI/ROS2/MoCap/Ros2MoCap/install/world_to_base/lib/world_to_base/world_to_base" to ""
-- Up-to-date: /home/pietro/Scrivania/TESI/ROS2/MoCap/Ros2MoCap/install/world_to_base/share/ament_index/resource_index/package_run_dependencies/world_to_base
-- Up-to-date: /home/pietro/Scrivania/TESI/ROS2/MoCap/Ros2MoCap/install/world_to_base/share/ament_index/resource_index/parent_prefix_path/world_to_base
-- Up-to-date: /home/pietro/Scrivania/TESI/ROS2/MoCap/Ros2MoCap/install/world_to_base/share/world_to_base/environment/ament_prefix_path.sh
-- Installing: /home/pietro/Scrivania/TESI/ROS2/MoCap/Ros2MoCap/install/world_to_base/share/world_to_base/environment/ament_prefix_path.dsv
-- Up-to-date: /home/pietro/Scrivania/TESI/ROS2/MoCap/Ros2MoCap/install/world_to_base/share/world_to_base/environment/path.sh
-- Installing: /home/pietro/Scrivania/TESI/ROS2/MoCap/Ros2MoCap/install/world_to_base/share/world_to_base/environment/path.dsv
-- Up-to-date: /home/pietro/Scrivania/TESI/ROS2/MoCap/Ros2MoCap/install/world_to_base/share/world_to_base/local_setup.bash
-- Up-to-date: /home/pietro/Scrivania/TESI/ROS2/MoCap/Ros2MoCap/install/world_to_base/share/world_to_base/local_setup.sh
-- Up-to-date: /home/pietro/Scrivania/TESI/ROS2/MoCap/Ros2MoCap/install/world_to_base/share/world_to_base/local_setup.zsh
-- Installing: /home/pietro/Scrivania/TESI/ROS2/MoCap/Ros2MoCap/install/world_to_base/share/world_to_base/local_setup.dsv
-- Installing: /home/pietro/Scrivania/TESI/ROS2/MoCap/Ros2MoCap/install/world_to_base/share/world_to_base/package.dsv
-- Up-to-date: /home/pietro/Scrivania/TESI/ROS2/MoCap/Ros2MoCap/install/world_to_base/share/ament_index/resource_index/packages/world_to_base
-- Up-to-date: /home/pietro/Scrivania/TESI/ROS2/MoCap/Ros2MoCap/install/world_to_base/share/world_to_base/cmake/world_to_baseConfig.cmake
-- Up-to-date: /home/pietro/Scrivania/TESI/ROS2/MoCap/Ros2MoCap/install/world_to_base/share/world_to_base/cmake/world_to_baseConfig-version.cmake
-- Up-to-date: /home/pietro/Scrivania/TESI/ROS2/MoCap/Ros2MoCap/install/world_to_base/share/world_to_base/package.xml
