In file included from [01m[K/home/pietro/Scrivania/TESI/ROS2/MoCap/Ros2MoCap/src/mocap/src/MoCap.cpp:2[m[K:
[01m[K/home/pietro/Scrivania/TESI/ROS2/MoCap/Ros2MoCap/src/mocap/include/MoCap/MoCap.h:18:31:[m[K [01;31m[Kerror: [m[K‘[01m[KsRigidBodyData[m[K’ has not been declared
   18 |     void sendRigidBodyMessage([01;31m[KsRigidBodyData[m[K* bodies, int nRigidBodies);
      |                               [01;31m[K^~~~~~~~~~~~~~[m[K
[01m[K/home/pietro/Scrivania/TESI/ROS2/MoCap/Ros2MoCap/src/mocap/src/MoCap.cpp:21:6:[m[K [01;31m[Kerror: [m[Kno declaration matches ‘[01m[Kvoid MoCap::sendRigidBodyMessage(sRigidBodyData*, int)[m[K’
   21 | void [01;31m[KMoCap[m[K::sendRigidBodyMessage(sRigidBodyData* bodies, int nRigidBodies)
      |      [01;31m[K^~~~~[m[K
In file included from [01m[K/home/pietro/Scrivania/TESI/ROS2/MoCap/Ros2MoCap/src/mocap/src/MoCap.cpp:2[m[K:
[01m[K/home/pietro/Scrivania/TESI/ROS2/MoCap/Ros2MoCap/src/mocap/include/MoCap/MoCap.h:18:10:[m[K [01;36m[Knote: [m[Kcandidate is: ‘[01m[Kvoid MoCap::sendRigidBodyMessage(int*, int)[m[K’
   18 |     void [01;36m[KsendRigidBodyMessage[m[K(sRigidBodyData* bodies, int nRigidBodies);
      |          [01;36m[K^~~~~~~~~~~~~~~~~~~~[m[K
[01m[K/home/pietro/Scrivania/TESI/ROS2/MoCap/Ros2MoCap/src/mocap/include/MoCap/MoCap.h:7:7:[m[K [01;36m[Knote: [m[K‘[01m[Kclass MoCap[m[K’ defined here
    7 | class [01;36m[KMoCap[m[K
      |       [01;36m[K^~~~~[m[K
[01m[K/home/pietro/Scrivania/TESI/ROS2/MoCap/Ros2MoCap/src/mocap/src/MoCapNatNetClient.cpp:[m[K In function ‘[01m[Kvoid dataFrameHandler(sFrameOfMocapData*, void*)[m[K’:
[01m[K/home/pietro/Scrivania/TESI/ROS2/MoCap/Ros2MoCap/src/mocap/src/MoCapNatNetClient.cpp:228:10:[m[K [01;35m[Kwarning: [m[Kvariable ‘[01m[KbOccluded[m[K’ set but not used [[01;35m[K-Wunused-but-set-variable[m[K]
  228 |     bool [01;35m[KbOccluded[m[K;     // marker was not visible (occluded) in this frame
      |          [01;35m[K^~~~~~~~~[m[K
[01m[K/home/pietro/Scrivania/TESI/ROS2/MoCap/Ros2MoCap/src/mocap/src/MoCapNatNetClient.cpp:229:10:[m[K [01;35m[Kwarning: [m[Kvariable ‘[01m[KbPCSolved[m[K’ set but not used [[01;35m[K-Wunused-but-set-variable[m[K]
  229 |     bool [01;35m[KbPCSolved[m[K;     // reported position provided by point cloud solve
      |          [01;35m[K^~~~~~~~~[m[K
[01m[K/home/pietro/Scrivania/TESI/ROS2/MoCap/Ros2MoCap/src/mocap/src/MoCapNatNetClient.cpp:230:10:[m[K [01;35m[Kwarning: [m[Kvariable ‘[01m[KbModelSolved[m[K’ set but not used [[01;35m[K-Wunused-but-set-variable[m[K]
  230 |     bool [01;35m[KbModelSolved[m[K;  // reported position provided by model solve
      |          [01;35m[K^~~~~~~~~~~~[m[K
[01m[K/home/pietro/Scrivania/TESI/ROS2/MoCap/Ros2MoCap/src/mocap/src/MoCapNatNetClient.cpp:231:10:[m[K [01;35m[Kwarning: [m[Kvariable ‘[01m[KbHasModel[m[K’ set but not used [[01;35m[K-Wunused-but-set-variable[m[K]
  231 |     bool [01;35m[KbHasModel[m[K;     // marker has an associated asset in the data stream
      |          [01;35m[K^~~~~~~~~[m[K
make[2]: *** [CMakeFiles/mocap.dir/build.make:63: CMakeFiles/mocap.dir/src/MoCap.cpp.o] Error 1
make[2]: *** Waiting for unfinished jobs....
make[1]: *** [CMakeFiles/Makefile2:78: CMakeFiles/mocap.dir/all] Error 2
make: *** [Makefile:141: all] Error 2
