-- Found ament_cmake: 0.9.8 (/opt/ros/foxy/share/ament_cmake/cmake)
-- Found PythonInterp: /usr/bin/python3 (found suitable version "3.8.10", minimum required is "3") 
-- Using PYTHON_EXECUTABLE: /usr/bin/python3
-- Found rosidl_default_generators: 1.0.1 (/opt/ros/foxy/share/rosidl_default_generators/cmake)
-- Using all available rosidl_typesupport_c: rosidl_typesupport_fastrtps_c;rosidl_typesupport_introspection_c
-- Found rosidl_adapter: 1.2.1 (/opt/ros/foxy/share/rosidl_adapter/cmake)
-- Using all available rosidl_typesupport_cpp: rosidl_typesupport_fastrtps_cpp;rosidl_typesupport_introspection_cpp
-- Found PythonInterp: /usr/bin/python3 (found version "3.8.10") 
-- Found ament_cmake_ros: 0.9.2 (/opt/ros/foxy/share/ament_cmake_ros/cmake)
-- Using all available rosidl_typesupport_c: rosidl_typesupport_fastrtps_c;rosidl_typesupport_introspection_c
-- Using all available rosidl_typesupport_cpp: rosidl_typesupport_fastrtps_cpp;rosidl_typesupport_introspection_cpp
-- Found PythonInterp: /usr/bin/python3 (found suitable version "3.8.10", minimum required is "3.5") 
-- Found python_cmake_module: 0.8.1 (/opt/ros/foxy/share/python_cmake_module/cmake)
-- Using PYTHON_EXECUTABLE: /usr/bin/python3
-- Using PYTHON_INCLUDE_DIRS: /usr/include/python3.8
-- Using PYTHON_LIBRARIES: /usr/lib/x86_64-linux-gnu/libpython3.8.so
-- Configuring done
-- Generating done
-- Build files have been written to: /home/pietro/Scrivania/TESI/ROS2/MoCap/Ros2MoCap/build/mocap_interfaces
[  1%] [34m[1mGenerating C code for ROS interfaces[0m
[35m[1mScanning dependencies of target mocap_interfaces__cpp[0m
[  3%] [34m[1mGenerating C++ code for ROS interfaces[0m
[  3%] Built target mocap_interfaces__cpp
[  4%] [34m[1mGenerating C++ type support dispatch for ROS interfaces[0m
[  6%] [34m[1mGenerating C++ type support for eProsima Fast-RTPS[0m
[  7%] [34m[1mGenerating C++ introspection for ROS interfaces[0m
[35m[1mScanning dependencies of target mocap_interfaces__rosidl_generator_c[0m
[  9%] [32mBuilding C object CMakeFiles/mocap_interfaces__rosidl_generator_c.dir/rosidl_generator_c/mocap_interfaces/msg/detail/unit_quaternion__functions.c.o[0m
[ 12%] [32mBuilding C object CMakeFiles/mocap_interfaces__rosidl_generator_c.dir/rosidl_generator_c/mocap_interfaces/msg/detail/point__functions.c.o[0m
[ 12%] [32mBuilding C object CMakeFiles/mocap_interfaces__rosidl_generator_c.dir/rosidl_generator_c/mocap_interfaces/msg/detail/rigid_body__functions.c.o[0m
[ 14%] [32mBuilding C object CMakeFiles/mocap_interfaces__rosidl_generator_c.dir/rosidl_generator_c/mocap_interfaces/msg/detail/rigid_body_array__functions.c.o[0m
[ 15%] [32mBuilding C object CMakeFiles/mocap_interfaces__rosidl_generator_c.dir/rosidl_generator_c/mocap_interfaces/msg/detail/rotation_matrix__functions.c.o[0m
[ 17%] [32m[1mLinking C shared library libmocap_interfaces__rosidl_generator_c.so[0m
[ 17%] Built target mocap_interfaces__rosidl_generator_c
[ 20%] [34m[1mGenerating C introspection for ROS interfaces[0m
[ 20%] [34m[1mGenerating C type support dispatch for ROS interfaces[0m
[35m[1mScanning dependencies of target mocap_interfaces__rosidl_typesupport_introspection_cpp[0m
[ 23%] [32mBuilding CXX object CMakeFiles/mocap_interfaces__rosidl_typesupport_introspection_cpp.dir/rosidl_typesupport_introspection_cpp/mocap_interfaces/msg/detail/rigid_body__type_support.cpp.o[0m
[ 25%] [32mBuilding CXX object CMakeFiles/mocap_interfaces__rosidl_typesupport_introspection_cpp.dir/rosidl_typesupport_introspection_cpp/mocap_interfaces/msg/detail/point__type_support.cpp.o[0m
[ 26%] [32mBuilding CXX object CMakeFiles/mocap_interfaces__rosidl_typesupport_introspection_cpp.dir/rosidl_typesupport_introspection_cpp/mocap_interfaces/msg/detail/rigid_body_array__type_support.cpp.o[0m
[ 26%] [32mBuilding CXX object CMakeFiles/mocap_interfaces__rosidl_typesupport_introspection_cpp.dir/rosidl_typesupport_introspection_cpp/mocap_interfaces/msg/detail/unit_quaternion__type_support.cpp.o[0m
[35m[1mScanning dependencies of target mocap_interfaces__rosidl_typesupport_c[0m
[ 28%] [32mBuilding CXX object CMakeFiles/mocap_interfaces__rosidl_typesupport_c.dir/rosidl_typesupport_c/mocap_interfaces/msg/point__type_support.cpp.o[0m
[ 30%] [32mBuilding CXX object CMakeFiles/mocap_interfaces__rosidl_typesupport_c.dir/rosidl_typesupport_c/mocap_interfaces/msg/unit_quaternion__type_support.cpp.o[0m
[35m[1mScanning dependencies of target mocap_interfaces__rosidl_typesupport_cpp[0m
[ 31%] [32mBuilding CXX object CMakeFiles/mocap_interfaces__rosidl_typesupport_cpp.dir/rosidl_typesupport_cpp/mocap_interfaces/msg/point__type_support.cpp.o[0m
[ 33%] [32mBuilding CXX object CMakeFiles/mocap_interfaces__rosidl_typesupport_c.dir/rosidl_typesupport_c/mocap_interfaces/msg/rigid_body__type_support.cpp.o[0m
[35m[1mScanning dependencies of target mocap_interfaces__rosidl_typesupport_introspection_c[0m
[ 34%] [32mBuilding CXX object CMakeFiles/mocap_interfaces__rosidl_typesupport_c.dir/rosidl_typesupport_c/mocap_interfaces/msg/rigid_body_array__type_support.cpp.o[0m
[ 36%] [32mBuilding C object CMakeFiles/mocap_interfaces__rosidl_typesupport_introspection_c.dir/rosidl_typesupport_introspection_c/mocap_interfaces/msg/detail/point__type_support.c.o[0m
[ 38%] [32mBuilding CXX object CMakeFiles/mocap_interfaces__rosidl_typesupport_c.dir/rosidl_typesupport_c/mocap_interfaces/msg/rotation_matrix__type_support.cpp.o[0m
[ 39%] [32mBuilding C object CMakeFiles/mocap_interfaces__rosidl_typesupport_introspection_c.dir/rosidl_typesupport_introspection_c/mocap_interfaces/msg/detail/unit_quaternion__type_support.c.o[0m
[ 41%] [32m[1mLinking CXX shared library libmocap_interfaces__rosidl_typesupport_c.so[0m
[ 42%] [32mBuilding C object CMakeFiles/mocap_interfaces__rosidl_typesupport_introspection_c.dir/rosidl_typesupport_introspection_c/mocap_interfaces/msg/detail/rigid_body__type_support.c.o[0m
[ 44%] [32mBuilding C object CMakeFiles/mocap_interfaces__rosidl_typesupport_introspection_c.dir/rosidl_typesupport_introspection_c/mocap_interfaces/msg/detail/rigid_body_array__type_support.c.o[0m
[ 46%] [32mBuilding CXX object CMakeFiles/mocap_interfaces__rosidl_typesupport_introspection_cpp.dir/rosidl_typesupport_introspection_cpp/mocap_interfaces/msg/detail/rotation_matrix__type_support.cpp.o[0m
[ 47%] [32mBuilding C object CMakeFiles/mocap_interfaces__rosidl_typesupport_introspection_c.dir/rosidl_typesupport_introspection_c/mocap_interfaces/msg/detail/rotation_matrix__type_support.c.o[0m
[ 47%] Built target mocap_interfaces__rosidl_typesupport_c
[ 49%] [32mBuilding CXX object CMakeFiles/mocap_interfaces__rosidl_typesupport_cpp.dir/rosidl_typesupport_cpp/mocap_interfaces/msg/unit_quaternion__type_support.cpp.o[0m
[ 50%] [32mBuilding CXX object CMakeFiles/mocap_interfaces__rosidl_typesupport_cpp.dir/rosidl_typesupport_cpp/mocap_interfaces/msg/rigid_body_array__type_support.cpp.o[0m
[ 52%] [32mBuilding CXX object CMakeFiles/mocap_interfaces__rosidl_typesupport_cpp.dir/rosidl_typesupport_cpp/mocap_interfaces/msg/rigid_body__type_support.cpp.o[0m
[35m[1mScanning dependencies of target mocap_interfaces__rosidl_typesupport_fastrtps_cpp[0m
[ 53%] [32m[1mLinking C shared library libmocap_interfaces__rosidl_typesupport_introspection_c.so[0m
[ 55%] [32mBuilding CXX object CMakeFiles/mocap_interfaces__rosidl_typesupport_fastrtps_cpp.dir/rosidl_typesupport_fastrtps_cpp/mocap_interfaces/msg/detail/dds_fastrtps/point__type_support.cpp.o[0m
[ 57%] [32mBuilding CXX object CMakeFiles/mocap_interfaces__rosidl_typesupport_fastrtps_cpp.dir/rosidl_typesupport_fastrtps_cpp/mocap_interfaces/msg/detail/dds_fastrtps/unit_quaternion__type_support.cpp.o[0m
[ 57%] Built target mocap_interfaces__rosidl_typesupport_introspection_c
[ 58%] [32mBuilding CXX object CMakeFiles/mocap_interfaces__rosidl_typesupport_fastrtps_cpp.dir/rosidl_typesupport_fastrtps_cpp/mocap_interfaces/msg/detail/dds_fastrtps/rigid_body__type_support.cpp.o[0m
[ 60%] [32mBuilding CXX object CMakeFiles/mocap_interfaces__rosidl_typesupport_cpp.dir/rosidl_typesupport_cpp/mocap_interfaces/msg/rotation_matrix__type_support.cpp.o[0m
[ 61%] [32m[1mLinking CXX shared library libmocap_interfaces__rosidl_typesupport_introspection_cpp.so[0m
[ 63%] [32mBuilding CXX object CMakeFiles/mocap_interfaces__rosidl_typesupport_fastrtps_cpp.dir/rosidl_typesupport_fastrtps_cpp/mocap_interfaces/msg/detail/dds_fastrtps/rigid_body_array__type_support.cpp.o[0m
[ 65%] [32mBuilding CXX object CMakeFiles/mocap_interfaces__rosidl_typesupport_fastrtps_cpp.dir/rosidl_typesupport_fastrtps_cpp/mocap_interfaces/msg/detail/dds_fastrtps/rotation_matrix__type_support.cpp.o[0m
[ 65%] Built target mocap_interfaces__rosidl_typesupport_introspection_cpp
[ 66%] [32m[1mLinking CXX shared library libmocap_interfaces__rosidl_typesupport_cpp.so[0m
[ 66%] Built target mocap_interfaces__rosidl_typesupport_cpp
[ 68%] [32m[1mLinking CXX shared library libmocap_interfaces__rosidl_typesupport_fastrtps_cpp.so[0m
[ 68%] Built target mocap_interfaces__rosidl_typesupport_fastrtps_cpp
[ 69%] [34m[1mGenerating C type support for eProsima Fast-RTPS[0m
[35m[1mScanning dependencies of target mocap_interfaces__rosidl_typesupport_fastrtps_c[0m
[ 73%] [32mBuilding CXX object CMakeFiles/mocap_interfaces__rosidl_typesupport_fastrtps_c.dir/rosidl_typesupport_fastrtps_c/mocap_interfaces/msg/detail/unit_quaternion__type_support_c.cpp.o[0m
[ 73%] [32mBuilding CXX object CMakeFiles/mocap_interfaces__rosidl_typesupport_fastrtps_c.dir/rosidl_typesupport_fastrtps_c/mocap_interfaces/msg/detail/rigid_body__type_support_c.cpp.o[0m
[ 74%] [32mBuilding CXX object CMakeFiles/mocap_interfaces__rosidl_typesupport_fastrtps_c.dir/rosidl_typesupport_fastrtps_c/mocap_interfaces/msg/detail/rigid_body_array__type_support_c.cpp.o[0m
[ 76%] [32mBuilding CXX object CMakeFiles/mocap_interfaces__rosidl_typesupport_fastrtps_c.dir/rosidl_typesupport_fastrtps_c/mocap_interfaces/msg/detail/point__type_support_c.cpp.o[0m
[ 77%] [32mBuilding CXX object CMakeFiles/mocap_interfaces__rosidl_typesupport_fastrtps_c.dir/rosidl_typesupport_fastrtps_c/mocap_interfaces/msg/detail/rotation_matrix__type_support_c.cpp.o[0m
[ 79%] [32m[1mLinking CXX shared library libmocap_interfaces__rosidl_typesupport_fastrtps_c.so[0m
[ 79%] Built target mocap_interfaces__rosidl_typesupport_fastrtps_c
[ 79%] Built target mocap_interfaces
[35m[1mScanning dependencies of target mocap_interfaces__py[0m
[ 80%] [34m[1mGenerating Python code for ROS interfaces[0m
[ 80%] Built target mocap_interfaces__py
[35m[1mScanning dependencies of target mocap_interfaces__python[0m
[ 82%] [32mBuilding C object CMakeFiles/mocap_interfaces__python.dir/rosidl_generator_py/mocap_interfaces/msg/_rotation_matrix_s.c.o[0m
[ 85%] [32mBuilding C object CMakeFiles/mocap_interfaces__python.dir/rosidl_generator_py/mocap_interfaces/msg/_rigid_body_s.c.o[0m
[ 85%] [32mBuilding C object CMakeFiles/mocap_interfaces__python.dir/rosidl_generator_py/mocap_interfaces/msg/_unit_quaternion_s.c.o[0m
[ 88%] [32mBuilding C object CMakeFiles/mocap_interfaces__python.dir/rosidl_generator_py/mocap_interfaces/msg/_point_s.c.o[0m
[ 88%] [32mBuilding C object CMakeFiles/mocap_interfaces__python.dir/rosidl_generator_py/mocap_interfaces/msg/_rigid_body_array_s.c.o[0m
[ 90%] [32m[1mLinking C shared library rosidl_generator_py/mocap_interfaces/libmocap_interfaces__python.so[0m
[ 90%] Built target mocap_interfaces__python
[35m[1mScanning dependencies of target mocap_interfaces__rosidl_typesupport_fastrtps_c__pyext[0m
[35m[1mScanning dependencies of target mocap_interfaces__rosidl_typesupport_introspection_c__pyext[0m
[35m[1mScanning dependencies of target mocap_interfaces__rosidl_typesupport_c__pyext[0m
[ 92%] [32mBuilding C object CMakeFiles/mocap_interfaces__rosidl_typesupport_fastrtps_c__pyext.dir/rosidl_generator_py/mocap_interfaces/_mocap_interfaces_s.ep.rosidl_typesupport_fastrtps_c.c.o[0m
[ 93%] [32mBuilding C object CMakeFiles/mocap_interfaces__rosidl_typesupport_introspection_c__pyext.dir/rosidl_generator_py/mocap_interfaces/_mocap_interfaces_s.ep.rosidl_typesupport_introspection_c.c.o[0m
[ 95%] [32mBuilding C object CMakeFiles/mocap_interfaces__rosidl_typesupport_c__pyext.dir/rosidl_generator_py/mocap_interfaces/_mocap_interfaces_s.ep.rosidl_typesupport_c.c.o[0m
[ 96%] [32m[1mLinking C shared library rosidl_generator_py/mocap_interfaces/mocap_interfaces_s__rosidl_typesupport_c.cpython-38-x86_64-linux-gnu.so[0m
[ 98%] [32m[1mLinking C shared library rosidl_generator_py/mocap_interfaces/mocap_interfaces_s__rosidl_typesupport_introspection_c.cpython-38-x86_64-linux-gnu.so[0m
[100%] [32m[1mLinking CXX shared library rosidl_generator_py/mocap_interfaces/mocap_interfaces_s__rosidl_typesupport_fastrtps_c.cpython-38-x86_64-linux-gnu.so[0m
[100%] Built target mocap_interfaces__rosidl_typesupport_c__pyext
[100%] Built target mocap_interfaces__rosidl_typesupport_introspection_c__pyext
[100%] Built target mocap_interfaces__rosidl_typesupport_fastrtps_c__pyext
-- Install configuration: ""
-- Installing: /home/pietro/Scrivania/TESI/ROS2/MoCap/Ros2MoCap/install/mocap_interfaces/share/ament_index/resource_index/rosidl_interfaces/mocap_interfaces
-- Up-to-date: /home/pietro/Scrivania/TESI/ROS2/MoCap/Ros2MoCap/install/mocap_interfaces/include/mocap_interfaces
-- Up-to-date: /home/pietro/Scrivania/TESI/ROS2/MoCap/Ros2MoCap/install/mocap_interfaces/include/mocap_interfaces/msg
-- Up-to-date: /home/pietro/Scrivania/TESI/ROS2/MoCap/Ros2MoCap/install/mocap_interfaces/include/mocap_interfaces/msg/detail
-- Installing: /home/pietro/Scrivania/TESI/ROS2/MoCap/Ros2MoCap/install/mocap_interfaces/include/mocap_interfaces/msg/detail/rigid_body_array__type_support.h
-- Installing: /home/pietro/Scrivania/TESI/ROS2/MoCap/Ros2MoCap/install/mocap_interfaces/include/mocap_interfaces/msg/detail/rotation_matrix__functions.c
-- Installing: /home/pietro/Scrivania/TESI/ROS2/MoCap/Ros2MoCap/install/mocap_interfaces/include/mocap_interfaces/msg/detail/rigid_body_array__functions.h
-- Installing: /home/pietro/Scrivania/TESI/ROS2/MoCap/Ros2MoCap/install/mocap_interfaces/include/mocap_interfaces/msg/detail/point__struct.h
-- Installing: /home/pietro/Scrivania/TESI/ROS2/MoCap/Ros2MoCap/install/mocap_interfaces/include/mocap_interfaces/msg/detail/rotation_matrix__type_support.h
-- Installing: /home/pietro/Scrivania/TESI/ROS2/MoCap/Ros2MoCap/install/mocap_interfaces/include/mocap_interfaces/msg/detail/rigid_body_array__functions.c
-- Installing: /home/pietro/Scrivania/TESI/ROS2/MoCap/Ros2MoCap/install/mocap_interfaces/include/mocap_interfaces/msg/detail/point__type_support.h
-- Installing: /home/pietro/Scrivania/TESI/ROS2/MoCap/Ros2MoCap/install/mocap_interfaces/include/mocap_interfaces/msg/detail/point__functions.c
-- Installing: /home/pietro/Scrivania/TESI/ROS2/MoCap/Ros2MoCap/install/mocap_interfaces/include/mocap_interfaces/msg/detail/rigid_body__functions.c
-- Installing: /home/pietro/Scrivania/TESI/ROS2/MoCap/Ros2MoCap/install/mocap_interfaces/include/mocap_interfaces/msg/detail/unit_quaternion__functions.c
-- Installing: /home/pietro/Scrivania/TESI/ROS2/MoCap/Ros2MoCap/install/mocap_interfaces/include/mocap_interfaces/msg/detail/point__functions.h
-- Installing: /home/pietro/Scrivania/TESI/ROS2/MoCap/Ros2MoCap/install/mocap_interfaces/include/mocap_interfaces/msg/detail/rotation_matrix__struct.h
-- Installing: /home/pietro/Scrivania/TESI/ROS2/MoCap/Ros2MoCap/install/mocap_interfaces/include/mocap_interfaces/msg/detail/rigid_body__type_support.h
-- Installing: /home/pietro/Scrivania/TESI/ROS2/MoCap/Ros2MoCap/install/mocap_interfaces/include/mocap_interfaces/msg/detail/rotation_matrix__functions.h
-- Installing: /home/pietro/Scrivania/TESI/ROS2/MoCap/Ros2MoCap/install/mocap_interfaces/include/mocap_interfaces/msg/detail/rigid_body__functions.h
-- Installing: /home/pietro/Scrivania/TESI/ROS2/MoCap/Ros2MoCap/install/mocap_interfaces/include/mocap_interfaces/msg/detail/unit_quaternion__functions.h
-- Installing: /home/pietro/Scrivania/TESI/ROS2/MoCap/Ros2MoCap/install/mocap_interfaces/include/mocap_interfaces/msg/detail/rigid_body_array__struct.h
-- Installing: /home/pietro/Scrivania/TESI/ROS2/MoCap/Ros2MoCap/install/mocap_interfaces/include/mocap_interfaces/msg/detail/unit_quaternion__struct.h
-- Installing: /home/pietro/Scrivania/TESI/ROS2/MoCap/Ros2MoCap/install/mocap_interfaces/include/mocap_interfaces/msg/detail/rigid_body__struct.h
-- Installing: /home/pietro/Scrivania/TESI/ROS2/MoCap/Ros2MoCap/install/mocap_interfaces/include/mocap_interfaces/msg/detail/unit_quaternion__type_support.h
-- Installing: /home/pietro/Scrivania/TESI/ROS2/MoCap/Ros2MoCap/install/mocap_interfaces/include/mocap_interfaces/msg/rigid_body_array.h
-- Installing: /home/pietro/Scrivania/TESI/ROS2/MoCap/Ros2MoCap/install/mocap_interfaces/include/mocap_interfaces/msg/point.h
-- Installing: /home/pietro/Scrivania/TESI/ROS2/MoCap/Ros2MoCap/install/mocap_interfaces/include/mocap_interfaces/msg/rotation_matrix.h
-- Installing: /home/pietro/Scrivania/TESI/ROS2/MoCap/Ros2MoCap/install/mocap_interfaces/include/mocap_interfaces/msg/unit_quaternion.h
-- Installing: /home/pietro/Scrivania/TESI/ROS2/MoCap/Ros2MoCap/install/mocap_interfaces/include/mocap_interfaces/msg/rigid_body.h
-- Up-to-date: /home/pietro/Scrivania/TESI/ROS2/MoCap/Ros2MoCap/install/mocap_interfaces/include/mocap_interfaces/msg/rosidl_generator_c__visibility_control.h
-- Up-to-date: /home/pietro/Scrivania/TESI/ROS2/MoCap/Ros2MoCap/install/mocap_interfaces/share/mocap_interfaces/environment/library_path.sh
-- Installing: /home/pietro/Scrivania/TESI/ROS2/MoCap/Ros2MoCap/install/mocap_interfaces/share/mocap_interfaces/environment/library_path.dsv
-- Installing: /home/pietro/Scrivania/TESI/ROS2/MoCap/Ros2MoCap/install/mocap_interfaces/lib/libmocap_interfaces__rosidl_generator_c.so
-- Set runtime path of "/home/pietro/Scrivania/TESI/ROS2/MoCap/Ros2MoCap/install/mocap_interfaces/lib/libmocap_interfaces__rosidl_generator_c.so" to ""
-- Up-to-date: /home/pietro/Scrivania/TESI/ROS2/MoCap/Ros2MoCap/install/mocap_interfaces/include/mocap_interfaces
-- Up-to-date: /home/pietro/Scrivania/TESI/ROS2/MoCap/Ros2MoCap/install/mocap_interfaces/include/mocap_interfaces/msg
-- Up-to-date: /home/pietro/Scrivania/TESI/ROS2/MoCap/Ros2MoCap/install/mocap_interfaces/include/mocap_interfaces/msg/detail
-- Installing: /home/pietro/Scrivania/TESI/ROS2/MoCap/Ros2MoCap/install/mocap_interfaces/include/mocap_interfaces/msg/detail/rigid_body__rosidl_typesupport_fastrtps_c.h
-- Installing: /home/pietro/Scrivania/TESI/ROS2/MoCap/Ros2MoCap/install/mocap_interfaces/include/mocap_interfaces/msg/detail/rotation_matrix__rosidl_typesupport_fastrtps_c.h
-- Installing: /home/pietro/Scrivania/TESI/ROS2/MoCap/Ros2MoCap/install/mocap_interfaces/include/mocap_interfaces/msg/detail/point__rosidl_typesupport_fastrtps_c.h
-- Installing: /home/pietro/Scrivania/TESI/ROS2/MoCap/Ros2MoCap/install/mocap_interfaces/include/mocap_interfaces/msg/detail/rigid_body_array__rosidl_typesupport_fastrtps_c.h
-- Installing: /home/pietro/Scrivania/TESI/ROS2/MoCap/Ros2MoCap/install/mocap_interfaces/include/mocap_interfaces/msg/detail/unit_quaternion__rosidl_typesupport_fastrtps_c.h
-- Up-to-date: /home/pietro/Scrivania/TESI/ROS2/MoCap/Ros2MoCap/install/mocap_interfaces/include/mocap_interfaces/msg/rosidl_typesupport_fastrtps_c__visibility_control.h
-- Installing: /home/pietro/Scrivania/TESI/ROS2/MoCap/Ros2MoCap/install/mocap_interfaces/lib/libmocap_interfaces__rosidl_typesupport_fastrtps_c.so
-- Set runtime path of "/home/pietro/Scrivania/TESI/ROS2/MoCap/Ros2MoCap/install/mocap_interfaces/lib/libmocap_interfaces__rosidl_typesupport_fastrtps_c.so" to ""
-- Up-to-date: /home/pietro/Scrivania/TESI/ROS2/MoCap/Ros2MoCap/install/mocap_interfaces/include/mocap_interfaces
-- Up-to-date: /home/pietro/Scrivania/TESI/ROS2/MoCap/Ros2MoCap/install/mocap_interfaces/include/mocap_interfaces/msg
-- Up-to-date: /home/pietro/Scrivania/TESI/ROS2/MoCap/Ros2MoCap/install/mocap_interfaces/include/mocap_interfaces/msg/detail
-- Installing: /home/pietro/Scrivania/TESI/ROS2/MoCap/Ros2MoCap/install/mocap_interfaces/include/mocap_interfaces/msg/detail/unit_quaternion__rosidl_typesupport_fastrtps_cpp.hpp
-- Up-to-date: /home/pietro/Scrivania/TESI/ROS2/MoCap/Ros2MoCap/install/mocap_interfaces/include/mocap_interfaces/msg/detail/dds_fastrtps
-- Installing: /home/pietro/Scrivania/TESI/ROS2/MoCap/Ros2MoCap/install/mocap_interfaces/include/mocap_interfaces/msg/detail/rigid_body_array__rosidl_typesupport_fastrtps_cpp.hpp
-- Installing: /home/pietro/Scrivania/TESI/ROS2/MoCap/Ros2MoCap/install/mocap_interfaces/include/mocap_interfaces/msg/detail/rotation_matrix__rosidl_typesupport_fastrtps_cpp.hpp
-- Installing: /home/pietro/Scrivania/TESI/ROS2/MoCap/Ros2MoCap/install/mocap_interfaces/include/mocap_interfaces/msg/detail/point__rosidl_typesupport_fastrtps_cpp.hpp
-- Installing: /home/pietro/Scrivania/TESI/ROS2/MoCap/Ros2MoCap/install/mocap_interfaces/include/mocap_interfaces/msg/detail/rigid_body__rosidl_typesupport_fastrtps_cpp.hpp
-- Up-to-date: /home/pietro/Scrivania/TESI/ROS2/MoCap/Ros2MoCap/install/mocap_interfaces/include/mocap_interfaces/msg/rosidl_typesupport_fastrtps_cpp__visibility_control.h
-- Installing: /home/pietro/Scrivania/TESI/ROS2/MoCap/Ros2MoCap/install/mocap_interfaces/lib/libmocap_interfaces__rosidl_typesupport_fastrtps_cpp.so
-- Set runtime path of "/home/pietro/Scrivania/TESI/ROS2/MoCap/Ros2MoCap/install/mocap_interfaces/lib/libmocap_interfaces__rosidl_typesupport_fastrtps_cpp.so" to ""
-- Up-to-date: /home/pietro/Scrivania/TESI/ROS2/MoCap/Ros2MoCap/install/mocap_interfaces/include/mocap_interfaces
-- Up-to-date: /home/pietro/Scrivania/TESI/ROS2/MoCap/Ros2MoCap/install/mocap_interfaces/include/mocap_interfaces/msg
-- Up-to-date: /home/pietro/Scrivania/TESI/ROS2/MoCap/Ros2MoCap/install/mocap_interfaces/include/mocap_interfaces/msg/rosidl_typesupport_introspection_c__visibility_control.h
-- Up-to-date: /home/pietro/Scrivania/TESI/ROS2/MoCap/Ros2MoCap/install/mocap_interfaces/include/mocap_interfaces/msg/detail
-- Installing: /home/pietro/Scrivania/TESI/ROS2/MoCap/Ros2MoCap/install/mocap_interfaces/include/mocap_interfaces/msg/detail/rotation_matrix__rosidl_typesupport_introspection_c.h
-- Installing: /home/pietro/Scrivania/TESI/ROS2/MoCap/Ros2MoCap/install/mocap_interfaces/include/mocap_interfaces/msg/detail/rigid_body__rosidl_typesupport_introspection_c.h
-- Installing: /home/pietro/Scrivania/TESI/ROS2/MoCap/Ros2MoCap/install/mocap_interfaces/include/mocap_interfaces/msg/detail/point__type_support.c
-- Installing: /home/pietro/Scrivania/TESI/ROS2/MoCap/Ros2MoCap/install/mocap_interfaces/include/mocap_interfaces/msg/detail/point__rosidl_typesupport_introspection_c.h
-- Installing: /home/pietro/Scrivania/TESI/ROS2/MoCap/Ros2MoCap/install/mocap_interfaces/include/mocap_interfaces/msg/detail/rotation_matrix__type_support.c
-- Installing: /home/pietro/Scrivania/TESI/ROS2/MoCap/Ros2MoCap/install/mocap_interfaces/include/mocap_interfaces/msg/detail/unit_quaternion__type_support.c
-- Installing: /home/pietro/Scrivania/TESI/ROS2/MoCap/Ros2MoCap/install/mocap_interfaces/include/mocap_interfaces/msg/detail/unit_quaternion__rosidl_typesupport_introspection_c.h
-- Installing: /home/pietro/Scrivania/TESI/ROS2/MoCap/Ros2MoCap/install/mocap_interfaces/include/mocap_interfaces/msg/detail/rigid_body_array__rosidl_typesupport_introspection_c.h
-- Installing: /home/pietro/Scrivania/TESI/ROS2/MoCap/Ros2MoCap/install/mocap_interfaces/include/mocap_interfaces/msg/detail/rigid_body__type_support.c
-- Installing: /home/pietro/Scrivania/TESI/ROS2/MoCap/Ros2MoCap/install/mocap_interfaces/include/mocap_interfaces/msg/detail/rigid_body_array__type_support.c
-- Installing: /home/pietro/Scrivania/TESI/ROS2/MoCap/Ros2MoCap/install/mocap_interfaces/lib/libmocap_interfaces__rosidl_typesupport_introspection_c.so
-- Set runtime path of "/home/pietro/Scrivania/TESI/ROS2/MoCap/Ros2MoCap/install/mocap_interfaces/lib/libmocap_interfaces__rosidl_typesupport_introspection_c.so" to ""
-- Installing: /home/pietro/Scrivania/TESI/ROS2/MoCap/Ros2MoCap/install/mocap_interfaces/lib/libmocap_interfaces__rosidl_typesupport_c.so
-- Set runtime path of "/home/pietro/Scrivania/TESI/ROS2/MoCap/Ros2MoCap/install/mocap_interfaces/lib/libmocap_interfaces__rosidl_typesupport_c.so" to ""
-- Up-to-date: /home/pietro/Scrivania/TESI/ROS2/MoCap/Ros2MoCap/install/mocap_interfaces/include/mocap_interfaces
-- Up-to-date: /home/pietro/Scrivania/TESI/ROS2/MoCap/Ros2MoCap/install/mocap_interfaces/include/mocap_interfaces/msg
-- Up-to-date: /home/pietro/Scrivania/TESI/ROS2/MoCap/Ros2MoCap/install/mocap_interfaces/include/mocap_interfaces/msg/detail
-- Installing: /home/pietro/Scrivania/TESI/ROS2/MoCap/Ros2MoCap/install/mocap_interfaces/include/mocap_interfaces/msg/detail/rigid_body__struct.hpp
-- Installing: /home/pietro/Scrivania/TESI/ROS2/MoCap/Ros2MoCap/install/mocap_interfaces/include/mocap_interfaces/msg/detail/rigid_body__builder.hpp
-- Installing: /home/pietro/Scrivania/TESI/ROS2/MoCap/Ros2MoCap/install/mocap_interfaces/include/mocap_interfaces/msg/detail/rigid_body_array__builder.hpp
-- Installing: /home/pietro/Scrivania/TESI/ROS2/MoCap/Ros2MoCap/install/mocap_interfaces/include/mocap_interfaces/msg/detail/point__struct.hpp
-- Installing: /home/pietro/Scrivania/TESI/ROS2/MoCap/Ros2MoCap/install/mocap_interfaces/include/mocap_interfaces/msg/detail/rotation_matrix__traits.hpp
-- Installing: /home/pietro/Scrivania/TESI/ROS2/MoCap/Ros2MoCap/install/mocap_interfaces/include/mocap_interfaces/msg/detail/rotation_matrix__builder.hpp
-- Installing: /home/pietro/Scrivania/TESI/ROS2/MoCap/Ros2MoCap/install/mocap_interfaces/include/mocap_interfaces/msg/detail/rigid_body_array__traits.hpp
-- Installing: /home/pietro/Scrivania/TESI/ROS2/MoCap/Ros2MoCap/install/mocap_interfaces/include/mocap_interfaces/msg/detail/rotation_matrix__struct.hpp
-- Installing: /home/pietro/Scrivania/TESI/ROS2/MoCap/Ros2MoCap/install/mocap_interfaces/include/mocap_interfaces/msg/detail/unit_quaternion__traits.hpp
-- Installing: /home/pietro/Scrivania/TESI/ROS2/MoCap/Ros2MoCap/install/mocap_interfaces/include/mocap_interfaces/msg/detail/unit_quaternion__builder.hpp
-- Installing: /home/pietro/Scrivania/TESI/ROS2/MoCap/Ros2MoCap/install/mocap_interfaces/include/mocap_interfaces/msg/detail/rigid_body__traits.hpp
-- Installing: /home/pietro/Scrivania/TESI/ROS2/MoCap/Ros2MoCap/install/mocap_interfaces/include/mocap_interfaces/msg/detail/rigid_body_array__struct.hpp
-- Installing: /home/pietro/Scrivania/TESI/ROS2/MoCap/Ros2MoCap/install/mocap_interfaces/include/mocap_interfaces/msg/detail/point__builder.hpp
-- Installing: /home/pietro/Scrivania/TESI/ROS2/MoCap/Ros2MoCap/install/mocap_interfaces/include/mocap_interfaces/msg/detail/point__traits.hpp
-- Installing: /home/pietro/Scrivania/TESI/ROS2/MoCap/Ros2MoCap/install/mocap_interfaces/include/mocap_interfaces/msg/detail/unit_quaternion__struct.hpp
-- Installing: /home/pietro/Scrivania/TESI/ROS2/MoCap/Ros2MoCap/install/mocap_interfaces/include/mocap_interfaces/msg/rigid_body.hpp
-- Installing: /home/pietro/Scrivania/TESI/ROS2/MoCap/Ros2MoCap/install/mocap_interfaces/include/mocap_interfaces/msg/unit_quaternion.hpp
-- Installing: /home/pietro/Scrivania/TESI/ROS2/MoCap/Ros2MoCap/install/mocap_interfaces/include/mocap_interfaces/msg/rigid_body_array.hpp
-- Installing: /home/pietro/Scrivania/TESI/ROS2/MoCap/Ros2MoCap/install/mocap_interfaces/include/mocap_interfaces/msg/point.hpp
-- Installing: /home/pietro/Scrivania/TESI/ROS2/MoCap/Ros2MoCap/install/mocap_interfaces/include/mocap_interfaces/msg/rotation_matrix.hpp
-- Up-to-date: /home/pietro/Scrivania/TESI/ROS2/MoCap/Ros2MoCap/install/mocap_interfaces/include/mocap_interfaces
-- Up-to-date: /home/pietro/Scrivania/TESI/ROS2/MoCap/Ros2MoCap/install/mocap_interfaces/include/mocap_interfaces/msg
-- Up-to-date: /home/pietro/Scrivania/TESI/ROS2/MoCap/Ros2MoCap/install/mocap_interfaces/include/mocap_interfaces/msg/detail
-- Installing: /home/pietro/Scrivania/TESI/ROS2/MoCap/Ros2MoCap/install/mocap_interfaces/include/mocap_interfaces/msg/detail/rigid_body__type_support.cpp
-- Installing: /home/pietro/Scrivania/TESI/ROS2/MoCap/Ros2MoCap/install/mocap_interfaces/include/mocap_interfaces/msg/detail/rotation_matrix__type_support.cpp
-- Installing: /home/pietro/Scrivania/TESI/ROS2/MoCap/Ros2MoCap/install/mocap_interfaces/include/mocap_interfaces/msg/detail/point__type_support.cpp
-- Installing: /home/pietro/Scrivania/TESI/ROS2/MoCap/Ros2MoCap/install/mocap_interfaces/include/mocap_interfaces/msg/detail/unit_quaternion__rosidl_typesupport_introspection_cpp.hpp
-- Installing: /home/pietro/Scrivania/TESI/ROS2/MoCap/Ros2MoCap/install/mocap_interfaces/include/mocap_interfaces/msg/detail/rigid_body_array__type_support.cpp
-- Installing: /home/pietro/Scrivania/TESI/ROS2/MoCap/Ros2MoCap/install/mocap_interfaces/include/mocap_interfaces/msg/detail/rigid_body__rosidl_typesupport_introspection_cpp.hpp
-- Installing: /home/pietro/Scrivania/TESI/ROS2/MoCap/Ros2MoCap/install/mocap_interfaces/include/mocap_interfaces/msg/detail/point__rosidl_typesupport_introspection_cpp.hpp
-- Installing: /home/pietro/Scrivania/TESI/ROS2/MoCap/Ros2MoCap/install/mocap_interfaces/include/mocap_interfaces/msg/detail/unit_quaternion__type_support.cpp
-- Installing: /home/pietro/Scrivania/TESI/ROS2/MoCap/Ros2MoCap/install/mocap_interfaces/include/mocap_interfaces/msg/detail/rigid_body_array__rosidl_typesupport_introspection_cpp.hpp
-- Installing: /home/pietro/Scrivania/TESI/ROS2/MoCap/Ros2MoCap/install/mocap_interfaces/include/mocap_interfaces/msg/detail/rotation_matrix__rosidl_typesupport_introspection_cpp.hpp
-- Installing: /home/pietro/Scrivania/TESI/ROS2/MoCap/Ros2MoCap/install/mocap_interfaces/lib/libmocap_interfaces__rosidl_typesupport_introspection_cpp.so
-- Set runtime path of "/home/pietro/Scrivania/TESI/ROS2/MoCap/Ros2MoCap/install/mocap_interfaces/lib/libmocap_interfaces__rosidl_typesupport_introspection_cpp.so" to ""
-- Installing: /home/pietro/Scrivania/TESI/ROS2/MoCap/Ros2MoCap/install/mocap_interfaces/lib/libmocap_interfaces__rosidl_typesupport_cpp.so
-- Set runtime path of "/home/pietro/Scrivania/TESI/ROS2/MoCap/Ros2MoCap/install/mocap_interfaces/lib/libmocap_interfaces__rosidl_typesupport_cpp.so" to ""
-- Up-to-date: /home/pietro/Scrivania/TESI/ROS2/MoCap/Ros2MoCap/install/mocap_interfaces/share/mocap_interfaces/environment/pythonpath.sh
-- Installing: /home/pietro/Scrivania/TESI/ROS2/MoCap/Ros2MoCap/install/mocap_interfaces/share/mocap_interfaces/environment/pythonpath.dsv
-- Installing: /home/pietro/Scrivania/TESI/ROS2/MoCap/Ros2MoCap/install/mocap_interfaces/lib/python3.8/site-packages/mocap_interfaces/__init__.py
Compiling '/home/pietro/Scrivania/TESI/ROS2/MoCap/Ros2MoCap/install/mocap_interfaces/lib/python3.8/site-packages/mocap_interfaces/__init__.py'...
-- Up-to-date: /home/pietro/Scrivania/TESI/ROS2/MoCap/Ros2MoCap/install/mocap_interfaces/lib/python3.8/site-packages/mocap_interfaces/msg
-- Installing: /home/pietro/Scrivania/TESI/ROS2/MoCap/Ros2MoCap/install/mocap_interfaces/lib/python3.8/site-packages/mocap_interfaces/msg/_rigid_body_s.c
-- Installing: /home/pietro/Scrivania/TESI/ROS2/MoCap/Ros2MoCap/install/mocap_interfaces/lib/python3.8/site-packages/mocap_interfaces/msg/_unit_quaternion_s.c
-- Installing: /home/pietro/Scrivania/TESI/ROS2/MoCap/Ros2MoCap/install/mocap_interfaces/lib/python3.8/site-packages/mocap_interfaces/msg/_unit_quaternion.py
-- Installing: /home/pietro/Scrivania/TESI/ROS2/MoCap/Ros2MoCap/install/mocap_interfaces/lib/python3.8/site-packages/mocap_interfaces/msg/_point.py
-- Installing: /home/pietro/Scrivania/TESI/ROS2/MoCap/Ros2MoCap/install/mocap_interfaces/lib/python3.8/site-packages/mocap_interfaces/msg/_rigid_body.py
-- Installing: /home/pietro/Scrivania/TESI/ROS2/MoCap/Ros2MoCap/install/mocap_interfaces/lib/python3.8/site-packages/mocap_interfaces/msg/_rotation_matrix_s.c
-- Installing: /home/pietro/Scrivania/TESI/ROS2/MoCap/Ros2MoCap/install/mocap_interfaces/lib/python3.8/site-packages/mocap_interfaces/msg/__init__.py
-- Installing: /home/pietro/Scrivania/TESI/ROS2/MoCap/Ros2MoCap/install/mocap_interfaces/lib/python3.8/site-packages/mocap_interfaces/msg/_rigid_body_array_s.c
-- Installing: /home/pietro/Scrivania/TESI/ROS2/MoCap/Ros2MoCap/install/mocap_interfaces/lib/python3.8/site-packages/mocap_interfaces/msg/_rotation_matrix.py
-- Installing: /home/pietro/Scrivania/TESI/ROS2/MoCap/Ros2MoCap/install/mocap_interfaces/lib/python3.8/site-packages/mocap_interfaces/msg/_point_s.c
-- Installing: /home/pietro/Scrivania/TESI/ROS2/MoCap/Ros2MoCap/install/mocap_interfaces/lib/python3.8/site-packages/mocap_interfaces/msg/_rigid_body_array.py
-- Installing: /home/pietro/Scrivania/TESI/ROS2/MoCap/Ros2MoCap/install/mocap_interfaces/lib/python3.8/site-packages/mocap_interfaces/mocap_interfaces_s__rosidl_typesupport_fastrtps_c.cpython-38-x86_64-linux-gnu.so
-- Set runtime path of "/home/pietro/Scrivania/TESI/ROS2/MoCap/Ros2MoCap/install/mocap_interfaces/lib/python3.8/site-packages/mocap_interfaces/mocap_interfaces_s__rosidl_typesupport_fastrtps_c.cpython-38-x86_64-linux-gnu.so" to ""
-- Installing: /home/pietro/Scrivania/TESI/ROS2/MoCap/Ros2MoCap/install/mocap_interfaces/lib/python3.8/site-packages/mocap_interfaces/mocap_interfaces_s__rosidl_typesupport_introspection_c.cpython-38-x86_64-linux-gnu.so
-- Set runtime path of "/home/pietro/Scrivania/TESI/ROS2/MoCap/Ros2MoCap/install/mocap_interfaces/lib/python3.8/site-packages/mocap_interfaces/mocap_interfaces_s__rosidl_typesupport_introspection_c.cpython-38-x86_64-linux-gnu.so" to ""
-- Installing: /home/pietro/Scrivania/TESI/ROS2/MoCap/Ros2MoCap/install/mocap_interfaces/lib/python3.8/site-packages/mocap_interfaces/mocap_interfaces_s__rosidl_typesupport_c.cpython-38-x86_64-linux-gnu.so
-- Set runtime path of "/home/pietro/Scrivania/TESI/ROS2/MoCap/Ros2MoCap/install/mocap_interfaces/lib/python3.8/site-packages/mocap_interfaces/mocap_interfaces_s__rosidl_typesupport_c.cpython-38-x86_64-linux-gnu.so" to ""
-- Installing: /home/pietro/Scrivania/TESI/ROS2/MoCap/Ros2MoCap/install/mocap_interfaces/lib/libmocap_interfaces__python.so
-- Set runtime path of "/home/pietro/Scrivania/TESI/ROS2/MoCap/Ros2MoCap/install/mocap_interfaces/lib/libmocap_interfaces__python.so" to ""
-- Installing: /home/pietro/Scrivania/TESI/ROS2/MoCap/Ros2MoCap/install/mocap_interfaces/share/mocap_interfaces/msg/Point.idl
-- Installing: /home/pietro/Scrivania/TESI/ROS2/MoCap/Ros2MoCap/install/mocap_interfaces/share/mocap_interfaces/msg/UnitQuaternion.idl
-- Installing: /home/pietro/Scrivania/TESI/ROS2/MoCap/Ros2MoCap/install/mocap_interfaces/share/mocap_interfaces/msg/RigidBody.idl
-- Up-to-date: /home/pietro/Scrivania/TESI/ROS2/MoCap/Ros2MoCap/install/mocap_interfaces/share/mocap_interfaces/msg/RigidBodyArray.idl
-- Installing: /home/pietro/Scrivania/TESI/ROS2/MoCap/Ros2MoCap/install/mocap_interfaces/share/mocap_interfaces/msg/RotationMatrix.idl
-- Installing: /home/pietro/Scrivania/TESI/ROS2/MoCap/Ros2MoCap/install/mocap_interfaces/share/mocap_interfaces/msg/Point.msg
-- Installing: /home/pietro/Scrivania/TESI/ROS2/MoCap/Ros2MoCap/install/mocap_interfaces/share/mocap_interfaces/msg/UnitQuaternion.msg
-- Installing: /home/pietro/Scrivania/TESI/ROS2/MoCap/Ros2MoCap/install/mocap_interfaces/share/mocap_interfaces/msg/RigidBody.msg
-- Up-to-date: /home/pietro/Scrivania/TESI/ROS2/MoCap/Ros2MoCap/install/mocap_interfaces/share/mocap_interfaces/msg/RigidBodyArray.msg
-- Installing: /home/pietro/Scrivania/TESI/ROS2/MoCap/Ros2MoCap/install/mocap_interfaces/share/mocap_interfaces/msg/RotationMatrix.msg
-- Up-to-date: /home/pietro/Scrivania/TESI/ROS2/MoCap/Ros2MoCap/install/mocap_interfaces/share/ament_index/resource_index/package_run_dependencies/mocap_interfaces
-- Installing: /home/pietro/Scrivania/TESI/ROS2/MoCap/Ros2MoCap/install/mocap_interfaces/share/ament_index/resource_index/parent_prefix_path/mocap_interfaces
-- Up-to-date: /home/pietro/Scrivania/TESI/ROS2/MoCap/Ros2MoCap/install/mocap_interfaces/share/mocap_interfaces/environment/ament_prefix_path.sh
-- Installing: /home/pietro/Scrivania/TESI/ROS2/MoCap/Ros2MoCap/install/mocap_interfaces/share/mocap_interfaces/environment/ament_prefix_path.dsv
-- Up-to-date: /home/pietro/Scrivania/TESI/ROS2/MoCap/Ros2MoCap/install/mocap_interfaces/share/mocap_interfaces/environment/path.sh
-- Installing: /home/pietro/Scrivania/TESI/ROS2/MoCap/Ros2MoCap/install/mocap_interfaces/share/mocap_interfaces/environment/path.dsv
-- Up-to-date: /home/pietro/Scrivania/TESI/ROS2/MoCap/Ros2MoCap/install/mocap_interfaces/share/mocap_interfaces/local_setup.bash
-- Up-to-date: /home/pietro/Scrivania/TESI/ROS2/MoCap/Ros2MoCap/install/mocap_interfaces/share/mocap_interfaces/local_setup.sh
-- Up-to-date: /home/pietro/Scrivania/TESI/ROS2/MoCap/Ros2MoCap/install/mocap_interfaces/share/mocap_interfaces/local_setup.zsh
-- Installing: /home/pietro/Scrivania/TESI/ROS2/MoCap/Ros2MoCap/install/mocap_interfaces/share/mocap_interfaces/local_setup.dsv
-- Installing: /home/pietro/Scrivania/TESI/ROS2/MoCap/Ros2MoCap/install/mocap_interfaces/share/mocap_interfaces/package.dsv
-- Up-to-date: /home/pietro/Scrivania/TESI/ROS2/MoCap/Ros2MoCap/install/mocap_interfaces/share/ament_index/resource_index/packages/mocap_interfaces
-- Up-to-date: /home/pietro/Scrivania/TESI/ROS2/MoCap/Ros2MoCap/install/mocap_interfaces/share/mocap_interfaces/cmake/mocap_interfaces__rosidl_generator_cExport.cmake
-- Installing: /home/pietro/Scrivania/TESI/ROS2/MoCap/Ros2MoCap/install/mocap_interfaces/share/mocap_interfaces/cmake/mocap_interfaces__rosidl_generator_cExport-noconfig.cmake
-- Up-to-date: /home/pietro/Scrivania/TESI/ROS2/MoCap/Ros2MoCap/install/mocap_interfaces/share/mocap_interfaces/cmake/mocap_interfaces__rosidl_typesupport_introspection_cExport.cmake
-- Installing: /home/pietro/Scrivania/TESI/ROS2/MoCap/Ros2MoCap/install/mocap_interfaces/share/mocap_interfaces/cmake/mocap_interfaces__rosidl_typesupport_introspection_cExport-noconfig.cmake
-- Up-to-date: /home/pietro/Scrivania/TESI/ROS2/MoCap/Ros2MoCap/install/mocap_interfaces/share/mocap_interfaces/cmake/mocap_interfaces__rosidl_typesupport_cExport.cmake
-- Installing: /home/pietro/Scrivania/TESI/ROS2/MoCap/Ros2MoCap/install/mocap_interfaces/share/mocap_interfaces/cmake/mocap_interfaces__rosidl_typesupport_cExport-noconfig.cmake
-- Up-to-date: /home/pietro/Scrivania/TESI/ROS2/MoCap/Ros2MoCap/install/mocap_interfaces/share/mocap_interfaces/cmake/mocap_interfaces__rosidl_generator_cppExport.cmake
-- Up-to-date: /home/pietro/Scrivania/TESI/ROS2/MoCap/Ros2MoCap/install/mocap_interfaces/share/mocap_interfaces/cmake/mocap_interfaces__rosidl_typesupport_introspection_cppExport.cmake
-- Installing: /home/pietro/Scrivania/TESI/ROS2/MoCap/Ros2MoCap/install/mocap_interfaces/share/mocap_interfaces/cmake/mocap_interfaces__rosidl_typesupport_introspection_cppExport-noconfig.cmake
-- Up-to-date: /home/pietro/Scrivania/TESI/ROS2/MoCap/Ros2MoCap/install/mocap_interfaces/share/mocap_interfaces/cmake/mocap_interfaces__rosidl_typesupport_cppExport.cmake
-- Installing: /home/pietro/Scrivania/TESI/ROS2/MoCap/Ros2MoCap/install/mocap_interfaces/share/mocap_interfaces/cmake/mocap_interfaces__rosidl_typesupport_cppExport-noconfig.cmake
-- Installing: /home/pietro/Scrivania/TESI/ROS2/MoCap/Ros2MoCap/install/mocap_interfaces/share/mocap_interfaces/cmake/rosidl_cmake-extras.cmake
-- Up-to-date: /home/pietro/Scrivania/TESI/ROS2/MoCap/Ros2MoCap/install/mocap_interfaces/share/mocap_interfaces/cmake/ament_cmake_export_dependencies-extras.cmake
-- Up-to-date: /home/pietro/Scrivania/TESI/ROS2/MoCap/Ros2MoCap/install/mocap_interfaces/share/mocap_interfaces/cmake/ament_cmake_export_libraries-extras.cmake
-- Up-to-date: /home/pietro/Scrivania/TESI/ROS2/MoCap/Ros2MoCap/install/mocap_interfaces/share/mocap_interfaces/cmake/ament_cmake_export_targets-extras.cmake
-- Up-to-date: /home/pietro/Scrivania/TESI/ROS2/MoCap/Ros2MoCap/install/mocap_interfaces/share/mocap_interfaces/cmake/ament_cmake_export_include_directories-extras.cmake
-- Up-to-date: /home/pietro/Scrivania/TESI/ROS2/MoCap/Ros2MoCap/install/mocap_interfaces/share/mocap_interfaces/cmake/rosidl_cmake_export_typesupport_libraries-extras.cmake
-- Up-to-date: /home/pietro/Scrivania/TESI/ROS2/MoCap/Ros2MoCap/install/mocap_interfaces/share/mocap_interfaces/cmake/rosidl_cmake_export_typesupport_targets-extras.cmake
-- Up-to-date: /home/pietro/Scrivania/TESI/ROS2/MoCap/Ros2MoCap/install/mocap_interfaces/share/mocap_interfaces/cmake/mocap_interfacesConfig.cmake
-- Up-to-date: /home/pietro/Scrivania/TESI/ROS2/MoCap/Ros2MoCap/install/mocap_interfaces/share/mocap_interfaces/cmake/mocap_interfacesConfig-version.cmake
-- Up-to-date: /home/pietro/Scrivania/TESI/ROS2/MoCap/Ros2MoCap/install/mocap_interfaces/share/mocap_interfaces/package.xml
