[0.203s] DEBUG:colcon:Command line arguments: ['/usr/bin/colcon', 'build']
[0.203s] DEBUG:colcon:Parsed command line arguments: Namespace(ament_cmake_args=None, base_paths=['.'], build_base='build', catkin_cmake_args=None, catkin_skip_building_tests=False, cmake_args=None, cmake_clean_cache=False, cmake_clean_first=False, cmake_force_configure=False, cmake_target=None, cmake_target_skip_unavailable=False, continue_on_error=False, event_handlers=None, executor='parallel', ignore_user_meta=False, install_base='install', log_base=None, log_level=None, main=<bound method BuildVerb.main of <colcon_core.verb.build.BuildVerb object at 0x7efee4a487c0>>, merge_install=False, metas=['./colcon.meta'], packages_above=None, packages_above_and_dependencies=None, packages_above_depth=None, packages_end=None, packages_ignore=None, packages_ignore_regex=None, packages_select=None, packages_select_build_failed=False, packages_select_by_dep=None, packages_select_regex=None, packages_select_test_failures=False, packages_skip=None, packages_skip_build_finished=False, packages_skip_by_dep=None, packages_skip_regex=None, packages_skip_test_passed=False, packages_skip_up_to=None, packages_start=None, packages_up_to=None, packages_up_to_regex=None, parallel_workers=8, paths=None, symlink_install=False, test_result_base=None, verb_extension=<colcon_core.verb.build.BuildVerb object at 0x7efee4a487c0>, verb_name='build', verb_parser=<colcon_defaults.argument_parser.defaults.DefaultArgumentsDecorator object at 0x7efee4a48d30>)
[0.209s] Level 1:colcon.colcon_core.package_discovery:discover_packages(colcon_meta) check parameters
[0.209s] Level 1:colcon.colcon_core.package_discovery:discover_packages(recursive) check parameters
[0.210s] Level 1:colcon.colcon_core.package_discovery:discover_packages(ignore) check parameters
[0.210s] Level 1:colcon.colcon_core.package_discovery:discover_packages(path) check parameters
[0.210s] Level 1:colcon.colcon_core.package_discovery:discover_packages(colcon_meta) discover
[0.210s] Level 1:colcon.colcon_core.package_discovery:discover_packages(recursive) discover
[0.210s] INFO:colcon.colcon_core.package_discovery:Crawling recursively for packages in '/home/pietro/Scrivania/TESI/ROS2/MoCap/Ros2MoCap'
[0.210s] Level 1:colcon.colcon_core.package_identification:_identify(.) by extensions ['ignore', 'ignore_ament_install']
[0.210s] Level 1:colcon.colcon_core.package_identification:_identify(.) by extension 'ignore'
[0.210s] Level 1:colcon.colcon_core.package_identification:_identify(.) by extension 'ignore_ament_install'
[0.210s] Level 1:colcon.colcon_core.package_identification:_identify(.) by extensions ['colcon_pkg']
[0.210s] Level 1:colcon.colcon_core.package_identification:_identify(.) by extension 'colcon_pkg'
[0.210s] Level 1:colcon.colcon_core.package_identification:_identify(.) by extensions ['colcon_meta']
[0.210s] Level 1:colcon.colcon_core.package_identification:_identify(.) by extension 'colcon_meta'
[0.210s] Level 1:colcon.colcon_core.package_identification:_identify(.) by extensions ['ros']
[0.210s] Level 1:colcon.colcon_core.package_identification:_identify(.) by extension 'ros'
[0.220s] Level 1:colcon.colcon_core.package_identification:_identify(.) by extensions ['cmake', 'python']
[0.220s] Level 1:colcon.colcon_core.package_identification:_identify(.) by extension 'cmake'
[0.220s] Level 1:colcon.colcon_core.package_identification:_identify(.) by extension 'python'
[0.220s] Level 1:colcon.colcon_core.package_identification:_identify(.) by extensions ['python_setup_py']
[0.220s] Level 1:colcon.colcon_core.package_identification:_identify(.) by extension 'python_setup_py'
[0.220s] Level 1:colcon.colcon_core.package_identification:_identify(build) by extensions ['ignore', 'ignore_ament_install']
[0.221s] Level 1:colcon.colcon_core.package_identification:_identify(build) by extension 'ignore'
[0.221s] Level 1:colcon.colcon_core.package_identification:_identify(build) ignored
[0.221s] Level 1:colcon.colcon_core.package_identification:_identify(install) by extensions ['ignore', 'ignore_ament_install']
[0.221s] Level 1:colcon.colcon_core.package_identification:_identify(install) by extension 'ignore'
[0.221s] Level 1:colcon.colcon_core.package_identification:_identify(install) ignored
[0.221s] Level 1:colcon.colcon_core.package_identification:_identify(log) by extensions ['ignore', 'ignore_ament_install']
[0.221s] Level 1:colcon.colcon_core.package_identification:_identify(log) by extension 'ignore'
[0.221s] Level 1:colcon.colcon_core.package_identification:_identify(log) ignored
[0.221s] Level 1:colcon.colcon_core.package_identification:_identify(src) by extensions ['ignore', 'ignore_ament_install']
[0.222s] Level 1:colcon.colcon_core.package_identification:_identify(src) by extension 'ignore'
[0.222s] Level 1:colcon.colcon_core.package_identification:_identify(src) by extension 'ignore_ament_install'
[0.222s] Level 1:colcon.colcon_core.package_identification:_identify(src) by extensions ['colcon_pkg']
[0.222s] Level 1:colcon.colcon_core.package_identification:_identify(src) by extension 'colcon_pkg'
[0.222s] Level 1:colcon.colcon_core.package_identification:_identify(src) by extensions ['colcon_meta']
[0.222s] Level 1:colcon.colcon_core.package_identification:_identify(src) by extension 'colcon_meta'
[0.222s] Level 1:colcon.colcon_core.package_identification:_identify(src) by extensions ['ros']
[0.222s] Level 1:colcon.colcon_core.package_identification:_identify(src) by extension 'ros'
[0.222s] Level 1:colcon.colcon_core.package_identification:_identify(src) by extensions ['cmake', 'python']
[0.222s] Level 1:colcon.colcon_core.package_identification:_identify(src) by extension 'cmake'
[0.222s] Level 1:colcon.colcon_core.package_identification:_identify(src) by extension 'python'
[0.222s] Level 1:colcon.colcon_core.package_identification:_identify(src) by extensions ['python_setup_py']
[0.222s] Level 1:colcon.colcon_core.package_identification:_identify(src) by extension 'python_setup_py'
[0.222s] Level 1:colcon.colcon_core.package_identification:_identify(src/mocap_interfaces) by extensions ['ignore', 'ignore_ament_install']
[0.223s] Level 1:colcon.colcon_core.package_identification:_identify(src/mocap_interfaces) by extension 'ignore'
[0.223s] Level 1:colcon.colcon_core.package_identification:_identify(src/mocap_interfaces) by extension 'ignore_ament_install'
[0.223s] Level 1:colcon.colcon_core.package_identification:_identify(src/mocap_interfaces) by extensions ['colcon_pkg']
[0.223s] Level 1:colcon.colcon_core.package_identification:_identify(src/mocap_interfaces) by extension 'colcon_pkg'
[0.223s] Level 1:colcon.colcon_core.package_identification:_identify(src/mocap_interfaces) by extensions ['colcon_meta']
[0.223s] Level 1:colcon.colcon_core.package_identification:_identify(src/mocap_interfaces) by extension 'colcon_meta'
[0.223s] Level 1:colcon.colcon_core.package_identification:_identify(src/mocap_interfaces) by extensions ['ros']
[0.223s] Level 1:colcon.colcon_core.package_identification:_identify(src/mocap_interfaces) by extension 'ros'
[0.225s] DEBUG:colcon.colcon_core.package_identification:Package 'src/mocap_interfaces' with type 'ros.ament_cmake' and name 'mocap_interfaces'
[0.225s] Level 1:colcon.colcon_core.package_identification:_identify(src/mocap_pub) by extensions ['ignore', 'ignore_ament_install']
[0.225s] Level 1:colcon.colcon_core.package_identification:_identify(src/mocap_pub) by extension 'ignore'
[0.225s] Level 1:colcon.colcon_core.package_identification:_identify(src/mocap_pub) by extension 'ignore_ament_install'
[0.225s] Level 1:colcon.colcon_core.package_identification:_identify(src/mocap_pub) by extensions ['colcon_pkg']
[0.225s] Level 1:colcon.colcon_core.package_identification:_identify(src/mocap_pub) by extension 'colcon_pkg'
[0.225s] Level 1:colcon.colcon_core.package_identification:_identify(src/mocap_pub) by extensions ['colcon_meta']
[0.226s] Level 1:colcon.colcon_core.package_identification:_identify(src/mocap_pub) by extension 'colcon_meta'
[0.226s] Level 1:colcon.colcon_core.package_identification:_identify(src/mocap_pub) by extensions ['ros']
[0.226s] Level 1:colcon.colcon_core.package_identification:_identify(src/mocap_pub) by extension 'ros'
[0.226s] DEBUG:colcon.colcon_core.package_identification:Package 'src/mocap_pub' with type 'ros.ament_cmake' and name 'mocap_pub'
[0.226s] Level 1:colcon.colcon_core.package_identification:_identify(src/world_to_base) by extensions ['ignore', 'ignore_ament_install']
[0.226s] Level 1:colcon.colcon_core.package_identification:_identify(src/world_to_base) by extension 'ignore'
[0.226s] Level 1:colcon.colcon_core.package_identification:_identify(src/world_to_base) by extension 'ignore_ament_install'
[0.227s] Level 1:colcon.colcon_core.package_identification:_identify(src/world_to_base) by extensions ['colcon_pkg']
[0.227s] Level 1:colcon.colcon_core.package_identification:_identify(src/world_to_base) by extension 'colcon_pkg'
[0.227s] Level 1:colcon.colcon_core.package_identification:_identify(src/world_to_base) by extensions ['colcon_meta']
[0.227s] Level 1:colcon.colcon_core.package_identification:_identify(src/world_to_base) by extension 'colcon_meta'
[0.227s] Level 1:colcon.colcon_core.package_identification:_identify(src/world_to_base) by extensions ['ros']
[0.227s] Level 1:colcon.colcon_core.package_identification:_identify(src/world_to_base) by extension 'ros'
[0.227s] DEBUG:colcon.colcon_core.package_identification:Package 'src/world_to_base' with type 'ros.ament_cmake' and name 'world_to_base'
[0.227s] Level 1:colcon.colcon_core.package_discovery:discover_packages(recursive) using defaults
[0.227s] Level 1:colcon.colcon_core.package_discovery:discover_packages(ignore) discover
[0.228s] Level 1:colcon.colcon_core.package_discovery:discover_packages(ignore) using defaults
[0.228s] Level 1:colcon.colcon_core.package_discovery:discover_packages(path) discover
[0.228s] Level 1:colcon.colcon_core.package_discovery:discover_packages(path) using defaults
[0.242s] Level 5:colcon.colcon_core.verb:set package 'mocap_interfaces' build argument 'cmake_args' from command line to 'None'
[0.242s] Level 5:colcon.colcon_core.verb:set package 'mocap_interfaces' build argument 'cmake_target' from command line to 'None'
[0.242s] Level 5:colcon.colcon_core.verb:set package 'mocap_interfaces' build argument 'cmake_target_skip_unavailable' from command line to 'False'
[0.242s] Level 5:colcon.colcon_core.verb:set package 'mocap_interfaces' build argument 'cmake_clean_cache' from command line to 'False'
[0.242s] Level 5:colcon.colcon_core.verb:set package 'mocap_interfaces' build argument 'cmake_clean_first' from command line to 'False'
[0.242s] Level 5:colcon.colcon_core.verb:set package 'mocap_interfaces' build argument 'cmake_force_configure' from command line to 'False'
[0.242s] Level 5:colcon.colcon_core.verb:set package 'mocap_interfaces' build argument 'ament_cmake_args' from command line to 'None'
[0.242s] Level 5:colcon.colcon_core.verb:set package 'mocap_interfaces' build argument 'catkin_cmake_args' from command line to 'None'
[0.242s] Level 5:colcon.colcon_core.verb:set package 'mocap_interfaces' build argument 'catkin_skip_building_tests' from command line to 'False'
[0.242s] DEBUG:colcon.colcon_core.verb:Building package 'mocap_interfaces' with the following arguments: {'ament_cmake_args': None, 'build_base': '/home/pietro/Scrivania/TESI/ROS2/MoCap/Ros2MoCap/build/mocap_interfaces', 'catkin_cmake_args': None, 'catkin_skip_building_tests': False, 'cmake_args': None, 'cmake_clean_cache': False, 'cmake_clean_first': False, 'cmake_force_configure': False, 'cmake_target': None, 'cmake_target_skip_unavailable': False, 'install_base': '/home/pietro/Scrivania/TESI/ROS2/MoCap/Ros2MoCap/install/mocap_interfaces', 'merge_install': False, 'path': '/home/pietro/Scrivania/TESI/ROS2/MoCap/Ros2MoCap/src/mocap_interfaces', 'symlink_install': False, 'test_result_base': None}
[0.244s] Level 5:colcon.colcon_core.verb:set package 'mocap_pub' build argument 'cmake_args' from command line to 'None'
[0.244s] Level 5:colcon.colcon_core.verb:set package 'mocap_pub' build argument 'cmake_target' from command line to 'None'
[0.244s] Level 5:colcon.colcon_core.verb:set package 'mocap_pub' build argument 'cmake_target_skip_unavailable' from command line to 'False'
[0.244s] Level 5:colcon.colcon_core.verb:set package 'mocap_pub' build argument 'cmake_clean_cache' from command line to 'False'
[0.244s] Level 5:colcon.colcon_core.verb:set package 'mocap_pub' build argument 'cmake_clean_first' from command line to 'False'
[0.244s] Level 5:colcon.colcon_core.verb:set package 'mocap_pub' build argument 'cmake_force_configure' from command line to 'False'
[0.244s] Level 5:colcon.colcon_core.verb:set package 'mocap_pub' build argument 'ament_cmake_args' from command line to 'None'
[0.244s] Level 5:colcon.colcon_core.verb:set package 'mocap_pub' build argument 'catkin_cmake_args' from command line to 'None'
[0.244s] Level 5:colcon.colcon_core.verb:set package 'mocap_pub' build argument 'catkin_skip_building_tests' from command line to 'False'
[0.244s] DEBUG:colcon.colcon_core.verb:Building package 'mocap_pub' with the following arguments: {'ament_cmake_args': None, 'build_base': '/home/pietro/Scrivania/TESI/ROS2/MoCap/Ros2MoCap/build/mocap_pub', 'catkin_cmake_args': None, 'catkin_skip_building_tests': False, 'cmake_args': None, 'cmake_clean_cache': False, 'cmake_clean_first': False, 'cmake_force_configure': False, 'cmake_target': None, 'cmake_target_skip_unavailable': False, 'install_base': '/home/pietro/Scrivania/TESI/ROS2/MoCap/Ros2MoCap/install/mocap_pub', 'merge_install': False, 'path': '/home/pietro/Scrivania/TESI/ROS2/MoCap/Ros2MoCap/src/mocap_pub', 'symlink_install': False, 'test_result_base': None}
[0.246s] Level 5:colcon.colcon_core.verb:set package 'world_to_base' build argument 'cmake_args' from command line to 'None'
[0.246s] Level 5:colcon.colcon_core.verb:set package 'world_to_base' build argument 'cmake_target' from command line to 'None'
[0.246s] Level 5:colcon.colcon_core.verb:set package 'world_to_base' build argument 'cmake_target_skip_unavailable' from command line to 'False'
[0.246s] Level 5:colcon.colcon_core.verb:set package 'world_to_base' build argument 'cmake_clean_cache' from command line to 'False'
[0.246s] Level 5:colcon.colcon_core.verb:set package 'world_to_base' build argument 'cmake_clean_first' from command line to 'False'
[0.246s] Level 5:colcon.colcon_core.verb:set package 'world_to_base' build argument 'cmake_force_configure' from command line to 'False'
[0.246s] Level 5:colcon.colcon_core.verb:set package 'world_to_base' build argument 'ament_cmake_args' from command line to 'None'
[0.246s] Level 5:colcon.colcon_core.verb:set package 'world_to_base' build argument 'catkin_cmake_args' from command line to 'None'
[0.246s] Level 5:colcon.colcon_core.verb:set package 'world_to_base' build argument 'catkin_skip_building_tests' from command line to 'False'
[0.247s] DEBUG:colcon.colcon_core.verb:Building package 'world_to_base' with the following arguments: {'ament_cmake_args': None, 'build_base': '/home/pietro/Scrivania/TESI/ROS2/MoCap/Ros2MoCap/build/world_to_base', 'catkin_cmake_args': None, 'catkin_skip_building_tests': False, 'cmake_args': None, 'cmake_clean_cache': False, 'cmake_clean_first': False, 'cmake_force_configure': False, 'cmake_target': None, 'cmake_target_skip_unavailable': False, 'install_base': '/home/pietro/Scrivania/TESI/ROS2/MoCap/Ros2MoCap/install/world_to_base', 'merge_install': False, 'path': '/home/pietro/Scrivania/TESI/ROS2/MoCap/Ros2MoCap/src/world_to_base', 'symlink_install': False, 'test_result_base': None}
[0.247s] INFO:colcon.colcon_core.executor:Executing jobs using 'parallel' executor
[0.249s] DEBUG:colcon.colcon_parallel_executor.executor.parallel:run_until_complete
[0.249s] INFO:colcon.colcon_ros.task.ament_cmake.build:Building ROS package in '/home/pietro/Scrivania/TESI/ROS2/MoCap/Ros2MoCap/src/mocap_interfaces' with build type 'ament_cmake'
[0.250s] INFO:colcon.colcon_cmake.task.cmake.build:Building CMake package in '/home/pietro/Scrivania/TESI/ROS2/MoCap/Ros2MoCap/src/mocap_interfaces'
[0.252s] INFO:colcon.colcon_core.plugin_system:Skipping extension 'colcon_core.shell.bat': Not used on non-Windows systems
[0.253s] INFO:colcon.colcon_core.shell:Skip shell extension 'powershell' for command environment: Not usable outside of PowerShell
[0.253s] DEBUG:colcon.colcon_core.shell:Skip shell extension 'dsv' for command environment
[0.254s] DEBUG:colcon.colcon_core.shell:Ignoring prefix path '/opt/ros/foxy'
[0.265s] DEBUG:colcon.colcon_core.event_handler.log_command:Invoking command in '/home/pietro/Scrivania/TESI/ROS2/MoCap/Ros2MoCap/build/mocap_interfaces': CMAKE_PREFIX_PATH=/opt/ros/foxy /usr/bin/cmake --build /home/pietro/Scrivania/TESI/ROS2/MoCap/Ros2MoCap/build/mocap_interfaces -- -j8 -l8
[0.436s] DEBUG:colcon.colcon_core.event_handler.log_command:Invoked command in '/home/pietro/Scrivania/TESI/ROS2/MoCap/Ros2MoCap/build/mocap_interfaces' returned '0': CMAKE_PREFIX_PATH=/opt/ros/foxy /usr/bin/cmake --build /home/pietro/Scrivania/TESI/ROS2/MoCap/Ros2MoCap/build/mocap_interfaces -- -j8 -l8
[0.518s] DEBUG:colcon.colcon_core.event_handler.log_command:Invoking command in '/home/pietro/Scrivania/TESI/ROS2/MoCap/Ros2MoCap/build/mocap_interfaces': CMAKE_PREFIX_PATH=/opt/ros/foxy /usr/bin/cmake --install /home/pietro/Scrivania/TESI/ROS2/MoCap/Ros2MoCap/build/mocap_interfaces
[0.569s] Level 1:colcon.colcon_core.environment:create_environment_scripts_only(mocap_interfaces)
[0.570s] DEBUG:colcon.colcon_core.event_handler.log_command:Invoked command in '/home/pietro/Scrivania/TESI/ROS2/MoCap/Ros2MoCap/build/mocap_interfaces' returned '0': CMAKE_PREFIX_PATH=/opt/ros/foxy /usr/bin/cmake --install /home/pietro/Scrivania/TESI/ROS2/MoCap/Ros2MoCap/build/mocap_interfaces
[0.572s] Level 1:colcon.colcon_core.environment:checking '/home/pietro/Scrivania/TESI/ROS2/MoCap/Ros2MoCap/install/mocap_interfaces' for CMake module files
[0.572s] Level 1:colcon.colcon_core.environment:checking '/home/pietro/Scrivania/TESI/ROS2/MoCap/Ros2MoCap/install/mocap_interfaces' for CMake config files
[0.573s] Level 1:colcon.colcon_core.shell:create_environment_hook('mocap_interfaces', 'cmake_prefix_path')
[0.573s] INFO:colcon.colcon_core.shell:Creating environment hook '/home/pietro/Scrivania/TESI/ROS2/MoCap/Ros2MoCap/install/mocap_interfaces/share/mocap_interfaces/hook/cmake_prefix_path.ps1'
[0.574s] INFO:colcon.colcon_core.shell:Creating environment descriptor '/home/pietro/Scrivania/TESI/ROS2/MoCap/Ros2MoCap/install/mocap_interfaces/share/mocap_interfaces/hook/cmake_prefix_path.dsv'
[0.574s] INFO:colcon.colcon_core.shell:Creating environment hook '/home/pietro/Scrivania/TESI/ROS2/MoCap/Ros2MoCap/install/mocap_interfaces/share/mocap_interfaces/hook/cmake_prefix_path.sh'
[0.575s] Level 1:colcon.colcon_core.environment:checking '/home/pietro/Scrivania/TESI/ROS2/MoCap/Ros2MoCap/install/mocap_interfaces/lib'
[0.575s] Level 1:colcon.colcon_core.shell:create_environment_hook('mocap_interfaces', 'ld_library_path_lib')
[0.576s] INFO:colcon.colcon_core.shell:Creating environment hook '/home/pietro/Scrivania/TESI/ROS2/MoCap/Ros2MoCap/install/mocap_interfaces/share/mocap_interfaces/hook/ld_library_path_lib.ps1'
[0.576s] INFO:colcon.colcon_core.shell:Creating environment descriptor '/home/pietro/Scrivania/TESI/ROS2/MoCap/Ros2MoCap/install/mocap_interfaces/share/mocap_interfaces/hook/ld_library_path_lib.dsv'
[0.577s] INFO:colcon.colcon_core.shell:Creating environment hook '/home/pietro/Scrivania/TESI/ROS2/MoCap/Ros2MoCap/install/mocap_interfaces/share/mocap_interfaces/hook/ld_library_path_lib.sh'
[0.577s] Level 1:colcon.colcon_core.environment:checking '/home/pietro/Scrivania/TESI/ROS2/MoCap/Ros2MoCap/install/mocap_interfaces/bin'
[0.577s] Level 1:colcon.colcon_core.environment:checking '/home/pietro/Scrivania/TESI/ROS2/MoCap/Ros2MoCap/install/mocap_interfaces/lib/pkgconfig/mocap_interfaces.pc'
[0.577s] Level 1:colcon.colcon_core.environment:checking '/home/pietro/Scrivania/TESI/ROS2/MoCap/Ros2MoCap/install/mocap_interfaces/lib/python3.8/site-packages'
[0.577s] Level 1:colcon.colcon_core.shell:create_environment_hook('mocap_interfaces', 'pythonpath')
[0.578s] INFO:colcon.colcon_core.shell:Creating environment hook '/home/pietro/Scrivania/TESI/ROS2/MoCap/Ros2MoCap/install/mocap_interfaces/share/mocap_interfaces/hook/pythonpath.ps1'
[0.578s] INFO:colcon.colcon_core.shell:Creating environment descriptor '/home/pietro/Scrivania/TESI/ROS2/MoCap/Ros2MoCap/install/mocap_interfaces/share/mocap_interfaces/hook/pythonpath.dsv'
[0.578s] INFO:colcon.colcon_core.shell:Creating environment hook '/home/pietro/Scrivania/TESI/ROS2/MoCap/Ros2MoCap/install/mocap_interfaces/share/mocap_interfaces/hook/pythonpath.sh'
[0.579s] INFO:colcon.colcon_core.shell:Creating package script '/home/pietro/Scrivania/TESI/ROS2/MoCap/Ros2MoCap/install/mocap_interfaces/share/mocap_interfaces/package.ps1'
[0.580s] INFO:colcon.colcon_core.shell:Creating package descriptor '/home/pietro/Scrivania/TESI/ROS2/MoCap/Ros2MoCap/install/mocap_interfaces/share/mocap_interfaces/package.dsv'
[0.580s] INFO:colcon.colcon_core.shell:Creating package script '/home/pietro/Scrivania/TESI/ROS2/MoCap/Ros2MoCap/install/mocap_interfaces/share/mocap_interfaces/package.sh'
[0.581s] INFO:colcon.colcon_core.shell:Creating package script '/home/pietro/Scrivania/TESI/ROS2/MoCap/Ros2MoCap/install/mocap_interfaces/share/mocap_interfaces/package.bash'
[0.582s] INFO:colcon.colcon_core.shell:Creating package script '/home/pietro/Scrivania/TESI/ROS2/MoCap/Ros2MoCap/install/mocap_interfaces/share/mocap_interfaces/package.zsh'
[0.582s] Level 1:colcon.colcon_core.environment:create_file_with_runtime_dependencies(/home/pietro/Scrivania/TESI/ROS2/MoCap/Ros2MoCap/install/mocap_interfaces/share/colcon-core/packages/mocap_interfaces)
[0.651s] Level 1:colcon.colcon_core.environment:create_environment_scripts_only(mocap_interfaces)
[0.652s] Level 1:colcon.colcon_core.environment:checking '/home/pietro/Scrivania/TESI/ROS2/MoCap/Ros2MoCap/install/mocap_interfaces' for CMake module files
[0.653s] Level 1:colcon.colcon_core.environment:checking '/home/pietro/Scrivania/TESI/ROS2/MoCap/Ros2MoCap/install/mocap_interfaces' for CMake config files
[0.654s] Level 1:colcon.colcon_core.shell:create_environment_hook('mocap_interfaces', 'cmake_prefix_path')
[0.654s] INFO:colcon.colcon_core.shell:Creating environment hook '/home/pietro/Scrivania/TESI/ROS2/MoCap/Ros2MoCap/install/mocap_interfaces/share/mocap_interfaces/hook/cmake_prefix_path.ps1'
[0.655s] INFO:colcon.colcon_core.shell:Creating environment descriptor '/home/pietro/Scrivania/TESI/ROS2/MoCap/Ros2MoCap/install/mocap_interfaces/share/mocap_interfaces/hook/cmake_prefix_path.dsv'
[0.655s] INFO:colcon.colcon_core.shell:Creating environment hook '/home/pietro/Scrivania/TESI/ROS2/MoCap/Ros2MoCap/install/mocap_interfaces/share/mocap_interfaces/hook/cmake_prefix_path.sh'
[0.656s] Level 1:colcon.colcon_core.environment:checking '/home/pietro/Scrivania/TESI/ROS2/MoCap/Ros2MoCap/install/mocap_interfaces/lib'
[0.656s] Level 1:colcon.colcon_core.shell:create_environment_hook('mocap_interfaces', 'ld_library_path_lib')
[0.657s] INFO:colcon.colcon_core.shell:Creating environment hook '/home/pietro/Scrivania/TESI/ROS2/MoCap/Ros2MoCap/install/mocap_interfaces/share/mocap_interfaces/hook/ld_library_path_lib.ps1'
[0.657s] INFO:colcon.colcon_core.shell:Creating environment descriptor '/home/pietro/Scrivania/TESI/ROS2/MoCap/Ros2MoCap/install/mocap_interfaces/share/mocap_interfaces/hook/ld_library_path_lib.dsv'
[0.658s] INFO:colcon.colcon_core.shell:Creating environment hook '/home/pietro/Scrivania/TESI/ROS2/MoCap/Ros2MoCap/install/mocap_interfaces/share/mocap_interfaces/hook/ld_library_path_lib.sh'
[0.658s] Level 1:colcon.colcon_core.environment:checking '/home/pietro/Scrivania/TESI/ROS2/MoCap/Ros2MoCap/install/mocap_interfaces/bin'
[0.658s] Level 1:colcon.colcon_core.environment:checking '/home/pietro/Scrivania/TESI/ROS2/MoCap/Ros2MoCap/install/mocap_interfaces/lib/pkgconfig/mocap_interfaces.pc'
[0.658s] Level 1:colcon.colcon_core.environment:checking '/home/pietro/Scrivania/TESI/ROS2/MoCap/Ros2MoCap/install/mocap_interfaces/lib/python3.8/site-packages'
[0.658s] Level 1:colcon.colcon_core.shell:create_environment_hook('mocap_interfaces', 'pythonpath')
[0.659s] INFO:colcon.colcon_core.shell:Creating environment hook '/home/pietro/Scrivania/TESI/ROS2/MoCap/Ros2MoCap/install/mocap_interfaces/share/mocap_interfaces/hook/pythonpath.ps1'
[0.660s] INFO:colcon.colcon_core.shell:Creating environment descriptor '/home/pietro/Scrivania/TESI/ROS2/MoCap/Ros2MoCap/install/mocap_interfaces/share/mocap_interfaces/hook/pythonpath.dsv'
[0.660s] INFO:colcon.colcon_core.shell:Creating environment hook '/home/pietro/Scrivania/TESI/ROS2/MoCap/Ros2MoCap/install/mocap_interfaces/share/mocap_interfaces/hook/pythonpath.sh'
[0.662s] INFO:colcon.colcon_core.shell:Creating package script '/home/pietro/Scrivania/TESI/ROS2/MoCap/Ros2MoCap/install/mocap_interfaces/share/mocap_interfaces/package.ps1'
[0.663s] INFO:colcon.colcon_core.shell:Creating package descriptor '/home/pietro/Scrivania/TESI/ROS2/MoCap/Ros2MoCap/install/mocap_interfaces/share/mocap_interfaces/package.dsv'
[0.663s] INFO:colcon.colcon_core.shell:Creating package script '/home/pietro/Scrivania/TESI/ROS2/MoCap/Ros2MoCap/install/mocap_interfaces/share/mocap_interfaces/package.sh'
[0.664s] INFO:colcon.colcon_core.shell:Creating package script '/home/pietro/Scrivania/TESI/ROS2/MoCap/Ros2MoCap/install/mocap_interfaces/share/mocap_interfaces/package.bash'
[0.665s] INFO:colcon.colcon_core.shell:Creating package script '/home/pietro/Scrivania/TESI/ROS2/MoCap/Ros2MoCap/install/mocap_interfaces/share/mocap_interfaces/package.zsh'
[0.666s] Level 1:colcon.colcon_core.environment:create_file_with_runtime_dependencies(/home/pietro/Scrivania/TESI/ROS2/MoCap/Ros2MoCap/install/mocap_interfaces/share/colcon-core/packages/mocap_interfaces)
[0.667s] INFO:colcon.colcon_ros.task.ament_cmake.build:Building ROS package in '/home/pietro/Scrivania/TESI/ROS2/MoCap/Ros2MoCap/src/mocap_pub' with build type 'ament_cmake'
[0.667s] INFO:colcon.colcon_cmake.task.cmake.build:Building CMake package in '/home/pietro/Scrivania/TESI/ROS2/MoCap/Ros2MoCap/src/mocap_pub'
[0.668s] INFO:colcon.colcon_core.shell:Skip shell extension 'powershell' for command environment: Not usable outside of PowerShell
[0.668s] DEBUG:colcon.colcon_core.shell:Skip shell extension 'dsv' for command environment
[0.670s] DEBUG:colcon.colcon_core.shell:Ignoring prefix path '/opt/ros/foxy'
[0.672s] INFO:colcon.colcon_ros.task.ament_cmake.build:Building ROS package in '/home/pietro/Scrivania/TESI/ROS2/MoCap/Ros2MoCap/src/world_to_base' with build type 'ament_cmake'
[0.673s] INFO:colcon.colcon_cmake.task.cmake.build:Building CMake package in '/home/pietro/Scrivania/TESI/ROS2/MoCap/Ros2MoCap/src/world_to_base'
[0.674s] INFO:colcon.colcon_core.shell:Skip shell extension 'powershell' for command environment: Not usable outside of PowerShell
[0.674s] DEBUG:colcon.colcon_core.shell:Skip shell extension 'dsv' for command environment
[0.677s] DEBUG:colcon.colcon_core.shell:Ignoring prefix path '/opt/ros/foxy'
[0.686s] DEBUG:colcon.colcon_core.event_handler.log_command:Invoking command in '/home/pietro/Scrivania/TESI/ROS2/MoCap/Ros2MoCap/build/mocap_pub': AMENT_PREFIX_PATH=/home/pietro/Scrivania/TESI/ROS2/MoCap/Ros2MoCap/install/mocap_interfaces:${AMENT_PREFIX_PATH} CMAKE_PREFIX_PATH=/home/pietro/Scrivania/TESI/ROS2/MoCap/Ros2MoCap/install/mocap_interfaces:/opt/ros/foxy LD_LIBRARY_PATH=/home/pietro/Scrivania/TESI/ROS2/MoCap/Ros2MoCap/install/mocap_interfaces/lib:${LD_LIBRARY_PATH} PYTHONPATH=/home/pietro/Scrivania/TESI/ROS2/MoCap/Ros2MoCap/install/mocap_interfaces/lib/python3.8/site-packages:${PYTHONPATH} /usr/bin/cmake --build /home/pietro/Scrivania/TESI/ROS2/MoCap/Ros2MoCap/build/mocap_pub -- -j8 -l8
[0.692s] DEBUG:colcon.colcon_core.event_handler.log_command:Invoking command in '/home/pietro/Scrivania/TESI/ROS2/MoCap/Ros2MoCap/build/world_to_base': AMENT_PREFIX_PATH=/home/pietro/Scrivania/TESI/ROS2/MoCap/Ros2MoCap/install/mocap_interfaces:${AMENT_PREFIX_PATH} CMAKE_PREFIX_PATH=/home/pietro/Scrivania/TESI/ROS2/MoCap/Ros2MoCap/install/mocap_interfaces:/opt/ros/foxy LD_LIBRARY_PATH=/home/pietro/Scrivania/TESI/ROS2/MoCap/Ros2MoCap/install/mocap_interfaces/lib:${LD_LIBRARY_PATH} PYTHONPATH=/home/pietro/Scrivania/TESI/ROS2/MoCap/Ros2MoCap/install/mocap_interfaces/lib/python3.8/site-packages:${PYTHONPATH} /usr/bin/cmake --build /home/pietro/Scrivania/TESI/ROS2/MoCap/Ros2MoCap/build/world_to_base -- -j8 -l8
[0.755s] DEBUG:colcon.colcon_core.event_handler.log_command:Invoked command in '/home/pietro/Scrivania/TESI/ROS2/MoCap/Ros2MoCap/build/mocap_pub' returned '0': AMENT_PREFIX_PATH=/home/pietro/Scrivania/TESI/ROS2/MoCap/Ros2MoCap/install/mocap_interfaces:${AMENT_PREFIX_PATH} CMAKE_PREFIX_PATH=/home/pietro/Scrivania/TESI/ROS2/MoCap/Ros2MoCap/install/mocap_interfaces:/opt/ros/foxy LD_LIBRARY_PATH=/home/pietro/Scrivania/TESI/ROS2/MoCap/Ros2MoCap/install/mocap_interfaces/lib:${LD_LIBRARY_PATH} PYTHONPATH=/home/pietro/Scrivania/TESI/ROS2/MoCap/Ros2MoCap/install/mocap_interfaces/lib/python3.8/site-packages:${PYTHONPATH} /usr/bin/cmake --build /home/pietro/Scrivania/TESI/ROS2/MoCap/Ros2MoCap/build/mocap_pub -- -j8 -l8
[0.767s] DEBUG:colcon.colcon_core.event_handler.log_command:Invoked command in '/home/pietro/Scrivania/TESI/ROS2/MoCap/Ros2MoCap/build/world_to_base' returned '0': AMENT_PREFIX_PATH=/home/pietro/Scrivania/TESI/ROS2/MoCap/Ros2MoCap/install/mocap_interfaces:${AMENT_PREFIX_PATH} CMAKE_PREFIX_PATH=/home/pietro/Scrivania/TESI/ROS2/MoCap/Ros2MoCap/install/mocap_interfaces:/opt/ros/foxy LD_LIBRARY_PATH=/home/pietro/Scrivania/TESI/ROS2/MoCap/Ros2MoCap/install/mocap_interfaces/lib:${LD_LIBRARY_PATH} PYTHONPATH=/home/pietro/Scrivania/TESI/ROS2/MoCap/Ros2MoCap/install/mocap_interfaces/lib/python3.8/site-packages:${PYTHONPATH} /usr/bin/cmake --build /home/pietro/Scrivania/TESI/ROS2/MoCap/Ros2MoCap/build/world_to_base -- -j8 -l8
[0.782s] DEBUG:colcon.colcon_core.event_handler.log_command:Invoking command in '/home/pietro/Scrivania/TESI/ROS2/MoCap/Ros2MoCap/build/mocap_pub': AMENT_PREFIX_PATH=/home/pietro/Scrivania/TESI/ROS2/MoCap/Ros2MoCap/install/mocap_interfaces:${AMENT_PREFIX_PATH} CMAKE_PREFIX_PATH=/home/pietro/Scrivania/TESI/ROS2/MoCap/Ros2MoCap/install/mocap_interfaces:/opt/ros/foxy LD_LIBRARY_PATH=/home/pietro/Scrivania/TESI/ROS2/MoCap/Ros2MoCap/install/mocap_interfaces/lib:${LD_LIBRARY_PATH} PYTHONPATH=/home/pietro/Scrivania/TESI/ROS2/MoCap/Ros2MoCap/install/mocap_interfaces/lib/python3.8/site-packages:${PYTHONPATH} /usr/bin/cmake --install /home/pietro/Scrivania/TESI/ROS2/MoCap/Ros2MoCap/build/mocap_pub
[0.798s] DEBUG:colcon.colcon_core.event_handler.log_command:Invoking command in '/home/pietro/Scrivania/TESI/ROS2/MoCap/Ros2MoCap/build/world_to_base': AMENT_PREFIX_PATH=/home/pietro/Scrivania/TESI/ROS2/MoCap/Ros2MoCap/install/mocap_interfaces:${AMENT_PREFIX_PATH} CMAKE_PREFIX_PATH=/home/pietro/Scrivania/TESI/ROS2/MoCap/Ros2MoCap/install/mocap_interfaces:/opt/ros/foxy LD_LIBRARY_PATH=/home/pietro/Scrivania/TESI/ROS2/MoCap/Ros2MoCap/install/mocap_interfaces/lib:${LD_LIBRARY_PATH} PYTHONPATH=/home/pietro/Scrivania/TESI/ROS2/MoCap/Ros2MoCap/install/mocap_interfaces/lib/python3.8/site-packages:${PYTHONPATH} /usr/bin/cmake --install /home/pietro/Scrivania/TESI/ROS2/MoCap/Ros2MoCap/build/world_to_base
[0.810s] Level 1:colcon.colcon_core.environment:create_environment_scripts_only(mocap_pub)
[0.811s] Level 1:colcon.colcon_core.environment:checking '/home/pietro/Scrivania/TESI/ROS2/MoCap/Ros2MoCap/install/mocap_pub' for CMake module files
[0.812s] DEBUG:colcon.colcon_core.event_handler.log_command:Invoked command in '/home/pietro/Scrivania/TESI/ROS2/MoCap/Ros2MoCap/build/mocap_pub' returned '0': AMENT_PREFIX_PATH=/home/pietro/Scrivania/TESI/ROS2/MoCap/Ros2MoCap/install/mocap_interfaces:${AMENT_PREFIX_PATH} CMAKE_PREFIX_PATH=/home/pietro/Scrivania/TESI/ROS2/MoCap/Ros2MoCap/install/mocap_interfaces:/opt/ros/foxy LD_LIBRARY_PATH=/home/pietro/Scrivania/TESI/ROS2/MoCap/Ros2MoCap/install/mocap_interfaces/lib:${LD_LIBRARY_PATH} PYTHONPATH=/home/pietro/Scrivania/TESI/ROS2/MoCap/Ros2MoCap/install/mocap_interfaces/lib/python3.8/site-packages:${PYTHONPATH} /usr/bin/cmake --install /home/pietro/Scrivania/TESI/ROS2/MoCap/Ros2MoCap/build/mocap_pub
[0.812s] Level 1:colcon.colcon_core.environment:checking '/home/pietro/Scrivania/TESI/ROS2/MoCap/Ros2MoCap/install/mocap_pub' for CMake config files
[0.813s] Level 1:colcon.colcon_core.shell:create_environment_hook('mocap_pub', 'cmake_prefix_path')
[0.813s] INFO:colcon.colcon_core.shell:Creating environment hook '/home/pietro/Scrivania/TESI/ROS2/MoCap/Ros2MoCap/install/mocap_pub/share/mocap_pub/hook/cmake_prefix_path.ps1'
[0.815s] INFO:colcon.colcon_core.shell:Creating environment descriptor '/home/pietro/Scrivania/TESI/ROS2/MoCap/Ros2MoCap/install/mocap_pub/share/mocap_pub/hook/cmake_prefix_path.dsv'
[0.815s] INFO:colcon.colcon_core.shell:Creating environment hook '/home/pietro/Scrivania/TESI/ROS2/MoCap/Ros2MoCap/install/mocap_pub/share/mocap_pub/hook/cmake_prefix_path.sh'
[0.817s] Level 1:colcon.colcon_core.environment:checking '/home/pietro/Scrivania/TESI/ROS2/MoCap/Ros2MoCap/install/mocap_pub/lib'
[0.817s] Level 1:colcon.colcon_core.environment:checking '/home/pietro/Scrivania/TESI/ROS2/MoCap/Ros2MoCap/install/mocap_pub/bin'
[0.817s] Level 1:colcon.colcon_core.environment:checking '/home/pietro/Scrivania/TESI/ROS2/MoCap/Ros2MoCap/install/mocap_pub/lib/pkgconfig/mocap_pub.pc'
[0.818s] Level 1:colcon.colcon_core.environment:checking '/home/pietro/Scrivania/TESI/ROS2/MoCap/Ros2MoCap/install/mocap_pub/lib/python3.8/site-packages'
[0.819s] INFO:colcon.colcon_core.shell:Creating package script '/home/pietro/Scrivania/TESI/ROS2/MoCap/Ros2MoCap/install/mocap_pub/share/mocap_pub/package.ps1'
[0.819s] INFO:colcon.colcon_core.shell:Creating package descriptor '/home/pietro/Scrivania/TESI/ROS2/MoCap/Ros2MoCap/install/mocap_pub/share/mocap_pub/package.dsv'
[0.820s] INFO:colcon.colcon_core.shell:Creating package script '/home/pietro/Scrivania/TESI/ROS2/MoCap/Ros2MoCap/install/mocap_pub/share/mocap_pub/package.sh'
[0.820s] INFO:colcon.colcon_core.shell:Creating package script '/home/pietro/Scrivania/TESI/ROS2/MoCap/Ros2MoCap/install/mocap_pub/share/mocap_pub/package.bash'
[0.821s] INFO:colcon.colcon_core.shell:Creating package script '/home/pietro/Scrivania/TESI/ROS2/MoCap/Ros2MoCap/install/mocap_pub/share/mocap_pub/package.zsh'
[0.822s] Level 1:colcon.colcon_core.environment:create_file_with_runtime_dependencies(/home/pietro/Scrivania/TESI/ROS2/MoCap/Ros2MoCap/install/mocap_pub/share/colcon-core/packages/mocap_pub)
[0.828s] Level 1:colcon.colcon_core.environment:create_environment_scripts_only(world_to_base)
[0.829s] Level 1:colcon.colcon_core.environment:checking '/home/pietro/Scrivania/TESI/ROS2/MoCap/Ros2MoCap/install/world_to_base' for CMake module files
[0.830s] DEBUG:colcon.colcon_core.event_handler.log_command:Invoked command in '/home/pietro/Scrivania/TESI/ROS2/MoCap/Ros2MoCap/build/world_to_base' returned '0': AMENT_PREFIX_PATH=/home/pietro/Scrivania/TESI/ROS2/MoCap/Ros2MoCap/install/mocap_interfaces:${AMENT_PREFIX_PATH} CMAKE_PREFIX_PATH=/home/pietro/Scrivania/TESI/ROS2/MoCap/Ros2MoCap/install/mocap_interfaces:/opt/ros/foxy LD_LIBRARY_PATH=/home/pietro/Scrivania/TESI/ROS2/MoCap/Ros2MoCap/install/mocap_interfaces/lib:${LD_LIBRARY_PATH} PYTHONPATH=/home/pietro/Scrivania/TESI/ROS2/MoCap/Ros2MoCap/install/mocap_interfaces/lib/python3.8/site-packages:${PYTHONPATH} /usr/bin/cmake --install /home/pietro/Scrivania/TESI/ROS2/MoCap/Ros2MoCap/build/world_to_base
[0.831s] Level 1:colcon.colcon_core.environment:checking '/home/pietro/Scrivania/TESI/ROS2/MoCap/Ros2MoCap/install/world_to_base' for CMake config files
[0.831s] Level 1:colcon.colcon_core.shell:create_environment_hook('world_to_base', 'cmake_prefix_path')
[0.832s] INFO:colcon.colcon_core.shell:Creating environment hook '/home/pietro/Scrivania/TESI/ROS2/MoCap/Ros2MoCap/install/world_to_base/share/world_to_base/hook/cmake_prefix_path.ps1'
[0.832s] INFO:colcon.colcon_core.shell:Creating environment descriptor '/home/pietro/Scrivania/TESI/ROS2/MoCap/Ros2MoCap/install/world_to_base/share/world_to_base/hook/cmake_prefix_path.dsv'
[0.833s] INFO:colcon.colcon_core.shell:Creating environment hook '/home/pietro/Scrivania/TESI/ROS2/MoCap/Ros2MoCap/install/world_to_base/share/world_to_base/hook/cmake_prefix_path.sh'
[0.833s] Level 1:colcon.colcon_core.environment:checking '/home/pietro/Scrivania/TESI/ROS2/MoCap/Ros2MoCap/install/world_to_base/lib'
[0.833s] Level 1:colcon.colcon_core.environment:checking '/home/pietro/Scrivania/TESI/ROS2/MoCap/Ros2MoCap/install/world_to_base/bin'
[0.833s] Level 1:colcon.colcon_core.environment:checking '/home/pietro/Scrivania/TESI/ROS2/MoCap/Ros2MoCap/install/world_to_base/lib/pkgconfig/world_to_base.pc'
[0.833s] Level 1:colcon.colcon_core.environment:checking '/home/pietro/Scrivania/TESI/ROS2/MoCap/Ros2MoCap/install/world_to_base/lib/python3.8/site-packages'
[0.834s] INFO:colcon.colcon_core.shell:Creating package script '/home/pietro/Scrivania/TESI/ROS2/MoCap/Ros2MoCap/install/world_to_base/share/world_to_base/package.ps1'
[0.834s] INFO:colcon.colcon_core.shell:Creating package descriptor '/home/pietro/Scrivania/TESI/ROS2/MoCap/Ros2MoCap/install/world_to_base/share/world_to_base/package.dsv'
[0.835s] INFO:colcon.colcon_core.shell:Creating package script '/home/pietro/Scrivania/TESI/ROS2/MoCap/Ros2MoCap/install/world_to_base/share/world_to_base/package.sh'
[0.835s] INFO:colcon.colcon_core.shell:Creating package script '/home/pietro/Scrivania/TESI/ROS2/MoCap/Ros2MoCap/install/world_to_base/share/world_to_base/package.bash'
[0.835s] INFO:colcon.colcon_core.shell:Creating package script '/home/pietro/Scrivania/TESI/ROS2/MoCap/Ros2MoCap/install/world_to_base/share/world_to_base/package.zsh'
[0.836s] Level 1:colcon.colcon_core.environment:create_file_with_runtime_dependencies(/home/pietro/Scrivania/TESI/ROS2/MoCap/Ros2MoCap/install/world_to_base/share/colcon-core/packages/world_to_base)
[0.848s] Level 1:colcon.colcon_core.environment:create_environment_scripts_only(mocap_pub)
[0.849s] Level 1:colcon.colcon_core.environment:checking '/home/pietro/Scrivania/TESI/ROS2/MoCap/Ros2MoCap/install/mocap_pub' for CMake module files
[0.850s] Level 1:colcon.colcon_core.environment:checking '/home/pietro/Scrivania/TESI/ROS2/MoCap/Ros2MoCap/install/mocap_pub' for CMake config files
[0.850s] Level 1:colcon.colcon_core.shell:create_environment_hook('mocap_pub', 'cmake_prefix_path')
[0.851s] INFO:colcon.colcon_core.shell:Creating environment hook '/home/pietro/Scrivania/TESI/ROS2/MoCap/Ros2MoCap/install/mocap_pub/share/mocap_pub/hook/cmake_prefix_path.ps1'
[0.851s] INFO:colcon.colcon_core.shell:Creating environment descriptor '/home/pietro/Scrivania/TESI/ROS2/MoCap/Ros2MoCap/install/mocap_pub/share/mocap_pub/hook/cmake_prefix_path.dsv'
[0.851s] INFO:colcon.colcon_core.shell:Creating environment hook '/home/pietro/Scrivania/TESI/ROS2/MoCap/Ros2MoCap/install/mocap_pub/share/mocap_pub/hook/cmake_prefix_path.sh'
[0.852s] Level 1:colcon.colcon_core.environment:checking '/home/pietro/Scrivania/TESI/ROS2/MoCap/Ros2MoCap/install/mocap_pub/lib'
[0.852s] Level 1:colcon.colcon_core.environment:checking '/home/pietro/Scrivania/TESI/ROS2/MoCap/Ros2MoCap/install/mocap_pub/bin'
[0.852s] Level 1:colcon.colcon_core.environment:checking '/home/pietro/Scrivania/TESI/ROS2/MoCap/Ros2MoCap/install/mocap_pub/lib/pkgconfig/mocap_pub.pc'
[0.852s] Level 1:colcon.colcon_core.environment:checking '/home/pietro/Scrivania/TESI/ROS2/MoCap/Ros2MoCap/install/mocap_pub/lib/python3.8/site-packages'
[0.853s] INFO:colcon.colcon_core.shell:Creating package script '/home/pietro/Scrivania/TESI/ROS2/MoCap/Ros2MoCap/install/mocap_pub/share/mocap_pub/package.ps1'
[0.853s] INFO:colcon.colcon_core.shell:Creating package descriptor '/home/pietro/Scrivania/TESI/ROS2/MoCap/Ros2MoCap/install/mocap_pub/share/mocap_pub/package.dsv'
[0.854s] INFO:colcon.colcon_core.shell:Creating package script '/home/pietro/Scrivania/TESI/ROS2/MoCap/Ros2MoCap/install/mocap_pub/share/mocap_pub/package.sh'
[0.854s] INFO:colcon.colcon_core.shell:Creating package script '/home/pietro/Scrivania/TESI/ROS2/MoCap/Ros2MoCap/install/mocap_pub/share/mocap_pub/package.bash'
[0.855s] INFO:colcon.colcon_core.shell:Creating package script '/home/pietro/Scrivania/TESI/ROS2/MoCap/Ros2MoCap/install/mocap_pub/share/mocap_pub/package.zsh'
[0.855s] Level 1:colcon.colcon_core.environment:create_file_with_runtime_dependencies(/home/pietro/Scrivania/TESI/ROS2/MoCap/Ros2MoCap/install/mocap_pub/share/colcon-core/packages/mocap_pub)
[0.859s] Level 1:colcon.colcon_core.environment:create_environment_scripts_only(world_to_base)
[0.860s] Level 1:colcon.colcon_core.environment:checking '/home/pietro/Scrivania/TESI/ROS2/MoCap/Ros2MoCap/install/world_to_base' for CMake module files
[0.860s] Level 1:colcon.colcon_core.environment:checking '/home/pietro/Scrivania/TESI/ROS2/MoCap/Ros2MoCap/install/world_to_base' for CMake config files
[0.861s] Level 1:colcon.colcon_core.shell:create_environment_hook('world_to_base', 'cmake_prefix_path')
[0.861s] INFO:colcon.colcon_core.shell:Creating environment hook '/home/pietro/Scrivania/TESI/ROS2/MoCap/Ros2MoCap/install/world_to_base/share/world_to_base/hook/cmake_prefix_path.ps1'
[0.862s] INFO:colcon.colcon_core.shell:Creating environment descriptor '/home/pietro/Scrivania/TESI/ROS2/MoCap/Ros2MoCap/install/world_to_base/share/world_to_base/hook/cmake_prefix_path.dsv'
[0.862s] INFO:colcon.colcon_core.shell:Creating environment hook '/home/pietro/Scrivania/TESI/ROS2/MoCap/Ros2MoCap/install/world_to_base/share/world_to_base/hook/cmake_prefix_path.sh'
[0.863s] Level 1:colcon.colcon_core.environment:checking '/home/pietro/Scrivania/TESI/ROS2/MoCap/Ros2MoCap/install/world_to_base/lib'
[0.863s] Level 1:colcon.colcon_core.environment:checking '/home/pietro/Scrivania/TESI/ROS2/MoCap/Ros2MoCap/install/world_to_base/bin'
[0.863s] Level 1:colcon.colcon_core.environment:checking '/home/pietro/Scrivania/TESI/ROS2/MoCap/Ros2MoCap/install/world_to_base/lib/pkgconfig/world_to_base.pc'
[0.863s] Level 1:colcon.colcon_core.environment:checking '/home/pietro/Scrivania/TESI/ROS2/MoCap/Ros2MoCap/install/world_to_base/lib/python3.8/site-packages'
[0.864s] INFO:colcon.colcon_core.shell:Creating package script '/home/pietro/Scrivania/TESI/ROS2/MoCap/Ros2MoCap/install/world_to_base/share/world_to_base/package.ps1'
[0.864s] INFO:colcon.colcon_core.shell:Creating package descriptor '/home/pietro/Scrivania/TESI/ROS2/MoCap/Ros2MoCap/install/world_to_base/share/world_to_base/package.dsv'
[0.865s] INFO:colcon.colcon_core.shell:Creating package script '/home/pietro/Scrivania/TESI/ROS2/MoCap/Ros2MoCap/install/world_to_base/share/world_to_base/package.sh'
[0.865s] INFO:colcon.colcon_core.shell:Creating package script '/home/pietro/Scrivania/TESI/ROS2/MoCap/Ros2MoCap/install/world_to_base/share/world_to_base/package.bash'
[0.865s] INFO:colcon.colcon_core.shell:Creating package script '/home/pietro/Scrivania/TESI/ROS2/MoCap/Ros2MoCap/install/world_to_base/share/world_to_base/package.zsh'
[0.866s] Level 1:colcon.colcon_core.environment:create_file_with_runtime_dependencies(/home/pietro/Scrivania/TESI/ROS2/MoCap/Ros2MoCap/install/world_to_base/share/colcon-core/packages/world_to_base)
[0.866s] DEBUG:colcon.colcon_parallel_executor.executor.parallel:closing loop
[0.866s] DEBUG:colcon.colcon_parallel_executor.executor.parallel:loop closed
[0.866s] DEBUG:colcon.colcon_parallel_executor.executor.parallel:run_until_complete finished with '0'
[0.866s] DEBUG:colcon.colcon_core.event_reactor:joining thread
[0.871s] INFO:colcon.colcon_core.plugin_system:Skipping extension 'colcon_notification.desktop_notification.terminal_notifier': Not used on non-Darwin systems
[0.871s] INFO:colcon.colcon_core.plugin_system:Skipping extension 'colcon_notification.desktop_notification.win32': Not used on non-Windows systems
[0.871s] INFO:colcon.colcon_notification.desktop_notification:Sending desktop notification using 'notify2'
[0.884s] DEBUG:colcon.colcon_core.event_reactor:joined thread
[0.884s] INFO:colcon.colcon_core.shell:Creating prefix script '/home/pietro/Scrivania/TESI/ROS2/MoCap/Ros2MoCap/install/local_setup.ps1'
[0.885s] INFO:colcon.colcon_core.shell:Creating prefix util module '/home/pietro/Scrivania/TESI/ROS2/MoCap/Ros2MoCap/install/_local_setup_util_ps1.py'
[0.886s] INFO:colcon.colcon_core.shell:Creating prefix chain script '/home/pietro/Scrivania/TESI/ROS2/MoCap/Ros2MoCap/install/setup.ps1'
[0.888s] INFO:colcon.colcon_core.shell:Creating prefix script '/home/pietro/Scrivania/TESI/ROS2/MoCap/Ros2MoCap/install/local_setup.sh'
[0.889s] INFO:colcon.colcon_core.shell:Creating prefix util module '/home/pietro/Scrivania/TESI/ROS2/MoCap/Ros2MoCap/install/_local_setup_util_sh.py'
[0.890s] INFO:colcon.colcon_core.shell:Creating prefix chain script '/home/pietro/Scrivania/TESI/ROS2/MoCap/Ros2MoCap/install/setup.sh'
[0.893s] INFO:colcon.colcon_core.shell:Creating prefix script '/home/pietro/Scrivania/TESI/ROS2/MoCap/Ros2MoCap/install/local_setup.bash'
[0.893s] INFO:colcon.colcon_core.shell:Creating prefix chain script '/home/pietro/Scrivania/TESI/ROS2/MoCap/Ros2MoCap/install/setup.bash'
[0.896s] INFO:colcon.colcon_core.shell:Creating prefix script '/home/pietro/Scrivania/TESI/ROS2/MoCap/Ros2MoCap/install/local_setup.zsh'
[0.897s] INFO:colcon.colcon_core.shell:Creating prefix chain script '/home/pietro/Scrivania/TESI/ROS2/MoCap/Ros2MoCap/install/setup.zsh'
