[0.209s] DEBUG:colcon:Command line arguments: ['/usr/bin/colcon', 'build']
[0.209s] DEBUG:colcon:Parsed command line arguments: Namespace(ament_cmake_args=None, base_paths=['.'], build_base='build', catkin_cmake_args=None, catkin_skip_building_tests=False, cmake_args=None, cmake_clean_cache=False, cmake_clean_first=False, cmake_force_configure=False, cmake_target=None, cmake_target_skip_unavailable=False, continue_on_error=False, event_handlers=None, executor='parallel', ignore_user_meta=False, install_base='install', log_base=None, log_level=None, main=<bound method BuildVerb.main of <colcon_core.verb.build.BuildVerb object at 0x7f31ddbe69a0>>, merge_install=False, metas=['./colcon.meta'], packages_above=None, packages_above_and_dependencies=None, packages_above_depth=None, packages_end=None, packages_ignore=None, packages_ignore_regex=None, packages_select=None, packages_select_build_failed=False, packages_select_by_dep=None, packages_select_regex=None, packages_select_test_failures=False, packages_skip=None, packages_skip_build_finished=False, packages_skip_by_dep=None, packages_skip_regex=None, packages_skip_test_passed=False, packages_skip_up_to=None, packages_start=None, packages_up_to=None, packages_up_to_regex=None, parallel_workers=8, paths=None, symlink_install=False, test_result_base=None, verb_extension=<colcon_core.verb.build.BuildVerb object at 0x7f31ddbe69a0>, verb_name='build', verb_parser=<colcon_defaults.argument_parser.defaults.DefaultArgumentsDecorator object at 0x7f31ddbe6f10>)
[0.213s] Level 1:colcon.colcon_core.package_discovery:discover_packages(colcon_meta) check parameters
[0.213s] Level 1:colcon.colcon_core.package_discovery:discover_packages(recursive) check parameters
[0.213s] Level 1:colcon.colcon_core.package_discovery:discover_packages(ignore) check parameters
[0.213s] Level 1:colcon.colcon_core.package_discovery:discover_packages(path) check parameters
[0.213s] Level 1:colcon.colcon_core.package_discovery:discover_packages(colcon_meta) discover
[0.213s] Level 1:colcon.colcon_core.package_discovery:discover_packages(recursive) discover
[0.213s] INFO:colcon.colcon_core.package_discovery:Crawling recursively for packages in '/home/pietro/Scrivania/TESI/ROS2/MoCap/Ros2MoCap'
[0.214s] Level 1:colcon.colcon_core.package_identification:_identify(.) by extensions ['ignore', 'ignore_ament_install']
[0.214s] Level 1:colcon.colcon_core.package_identification:_identify(.) by extension 'ignore'
[0.214s] Level 1:colcon.colcon_core.package_identification:_identify(.) by extension 'ignore_ament_install'
[0.214s] Level 1:colcon.colcon_core.package_identification:_identify(.) by extensions ['colcon_pkg']
[0.214s] Level 1:colcon.colcon_core.package_identification:_identify(.) by extension 'colcon_pkg'
[0.214s] Level 1:colcon.colcon_core.package_identification:_identify(.) by extensions ['colcon_meta']
[0.214s] Level 1:colcon.colcon_core.package_identification:_identify(.) by extension 'colcon_meta'
[0.214s] Level 1:colcon.colcon_core.package_identification:_identify(.) by extensions ['ros']
[0.214s] Level 1:colcon.colcon_core.package_identification:_identify(.) by extension 'ros'
[0.223s] Level 1:colcon.colcon_core.package_identification:_identify(.) by extensions ['cmake', 'python']
[0.223s] Level 1:colcon.colcon_core.package_identification:_identify(.) by extension 'cmake'
[0.223s] Level 1:colcon.colcon_core.package_identification:_identify(.) by extension 'python'
[0.223s] Level 1:colcon.colcon_core.package_identification:_identify(.) by extensions ['python_setup_py']
[0.223s] Level 1:colcon.colcon_core.package_identification:_identify(.) by extension 'python_setup_py'
[0.224s] Level 1:colcon.colcon_core.package_identification:_identify(build) by extensions ['ignore', 'ignore_ament_install']
[0.224s] Level 1:colcon.colcon_core.package_identification:_identify(build) by extension 'ignore'
[0.224s] Level 1:colcon.colcon_core.package_identification:_identify(build) ignored
[0.224s] Level 1:colcon.colcon_core.package_identification:_identify(install) by extensions ['ignore', 'ignore_ament_install']
[0.224s] Level 1:colcon.colcon_core.package_identification:_identify(install) by extension 'ignore'
[0.224s] Level 1:colcon.colcon_core.package_identification:_identify(install) ignored
[0.224s] Level 1:colcon.colcon_core.package_identification:_identify(log) by extensions ['ignore', 'ignore_ament_install']
[0.224s] Level 1:colcon.colcon_core.package_identification:_identify(log) by extension 'ignore'
[0.224s] Level 1:colcon.colcon_core.package_identification:_identify(log) ignored
[0.224s] Level 1:colcon.colcon_core.package_identification:_identify(src) by extensions ['ignore', 'ignore_ament_install']
[0.224s] Level 1:colcon.colcon_core.package_identification:_identify(src) by extension 'ignore'
[0.224s] Level 1:colcon.colcon_core.package_identification:_identify(src) by extension 'ignore_ament_install'
[0.224s] Level 1:colcon.colcon_core.package_identification:_identify(src) by extensions ['colcon_pkg']
[0.225s] Level 1:colcon.colcon_core.package_identification:_identify(src) by extension 'colcon_pkg'
[0.225s] Level 1:colcon.colcon_core.package_identification:_identify(src) by extensions ['colcon_meta']
[0.225s] Level 1:colcon.colcon_core.package_identification:_identify(src) by extension 'colcon_meta'
[0.225s] Level 1:colcon.colcon_core.package_identification:_identify(src) by extensions ['ros']
[0.225s] Level 1:colcon.colcon_core.package_identification:_identify(src) by extension 'ros'
[0.225s] Level 1:colcon.colcon_core.package_identification:_identify(src) by extensions ['cmake', 'python']
[0.225s] Level 1:colcon.colcon_core.package_identification:_identify(src) by extension 'cmake'
[0.225s] Level 1:colcon.colcon_core.package_identification:_identify(src) by extension 'python'
[0.225s] Level 1:colcon.colcon_core.package_identification:_identify(src) by extensions ['python_setup_py']
[0.225s] Level 1:colcon.colcon_core.package_identification:_identify(src) by extension 'python_setup_py'
[0.225s] Level 1:colcon.colcon_core.package_identification:_identify(src/mocap_interfaces) by extensions ['ignore', 'ignore_ament_install']
[0.225s] Level 1:colcon.colcon_core.package_identification:_identify(src/mocap_interfaces) by extension 'ignore'
[0.225s] Level 1:colcon.colcon_core.package_identification:_identify(src/mocap_interfaces) by extension 'ignore_ament_install'
[0.225s] Level 1:colcon.colcon_core.package_identification:_identify(src/mocap_interfaces) by extensions ['colcon_pkg']
[0.225s] Level 1:colcon.colcon_core.package_identification:_identify(src/mocap_interfaces) by extension 'colcon_pkg'
[0.225s] Level 1:colcon.colcon_core.package_identification:_identify(src/mocap_interfaces) by extensions ['colcon_meta']
[0.225s] Level 1:colcon.colcon_core.package_identification:_identify(src/mocap_interfaces) by extension 'colcon_meta'
[0.225s] Level 1:colcon.colcon_core.package_identification:_identify(src/mocap_interfaces) by extensions ['ros']
[0.225s] Level 1:colcon.colcon_core.package_identification:_identify(src/mocap_interfaces) by extension 'ros'
[0.227s] DEBUG:colcon.colcon_core.package_identification:Package 'src/mocap_interfaces' with type 'ros.ament_cmake' and name 'mocap_interfaces'
[0.227s] Level 1:colcon.colcon_core.package_identification:_identify(src/mocap_pub) by extensions ['ignore', 'ignore_ament_install']
[0.227s] Level 1:colcon.colcon_core.package_identification:_identify(src/mocap_pub) by extension 'ignore'
[0.228s] Level 1:colcon.colcon_core.package_identification:_identify(src/mocap_pub) by extension 'ignore_ament_install'
[0.228s] Level 1:colcon.colcon_core.package_identification:_identify(src/mocap_pub) by extensions ['colcon_pkg']
[0.228s] Level 1:colcon.colcon_core.package_identification:_identify(src/mocap_pub) by extension 'colcon_pkg'
[0.228s] Level 1:colcon.colcon_core.package_identification:_identify(src/mocap_pub) by extensions ['colcon_meta']
[0.228s] Level 1:colcon.colcon_core.package_identification:_identify(src/mocap_pub) by extension 'colcon_meta'
[0.228s] Level 1:colcon.colcon_core.package_identification:_identify(src/mocap_pub) by extensions ['ros']
[0.228s] Level 1:colcon.colcon_core.package_identification:_identify(src/mocap_pub) by extension 'ros'
[0.228s] DEBUG:colcon.colcon_core.package_identification:Package 'src/mocap_pub' with type 'ros.ament_cmake' and name 'mocap_pub'
[0.228s] Level 1:colcon.colcon_core.package_identification:_identify(src/world_to_base) by extensions ['ignore', 'ignore_ament_install']
[0.229s] Level 1:colcon.colcon_core.package_identification:_identify(src/world_to_base) by extension 'ignore'
[0.229s] Level 1:colcon.colcon_core.package_identification:_identify(src/world_to_base) by extension 'ignore_ament_install'
[0.229s] Level 1:colcon.colcon_core.package_identification:_identify(src/world_to_base) by extensions ['colcon_pkg']
[0.229s] Level 1:colcon.colcon_core.package_identification:_identify(src/world_to_base) by extension 'colcon_pkg'
[0.229s] Level 1:colcon.colcon_core.package_identification:_identify(src/world_to_base) by extensions ['colcon_meta']
[0.229s] Level 1:colcon.colcon_core.package_identification:_identify(src/world_to_base) by extension 'colcon_meta'
[0.229s] Level 1:colcon.colcon_core.package_identification:_identify(src/world_to_base) by extensions ['ros']
[0.229s] Level 1:colcon.colcon_core.package_identification:_identify(src/world_to_base) by extension 'ros'
[0.229s] DEBUG:colcon.colcon_core.package_identification:Package 'src/world_to_base' with type 'ros.ament_cmake' and name 'world_to_base'
[0.229s] Level 1:colcon.colcon_core.package_discovery:discover_packages(recursive) using defaults
[0.229s] Level 1:colcon.colcon_core.package_discovery:discover_packages(ignore) discover
[0.229s] Level 1:colcon.colcon_core.package_discovery:discover_packages(ignore) using defaults
[0.229s] Level 1:colcon.colcon_core.package_discovery:discover_packages(path) discover
[0.229s] Level 1:colcon.colcon_core.package_discovery:discover_packages(path) using defaults
[0.244s] Level 5:colcon.colcon_core.verb:set package 'mocap_interfaces' build argument 'cmake_args' from command line to 'None'
[0.244s] Level 5:colcon.colcon_core.verb:set package 'mocap_interfaces' build argument 'cmake_target' from command line to 'None'
[0.244s] Level 5:colcon.colcon_core.verb:set package 'mocap_interfaces' build argument 'cmake_target_skip_unavailable' from command line to 'False'
[0.244s] Level 5:colcon.colcon_core.verb:set package 'mocap_interfaces' build argument 'cmake_clean_cache' from command line to 'False'
[0.244s] Level 5:colcon.colcon_core.verb:set package 'mocap_interfaces' build argument 'cmake_clean_first' from command line to 'False'
[0.244s] Level 5:colcon.colcon_core.verb:set package 'mocap_interfaces' build argument 'cmake_force_configure' from command line to 'False'
[0.244s] Level 5:colcon.colcon_core.verb:set package 'mocap_interfaces' build argument 'ament_cmake_args' from command line to 'None'
[0.244s] Level 5:colcon.colcon_core.verb:set package 'mocap_interfaces' build argument 'catkin_cmake_args' from command line to 'None'
[0.244s] Level 5:colcon.colcon_core.verb:set package 'mocap_interfaces' build argument 'catkin_skip_building_tests' from command line to 'False'
[0.244s] DEBUG:colcon.colcon_core.verb:Building package 'mocap_interfaces' with the following arguments: {'ament_cmake_args': None, 'build_base': '/home/pietro/Scrivania/TESI/ROS2/MoCap/Ros2MoCap/build/mocap_interfaces', 'catkin_cmake_args': None, 'catkin_skip_building_tests': False, 'cmake_args': None, 'cmake_clean_cache': False, 'cmake_clean_first': False, 'cmake_force_configure': False, 'cmake_target': None, 'cmake_target_skip_unavailable': False, 'install_base': '/home/pietro/Scrivania/TESI/ROS2/MoCap/Ros2MoCap/install/mocap_interfaces', 'merge_install': False, 'path': '/home/pietro/Scrivania/TESI/ROS2/MoCap/Ros2MoCap/src/mocap_interfaces', 'symlink_install': False, 'test_result_base': None}
[0.246s] Level 5:colcon.colcon_core.verb:set package 'mocap_pub' build argument 'cmake_args' from command line to 'None'
[0.246s] Level 5:colcon.colcon_core.verb:set package 'mocap_pub' build argument 'cmake_target' from command line to 'None'
[0.246s] Level 5:colcon.colcon_core.verb:set package 'mocap_pub' build argument 'cmake_target_skip_unavailable' from command line to 'False'
[0.246s] Level 5:colcon.colcon_core.verb:set package 'mocap_pub' build argument 'cmake_clean_cache' from command line to 'False'
[0.246s] Level 5:colcon.colcon_core.verb:set package 'mocap_pub' build argument 'cmake_clean_first' from command line to 'False'
[0.246s] Level 5:colcon.colcon_core.verb:set package 'mocap_pub' build argument 'cmake_force_configure' from command line to 'False'
[0.246s] Level 5:colcon.colcon_core.verb:set package 'mocap_pub' build argument 'ament_cmake_args' from command line to 'None'
[0.246s] Level 5:colcon.colcon_core.verb:set package 'mocap_pub' build argument 'catkin_cmake_args' from command line to 'None'
[0.246s] Level 5:colcon.colcon_core.verb:set package 'mocap_pub' build argument 'catkin_skip_building_tests' from command line to 'False'
[0.246s] DEBUG:colcon.colcon_core.verb:Building package 'mocap_pub' with the following arguments: {'ament_cmake_args': None, 'build_base': '/home/pietro/Scrivania/TESI/ROS2/MoCap/Ros2MoCap/build/mocap_pub', 'catkin_cmake_args': None, 'catkin_skip_building_tests': False, 'cmake_args': None, 'cmake_clean_cache': False, 'cmake_clean_first': False, 'cmake_force_configure': False, 'cmake_target': None, 'cmake_target_skip_unavailable': False, 'install_base': '/home/pietro/Scrivania/TESI/ROS2/MoCap/Ros2MoCap/install/mocap_pub', 'merge_install': False, 'path': '/home/pietro/Scrivania/TESI/ROS2/MoCap/Ros2MoCap/src/mocap_pub', 'symlink_install': False, 'test_result_base': None}
[0.248s] Level 5:colcon.colcon_core.verb:set package 'world_to_base' build argument 'cmake_args' from command line to 'None'
[0.248s] Level 5:colcon.colcon_core.verb:set package 'world_to_base' build argument 'cmake_target' from command line to 'None'
[0.248s] Level 5:colcon.colcon_core.verb:set package 'world_to_base' build argument 'cmake_target_skip_unavailable' from command line to 'False'
[0.248s] Level 5:colcon.colcon_core.verb:set package 'world_to_base' build argument 'cmake_clean_cache' from command line to 'False'
[0.248s] Level 5:colcon.colcon_core.verb:set package 'world_to_base' build argument 'cmake_clean_first' from command line to 'False'
[0.248s] Level 5:colcon.colcon_core.verb:set package 'world_to_base' build argument 'cmake_force_configure' from command line to 'False'
[0.248s] Level 5:colcon.colcon_core.verb:set package 'world_to_base' build argument 'ament_cmake_args' from command line to 'None'
[0.248s] Level 5:colcon.colcon_core.verb:set package 'world_to_base' build argument 'catkin_cmake_args' from command line to 'None'
[0.248s] Level 5:colcon.colcon_core.verb:set package 'world_to_base' build argument 'catkin_skip_building_tests' from command line to 'False'
[0.248s] DEBUG:colcon.colcon_core.verb:Building package 'world_to_base' with the following arguments: {'ament_cmake_args': None, 'build_base': '/home/pietro/Scrivania/TESI/ROS2/MoCap/Ros2MoCap/build/world_to_base', 'catkin_cmake_args': None, 'catkin_skip_building_tests': False, 'cmake_args': None, 'cmake_clean_cache': False, 'cmake_clean_first': False, 'cmake_force_configure': False, 'cmake_target': None, 'cmake_target_skip_unavailable': False, 'install_base': '/home/pietro/Scrivania/TESI/ROS2/MoCap/Ros2MoCap/install/world_to_base', 'merge_install': False, 'path': '/home/pietro/Scrivania/TESI/ROS2/MoCap/Ros2MoCap/src/world_to_base', 'symlink_install': False, 'test_result_base': None}
[0.248s] INFO:colcon.colcon_core.executor:Executing jobs using 'parallel' executor
[0.250s] DEBUG:colcon.colcon_parallel_executor.executor.parallel:run_until_complete
[0.250s] INFO:colcon.colcon_ros.task.ament_cmake.build:Building ROS package in '/home/pietro/Scrivania/TESI/ROS2/MoCap/Ros2MoCap/src/mocap_interfaces' with build type 'ament_cmake'
[0.250s] INFO:colcon.colcon_cmake.task.cmake.build:Building CMake package in '/home/pietro/Scrivania/TESI/ROS2/MoCap/Ros2MoCap/src/mocap_interfaces'
[0.253s] INFO:colcon.colcon_core.plugin_system:Skipping extension 'colcon_core.shell.bat': Not used on non-Windows systems
[0.254s] INFO:colcon.colcon_core.shell:Skip shell extension 'powershell' for command environment: Not usable outside of PowerShell
[0.254s] DEBUG:colcon.colcon_core.shell:Skip shell extension 'dsv' for command environment
[0.255s] DEBUG:colcon.colcon_core.shell:Ignoring prefix path '/opt/ros/foxy'
[0.265s] DEBUG:colcon.colcon_core.event_handler.log_command:Invoking command in '/home/pietro/Scrivania/TESI/ROS2/MoCap/Ros2MoCap/build/mocap_interfaces': CMAKE_PREFIX_PATH=/opt/ros/foxy /usr/bin/cmake --build /home/pietro/Scrivania/TESI/ROS2/MoCap/Ros2MoCap/build/mocap_interfaces -- -j8 -l8
[0.437s] DEBUG:colcon.colcon_core.event_handler.log_command:Invoked command in '/home/pietro/Scrivania/TESI/ROS2/MoCap/Ros2MoCap/build/mocap_interfaces' returned '0': CMAKE_PREFIX_PATH=/opt/ros/foxy /usr/bin/cmake --build /home/pietro/Scrivania/TESI/ROS2/MoCap/Ros2MoCap/build/mocap_interfaces -- -j8 -l8
[0.512s] DEBUG:colcon.colcon_core.event_handler.log_command:Invoking command in '/home/pietro/Scrivania/TESI/ROS2/MoCap/Ros2MoCap/build/mocap_interfaces': CMAKE_PREFIX_PATH=/opt/ros/foxy /usr/bin/cmake --install /home/pietro/Scrivania/TESI/ROS2/MoCap/Ros2MoCap/build/mocap_interfaces
[0.557s] Level 1:colcon.colcon_core.environment:create_environment_scripts_only(mocap_interfaces)
[0.558s] DEBUG:colcon.colcon_core.event_handler.log_command:Invoked command in '/home/pietro/Scrivania/TESI/ROS2/MoCap/Ros2MoCap/build/mocap_interfaces' returned '0': CMAKE_PREFIX_PATH=/opt/ros/foxy /usr/bin/cmake --install /home/pietro/Scrivania/TESI/ROS2/MoCap/Ros2MoCap/build/mocap_interfaces
[0.562s] Level 1:colcon.colcon_core.environment:checking '/home/pietro/Scrivania/TESI/ROS2/MoCap/Ros2MoCap/install/mocap_interfaces' for CMake module files
[0.562s] Level 1:colcon.colcon_core.environment:checking '/home/pietro/Scrivania/TESI/ROS2/MoCap/Ros2MoCap/install/mocap_interfaces' for CMake config files
[0.563s] Level 1:colcon.colcon_core.shell:create_environment_hook('mocap_interfaces', 'cmake_prefix_path')
[0.564s] INFO:colcon.colcon_core.shell:Creating environment hook '/home/pietro/Scrivania/TESI/ROS2/MoCap/Ros2MoCap/install/mocap_interfaces/share/mocap_interfaces/hook/cmake_prefix_path.ps1'
[0.565s] INFO:colcon.colcon_core.shell:Creating environment descriptor '/home/pietro/Scrivania/TESI/ROS2/MoCap/Ros2MoCap/install/mocap_interfaces/share/mocap_interfaces/hook/cmake_prefix_path.dsv'
[0.565s] INFO:colcon.colcon_core.shell:Creating environment hook '/home/pietro/Scrivania/TESI/ROS2/MoCap/Ros2MoCap/install/mocap_interfaces/share/mocap_interfaces/hook/cmake_prefix_path.sh'
[0.566s] Level 1:colcon.colcon_core.environment:checking '/home/pietro/Scrivania/TESI/ROS2/MoCap/Ros2MoCap/install/mocap_interfaces/lib'
[0.566s] Level 1:colcon.colcon_core.shell:create_environment_hook('mocap_interfaces', 'ld_library_path_lib')
[0.567s] INFO:colcon.colcon_core.shell:Creating environment hook '/home/pietro/Scrivania/TESI/ROS2/MoCap/Ros2MoCap/install/mocap_interfaces/share/mocap_interfaces/hook/ld_library_path_lib.ps1'
[0.568s] INFO:colcon.colcon_core.shell:Creating environment descriptor '/home/pietro/Scrivania/TESI/ROS2/MoCap/Ros2MoCap/install/mocap_interfaces/share/mocap_interfaces/hook/ld_library_path_lib.dsv'
[0.568s] INFO:colcon.colcon_core.shell:Creating environment hook '/home/pietro/Scrivania/TESI/ROS2/MoCap/Ros2MoCap/install/mocap_interfaces/share/mocap_interfaces/hook/ld_library_path_lib.sh'
[0.568s] Level 1:colcon.colcon_core.environment:checking '/home/pietro/Scrivania/TESI/ROS2/MoCap/Ros2MoCap/install/mocap_interfaces/bin'
[0.569s] Level 1:colcon.colcon_core.environment:checking '/home/pietro/Scrivania/TESI/ROS2/MoCap/Ros2MoCap/install/mocap_interfaces/lib/pkgconfig/mocap_interfaces.pc'
[0.569s] Level 1:colcon.colcon_core.environment:checking '/home/pietro/Scrivania/TESI/ROS2/MoCap/Ros2MoCap/install/mocap_interfaces/lib/python3.8/site-packages'
[0.569s] Level 1:colcon.colcon_core.shell:create_environment_hook('mocap_interfaces', 'pythonpath')
[0.569s] INFO:colcon.colcon_core.shell:Creating environment hook '/home/pietro/Scrivania/TESI/ROS2/MoCap/Ros2MoCap/install/mocap_interfaces/share/mocap_interfaces/hook/pythonpath.ps1'
[0.570s] INFO:colcon.colcon_core.shell:Creating environment descriptor '/home/pietro/Scrivania/TESI/ROS2/MoCap/Ros2MoCap/install/mocap_interfaces/share/mocap_interfaces/hook/pythonpath.dsv'
[0.570s] INFO:colcon.colcon_core.shell:Creating environment hook '/home/pietro/Scrivania/TESI/ROS2/MoCap/Ros2MoCap/install/mocap_interfaces/share/mocap_interfaces/hook/pythonpath.sh'
[0.571s] INFO:colcon.colcon_core.shell:Creating package script '/home/pietro/Scrivania/TESI/ROS2/MoCap/Ros2MoCap/install/mocap_interfaces/share/mocap_interfaces/package.ps1'
[0.572s] INFO:colcon.colcon_core.shell:Creating package descriptor '/home/pietro/Scrivania/TESI/ROS2/MoCap/Ros2MoCap/install/mocap_interfaces/share/mocap_interfaces/package.dsv'
[0.573s] INFO:colcon.colcon_core.shell:Creating package script '/home/pietro/Scrivania/TESI/ROS2/MoCap/Ros2MoCap/install/mocap_interfaces/share/mocap_interfaces/package.sh'
[0.574s] INFO:colcon.colcon_core.shell:Creating package script '/home/pietro/Scrivania/TESI/ROS2/MoCap/Ros2MoCap/install/mocap_interfaces/share/mocap_interfaces/package.bash'
[0.575s] INFO:colcon.colcon_core.shell:Creating package script '/home/pietro/Scrivania/TESI/ROS2/MoCap/Ros2MoCap/install/mocap_interfaces/share/mocap_interfaces/package.zsh'
[0.575s] Level 1:colcon.colcon_core.environment:create_file_with_runtime_dependencies(/home/pietro/Scrivania/TESI/ROS2/MoCap/Ros2MoCap/install/mocap_interfaces/share/colcon-core/packages/mocap_interfaces)
[0.641s] Level 1:colcon.colcon_core.environment:create_environment_scripts_only(mocap_interfaces)
[0.642s] Level 1:colcon.colcon_core.environment:checking '/home/pietro/Scrivania/TESI/ROS2/MoCap/Ros2MoCap/install/mocap_interfaces' for CMake module files
[0.643s] Level 1:colcon.colcon_core.environment:checking '/home/pietro/Scrivania/TESI/ROS2/MoCap/Ros2MoCap/install/mocap_interfaces' for CMake config files
[0.644s] Level 1:colcon.colcon_core.shell:create_environment_hook('mocap_interfaces', 'cmake_prefix_path')
[0.645s] INFO:colcon.colcon_core.shell:Creating environment hook '/home/pietro/Scrivania/TESI/ROS2/MoCap/Ros2MoCap/install/mocap_interfaces/share/mocap_interfaces/hook/cmake_prefix_path.ps1'
[0.645s] INFO:colcon.colcon_core.shell:Creating environment descriptor '/home/pietro/Scrivania/TESI/ROS2/MoCap/Ros2MoCap/install/mocap_interfaces/share/mocap_interfaces/hook/cmake_prefix_path.dsv'
[0.646s] INFO:colcon.colcon_core.shell:Creating environment hook '/home/pietro/Scrivania/TESI/ROS2/MoCap/Ros2MoCap/install/mocap_interfaces/share/mocap_interfaces/hook/cmake_prefix_path.sh'
[0.647s] Level 1:colcon.colcon_core.environment:checking '/home/pietro/Scrivania/TESI/ROS2/MoCap/Ros2MoCap/install/mocap_interfaces/lib'
[0.647s] Level 1:colcon.colcon_core.shell:create_environment_hook('mocap_interfaces', 'ld_library_path_lib')
[0.647s] INFO:colcon.colcon_core.shell:Creating environment hook '/home/pietro/Scrivania/TESI/ROS2/MoCap/Ros2MoCap/install/mocap_interfaces/share/mocap_interfaces/hook/ld_library_path_lib.ps1'
[0.648s] INFO:colcon.colcon_core.shell:Creating environment descriptor '/home/pietro/Scrivania/TESI/ROS2/MoCap/Ros2MoCap/install/mocap_interfaces/share/mocap_interfaces/hook/ld_library_path_lib.dsv'
[0.648s] INFO:colcon.colcon_core.shell:Creating environment hook '/home/pietro/Scrivania/TESI/ROS2/MoCap/Ros2MoCap/install/mocap_interfaces/share/mocap_interfaces/hook/ld_library_path_lib.sh'
[0.648s] Level 1:colcon.colcon_core.environment:checking '/home/pietro/Scrivania/TESI/ROS2/MoCap/Ros2MoCap/install/mocap_interfaces/bin'
[0.649s] Level 1:colcon.colcon_core.environment:checking '/home/pietro/Scrivania/TESI/ROS2/MoCap/Ros2MoCap/install/mocap_interfaces/lib/pkgconfig/mocap_interfaces.pc'
[0.649s] Level 1:colcon.colcon_core.environment:checking '/home/pietro/Scrivania/TESI/ROS2/MoCap/Ros2MoCap/install/mocap_interfaces/lib/python3.8/site-packages'
[0.649s] Level 1:colcon.colcon_core.shell:create_environment_hook('mocap_interfaces', 'pythonpath')
[0.649s] INFO:colcon.colcon_core.shell:Creating environment hook '/home/pietro/Scrivania/TESI/ROS2/MoCap/Ros2MoCap/install/mocap_interfaces/share/mocap_interfaces/hook/pythonpath.ps1'
[0.649s] INFO:colcon.colcon_core.shell:Creating environment descriptor '/home/pietro/Scrivania/TESI/ROS2/MoCap/Ros2MoCap/install/mocap_interfaces/share/mocap_interfaces/hook/pythonpath.dsv'
[0.650s] INFO:colcon.colcon_core.shell:Creating environment hook '/home/pietro/Scrivania/TESI/ROS2/MoCap/Ros2MoCap/install/mocap_interfaces/share/mocap_interfaces/hook/pythonpath.sh'
[0.650s] INFO:colcon.colcon_core.shell:Creating package script '/home/pietro/Scrivania/TESI/ROS2/MoCap/Ros2MoCap/install/mocap_interfaces/share/mocap_interfaces/package.ps1'
[0.651s] INFO:colcon.colcon_core.shell:Creating package descriptor '/home/pietro/Scrivania/TESI/ROS2/MoCap/Ros2MoCap/install/mocap_interfaces/share/mocap_interfaces/package.dsv'
[0.652s] INFO:colcon.colcon_core.shell:Creating package script '/home/pietro/Scrivania/TESI/ROS2/MoCap/Ros2MoCap/install/mocap_interfaces/share/mocap_interfaces/package.sh'
[0.652s] INFO:colcon.colcon_core.shell:Creating package script '/home/pietro/Scrivania/TESI/ROS2/MoCap/Ros2MoCap/install/mocap_interfaces/share/mocap_interfaces/package.bash'
[0.652s] INFO:colcon.colcon_core.shell:Creating package script '/home/pietro/Scrivania/TESI/ROS2/MoCap/Ros2MoCap/install/mocap_interfaces/share/mocap_interfaces/package.zsh'
[0.653s] Level 1:colcon.colcon_core.environment:create_file_with_runtime_dependencies(/home/pietro/Scrivania/TESI/ROS2/MoCap/Ros2MoCap/install/mocap_interfaces/share/colcon-core/packages/mocap_interfaces)
[0.653s] INFO:colcon.colcon_ros.task.ament_cmake.build:Building ROS package in '/home/pietro/Scrivania/TESI/ROS2/MoCap/Ros2MoCap/src/mocap_pub' with build type 'ament_cmake'
[0.653s] INFO:colcon.colcon_cmake.task.cmake.build:Building CMake package in '/home/pietro/Scrivania/TESI/ROS2/MoCap/Ros2MoCap/src/mocap_pub'
[0.654s] INFO:colcon.colcon_core.shell:Skip shell extension 'powershell' for command environment: Not usable outside of PowerShell
[0.654s] DEBUG:colcon.colcon_core.shell:Skip shell extension 'dsv' for command environment
[0.655s] DEBUG:colcon.colcon_core.shell:Ignoring prefix path '/opt/ros/foxy'
[0.657s] INFO:colcon.colcon_ros.task.ament_cmake.build:Building ROS package in '/home/pietro/Scrivania/TESI/ROS2/MoCap/Ros2MoCap/src/world_to_base' with build type 'ament_cmake'
[0.657s] INFO:colcon.colcon_cmake.task.cmake.build:Building CMake package in '/home/pietro/Scrivania/TESI/ROS2/MoCap/Ros2MoCap/src/world_to_base'
[0.658s] INFO:colcon.colcon_core.shell:Skip shell extension 'powershell' for command environment: Not usable outside of PowerShell
[0.658s] DEBUG:colcon.colcon_core.shell:Skip shell extension 'dsv' for command environment
[0.659s] DEBUG:colcon.colcon_core.shell:Ignoring prefix path '/opt/ros/foxy'
[0.666s] DEBUG:colcon.colcon_core.event_handler.log_command:Invoking command in '/home/pietro/Scrivania/TESI/ROS2/MoCap/Ros2MoCap/build/mocap_pub': AMENT_PREFIX_PATH=/home/pietro/Scrivania/TESI/ROS2/MoCap/Ros2MoCap/install/mocap_interfaces:${AMENT_PREFIX_PATH} CMAKE_PREFIX_PATH=/home/pietro/Scrivania/TESI/ROS2/MoCap/Ros2MoCap/install/mocap_interfaces:/opt/ros/foxy LD_LIBRARY_PATH=/home/pietro/Scrivania/TESI/ROS2/MoCap/Ros2MoCap/install/mocap_interfaces/lib:${LD_LIBRARY_PATH} PYTHONPATH=/home/pietro/Scrivania/TESI/ROS2/MoCap/Ros2MoCap/install/mocap_interfaces/lib/python3.8/site-packages:${PYTHONPATH} /usr/bin/cmake --build /home/pietro/Scrivania/TESI/ROS2/MoCap/Ros2MoCap/build/mocap_pub -- -j8 -l8
[0.671s] DEBUG:colcon.colcon_core.event_handler.log_command:Invoking command in '/home/pietro/Scrivania/TESI/ROS2/MoCap/Ros2MoCap/build/world_to_base': AMENT_PREFIX_PATH=/home/pietro/Scrivania/TESI/ROS2/MoCap/Ros2MoCap/install/mocap_interfaces:${AMENT_PREFIX_PATH} CMAKE_PREFIX_PATH=/home/pietro/Scrivania/TESI/ROS2/MoCap/Ros2MoCap/install/mocap_interfaces:/opt/ros/foxy LD_LIBRARY_PATH=/home/pietro/Scrivania/TESI/ROS2/MoCap/Ros2MoCap/install/mocap_interfaces/lib:${LD_LIBRARY_PATH} PYTHONPATH=/home/pietro/Scrivania/TESI/ROS2/MoCap/Ros2MoCap/install/mocap_interfaces/lib/python3.8/site-packages:${PYTHONPATH} /usr/bin/cmake --build /home/pietro/Scrivania/TESI/ROS2/MoCap/Ros2MoCap/build/world_to_base -- -j8 -l8
[0.727s] DEBUG:colcon.colcon_core.event_handler.log_command:Invoked command in '/home/pietro/Scrivania/TESI/ROS2/MoCap/Ros2MoCap/build/mocap_pub' returned '0': AMENT_PREFIX_PATH=/home/pietro/Scrivania/TESI/ROS2/MoCap/Ros2MoCap/install/mocap_interfaces:${AMENT_PREFIX_PATH} CMAKE_PREFIX_PATH=/home/pietro/Scrivania/TESI/ROS2/MoCap/Ros2MoCap/install/mocap_interfaces:/opt/ros/foxy LD_LIBRARY_PATH=/home/pietro/Scrivania/TESI/ROS2/MoCap/Ros2MoCap/install/mocap_interfaces/lib:${LD_LIBRARY_PATH} PYTHONPATH=/home/pietro/Scrivania/TESI/ROS2/MoCap/Ros2MoCap/install/mocap_interfaces/lib/python3.8/site-packages:${PYTHONPATH} /usr/bin/cmake --build /home/pietro/Scrivania/TESI/ROS2/MoCap/Ros2MoCap/build/mocap_pub -- -j8 -l8
[0.746s] DEBUG:colcon.colcon_core.event_handler.log_command:Invoking command in '/home/pietro/Scrivania/TESI/ROS2/MoCap/Ros2MoCap/build/mocap_pub': AMENT_PREFIX_PATH=/home/pietro/Scrivania/TESI/ROS2/MoCap/Ros2MoCap/install/mocap_interfaces:${AMENT_PREFIX_PATH} CMAKE_PREFIX_PATH=/home/pietro/Scrivania/TESI/ROS2/MoCap/Ros2MoCap/install/mocap_interfaces:/opt/ros/foxy LD_LIBRARY_PATH=/home/pietro/Scrivania/TESI/ROS2/MoCap/Ros2MoCap/install/mocap_interfaces/lib:${LD_LIBRARY_PATH} PYTHONPATH=/home/pietro/Scrivania/TESI/ROS2/MoCap/Ros2MoCap/install/mocap_interfaces/lib/python3.8/site-packages:${PYTHONPATH} /usr/bin/cmake --install /home/pietro/Scrivania/TESI/ROS2/MoCap/Ros2MoCap/build/mocap_pub
[0.755s] Level 1:colcon.colcon_core.environment:create_environment_scripts_only(mocap_pub)
[0.756s] Level 1:colcon.colcon_core.environment:checking '/home/pietro/Scrivania/TESI/ROS2/MoCap/Ros2MoCap/install/mocap_pub' for CMake module files
[0.757s] DEBUG:colcon.colcon_core.event_handler.log_command:Invoked command in '/home/pietro/Scrivania/TESI/ROS2/MoCap/Ros2MoCap/build/mocap_pub' returned '0': AMENT_PREFIX_PATH=/home/pietro/Scrivania/TESI/ROS2/MoCap/Ros2MoCap/install/mocap_interfaces:${AMENT_PREFIX_PATH} CMAKE_PREFIX_PATH=/home/pietro/Scrivania/TESI/ROS2/MoCap/Ros2MoCap/install/mocap_interfaces:/opt/ros/foxy LD_LIBRARY_PATH=/home/pietro/Scrivania/TESI/ROS2/MoCap/Ros2MoCap/install/mocap_interfaces/lib:${LD_LIBRARY_PATH} PYTHONPATH=/home/pietro/Scrivania/TESI/ROS2/MoCap/Ros2MoCap/install/mocap_interfaces/lib/python3.8/site-packages:${PYTHONPATH} /usr/bin/cmake --install /home/pietro/Scrivania/TESI/ROS2/MoCap/Ros2MoCap/build/mocap_pub
[0.757s] Level 1:colcon.colcon_core.environment:checking '/home/pietro/Scrivania/TESI/ROS2/MoCap/Ros2MoCap/install/mocap_pub' for CMake config files
[0.757s] Level 1:colcon.colcon_core.shell:create_environment_hook('mocap_pub', 'cmake_prefix_path')
[0.757s] INFO:colcon.colcon_core.shell:Creating environment hook '/home/pietro/Scrivania/TESI/ROS2/MoCap/Ros2MoCap/install/mocap_pub/share/mocap_pub/hook/cmake_prefix_path.ps1'
[0.758s] INFO:colcon.colcon_core.shell:Creating environment descriptor '/home/pietro/Scrivania/TESI/ROS2/MoCap/Ros2MoCap/install/mocap_pub/share/mocap_pub/hook/cmake_prefix_path.dsv'
[0.758s] INFO:colcon.colcon_core.shell:Creating environment hook '/home/pietro/Scrivania/TESI/ROS2/MoCap/Ros2MoCap/install/mocap_pub/share/mocap_pub/hook/cmake_prefix_path.sh'
[0.759s] Level 1:colcon.colcon_core.environment:checking '/home/pietro/Scrivania/TESI/ROS2/MoCap/Ros2MoCap/install/mocap_pub/lib'
[0.759s] Level 1:colcon.colcon_core.environment:checking '/home/pietro/Scrivania/TESI/ROS2/MoCap/Ros2MoCap/install/mocap_pub/bin'
[0.759s] Level 1:colcon.colcon_core.environment:checking '/home/pietro/Scrivania/TESI/ROS2/MoCap/Ros2MoCap/install/mocap_pub/lib/pkgconfig/mocap_pub.pc'
[0.759s] Level 1:colcon.colcon_core.environment:checking '/home/pietro/Scrivania/TESI/ROS2/MoCap/Ros2MoCap/install/mocap_pub/lib/python3.8/site-packages'
[0.759s] INFO:colcon.colcon_core.shell:Creating package script '/home/pietro/Scrivania/TESI/ROS2/MoCap/Ros2MoCap/install/mocap_pub/share/mocap_pub/package.ps1'
[0.760s] INFO:colcon.colcon_core.shell:Creating package descriptor '/home/pietro/Scrivania/TESI/ROS2/MoCap/Ros2MoCap/install/mocap_pub/share/mocap_pub/package.dsv'
[0.760s] INFO:colcon.colcon_core.shell:Creating package script '/home/pietro/Scrivania/TESI/ROS2/MoCap/Ros2MoCap/install/mocap_pub/share/mocap_pub/package.sh'
[0.760s] INFO:colcon.colcon_core.shell:Creating package script '/home/pietro/Scrivania/TESI/ROS2/MoCap/Ros2MoCap/install/mocap_pub/share/mocap_pub/package.bash'
[0.761s] INFO:colcon.colcon_core.shell:Creating package script '/home/pietro/Scrivania/TESI/ROS2/MoCap/Ros2MoCap/install/mocap_pub/share/mocap_pub/package.zsh'
[0.761s] Level 1:colcon.colcon_core.environment:create_file_with_runtime_dependencies(/home/pietro/Scrivania/TESI/ROS2/MoCap/Ros2MoCap/install/mocap_pub/share/colcon-core/packages/mocap_pub)
[0.784s] Level 1:colcon.colcon_core.environment:create_environment_scripts_only(mocap_pub)
[0.785s] Level 1:colcon.colcon_core.environment:checking '/home/pietro/Scrivania/TESI/ROS2/MoCap/Ros2MoCap/install/mocap_pub' for CMake module files
[0.785s] Level 1:colcon.colcon_core.environment:checking '/home/pietro/Scrivania/TESI/ROS2/MoCap/Ros2MoCap/install/mocap_pub' for CMake config files
[0.786s] Level 1:colcon.colcon_core.shell:create_environment_hook('mocap_pub', 'cmake_prefix_path')
[0.786s] INFO:colcon.colcon_core.shell:Creating environment hook '/home/pietro/Scrivania/TESI/ROS2/MoCap/Ros2MoCap/install/mocap_pub/share/mocap_pub/hook/cmake_prefix_path.ps1'
[0.787s] INFO:colcon.colcon_core.shell:Creating environment descriptor '/home/pietro/Scrivania/TESI/ROS2/MoCap/Ros2MoCap/install/mocap_pub/share/mocap_pub/hook/cmake_prefix_path.dsv'
[0.787s] INFO:colcon.colcon_core.shell:Creating environment hook '/home/pietro/Scrivania/TESI/ROS2/MoCap/Ros2MoCap/install/mocap_pub/share/mocap_pub/hook/cmake_prefix_path.sh'
[0.787s] Level 1:colcon.colcon_core.environment:checking '/home/pietro/Scrivania/TESI/ROS2/MoCap/Ros2MoCap/install/mocap_pub/lib'
[0.788s] Level 1:colcon.colcon_core.environment:checking '/home/pietro/Scrivania/TESI/ROS2/MoCap/Ros2MoCap/install/mocap_pub/bin'
[0.788s] Level 1:colcon.colcon_core.environment:checking '/home/pietro/Scrivania/TESI/ROS2/MoCap/Ros2MoCap/install/mocap_pub/lib/pkgconfig/mocap_pub.pc'
[0.788s] Level 1:colcon.colcon_core.environment:checking '/home/pietro/Scrivania/TESI/ROS2/MoCap/Ros2MoCap/install/mocap_pub/lib/python3.8/site-packages'
[0.788s] INFO:colcon.colcon_core.shell:Creating package script '/home/pietro/Scrivania/TESI/ROS2/MoCap/Ros2MoCap/install/mocap_pub/share/mocap_pub/package.ps1'
[0.789s] INFO:colcon.colcon_core.shell:Creating package descriptor '/home/pietro/Scrivania/TESI/ROS2/MoCap/Ros2MoCap/install/mocap_pub/share/mocap_pub/package.dsv'
[0.789s] INFO:colcon.colcon_core.shell:Creating package script '/home/pietro/Scrivania/TESI/ROS2/MoCap/Ros2MoCap/install/mocap_pub/share/mocap_pub/package.sh'
[0.789s] INFO:colcon.colcon_core.shell:Creating package script '/home/pietro/Scrivania/TESI/ROS2/MoCap/Ros2MoCap/install/mocap_pub/share/mocap_pub/package.bash'
[0.790s] INFO:colcon.colcon_core.shell:Creating package script '/home/pietro/Scrivania/TESI/ROS2/MoCap/Ros2MoCap/install/mocap_pub/share/mocap_pub/package.zsh'
[0.790s] Level 1:colcon.colcon_core.environment:create_file_with_runtime_dependencies(/home/pietro/Scrivania/TESI/ROS2/MoCap/Ros2MoCap/install/mocap_pub/share/colcon-core/packages/mocap_pub)
[3.279s] DEBUG:colcon.colcon_core.event_handler.log_command:Invoked command in '/home/pietro/Scrivania/TESI/ROS2/MoCap/Ros2MoCap/build/world_to_base' returned '2': AMENT_PREFIX_PATH=/home/pietro/Scrivania/TESI/ROS2/MoCap/Ros2MoCap/install/mocap_interfaces:${AMENT_PREFIX_PATH} CMAKE_PREFIX_PATH=/home/pietro/Scrivania/TESI/ROS2/MoCap/Ros2MoCap/install/mocap_interfaces:/opt/ros/foxy LD_LIBRARY_PATH=/home/pietro/Scrivania/TESI/ROS2/MoCap/Ros2MoCap/install/mocap_interfaces/lib:${LD_LIBRARY_PATH} PYTHONPATH=/home/pietro/Scrivania/TESI/ROS2/MoCap/Ros2MoCap/install/mocap_interfaces/lib/python3.8/site-packages:${PYTHONPATH} /usr/bin/cmake --build /home/pietro/Scrivania/TESI/ROS2/MoCap/Ros2MoCap/build/world_to_base -- -j8 -l8
[3.297s] Level 1:colcon.colcon_core.environment:create_environment_scripts_only(world_to_base)
[3.298s] Level 1:colcon.colcon_core.environment:checking '/home/pietro/Scrivania/TESI/ROS2/MoCap/Ros2MoCap/install/world_to_base' for CMake module files
[3.298s] Level 1:colcon.colcon_core.environment:checking '/home/pietro/Scrivania/TESI/ROS2/MoCap/Ros2MoCap/install/world_to_base' for CMake config files
[3.298s] Level 1:colcon.colcon_core.shell:create_environment_hook('world_to_base', 'cmake_prefix_path')
[3.299s] INFO:colcon.colcon_core.shell:Creating environment hook '/home/pietro/Scrivania/TESI/ROS2/MoCap/Ros2MoCap/install/world_to_base/share/world_to_base/hook/cmake_prefix_path.ps1'
[3.299s] INFO:colcon.colcon_core.shell:Creating environment descriptor '/home/pietro/Scrivania/TESI/ROS2/MoCap/Ros2MoCap/install/world_to_base/share/world_to_base/hook/cmake_prefix_path.dsv'
[3.299s] INFO:colcon.colcon_core.shell:Creating environment hook '/home/pietro/Scrivania/TESI/ROS2/MoCap/Ros2MoCap/install/world_to_base/share/world_to_base/hook/cmake_prefix_path.sh'
[3.300s] Level 1:colcon.colcon_core.environment:checking '/home/pietro/Scrivania/TESI/ROS2/MoCap/Ros2MoCap/install/world_to_base/lib'
[3.300s] Level 1:colcon.colcon_core.environment:checking '/home/pietro/Scrivania/TESI/ROS2/MoCap/Ros2MoCap/install/world_to_base/bin'
[3.300s] Level 1:colcon.colcon_core.environment:checking '/home/pietro/Scrivania/TESI/ROS2/MoCap/Ros2MoCap/install/world_to_base/lib/pkgconfig/world_to_base.pc'
[3.300s] Level 1:colcon.colcon_core.environment:checking '/home/pietro/Scrivania/TESI/ROS2/MoCap/Ros2MoCap/install/world_to_base/lib/python3.8/site-packages'
[3.300s] INFO:colcon.colcon_core.shell:Creating package script '/home/pietro/Scrivania/TESI/ROS2/MoCap/Ros2MoCap/install/world_to_base/share/world_to_base/package.ps1'
[3.301s] INFO:colcon.colcon_core.shell:Creating package descriptor '/home/pietro/Scrivania/TESI/ROS2/MoCap/Ros2MoCap/install/world_to_base/share/world_to_base/package.dsv'
[3.301s] INFO:colcon.colcon_core.shell:Creating package script '/home/pietro/Scrivania/TESI/ROS2/MoCap/Ros2MoCap/install/world_to_base/share/world_to_base/package.sh'
[3.302s] INFO:colcon.colcon_core.shell:Creating package script '/home/pietro/Scrivania/TESI/ROS2/MoCap/Ros2MoCap/install/world_to_base/share/world_to_base/package.bash'
[3.302s] INFO:colcon.colcon_core.shell:Creating package script '/home/pietro/Scrivania/TESI/ROS2/MoCap/Ros2MoCap/install/world_to_base/share/world_to_base/package.zsh'
[3.302s] Level 1:colcon.colcon_core.environment:create_file_with_runtime_dependencies(/home/pietro/Scrivania/TESI/ROS2/MoCap/Ros2MoCap/install/world_to_base/share/colcon-core/packages/world_to_base)
[3.312s] DEBUG:colcon.colcon_parallel_executor.executor.parallel:closing loop
[3.313s] DEBUG:colcon.colcon_parallel_executor.executor.parallel:loop closed
[3.313s] DEBUG:colcon.colcon_parallel_executor.executor.parallel:run_until_complete finished with '2'
[3.313s] DEBUG:colcon.colcon_core.event_reactor:joining thread
[3.318s] INFO:colcon.colcon_core.plugin_system:Skipping extension 'colcon_notification.desktop_notification.terminal_notifier': Not used on non-Darwin systems
[3.318s] INFO:colcon.colcon_core.plugin_system:Skipping extension 'colcon_notification.desktop_notification.win32': Not used on non-Windows systems
[3.318s] INFO:colcon.colcon_notification.desktop_notification:Sending desktop notification using 'notify2'
[3.329s] DEBUG:colcon.colcon_core.event_reactor:joined thread
[3.330s] INFO:colcon.colcon_core.shell:Creating prefix script '/home/pietro/Scrivania/TESI/ROS2/MoCap/Ros2MoCap/install/local_setup.ps1'
[3.331s] INFO:colcon.colcon_core.shell:Creating prefix util module '/home/pietro/Scrivania/TESI/ROS2/MoCap/Ros2MoCap/install/_local_setup_util_ps1.py'
[3.332s] INFO:colcon.colcon_core.shell:Creating prefix chain script '/home/pietro/Scrivania/TESI/ROS2/MoCap/Ros2MoCap/install/setup.ps1'
[3.334s] INFO:colcon.colcon_core.shell:Creating prefix script '/home/pietro/Scrivania/TESI/ROS2/MoCap/Ros2MoCap/install/local_setup.sh'
[3.334s] INFO:colcon.colcon_core.shell:Creating prefix util module '/home/pietro/Scrivania/TESI/ROS2/MoCap/Ros2MoCap/install/_local_setup_util_sh.py'
[3.335s] INFO:colcon.colcon_core.shell:Creating prefix chain script '/home/pietro/Scrivania/TESI/ROS2/MoCap/Ros2MoCap/install/setup.sh'
[3.337s] INFO:colcon.colcon_core.shell:Creating prefix script '/home/pietro/Scrivania/TESI/ROS2/MoCap/Ros2MoCap/install/local_setup.bash'
[3.337s] INFO:colcon.colcon_core.shell:Creating prefix chain script '/home/pietro/Scrivania/TESI/ROS2/MoCap/Ros2MoCap/install/setup.bash'
[3.339s] INFO:colcon.colcon_core.shell:Creating prefix script '/home/pietro/Scrivania/TESI/ROS2/MoCap/Ros2MoCap/install/local_setup.zsh'
[3.339s] INFO:colcon.colcon_core.shell:Creating prefix chain script '/home/pietro/Scrivania/TESI/ROS2/MoCap/Ros2MoCap/install/setup.zsh'
