[35m[1mScanning dependencies of target world_to_base[0m
[ 50%] [32mBuilding CXX object CMakeFiles/world_to_base.dir/src/WorldToBase.cpp.o[0m
[01m[K/home/pietro/Scrivania/TESI/ROS2/MoCap/Ros2MoCap/src/world_to_base/src/WorldToBase.cpp:[m[K In member function ‘[01m[Kvoid WorldToBase::transformPose(mocap_interfaces::msg::RigidBodyArray_<std::allocator<void> >::SharedPtr) const[m[K’:
[01m[K/home/pietro/Scrivania/TESI/ROS2/MoCap/Ros2MoCap/src/world_to_base/src/WorldToBase.cpp:31:17:[m[K [01;35m[Kwarning: [m[Kcomparison of integer expressions of different signedness: ‘[01m[Kint[m[K’ and ‘[01m[Kstd::vector<mocap_interfaces::msg::RigidBody_<std::allocator<void> >, std::allocator<mocap_interfaces::msg::RigidBody_<std::allocator<void> > > >::size_type[m[K’ {aka ‘[01m[Klong unsigned int[m[K’} [[01;35m[K-Wsign-compare[m[K]
   31 |   for (i = 0; [01;35m[Ki < msg->rigid_bodies.size()[m[K; i++)
      |               [01;35m[K~~^~~~~~~~~~~~~~~~~~~~~~~~~~[m[K
[01m[K/home/pietro/Scrivania/TESI/ROS2/MoCap/Ros2MoCap/src/world_to_base/src/WorldToBase.cpp:35:40:[m[K [01;35m[Kwarning: [m[Knarrowing conversion of ‘[01m[K((const std::__shared_ptr_access<mocap_interfaces::msg::RigidBodyArray_<std::allocator<void> >, __gnu_cxx::_S_atomic, false, false>*)(& msg))->std::__shared_ptr_access<mocap_interfaces::msg::RigidBodyArray_<std::allocator<void> >, __gnu_cxx::_S_atomic, false, false>::operator->()->mocap_interfaces::msg::RigidBodyArray_<std::allocator<void> >::rigid_bodies.std::vector<mocap_interfaces::msg::RigidBody_<std::allocator<void> >, std::allocator<mocap_interfaces::msg::RigidBody_<std::allocator<void> > > >::operator[](((std::vector<mocap_interfaces::msg::RigidBody_<std::allocator<void> >, std::allocator<mocap_interfaces::msg::RigidBody_<std::allocator<void> > > >::size_type)i)).mocap_interfaces::msg::RigidBody_<std::allocator<void> >::p.mocap_interfaces::msg::Point_<std::allocator<void> >::x[m[K’ from ‘[01m[Kmocap_interfaces::msg::Point_<std::allocator<void> >::_x_type[m[K’ {aka ‘[01m[Kdouble[m[K’} to ‘[01m[KEigen::Matrix<float, 3, 1>::Scalar[m[K’ {aka ‘[01m[Kfloat[m[K’} [[01;35m[K-Wnarrowing[m[K]
   35 |       P_base = {msg->rigid_bodies[i].p.x, msg->rigid_bodies[i].p.y, msg->rigid_bodies[i].p.z};
[01m[K/home/pietro/Scrivania/TESI/ROS2/MoCap/Ros2MoCap/src/world_to_base/src/WorldToBase.cpp:35:66:[m[K [01;35m[Kwarning: [m[Knarrowing conversion of ‘[01m[K((const std::__shared_ptr_access<mocap_interfaces::msg::RigidBodyArray_<std::allocator<void> >, __gnu_cxx::_S_atomic, false, false>*)(& msg))->std::__shared_ptr_access<mocap_interfaces::msg::RigidBodyArray_<std::allocator<void> >, __gnu_cxx::_S_atomic, false, false>::operator->()->mocap_interfaces::msg::RigidBodyArray_<std::allocator<void> >::rigid_bodies.std::vector<mocap_interfaces::msg::RigidBody_<std::allocator<void> >, std::allocator<mocap_interfaces::msg::RigidBody_<std::allocator<void> > > >::operator[](((std::vector<mocap_interfaces::msg::RigidBody_<std::allocator<void> >, std::allocator<mocap_interfaces::msg::RigidBody_<std::allocator<void> > > >::size_type)i)).mocap_interfaces::msg::RigidBody_<std::allocator<void> >::p.mocap_interfaces::msg::Point_<std::allocator<void> >::y[m[K’ from ‘[01m[Kmocap_interfaces::msg::Point_<std::allocator<void> >::_y_type[m[K’ {aka ‘[01m[Kdouble[m[K’} to ‘[01m[KEigen::Matrix<float, 3, 1>::Scalar[m[K’ {aka ‘[01m[Kfloat[m[K’} [[01;35m[K-Wnarrowing[m[K]
   35 |   P_base = {msg->rigid_bodies[i].p.x, msg->rigid_bodies[i].p.y, msg->rigid_bodies[i].p.z};

[01m[K/home/pietro/Scrivania/TESI/ROS2/MoCap/Ros2MoCap/src/world_to_base/src/WorldToBase.cpp:35:92:[m[K [01;35m[Kwarning: [m[Knarrowing conversion of ‘[01m[K((const std::__shared_ptr_access<mocap_interfaces::msg::RigidBodyArray_<std::allocator<void> >, __gnu_cxx::_S_atomic, false, false>*)(& msg))->std::__shared_ptr_access<mocap_interfaces::msg::RigidBodyArray_<std::allocator<void> >, __gnu_cxx::_S_atomic, false, false>::operator->()->mocap_interfaces::msg::RigidBodyArray_<std::allocator<void> >::rigid_bodies.std::vector<mocap_interfaces::msg::RigidBody_<std::allocator<void> >, std::allocator<mocap_interfaces::msg::RigidBody_<std::allocator<void> > > >::operator[](((std::vector<mocap_interfaces::msg::RigidBody_<std::allocator<void> >, std::allocator<mocap_interfaces::msg::RigidBody_<std::allocator<void> > > >::size_type)i)).mocap_interfaces::msg::RigidBody_<std::allocator<void> >::p.mocap_interfaces::msg::Point_<std::allocator<void> >::z[m[K’ from ‘[01m[Kmocap_interfaces::msg::Point_<std::allocator<void> >::_z_type[m[K’ {aka ‘[01m[Kdouble[m[K’} to ‘[01m[KEigen::Matrix<float, 3, 1>::Scalar[m[K’ {aka ‘[01m[Kfloat[m[K’} [[01;35m[K-Wnarrowing[m[K]
   35 | ies[i].p.x, msg->rigid_bodies[i].p.y, msg->rigid_bodies[i].p.z};

[01m[K/home/pietro/Scrivania/TESI/ROS2/MoCap/Ros2MoCap/src/world_to_base/src/WorldToBase.cpp:50:17:[m[K [01;35m[Kwarning: [m[Kcomparison of integer expressions of different signedness: ‘[01m[Kint[m[K’ and ‘[01m[Kstd::vector<mocap_interfaces::msg::RigidBody_<std::allocator<void> >, std::allocator<mocap_interfaces::msg::RigidBody_<std::allocator<void> > > >::size_type[m[K’ {aka ‘[01m[Klong unsigned int[m[K’} [[01;35m[K-Wsign-compare[m[K]
   50 |   for (i = 0; [01;35m[Ki < msg->rigid_bodies.size()[m[K; i++)
      |               [01;35m[K~~^~~~~~~~~~~~~~~~~~~~~~~~~~[m[K
[01m[K/home/pietro/Scrivania/TESI/ROS2/MoCap/Ros2MoCap/src/world_to_base/src/WorldToBase.cpp:54:35:[m[K [01;35m[Kwarning: [m[Knarrowing conversion of ‘[01m[K((const std::__shared_ptr_access<mocap_interfaces::msg::RigidBodyArray_<std::allocator<void> >, __gnu_cxx::_S_atomic, false, false>*)(& msg))->std::__shared_ptr_access<mocap_interfaces::msg::RigidBodyArray_<std::allocator<void> >, __gnu_cxx::_S_atomic, false, false>::operator->()->mocap_interfaces::msg::RigidBodyArray_<std::allocator<void> >::rigid_bodies.std::vector<mocap_interfaces::msg::RigidBody_<std::allocator<void> >, std::allocator<mocap_interfaces::msg::RigidBody_<std::allocator<void> > > >::operator[](((std::vector<mocap_interfaces::msg::RigidBody_<std::allocator<void> >, std::allocator<mocap_interfaces::msg::RigidBody_<std::allocator<void> > > >::size_type)i)).mocap_interfaces::msg::RigidBody_<std::allocator<void> >::p.mocap_interfaces::msg::Point_<std::allocator<void> >::x[m[K’ from ‘[01m[Kmocap_interfaces::msg::Point_<std::allocator<void> >::_x_type[m[K’ {aka ‘[01m[Kdouble[m[K’} to ‘[01m[KEigen::Matrix<float, 3, 1>::Scalar[m[K’ {aka ‘[01m[Kfloat[m[K’} [[01;35m[K-Wnarrowing[m[K]
   54 |       P = {msg->rigid_bodies[i].p.x, msg->rigid_bodies[i].p.y, msg->rigid_bodies[i].p.z};
[01m[K/home/pietro/Scrivania/TESI/ROS2/MoCap/Ros2MoCap/src/world_to_base/src/WorldToBase.cpp:54:61:[m[K [01;35m[Kwarning: [m[Knarrowing conversion of ‘[01m[K((const std::__shared_ptr_access<mocap_interfaces::msg::RigidBodyArray_<std::allocator<void> >, __gnu_cxx::_S_atomic, false, false>*)(& msg))->std::__shared_ptr_access<mocap_interfaces::msg::RigidBodyArray_<std::allocator<void> >, __gnu_cxx::_S_atomic, false, false>::operator->()->mocap_interfaces::msg::RigidBodyArray_<std::allocator<void> >::rigid_bodies.std::vector<mocap_interfaces::msg::RigidBody_<std::allocator<void> >, std::allocator<mocap_interfaces::msg::RigidBody_<std::allocator<void> > > >::operator[](((std::vector<mocap_interfaces::msg::RigidBody_<std::allocator<void> >, std::allocator<mocap_interfaces::msg::RigidBody_<std::allocator<void> > > >::size_type)i)).mocap_interfaces::msg::RigidBody_<std::allocator<void> >::p.mocap_interfaces::msg::Point_<std::allocator<void> >::y[m[K’ from ‘[01m[Kmocap_interfaces::msg::Point_<std::allocator<void> >::_y_type[m[K’ {aka ‘[01m[Kdouble[m[K’} to ‘[01m[KEigen::Matrix<float, 3, 1>::Scalar[m[K’ {aka ‘[01m[Kfloat[m[K’} [[01;35m[K-Wnarrowing[m[K]
   54 |       P = {msg->rigid_bodies[i].p.x, msg->rigid_bodies[i].p.y, msg->rigid_bodies[i].p.z};
[01m[K/home/pietro/Scrivania/TESI/ROS2/MoCap/Ros2MoCap/src/world_to_base/src/WorldToBase.cpp:54:87:[m[K [01;35m[Kwarning: [m[Knarrowing conversion of ‘[01m[K((const std::__shared_ptr_access<mocap_interfaces::msg::RigidBodyArray_<std::allocator<void> >, __gnu_cxx::_S_atomic, false, false>*)(& msg))->std::__shared_ptr_access<mocap_interfaces::msg::RigidBodyArray_<std::allocator<void> >, __gnu_cxx::_S_atomic, false, false>::operator->()->mocap_interfaces::msg::RigidBodyArray_<std::allocator<void> >::rigid_bodies.std::vector<mocap_interfaces::msg::RigidBody_<std::allocator<void> >, std::allocator<mocap_interfaces::msg::RigidBody_<std::allocator<void> > > >::operator[](((std::vector<mocap_interfaces::msg::RigidBody_<std::allocator<void> >, std::allocator<mocap_interfaces::msg::RigidBody_<std::allocator<void> > > >::size_type)i)).mocap_interfaces::msg::RigidBody_<std::allocator<void> >::p.mocap_interfaces::msg::Point_<std::allocator<void> >::z[m[K’ from ‘[01m[Kmocap_interfaces::msg::Point_<std::allocator<void> >::_z_type[m[K’ {aka ‘[01m[Kdouble[m[K’} to ‘[01m[KEigen::Matrix<float, 3, 1>::Scalar[m[K’ {aka ‘[01m[Kfloat[m[K’} [[01;35m[K-Wnarrowing[m[K]
   54 | ies[i].p.x, msg->rigid_bodies[i].p.y, msg->rigid_bodies[i].p.z};

[01m[K/home/pietro/Scrivania/TESI/ROS2/MoCap/Ros2MoCap/src/world_to_base/src/WorldToBase.cpp:[m[K In member function ‘[01m[KEigen::Matrix3f WorldToBase::quatToRotm(float, float, float, float) const[m[K’:
[01m[K/home/pietro/Scrivania/TESI/ROS2/MoCap/Ros2MoCap/src/world_to_base/src/WorldToBase.cpp:71:1:[m[K [01;35m[Kwarning: [m[Kno return statement in function returning non-void [[01;35m[K-Wreturn-type[m[K]
   71 | [01;35m[K}[m[K
      | [01;35m[K^[m[K
[100%] [32m[1mLinking CXX executable world_to_base[0m
[100%] Built target world_to_base
-- Install configuration: ""
-- Installing: /home/pietro/Scrivania/TESI/ROS2/MoCap/Ros2MoCap/install/world_to_base/lib/world_to_base/world_to_base
-- Set runtime path of "/home/pietro/Scrivania/TESI/ROS2/MoCap/Ros2MoCap/install/world_to_base/lib/world_to_base/world_to_base" to ""
-- Up-to-date: /home/pietro/Scrivania/TESI/ROS2/MoCap/Ros2MoCap/install/world_to_base/share/ament_index/resource_index/package_run_dependencies/world_to_base
-- Up-to-date: /home/pietro/Scrivania/TESI/ROS2/MoCap/Ros2MoCap/install/world_to_base/share/ament_index/resource_index/parent_prefix_path/world_to_base
-- Up-to-date: /home/pietro/Scrivania/TESI/ROS2/MoCap/Ros2MoCap/install/world_to_base/share/world_to_base/environment/ament_prefix_path.sh
-- Up-to-date: /home/pietro/Scrivania/TESI/ROS2/MoCap/Ros2MoCap/install/world_to_base/share/world_to_base/environment/ament_prefix_path.dsv
-- Up-to-date: /home/pietro/Scrivania/TESI/ROS2/MoCap/Ros2MoCap/install/world_to_base/share/world_to_base/environment/path.sh
-- Up-to-date: /home/pietro/Scrivania/TESI/ROS2/MoCap/Ros2MoCap/install/world_to_base/share/world_to_base/environment/path.dsv
-- Up-to-date: /home/pietro/Scrivania/TESI/ROS2/MoCap/Ros2MoCap/install/world_to_base/share/world_to_base/local_setup.bash
-- Up-to-date: /home/pietro/Scrivania/TESI/ROS2/MoCap/Ros2MoCap/install/world_to_base/share/world_to_base/local_setup.sh
-- Up-to-date: /home/pietro/Scrivania/TESI/ROS2/MoCap/Ros2MoCap/install/world_to_base/share/world_to_base/local_setup.zsh
-- Up-to-date: /home/pietro/Scrivania/TESI/ROS2/MoCap/Ros2MoCap/install/world_to_base/share/world_to_base/local_setup.dsv
-- Installing: /home/pietro/Scrivania/TESI/ROS2/MoCap/Ros2MoCap/install/world_to_base/share/world_to_base/package.dsv
-- Up-to-date: /home/pietro/Scrivania/TESI/ROS2/MoCap/Ros2MoCap/install/world_to_base/share/ament_index/resource_index/packages/world_to_base
-- Up-to-date: /home/pietro/Scrivania/TESI/ROS2/MoCap/Ros2MoCap/install/world_to_base/share/world_to_base/cmake/world_to_baseConfig.cmake
-- Up-to-date: /home/pietro/Scrivania/TESI/ROS2/MoCap/Ros2MoCap/install/world_to_base/share/world_to_base/cmake/world_to_baseConfig-version.cmake
-- Up-to-date: /home/pietro/Scrivania/TESI/ROS2/MoCap/Ros2MoCap/install/world_to_base/share/world_to_base/package.xml
