[0.011s] Invoking command in '/home/pietro/Scrivania/TESI/ROS2/MoCap/Ros2MoCap/build/mocap': CMAKE_PREFIX_PATH=/opt/ros/foxy /usr/bin/cmake --build /home/pietro/Scrivania/TESI/ROS2/MoCap/Ros2MoCap/build/mocap -- -j8 -l8
[0.051s] [ 33%] [32mBuilding CXX object CMakeFiles/mocap.dir/src/MoCap.cpp.o[0m
[0.132s] In file included from [01m[K/home/pietro/Scrivania/TESI/ROS2/MoCap/Ros2MoCap/src/mocap/src/MoCap.cpp:2[m[K:
[0.132s] [01m[K/home/pietro/Scrivania/TESI/ROS2/MoCap/Ros2MoCap/src/mocap/include/MoCap/MoCap.h:18:31:[m[K [01;31m[Kerror: [m[K‘[01m[KsRigidBodyData[m[K’ has not been declared
[0.132s]    18 |     void sendRigidBodyMessage([01;31m[KsRigidBodyData[m[K* bodies, int nRigidBodies);
[0.132s]       |                               [01;31m[K^~~~~~~~~~~~~~[m[K
[0.220s] [01m[K/home/pietro/Scrivania/TESI/ROS2/MoCap/Ros2MoCap/src/mocap/src/MoCap.cpp:21:6:[m[K [01;31m[Kerror: [m[Kno declaration matches ‘[01m[Kvoid MoCap::sendRigidBodyMessage(sRigidBodyData*, int)[m[K’
[0.220s]    21 | void [01;31m[KMoCap[m[K::sendRigidBodyMessage(sRigidBodyData* bodies, int nRigidBodies)
[0.220s]       |      [01;31m[K^~~~~[m[K
[0.221s] In file included from [01m[K/home/pietro/Scrivania/TESI/ROS2/MoCap/Ros2MoCap/src/mocap/src/MoCap.cpp:2[m[K:
[0.221s] [01m[K/home/pietro/Scrivania/TESI/ROS2/MoCap/Ros2MoCap/src/mocap/include/MoCap/MoCap.h:18:10:[m[K [01;36m[Knote: [m[Kcandidate is: ‘[01m[Kvoid MoCap::sendRigidBodyMessage(int*, int)[m[K’
[0.221s]    18 |     void [01;36m[KsendRigidBodyMessage[m[K(sRigidBodyData* bodies, int nRigidBodies);
[0.221s]       |          [01;36m[K^~~~~~~~~~~~~~~~~~~~[m[K
[0.221s] [01m[K/home/pietro/Scrivania/TESI/ROS2/MoCap/Ros2MoCap/src/mocap/include/MoCap/MoCap.h:7:7:[m[K [01;36m[Knote: [m[K‘[01m[Kclass MoCap[m[K’ defined here
[0.221s]     7 | class [01;36m[KMoCap[m[K
[0.221s]       |       [01;36m[K^~~~~[m[K
[0.244s] make[2]: *** [CMakeFiles/mocap.dir/build.make:63: CMakeFiles/mocap.dir/src/MoCap.cpp.o] Error 1
[0.245s] make[1]: *** [CMakeFiles/Makefile2:78: CMakeFiles/mocap.dir/all] Error 2
[0.245s] make: *** [Makefile:141: all] Error 2
[0.247s] Invoked command in '/home/pietro/Scrivania/TESI/ROS2/MoCap/Ros2MoCap/build/mocap' returned '2': CMAKE_PREFIX_PATH=/opt/ros/foxy /usr/bin/cmake --build /home/pietro/Scrivania/TESI/ROS2/MoCap/Ros2MoCap/build/mocap -- -j8 -l8
