[0.013s] Invoking command in '/home/pietro/Scrivania/TESI/ROS2/MoCap/Ros2MoCap/build/mocap': CMAKE_PREFIX_PATH=/opt/ros/foxy /usr/bin/cmake --build /home/pietro/Scrivania/TESI/ROS2/MoCap/Ros2MoCap/build/mocap -- -j8 -l8
[0.049s] [35m[1mScanning dependencies of target mocap[0m
[0.059s] [ 25%] [32mBuilding CXX object CMakeFiles/mocap.dir/src/MoCapNatNetClient.cpp.o[0m
[0.213s] [01m[K/home/pietro/Scrivania/TESI/ROS2/MoCap/Ros2MoCap/src/mocap/src/MoCapNatNetClient.cpp:[m[K In function ‘[01m[Kvoid dataFrameHandler(sFrameOfMocapData*, void*)[m[K’:
[0.213s] [01m[K/home/pietro/Scrivania/TESI/ROS2/MoCap/Ros2MoCap/src/mocap/src/MoCapNatNetClient.cpp:116:58:[m[K [01;35m[Kwarning: [m[Kunused parameter ‘[01m[Kdata[m[K’ [[01;35m[K-Wunused-parameter[m[K]
[0.213s]   116 | void NATNET_CALLCONV dataFrameHandler([01;35m[KsFrameOfMocapData* data[m[K, void* pUserData)
[0.213s]       |                                       [01;35m[K~~~~~~~~~~~~~~~~~~~^~~~[m[K
[0.213s] [01m[K/home/pietro/Scrivania/TESI/ROS2/MoCap/Ros2MoCap/src/mocap/src/MoCapNatNetClient.cpp:116:70:[m[K [01;35m[Kwarning: [m[Kunused parameter ‘[01m[KpUserData[m[K’ [[01;35m[K-Wunused-parameter[m[K]
[0.213s]   116 | void NATNET_CALLCONV dataFrameHandler(sFrameOfMocapData* data, [01;35m[Kvoid* pUserData[m[K)
[0.213s]       |                                                                [01;35m[K~~~~~~^~~~~~~~~[m[K
[0.214s] [01m[K/home/pietro/Scrivania/TESI/ROS2/MoCap/Ros2MoCap/src/mocap/src/MoCapNatNetClient.cpp:[m[K In member function ‘[01m[Kvoid MoCapNatNetClient::getDataDescription()[m[K’:
[0.214s] [01m[K/home/pietro/Scrivania/TESI/ROS2/MoCap/Ros2MoCap/src/mocap/src/MoCapNatNetClient.cpp:125:6:[m[K [01;35m[Kwarning: [m[Kunused variable ‘[01m[KretCode[m[K’ [[01;35m[K-Wunused-variable[m[K]
[0.214s]   125 |  int [01;35m[KretCode[m[K;
[0.214s]       |      [01;35m[K^~~~~~~[m[K
[0.265s] [ 50%] [32m[1mLinking CXX executable mocap[0m
[0.327s] /usr/bin/ld: CMakeFiles/mocap.dir/src/MoCapNatNetClient.cpp.o:(.bss+0x0): multiple definition of `g_analogSamplesPerMocapFrame'; CMakeFiles/mocap.dir/src/MoCap.cpp.o:(.bss+0x0): first defined here
[0.327s] collect2: error: ld returned 1 exit status
[0.329s] make[2]: *** [CMakeFiles/mocap.dir/build.make:114: mocap] Error 1
[0.329s] make[1]: *** [CMakeFiles/Makefile2:78: CMakeFiles/mocap.dir/all] Error 2
[0.329s] make: *** [Makefile:141: all] Error 2
[0.330s] Invoked command in '/home/pietro/Scrivania/TESI/ROS2/MoCap/Ros2MoCap/build/mocap' returned '2': CMAKE_PREFIX_PATH=/opt/ros/foxy /usr/bin/cmake --build /home/pietro/Scrivania/TESI/ROS2/MoCap/Ros2MoCap/build/mocap -- -j8 -l8
