[0.014s] Invoking command in '/home/pietro/Scrivania/TESI/ROS2/MoCap/Ros2MoCap/build/mocap': CMAKE_PREFIX_PATH=${CMAKE_PREFIX_PATH}:/opt/ros/foxy /usr/bin/cmake --build /home/pietro/Scrivania/TESI/ROS2/MoCap/Ros2MoCap/build/mocap -- -j8 -l8
[0.035s] -- Found ament_cmake: 0.9.8 (/opt/ros/foxy/share/ament_cmake/cmake)
[0.053s] -- Using PYTHON_EXECUTABLE: /usr/bin/python3
[0.234s] -- Configuring done
[0.238s] -- Generating done
[0.239s] -- Build files have been written to: /home/pietro/Scrivania/TESI/ROS2/MoCap/Ros2MoCap/build/mocap
[0.256s] [35m[1mScanning dependencies of target mocap[0m
[0.265s] [ 66%] [32mBuilding CXX object CMakeFiles/mocap.dir/src/MoCap.cpp.o[0m
[0.265s] [ 66%] [32mBuilding CXX object CMakeFiles/mocap.dir/src/MoCapNatNetClient.cpp.o[0m
[0.278s] [01m[K/home/pietro/Scrivania/TESI/ROS2/MoCap/Ros2MoCap/src/mocap/src/MoCap.cpp:[m[K In function ‘[01m[Kint main(int, char**)[m[K’:
[0.279s] [01m[K/home/pietro/Scrivania/TESI/ROS2/MoCap/Ros2MoCap/src/mocap/src/MoCap.cpp:21:22:[m[K [01;35m[Kwarning: [m[Kunused variable ‘[01m[Kc[m[K’ [[01;35m[K-Wunused-variable[m[K]
[0.279s]    21 |   MoCapNatNetClient* [01;35m[Kc[m[K = new MoCapNatNetClient(1, 100, 1000);
[0.279s]       |                      [01;35m[K^[m[K
[0.294s] [100%] [32m[1mLinking CXX executable mocap[0m
[0.359s] [100%] Built target mocap
[0.369s] Invoked command in '/home/pietro/Scrivania/TESI/ROS2/MoCap/Ros2MoCap/build/mocap' returned '0': CMAKE_PREFIX_PATH=${CMAKE_PREFIX_PATH}:/opt/ros/foxy /usr/bin/cmake --build /home/pietro/Scrivania/TESI/ROS2/MoCap/Ros2MoCap/build/mocap -- -j8 -l8
[0.403s] Invoking command in '/home/pietro/Scrivania/TESI/ROS2/MoCap/Ros2MoCap/build/mocap': CMAKE_PREFIX_PATH=${CMAKE_PREFIX_PATH}:/opt/ros/foxy /usr/bin/cmake --install /home/pietro/Scrivania/TESI/ROS2/MoCap/Ros2MoCap/build/mocap
[0.410s] -- Install configuration: ""
[0.410s] -- Installing: /home/pietro/Scrivania/TESI/ROS2/MoCap/Ros2MoCap/install/mocap/lib/mocap/mocap
[0.410s] -- Set runtime path of "/home/pietro/Scrivania/TESI/ROS2/MoCap/Ros2MoCap/install/mocap/lib/mocap/mocap" to ""
[0.410s] -- Installing: /home/pietro/Scrivania/TESI/ROS2/MoCap/Ros2MoCap/install/mocap/share/ament_index/resource_index/package_run_dependencies/mocap
[0.410s] -- Up-to-date: /home/pietro/Scrivania/TESI/ROS2/MoCap/Ros2MoCap/install/mocap/share/ament_index/resource_index/parent_prefix_path/mocap
[0.410s] -- Up-to-date: /home/pietro/Scrivania/TESI/ROS2/MoCap/Ros2MoCap/install/mocap/share/mocap/environment/ament_prefix_path.sh
[0.411s] -- Installing: /home/pietro/Scrivania/TESI/ROS2/MoCap/Ros2MoCap/install/mocap/share/mocap/environment/ament_prefix_path.dsv
[0.411s] -- Up-to-date: /home/pietro/Scrivania/TESI/ROS2/MoCap/Ros2MoCap/install/mocap/share/mocap/environment/path.sh
[0.411s] -- Installing: /home/pietro/Scrivania/TESI/ROS2/MoCap/Ros2MoCap/install/mocap/share/mocap/environment/path.dsv
[0.411s] -- Up-to-date: /home/pietro/Scrivania/TESI/ROS2/MoCap/Ros2MoCap/install/mocap/share/mocap/local_setup.bash
[0.411s] -- Up-to-date: /home/pietro/Scrivania/TESI/ROS2/MoCap/Ros2MoCap/install/mocap/share/mocap/local_setup.sh
[0.411s] -- Up-to-date: /home/pietro/Scrivania/TESI/ROS2/MoCap/Ros2MoCap/install/mocap/share/mocap/local_setup.zsh
[0.411s] -- Installing: /home/pietro/Scrivania/TESI/ROS2/MoCap/Ros2MoCap/install/mocap/share/mocap/local_setup.dsv
[0.411s] -- Installing: /home/pietro/Scrivania/TESI/ROS2/MoCap/Ros2MoCap/install/mocap/share/mocap/package.dsv
[0.411s] -- Up-to-date: /home/pietro/Scrivania/TESI/ROS2/MoCap/Ros2MoCap/install/mocap/share/ament_index/resource_index/packages/mocap
[0.411s] -- Up-to-date: /home/pietro/Scrivania/TESI/ROS2/MoCap/Ros2MoCap/install/mocap/share/mocap/cmake/mocapConfig.cmake
[0.411s] -- Up-to-date: /home/pietro/Scrivania/TESI/ROS2/MoCap/Ros2MoCap/install/mocap/share/mocap/cmake/mocapConfig-version.cmake
[0.411s] -- Installing: /home/pietro/Scrivania/TESI/ROS2/MoCap/Ros2MoCap/install/mocap/share/mocap/package.xml
[0.413s] Invoked command in '/home/pietro/Scrivania/TESI/ROS2/MoCap/Ros2MoCap/build/mocap' returned '0': CMAKE_PREFIX_PATH=${CMAKE_PREFIX_PATH}:/opt/ros/foxy /usr/bin/cmake --install /home/pietro/Scrivania/TESI/ROS2/MoCap/Ros2MoCap/build/mocap
