[0.017s] Invoking command in '/home/pietro/Scrivania/TESI/ROS2/MoCap/Ros2MoCap/build/MoCap': CMAKE_PREFIX_PATH=/opt/ros/foxy /usr/bin/cmake /home/pietro/Scrivania/TESI/ROS2/MoCap/Ros2MoCap/src/MoCap -DCMAKE_INSTALL_PREFIX=/home/pietro/Scrivania/TESI/ROS2/MoCap/Ros2MoCap/install/MoCap
[0.088s] -- The C compiler identification is GNU 9.3.0
[0.134s] -- The CXX compiler identification is GNU 9.3.0
[0.141s] -- Check for working C compiler: /usr/bin/cc
[0.201s] -- Check for working C compiler: /usr/bin/cc -- works
[0.202s] -- Detecting C compiler ABI info
[0.255s] -- Detecting C compiler ABI info - done
[0.267s] -- Detecting C compile features
[0.268s] -- Detecting C compile features - done
[0.271s] -- Check for working CXX compiler: /usr/bin/c++
[0.336s] -- Check for working CXX compiler: /usr/bin/c++ -- works
[0.338s] -- Detecting CXX compiler ABI info
[0.403s] -- Detecting CXX compiler ABI info - done
[0.414s] -- Detecting CXX compile features
[0.414s] -- Detecting CXX compile features - done
[0.422s] -- Found ament_cmake: 0.9.8 (/opt/ros/foxy/share/ament_cmake/cmake)
[0.444s] -- Found PythonInterp: /usr/bin/python3 (found suitable version "3.8.10", minimum required is "3") 
[0.444s] -- Using PYTHON_EXECUTABLE: /usr/bin/python3
[0.636s] WARNING: Package name "MoCap" does not follow the naming conventions. It should start with a lower case letter and only contain lower case letters, digits, underscores, and dashes.
[0.647s] -- Configuring done
[0.649s] -- Generating done
[0.650s] -- Build files have been written to: /home/pietro/Scrivania/TESI/ROS2/MoCap/Ros2MoCap/build/MoCap
[0.655s] Invoked command in '/home/pietro/Scrivania/TESI/ROS2/MoCap/Ros2MoCap/build/MoCap' returned '0': CMAKE_PREFIX_PATH=/opt/ros/foxy /usr/bin/cmake /home/pietro/Scrivania/TESI/ROS2/MoCap/Ros2MoCap/src/MoCap -DCMAKE_INSTALL_PREFIX=/home/pietro/Scrivania/TESI/ROS2/MoCap/Ros2MoCap/install/MoCap
[0.656s] Invoking command in '/home/pietro/Scrivania/TESI/ROS2/MoCap/Ros2MoCap/build/MoCap': CMAKE_PREFIX_PATH=/opt/ros/foxy /usr/bin/cmake --build /home/pietro/Scrivania/TESI/ROS2/MoCap/Ros2MoCap/build/MoCap -- -j8 -l8
[0.685s] [35m[1mScanning dependencies of target MoCap[0m
[0.694s] [ 50%] [32mBuilding CXX object CMakeFiles/MoCap.dir/src/MoCap.cpp.o[0m
[0.717s] [100%] [32m[1mLinking CXX executable MoCap[0m
[0.751s] [100%] Built target MoCap
[0.760s] Invoked command in '/home/pietro/Scrivania/TESI/ROS2/MoCap/Ros2MoCap/build/MoCap' returned '0': CMAKE_PREFIX_PATH=/opt/ros/foxy /usr/bin/cmake --build /home/pietro/Scrivania/TESI/ROS2/MoCap/Ros2MoCap/build/MoCap -- -j8 -l8
[0.788s] Invoking command in '/home/pietro/Scrivania/TESI/ROS2/MoCap/Ros2MoCap/build/MoCap': CMAKE_PREFIX_PATH=/opt/ros/foxy /usr/bin/cmake --install /home/pietro/Scrivania/TESI/ROS2/MoCap/Ros2MoCap/build/MoCap
[0.794s] -- Install configuration: ""
[0.794s] -- Installing: /home/pietro/Scrivania/TESI/ROS2/MoCap/Ros2MoCap/install/MoCap/lib/MoCap/MoCap
[0.795s] -- Installing: /home/pietro/Scrivania/TESI/ROS2/MoCap/Ros2MoCap/install/MoCap/share/ament_index/resource_index/package_run_dependencies/MoCap
[0.795s] -- Installing: /home/pietro/Scrivania/TESI/ROS2/MoCap/Ros2MoCap/install/MoCap/share/ament_index/resource_index/parent_prefix_path/MoCap
[0.795s] -- Installing: /home/pietro/Scrivania/TESI/ROS2/MoCap/Ros2MoCap/install/MoCap/share/MoCap/environment/ament_prefix_path.sh
[0.795s] -- Installing: /home/pietro/Scrivania/TESI/ROS2/MoCap/Ros2MoCap/install/MoCap/share/MoCap/environment/ament_prefix_path.dsv
[0.795s] -- Installing: /home/pietro/Scrivania/TESI/ROS2/MoCap/Ros2MoCap/install/MoCap/share/MoCap/environment/path.sh
[0.795s] -- Installing: /home/pietro/Scrivania/TESI/ROS2/MoCap/Ros2MoCap/install/MoCap/share/MoCap/environment/path.dsv
[0.796s] -- Installing: /home/pietro/Scrivania/TESI/ROS2/MoCap/Ros2MoCap/install/MoCap/share/MoCap/local_setup.bash
[0.796s] -- Installing: /home/pietro/Scrivania/TESI/ROS2/MoCap/Ros2MoCap/install/MoCap/share/MoCap/local_setup.sh
[0.796s] -- Installing: /home/pietro/Scrivania/TESI/ROS2/MoCap/Ros2MoCap/install/MoCap/share/MoCap/local_setup.zsh
[0.796s] -- Installing: /home/pietro/Scrivania/TESI/ROS2/MoCap/Ros2MoCap/install/MoCap/share/MoCap/local_setup.dsv
[0.796s] -- Installing: /home/pietro/Scrivania/TESI/ROS2/MoCap/Ros2MoCap/install/MoCap/share/MoCap/package.dsv
[0.796s] -- Installing: /home/pietro/Scrivania/TESI/ROS2/MoCap/Ros2MoCap/install/MoCap/share/ament_index/resource_index/packages/MoCap
[0.797s] -- Installing: /home/pietro/Scrivania/TESI/ROS2/MoCap/Ros2MoCap/install/MoCap/share/MoCap/cmake/MoCapConfig.cmake
[0.797s] -- Installing: /home/pietro/Scrivania/TESI/ROS2/MoCap/Ros2MoCap/install/MoCap/share/MoCap/cmake/MoCapConfig-version.cmake
[0.797s] -- Installing: /home/pietro/Scrivania/TESI/ROS2/MoCap/Ros2MoCap/install/MoCap/share/MoCap/package.xml
[0.799s] Invoked command in '/home/pietro/Scrivania/TESI/ROS2/MoCap/Ros2MoCap/build/MoCap' returned '0': CMAKE_PREFIX_PATH=/opt/ros/foxy /usr/bin/cmake --install /home/pietro/Scrivania/TESI/ROS2/MoCap/Ros2MoCap/build/MoCap
