[0.013s] Invoking command in '/home/pietro/Scrivania/TESI/ROS2/MoCap/Ros2MoCap/build/mocap_pub': CMAKE_PREFIX_PATH=/home/pietro/Scrivania/TESI/ROS2/MoCap/Ros2MoCap/install/mocap_interfaces:/home/pietro/Scrivania/TESI/ROS2/MoCap/Ros2MoCap/install/mocap_pub:/opt/ros/foxy /usr/bin/cmake --build /home/pietro/Scrivania/TESI/ROS2/MoCap/Ros2MoCap/build/mocap_pub -- -j8 -l8
[0.046s] [35m[1mScanning dependencies of target mocap_pub[0m
[0.075s] [ 33%] [32mBuilding CXX object CMakeFiles/mocap_pub.dir/src/MoCapPublisher.cpp.o[0m
[0.076s] [ 66%] [32mBuilding CXX object CMakeFiles/mocap_pub.dir/src/MoCapNatNetClient.cpp.o[0m
[1.178s] [01m[K/home/pietro/Scrivania/TESI/ROS2/MoCap/Ros2MoCap/src/mocap_pub/src/MoCapNatNetClient.cpp:[m[K In function ‘[01m[Kvoid dataFrameHandler(sFrameOfMocapData*, void*)[m[K’:
[1.178s] [01m[K/home/pietro/Scrivania/TESI/ROS2/MoCap/Ros2MoCap/src/mocap_pub/src/MoCapNatNetClient.cpp:230:10:[m[K [01;35m[Kwarning: [m[Kvariable ‘[01m[KbOccluded[m[K’ set but not used [[01;35m[K-Wunused-but-set-variable[m[K]
[1.178s]   230 |     bool [01;35m[KbOccluded[m[K;     // marker was not visible (occluded) in this frame
[1.178s]       |          [01;35m[K^~~~~~~~~[m[K
[1.178s] [01m[K/home/pietro/Scrivania/TESI/ROS2/MoCap/Ros2MoCap/src/mocap_pub/src/MoCapNatNetClient.cpp:231:10:[m[K [01;35m[Kwarning: [m[Kvariable ‘[01m[KbPCSolved[m[K’ set but not used [[01;35m[K-Wunused-but-set-variable[m[K]
[1.178s]   231 |     bool [01;35m[KbPCSolved[m[K;     // reported position provided by point cloud solve
[1.178s]       |          [01;35m[K^~~~~~~~~[m[K
[1.178s] [01m[K/home/pietro/Scrivania/TESI/ROS2/MoCap/Ros2MoCap/src/mocap_pub/src/MoCapNatNetClient.cpp:232:10:[m[K [01;35m[Kwarning: [m[Kvariable ‘[01m[KbModelSolved[m[K’ set but not used [[01;35m[K-Wunused-but-set-variable[m[K]
[1.178s]   232 |     bool [01;35m[KbModelSolved[m[K;  // reported position provided by model solve
[1.178s]       |          [01;35m[K^~~~~~~~~~~~[m[K
[1.178s] [01m[K/home/pietro/Scrivania/TESI/ROS2/MoCap/Ros2MoCap/src/mocap_pub/src/MoCapNatNetClient.cpp:233:10:[m[K [01;35m[Kwarning: [m[Kvariable ‘[01m[KbHasModel[m[K’ set but not used [[01;35m[K-Wunused-but-set-variable[m[K]
[1.178s]   233 |     bool [01;35m[KbHasModel[m[K;     // marker has an associated asset in the data stream
[1.178s]       |          [01;35m[K^~~~~~~~~[m[K
[2.354s] [100%] [32m[1mLinking CXX executable mocap_pub[0m
[2.491s] [100%] Built target mocap_pub
[2.501s] Invoked command in '/home/pietro/Scrivania/TESI/ROS2/MoCap/Ros2MoCap/build/mocap_pub' returned '0': CMAKE_PREFIX_PATH=/home/pietro/Scrivania/TESI/ROS2/MoCap/Ros2MoCap/install/mocap_interfaces:/home/pietro/Scrivania/TESI/ROS2/MoCap/Ros2MoCap/install/mocap_pub:/opt/ros/foxy /usr/bin/cmake --build /home/pietro/Scrivania/TESI/ROS2/MoCap/Ros2MoCap/build/mocap_pub -- -j8 -l8
[2.531s] Invoking command in '/home/pietro/Scrivania/TESI/ROS2/MoCap/Ros2MoCap/build/mocap_pub': CMAKE_PREFIX_PATH=/home/pietro/Scrivania/TESI/ROS2/MoCap/Ros2MoCap/install/mocap_interfaces:/home/pietro/Scrivania/TESI/ROS2/MoCap/Ros2MoCap/install/mocap_pub:/opt/ros/foxy /usr/bin/cmake --install /home/pietro/Scrivania/TESI/ROS2/MoCap/Ros2MoCap/build/mocap_pub
[2.539s] -- Install configuration: ""
[2.539s] -- Installing: /home/pietro/Scrivania/TESI/ROS2/MoCap/Ros2MoCap/install/mocap_pub/lib/mocap_pub/mocap_pub
[2.540s] -- Set runtime path of "/home/pietro/Scrivania/TESI/ROS2/MoCap/Ros2MoCap/install/mocap_pub/lib/mocap_pub/mocap_pub" to ""
[2.540s] -- Up-to-date: /home/pietro/Scrivania/TESI/ROS2/MoCap/Ros2MoCap/install/mocap_pub/share/ament_index/resource_index/package_run_dependencies/mocap_pub
[2.540s] -- Up-to-date: /home/pietro/Scrivania/TESI/ROS2/MoCap/Ros2MoCap/install/mocap_pub/share/ament_index/resource_index/parent_prefix_path/mocap_pub
[2.540s] -- Up-to-date: /home/pietro/Scrivania/TESI/ROS2/MoCap/Ros2MoCap/install/mocap_pub/share/mocap_pub/environment/ament_prefix_path.sh
[2.540s] -- Up-to-date: /home/pietro/Scrivania/TESI/ROS2/MoCap/Ros2MoCap/install/mocap_pub/share/mocap_pub/environment/ament_prefix_path.dsv
[2.540s] -- Up-to-date: /home/pietro/Scrivania/TESI/ROS2/MoCap/Ros2MoCap/install/mocap_pub/share/mocap_pub/environment/path.sh
[2.540s] -- Up-to-date: /home/pietro/Scrivania/TESI/ROS2/MoCap/Ros2MoCap/install/mocap_pub/share/mocap_pub/environment/path.dsv
[2.540s] -- Up-to-date: /home/pietro/Scrivania/TESI/ROS2/MoCap/Ros2MoCap/install/mocap_pub/share/mocap_pub/local_setup.bash
[2.540s] -- Up-to-date: /home/pietro/Scrivania/TESI/ROS2/MoCap/Ros2MoCap/install/mocap_pub/share/mocap_pub/local_setup.sh
[2.540s] -- Up-to-date: /home/pietro/Scrivania/TESI/ROS2/MoCap/Ros2MoCap/install/mocap_pub/share/mocap_pub/local_setup.zsh
[2.540s] -- Up-to-date: /home/pietro/Scrivania/TESI/ROS2/MoCap/Ros2MoCap/install/mocap_pub/share/mocap_pub/local_setup.dsv
[2.540s] -- Installing: /home/pietro/Scrivania/TESI/ROS2/MoCap/Ros2MoCap/install/mocap_pub/share/mocap_pub/package.dsv
[2.540s] -- Up-to-date: /home/pietro/Scrivania/TESI/ROS2/MoCap/Ros2MoCap/install/mocap_pub/share/ament_index/resource_index/packages/mocap_pub
[2.541s] -- Up-to-date: /home/pietro/Scrivania/TESI/ROS2/MoCap/Ros2MoCap/install/mocap_pub/share/mocap_pub/cmake/mocap_pubConfig.cmake
[2.541s] -- Up-to-date: /home/pietro/Scrivania/TESI/ROS2/MoCap/Ros2MoCap/install/mocap_pub/share/mocap_pub/cmake/mocap_pubConfig-version.cmake
[2.541s] -- Up-to-date: /home/pietro/Scrivania/TESI/ROS2/MoCap/Ros2MoCap/install/mocap_pub/share/mocap_pub/package.xml
[2.543s] Invoked command in '/home/pietro/Scrivania/TESI/ROS2/MoCap/Ros2MoCap/build/mocap_pub' returned '0': CMAKE_PREFIX_PATH=/home/pietro/Scrivania/TESI/ROS2/MoCap/Ros2MoCap/install/mocap_interfaces:/home/pietro/Scrivania/TESI/ROS2/MoCap/Ros2MoCap/install/mocap_pub:/opt/ros/foxy /usr/bin/cmake --install /home/pietro/Scrivania/TESI/ROS2/MoCap/Ros2MoCap/build/mocap_pub
