[0.013s] Invoking command in '/home/pietro/Scrivania/TESI/ROS2/MoCap/Ros2MoCap/build/mocap_pub': CMAKE_PREFIX_PATH=/home/pietro/Scrivania/TESI/ROS2/MoCap/Ros2MoCap/install/mocap_interfaces:/home/pietro/Scrivania/TESI/ROS2/MoCap/Ros2MoCap/install/mocap_pub:/opt/ros/foxy /usr/bin/cmake --build /home/pietro/Scrivania/TESI/ROS2/MoCap/Ros2MoCap/build/mocap_pub -- -j8 -l8
[0.050s] [35m[1mScanning dependencies of target mocap_pub[0m
[0.076s] [ 33%] [32mBuilding CXX object CMakeFiles/mocap_pub.dir/src/MoCapPublisher.cpp.o[0m
[1.059s] [01m[K/home/pietro/Scrivania/TESI/ROS2/MoCap/Ros2MoCap/src/mocap_pub/src/MoCapPublisher.cpp:[m[K In function ‘[01m[Kint main(int, char**)[m[K’:
[1.059s] [01m[K/home/pietro/Scrivania/TESI/ROS2/MoCap/Ros2MoCap/src/mocap_pub/src/MoCapPublisher.cpp:48:63:[m[K [01;31m[Kerror: [m[Kcannot convert ‘[01m[Kstd::shared_ptr<MoCapPublisher>[m[K’ to ‘[01m[KMoCapPublisher*[m[K’ in initialization
[1.059s]    48 |   MoCapPublisher* publisher = [01;31m[Kstd::make_shared<MoCapPublisher>()[m[K;
[1.059s]       |                               [01;31m[K~~~~~~~~~~~~~~~~~~~~~~~~~~~~~~~~^~[m[K
[1.059s]       |                                                               [01;31m[K|[m[K
[1.059s]       |                                                               [01;31m[Kstd::shared_ptr<MoCapPublisher>[m[K
[1.060s] [01m[K/home/pietro/Scrivania/TESI/ROS2/MoCap/Ros2MoCap/src/mocap_pub/src/MoCapPublisher.cpp:52:25:[m[K [01;31m[Kerror: [m[Kno matching function for call to ‘[01m[Kspin(MoCapPublisher*&)[m[K’
[1.060s]    52 |   rclcpp::spin(publisher[01;31m[K)[m[K;
[1.060s]       |                         [01;31m[K^[m[K
[1.060s] In file included from [01m[K/opt/ros/foxy/include/rclcpp/rclcpp.hpp:146[m[K,
[1.060s]                  from [01m[K/home/pietro/Scrivania/TESI/ROS2/MoCap/Ros2MoCap/src/mocap_pub/include/MoCapPublisher/MoCapPublisher.h:7[m[K,
[1.060s]                  from [01m[K/home/pietro/Scrivania/TESI/ROS2/MoCap/Ros2MoCap/src/mocap_pub/src/MoCapPublisher.cpp:2[m[K:
[1.060s] [01m[K/opt/ros/foxy/include/rclcpp/executors.hpp:45:1:[m[K [01;36m[Knote: [m[Kcandidate: ‘[01m[Kvoid rclcpp::spin(rclcpp::node_interfaces::NodeBaseInterface::SharedPtr)[m[K’
[1.060s]    45 | [01;36m[Kspin[m[K(rclcpp::node_interfaces::NodeBaseInterface::SharedPtr node_ptr);
[1.060s]       | [01;36m[K^~~~[m[K
[1.060s] [01m[K/opt/ros/foxy/include/rclcpp/executors.hpp:45:60:[m[K [01;36m[Knote: [m[K  no known conversion for argument 1 from ‘[01m[KMoCapPublisher*[m[K’ to ‘[01m[Krclcpp::node_interfaces::NodeBaseInterface::SharedPtr[m[K’ {aka ‘[01m[Kstd::shared_ptr<rclcpp::node_interfaces::NodeBaseInterface>[m[K’}
[1.060s]    45 | spin([01;36m[Krclcpp::node_interfaces::NodeBaseInterface::SharedPtr node_ptr[m[K);
[1.060s]       |      [01;36m[K~~~~~~~~~~~~~~~~~~~~~~~~~~~~~~~~~~~~~~~~~~~~~~~~~~~~~~^~~~~~~~[m[K
[1.060s] [01m[K/opt/ros/foxy/include/rclcpp/executors.hpp:49:1:[m[K [01;36m[Knote: [m[Kcandidate: ‘[01m[Kvoid rclcpp::spin(rclcpp::Node::SharedPtr)[m[K’
[1.060s]    49 | [01;36m[Kspin[m[K(rclcpp::Node::SharedPtr node_ptr);
[1.060s]       | [01;36m[K^~~~[m[K
[1.060s] [01m[K/opt/ros/foxy/include/rclcpp/executors.hpp:49:30:[m[K [01;36m[Knote: [m[K  no known conversion for argument 1 from ‘[01m[KMoCapPublisher*[m[K’ to ‘[01m[Krclcpp::Node::SharedPtr[m[K’ {aka ‘[01m[Kstd::shared_ptr<rclcpp::Node>[m[K’}
[1.060s]    49 | spin([01;36m[Krclcpp::Node::SharedPtr node_ptr[m[K);
[1.060s]       |      [01;36m[K~~~~~~~~~~~~~~~~~~~~~~~~^~~~~~~~[m[K
[1.508s] make[2]: *** [CMakeFiles/mocap_pub.dir/build.make:63: CMakeFiles/mocap_pub.dir/src/MoCapPublisher.cpp.o] Error 1
[1.508s] make[1]: *** [CMakeFiles/Makefile2:78: CMakeFiles/mocap_pub.dir/all] Error 2
[1.509s] make: *** [Makefile:141: all] Error 2
[1.512s] Invoked command in '/home/pietro/Scrivania/TESI/ROS2/MoCap/Ros2MoCap/build/mocap_pub' returned '2': CMAKE_PREFIX_PATH=/home/pietro/Scrivania/TESI/ROS2/MoCap/Ros2MoCap/install/mocap_interfaces:/home/pietro/Scrivania/TESI/ROS2/MoCap/Ros2MoCap/install/mocap_pub:/opt/ros/foxy /usr/bin/cmake --build /home/pietro/Scrivania/TESI/ROS2/MoCap/Ros2MoCap/build/mocap_pub -- -j8 -l8
