[0.197s] DEBUG:colcon:Command line arguments: ['/usr/bin/colcon', 'build']
[0.197s] DEBUG:colcon:Parsed command line arguments: Namespace(ament_cmake_args=None, base_paths=['.'], build_base='build', catkin_cmake_args=None, catkin_skip_building_tests=False, cmake_args=None, cmake_clean_cache=False, cmake_clean_first=False, cmake_force_configure=False, cmake_target=None, cmake_target_skip_unavailable=False, continue_on_error=False, event_handlers=None, executor='parallel', ignore_user_meta=False, install_base='install', log_base=None, log_level=None, main=<bound method BuildVerb.main of <colcon_core.verb.build.BuildVerb object at 0x7f27c91cc850>>, merge_install=False, metas=['./colcon.meta'], packages_above=None, packages_above_and_dependencies=None, packages_above_depth=None, packages_end=None, packages_ignore=None, packages_ignore_regex=None, packages_select=None, packages_select_build_failed=False, packages_select_by_dep=None, packages_select_regex=None, packages_select_test_failures=False, packages_skip=None, packages_skip_build_finished=False, packages_skip_by_dep=None, packages_skip_regex=None, packages_skip_test_passed=False, packages_skip_up_to=None, packages_start=None, packages_up_to=None, packages_up_to_regex=None, parallel_workers=8, paths=None, symlink_install=False, test_result_base=None, verb_extension=<colcon_core.verb.build.BuildVerb object at 0x7f27c91cc850>, verb_name='build', verb_parser=<colcon_defaults.argument_parser.defaults.DefaultArgumentsDecorator object at 0x7f27c91ccdc0>)
[0.201s] Level 1:colcon.colcon_core.package_discovery:discover_packages(colcon_meta) check parameters
[0.201s] Level 1:colcon.colcon_core.package_discovery:discover_packages(recursive) check parameters
[0.201s] Level 1:colcon.colcon_core.package_discovery:discover_packages(ignore) check parameters
[0.201s] Level 1:colcon.colcon_core.package_discovery:discover_packages(path) check parameters
[0.202s] Level 1:colcon.colcon_core.package_discovery:discover_packages(colcon_meta) discover
[0.202s] Level 1:colcon.colcon_core.package_discovery:discover_packages(recursive) discover
[0.202s] INFO:colcon.colcon_core.package_discovery:Crawling recursively for packages in '/home/pietro/Scrivania/TESI/ROS2/MoCap/Ros2MoCap'
[0.202s] Level 1:colcon.colcon_core.package_identification:_identify(.) by extensions ['ignore', 'ignore_ament_install']
[0.202s] Level 1:colcon.colcon_core.package_identification:_identify(.) by extension 'ignore'
[0.202s] Level 1:colcon.colcon_core.package_identification:_identify(.) by extension 'ignore_ament_install'
[0.202s] Level 1:colcon.colcon_core.package_identification:_identify(.) by extensions ['colcon_pkg']
[0.202s] Level 1:colcon.colcon_core.package_identification:_identify(.) by extension 'colcon_pkg'
[0.202s] Level 1:colcon.colcon_core.package_identification:_identify(.) by extensions ['colcon_meta']
[0.202s] Level 1:colcon.colcon_core.package_identification:_identify(.) by extension 'colcon_meta'
[0.202s] Level 1:colcon.colcon_core.package_identification:_identify(.) by extensions ['ros']
[0.202s] Level 1:colcon.colcon_core.package_identification:_identify(.) by extension 'ros'
[0.211s] Level 1:colcon.colcon_core.package_identification:_identify(.) by extensions ['cmake', 'python']
[0.211s] Level 1:colcon.colcon_core.package_identification:_identify(.) by extension 'cmake'
[0.211s] Level 1:colcon.colcon_core.package_identification:_identify(.) by extension 'python'
[0.211s] Level 1:colcon.colcon_core.package_identification:_identify(.) by extensions ['python_setup_py']
[0.211s] Level 1:colcon.colcon_core.package_identification:_identify(.) by extension 'python_setup_py'
[0.211s] Level 1:colcon.colcon_core.package_identification:_identify(build) by extensions ['ignore', 'ignore_ament_install']
[0.211s] Level 1:colcon.colcon_core.package_identification:_identify(build) by extension 'ignore'
[0.211s] Level 1:colcon.colcon_core.package_identification:_identify(build) ignored
[0.211s] Level 1:colcon.colcon_core.package_identification:_identify(install) by extensions ['ignore', 'ignore_ament_install']
[0.212s] Level 1:colcon.colcon_core.package_identification:_identify(install) by extension 'ignore'
[0.212s] Level 1:colcon.colcon_core.package_identification:_identify(install) ignored
[0.212s] Level 1:colcon.colcon_core.package_identification:_identify(log) by extensions ['ignore', 'ignore_ament_install']
[0.212s] Level 1:colcon.colcon_core.package_identification:_identify(log) by extension 'ignore'
[0.212s] Level 1:colcon.colcon_core.package_identification:_identify(log) ignored
[0.212s] Level 1:colcon.colcon_core.package_identification:_identify(src) by extensions ['ignore', 'ignore_ament_install']
[0.212s] Level 1:colcon.colcon_core.package_identification:_identify(src) by extension 'ignore'
[0.212s] Level 1:colcon.colcon_core.package_identification:_identify(src) by extension 'ignore_ament_install'
[0.212s] Level 1:colcon.colcon_core.package_identification:_identify(src) by extensions ['colcon_pkg']
[0.212s] Level 1:colcon.colcon_core.package_identification:_identify(src) by extension 'colcon_pkg'
[0.212s] Level 1:colcon.colcon_core.package_identification:_identify(src) by extensions ['colcon_meta']
[0.212s] Level 1:colcon.colcon_core.package_identification:_identify(src) by extension 'colcon_meta'
[0.212s] Level 1:colcon.colcon_core.package_identification:_identify(src) by extensions ['ros']
[0.212s] Level 1:colcon.colcon_core.package_identification:_identify(src) by extension 'ros'
[0.212s] Level 1:colcon.colcon_core.package_identification:_identify(src) by extensions ['cmake', 'python']
[0.212s] Level 1:colcon.colcon_core.package_identification:_identify(src) by extension 'cmake'
[0.212s] Level 1:colcon.colcon_core.package_identification:_identify(src) by extension 'python'
[0.212s] Level 1:colcon.colcon_core.package_identification:_identify(src) by extensions ['python_setup_py']
[0.212s] Level 1:colcon.colcon_core.package_identification:_identify(src) by extension 'python_setup_py'
[0.213s] Level 1:colcon.colcon_core.package_identification:_identify(src/mocap_interfaces) by extensions ['ignore', 'ignore_ament_install']
[0.213s] Level 1:colcon.colcon_core.package_identification:_identify(src/mocap_interfaces) by extension 'ignore'
[0.213s] Level 1:colcon.colcon_core.package_identification:_identify(src/mocap_interfaces) by extension 'ignore_ament_install'
[0.213s] Level 1:colcon.colcon_core.package_identification:_identify(src/mocap_interfaces) by extensions ['colcon_pkg']
[0.213s] Level 1:colcon.colcon_core.package_identification:_identify(src/mocap_interfaces) by extension 'colcon_pkg'
[0.213s] Level 1:colcon.colcon_core.package_identification:_identify(src/mocap_interfaces) by extensions ['colcon_meta']
[0.213s] Level 1:colcon.colcon_core.package_identification:_identify(src/mocap_interfaces) by extension 'colcon_meta'
[0.213s] Level 1:colcon.colcon_core.package_identification:_identify(src/mocap_interfaces) by extensions ['ros']
[0.213s] Level 1:colcon.colcon_core.package_identification:_identify(src/mocap_interfaces) by extension 'ros'
[0.215s] DEBUG:colcon.colcon_core.package_identification:Package 'src/mocap_interfaces' with type 'ros.ament_cmake' and name 'mocap_interfaces'
[0.215s] Level 1:colcon.colcon_core.package_identification:_identify(src/mocap_pub) by extensions ['ignore', 'ignore_ament_install']
[0.215s] Level 1:colcon.colcon_core.package_identification:_identify(src/mocap_pub) by extension 'ignore'
[0.215s] Level 1:colcon.colcon_core.package_identification:_identify(src/mocap_pub) by extension 'ignore_ament_install'
[0.215s] Level 1:colcon.colcon_core.package_identification:_identify(src/mocap_pub) by extensions ['colcon_pkg']
[0.215s] Level 1:colcon.colcon_core.package_identification:_identify(src/mocap_pub) by extension 'colcon_pkg'
[0.215s] Level 1:colcon.colcon_core.package_identification:_identify(src/mocap_pub) by extensions ['colcon_meta']
[0.215s] Level 1:colcon.colcon_core.package_identification:_identify(src/mocap_pub) by extension 'colcon_meta'
[0.215s] Level 1:colcon.colcon_core.package_identification:_identify(src/mocap_pub) by extensions ['ros']
[0.215s] Level 1:colcon.colcon_core.package_identification:_identify(src/mocap_pub) by extension 'ros'
[0.216s] DEBUG:colcon.colcon_core.package_identification:Package 'src/mocap_pub' with type 'ros.ament_cmake' and name 'mocap_pub'
[0.216s] Level 1:colcon.colcon_core.package_identification:_identify(src/world_to_base) by extensions ['ignore', 'ignore_ament_install']
[0.216s] Level 1:colcon.colcon_core.package_identification:_identify(src/world_to_base) by extension 'ignore'
[0.216s] Level 1:colcon.colcon_core.package_identification:_identify(src/world_to_base) by extension 'ignore_ament_install'
[0.216s] Level 1:colcon.colcon_core.package_identification:_identify(src/world_to_base) by extensions ['colcon_pkg']
[0.216s] Level 1:colcon.colcon_core.package_identification:_identify(src/world_to_base) by extension 'colcon_pkg'
[0.216s] Level 1:colcon.colcon_core.package_identification:_identify(src/world_to_base) by extensions ['colcon_meta']
[0.216s] Level 1:colcon.colcon_core.package_identification:_identify(src/world_to_base) by extension 'colcon_meta'
[0.216s] Level 1:colcon.colcon_core.package_identification:_identify(src/world_to_base) by extensions ['ros']
[0.216s] Level 1:colcon.colcon_core.package_identification:_identify(src/world_to_base) by extension 'ros'
[0.217s] DEBUG:colcon.colcon_core.package_identification:Package 'src/world_to_base' with type 'ros.ament_cmake' and name 'world_to_base'
[0.217s] Level 1:colcon.colcon_core.package_discovery:discover_packages(recursive) using defaults
[0.217s] Level 1:colcon.colcon_core.package_discovery:discover_packages(ignore) discover
[0.217s] Level 1:colcon.colcon_core.package_discovery:discover_packages(ignore) using defaults
[0.217s] Level 1:colcon.colcon_core.package_discovery:discover_packages(path) discover
[0.217s] Level 1:colcon.colcon_core.package_discovery:discover_packages(path) using defaults
[0.230s] Level 5:colcon.colcon_core.verb:set package 'mocap_interfaces' build argument 'cmake_args' from command line to 'None'
[0.231s] Level 5:colcon.colcon_core.verb:set package 'mocap_interfaces' build argument 'cmake_target' from command line to 'None'
[0.231s] Level 5:colcon.colcon_core.verb:set package 'mocap_interfaces' build argument 'cmake_target_skip_unavailable' from command line to 'False'
[0.231s] Level 5:colcon.colcon_core.verb:set package 'mocap_interfaces' build argument 'cmake_clean_cache' from command line to 'False'
[0.231s] Level 5:colcon.colcon_core.verb:set package 'mocap_interfaces' build argument 'cmake_clean_first' from command line to 'False'
[0.231s] Level 5:colcon.colcon_core.verb:set package 'mocap_interfaces' build argument 'cmake_force_configure' from command line to 'False'
[0.231s] Level 5:colcon.colcon_core.verb:set package 'mocap_interfaces' build argument 'ament_cmake_args' from command line to 'None'
[0.231s] Level 5:colcon.colcon_core.verb:set package 'mocap_interfaces' build argument 'catkin_cmake_args' from command line to 'None'
[0.231s] Level 5:colcon.colcon_core.verb:set package 'mocap_interfaces' build argument 'catkin_skip_building_tests' from command line to 'False'
[0.231s] DEBUG:colcon.colcon_core.verb:Building package 'mocap_interfaces' with the following arguments: {'ament_cmake_args': None, 'build_base': '/home/pietro/Scrivania/TESI/ROS2/MoCap/Ros2MoCap/build/mocap_interfaces', 'catkin_cmake_args': None, 'catkin_skip_building_tests': False, 'cmake_args': None, 'cmake_clean_cache': False, 'cmake_clean_first': False, 'cmake_force_configure': False, 'cmake_target': None, 'cmake_target_skip_unavailable': False, 'install_base': '/home/pietro/Scrivania/TESI/ROS2/MoCap/Ros2MoCap/install/mocap_interfaces', 'merge_install': False, 'path': '/home/pietro/Scrivania/TESI/ROS2/MoCap/Ros2MoCap/src/mocap_interfaces', 'symlink_install': False, 'test_result_base': None}
[0.232s] Level 5:colcon.colcon_core.verb:set package 'world_to_base' build argument 'cmake_args' from command line to 'None'
[0.232s] Level 5:colcon.colcon_core.verb:set package 'world_to_base' build argument 'cmake_target' from command line to 'None'
[0.232s] Level 5:colcon.colcon_core.verb:set package 'world_to_base' build argument 'cmake_target_skip_unavailable' from command line to 'False'
[0.233s] Level 5:colcon.colcon_core.verb:set package 'world_to_base' build argument 'cmake_clean_cache' from command line to 'False'
[0.233s] Level 5:colcon.colcon_core.verb:set package 'world_to_base' build argument 'cmake_clean_first' from command line to 'False'
[0.233s] Level 5:colcon.colcon_core.verb:set package 'world_to_base' build argument 'cmake_force_configure' from command line to 'False'
[0.233s] Level 5:colcon.colcon_core.verb:set package 'world_to_base' build argument 'ament_cmake_args' from command line to 'None'
[0.233s] Level 5:colcon.colcon_core.verb:set package 'world_to_base' build argument 'catkin_cmake_args' from command line to 'None'
[0.233s] Level 5:colcon.colcon_core.verb:set package 'world_to_base' build argument 'catkin_skip_building_tests' from command line to 'False'
[0.233s] DEBUG:colcon.colcon_core.verb:Building package 'world_to_base' with the following arguments: {'ament_cmake_args': None, 'build_base': '/home/pietro/Scrivania/TESI/ROS2/MoCap/Ros2MoCap/build/world_to_base', 'catkin_cmake_args': None, 'catkin_skip_building_tests': False, 'cmake_args': None, 'cmake_clean_cache': False, 'cmake_clean_first': False, 'cmake_force_configure': False, 'cmake_target': None, 'cmake_target_skip_unavailable': False, 'install_base': '/home/pietro/Scrivania/TESI/ROS2/MoCap/Ros2MoCap/install/world_to_base', 'merge_install': False, 'path': '/home/pietro/Scrivania/TESI/ROS2/MoCap/Ros2MoCap/src/world_to_base', 'symlink_install': False, 'test_result_base': None}
[0.234s] Level 5:colcon.colcon_core.verb:set package 'mocap_pub' build argument 'cmake_args' from command line to 'None'
[0.234s] Level 5:colcon.colcon_core.verb:set package 'mocap_pub' build argument 'cmake_target' from command line to 'None'
[0.234s] Level 5:colcon.colcon_core.verb:set package 'mocap_pub' build argument 'cmake_target_skip_unavailable' from command line to 'False'
[0.234s] Level 5:colcon.colcon_core.verb:set package 'mocap_pub' build argument 'cmake_clean_cache' from command line to 'False'
[0.234s] Level 5:colcon.colcon_core.verb:set package 'mocap_pub' build argument 'cmake_clean_first' from command line to 'False'
[0.234s] Level 5:colcon.colcon_core.verb:set package 'mocap_pub' build argument 'cmake_force_configure' from command line to 'False'
[0.235s] Level 5:colcon.colcon_core.verb:set package 'mocap_pub' build argument 'ament_cmake_args' from command line to 'None'
[0.235s] Level 5:colcon.colcon_core.verb:set package 'mocap_pub' build argument 'catkin_cmake_args' from command line to 'None'
[0.235s] Level 5:colcon.colcon_core.verb:set package 'mocap_pub' build argument 'catkin_skip_building_tests' from command line to 'False'
[0.235s] DEBUG:colcon.colcon_core.verb:Building package 'mocap_pub' with the following arguments: {'ament_cmake_args': None, 'build_base': '/home/pietro/Scrivania/TESI/ROS2/MoCap/Ros2MoCap/build/mocap_pub', 'catkin_cmake_args': None, 'catkin_skip_building_tests': False, 'cmake_args': None, 'cmake_clean_cache': False, 'cmake_clean_first': False, 'cmake_force_configure': False, 'cmake_target': None, 'cmake_target_skip_unavailable': False, 'install_base': '/home/pietro/Scrivania/TESI/ROS2/MoCap/Ros2MoCap/install/mocap_pub', 'merge_install': False, 'path': '/home/pietro/Scrivania/TESI/ROS2/MoCap/Ros2MoCap/src/mocap_pub', 'symlink_install': False, 'test_result_base': None}
[0.235s] INFO:colcon.colcon_core.executor:Executing jobs using 'parallel' executor
[0.237s] DEBUG:colcon.colcon_parallel_executor.executor.parallel:run_until_complete
[0.237s] INFO:colcon.colcon_ros.task.ament_cmake.build:Building ROS package in '/home/pietro/Scrivania/TESI/ROS2/MoCap/Ros2MoCap/src/mocap_interfaces' with build type 'ament_cmake'
[0.237s] INFO:colcon.colcon_cmake.task.cmake.build:Building CMake package in '/home/pietro/Scrivania/TESI/ROS2/MoCap/Ros2MoCap/src/mocap_interfaces'
[0.240s] INFO:colcon.colcon_core.plugin_system:Skipping extension 'colcon_core.shell.bat': Not used on non-Windows systems
[0.240s] INFO:colcon.colcon_core.shell:Skip shell extension 'powershell' for command environment: Not usable outside of PowerShell
[0.240s] DEBUG:colcon.colcon_core.shell:Skip shell extension 'dsv' for command environment
[0.241s] DEBUG:colcon.colcon_core.shell:Ignoring prefix path '/opt/ros/foxy'
[0.244s] INFO:colcon.colcon_ros.task.ament_cmake.build:Building ROS package in '/home/pietro/Scrivania/TESI/ROS2/MoCap/Ros2MoCap/src/world_to_base' with build type 'ament_cmake'
[0.244s] INFO:colcon.colcon_cmake.task.cmake.build:Building CMake package in '/home/pietro/Scrivania/TESI/ROS2/MoCap/Ros2MoCap/src/world_to_base'
[0.245s] INFO:colcon.colcon_core.shell:Skip shell extension 'powershell' for command environment: Not usable outside of PowerShell
[0.245s] DEBUG:colcon.colcon_core.shell:Skip shell extension 'dsv' for command environment
[0.246s] DEBUG:colcon.colcon_core.shell:Ignoring prefix path '/opt/ros/foxy'
[0.256s] DEBUG:colcon.colcon_core.event_handler.log_command:Invoking command in '/home/pietro/Scrivania/TESI/ROS2/MoCap/Ros2MoCap/build/mocap_interfaces': CMAKE_PREFIX_PATH=/opt/ros/foxy /usr/bin/cmake --build /home/pietro/Scrivania/TESI/ROS2/MoCap/Ros2MoCap/build/mocap_interfaces -- -j8 -l8
[0.260s] DEBUG:colcon.colcon_core.event_handler.log_command:Invoking command in '/home/pietro/Scrivania/TESI/ROS2/MoCap/Ros2MoCap/build/world_to_base': CMAKE_PREFIX_PATH=/opt/ros/foxy /usr/bin/cmake /home/pietro/Scrivania/TESI/ROS2/MoCap/Ros2MoCap/src/world_to_base -DCMAKE_INSTALL_PREFIX=/home/pietro/Scrivania/TESI/ROS2/MoCap/Ros2MoCap/install/world_to_base
[0.468s] DEBUG:colcon.colcon_core.event_handler.log_command:Invoked command in '/home/pietro/Scrivania/TESI/ROS2/MoCap/Ros2MoCap/build/mocap_interfaces' returned '0': CMAKE_PREFIX_PATH=/opt/ros/foxy /usr/bin/cmake --build /home/pietro/Scrivania/TESI/ROS2/MoCap/Ros2MoCap/build/mocap_interfaces -- -j8 -l8
[0.529s] DEBUG:colcon.colcon_core.event_handler.log_command:Invoking command in '/home/pietro/Scrivania/TESI/ROS2/MoCap/Ros2MoCap/build/mocap_interfaces': CMAKE_PREFIX_PATH=/opt/ros/foxy /usr/bin/cmake --install /home/pietro/Scrivania/TESI/ROS2/MoCap/Ros2MoCap/build/mocap_interfaces
[0.588s] Level 1:colcon.colcon_core.environment:create_environment_scripts_only(mocap_interfaces)
[0.590s] DEBUG:colcon.colcon_core.event_handler.log_command:Invoked command in '/home/pietro/Scrivania/TESI/ROS2/MoCap/Ros2MoCap/build/mocap_interfaces' returned '0': CMAKE_PREFIX_PATH=/opt/ros/foxy /usr/bin/cmake --install /home/pietro/Scrivania/TESI/ROS2/MoCap/Ros2MoCap/build/mocap_interfaces
[0.594s] Level 1:colcon.colcon_core.environment:checking '/home/pietro/Scrivania/TESI/ROS2/MoCap/Ros2MoCap/install/mocap_interfaces' for CMake module files
[0.595s] Level 1:colcon.colcon_core.environment:checking '/home/pietro/Scrivania/TESI/ROS2/MoCap/Ros2MoCap/install/mocap_interfaces' for CMake config files
[0.596s] Level 1:colcon.colcon_core.shell:create_environment_hook('mocap_interfaces', 'cmake_prefix_path')
[0.597s] INFO:colcon.colcon_core.shell:Creating environment hook '/home/pietro/Scrivania/TESI/ROS2/MoCap/Ros2MoCap/install/mocap_interfaces/share/mocap_interfaces/hook/cmake_prefix_path.ps1'
[0.598s] INFO:colcon.colcon_core.shell:Creating environment descriptor '/home/pietro/Scrivania/TESI/ROS2/MoCap/Ros2MoCap/install/mocap_interfaces/share/mocap_interfaces/hook/cmake_prefix_path.dsv'
[0.599s] INFO:colcon.colcon_core.shell:Creating environment hook '/home/pietro/Scrivania/TESI/ROS2/MoCap/Ros2MoCap/install/mocap_interfaces/share/mocap_interfaces/hook/cmake_prefix_path.sh'
[0.600s] Level 1:colcon.colcon_core.environment:checking '/home/pietro/Scrivania/TESI/ROS2/MoCap/Ros2MoCap/install/mocap_interfaces/lib'
[0.600s] Level 1:colcon.colcon_core.shell:create_environment_hook('mocap_interfaces', 'ld_library_path_lib')
[0.601s] INFO:colcon.colcon_core.shell:Creating environment hook '/home/pietro/Scrivania/TESI/ROS2/MoCap/Ros2MoCap/install/mocap_interfaces/share/mocap_interfaces/hook/ld_library_path_lib.ps1'
[0.601s] INFO:colcon.colcon_core.shell:Creating environment descriptor '/home/pietro/Scrivania/TESI/ROS2/MoCap/Ros2MoCap/install/mocap_interfaces/share/mocap_interfaces/hook/ld_library_path_lib.dsv'
[0.602s] INFO:colcon.colcon_core.shell:Creating environment hook '/home/pietro/Scrivania/TESI/ROS2/MoCap/Ros2MoCap/install/mocap_interfaces/share/mocap_interfaces/hook/ld_library_path_lib.sh'
[0.602s] Level 1:colcon.colcon_core.environment:checking '/home/pietro/Scrivania/TESI/ROS2/MoCap/Ros2MoCap/install/mocap_interfaces/bin'
[0.602s] Level 1:colcon.colcon_core.environment:checking '/home/pietro/Scrivania/TESI/ROS2/MoCap/Ros2MoCap/install/mocap_interfaces/lib/pkgconfig/mocap_interfaces.pc'
[0.603s] Level 1:colcon.colcon_core.environment:checking '/home/pietro/Scrivania/TESI/ROS2/MoCap/Ros2MoCap/install/mocap_interfaces/lib/python3.8/site-packages'
[0.603s] Level 1:colcon.colcon_core.shell:create_environment_hook('mocap_interfaces', 'pythonpath')
[0.604s] INFO:colcon.colcon_core.shell:Creating environment hook '/home/pietro/Scrivania/TESI/ROS2/MoCap/Ros2MoCap/install/mocap_interfaces/share/mocap_interfaces/hook/pythonpath.ps1'
[0.604s] INFO:colcon.colcon_core.shell:Creating environment descriptor '/home/pietro/Scrivania/TESI/ROS2/MoCap/Ros2MoCap/install/mocap_interfaces/share/mocap_interfaces/hook/pythonpath.dsv'
[0.604s] INFO:colcon.colcon_core.shell:Creating environment hook '/home/pietro/Scrivania/TESI/ROS2/MoCap/Ros2MoCap/install/mocap_interfaces/share/mocap_interfaces/hook/pythonpath.sh'
[0.606s] INFO:colcon.colcon_core.shell:Creating package script '/home/pietro/Scrivania/TESI/ROS2/MoCap/Ros2MoCap/install/mocap_interfaces/share/mocap_interfaces/package.ps1'
[0.607s] INFO:colcon.colcon_core.shell:Creating package descriptor '/home/pietro/Scrivania/TESI/ROS2/MoCap/Ros2MoCap/install/mocap_interfaces/share/mocap_interfaces/package.dsv'
[0.608s] INFO:colcon.colcon_core.shell:Creating package script '/home/pietro/Scrivania/TESI/ROS2/MoCap/Ros2MoCap/install/mocap_interfaces/share/mocap_interfaces/package.sh'
[0.609s] INFO:colcon.colcon_core.shell:Creating package script '/home/pietro/Scrivania/TESI/ROS2/MoCap/Ros2MoCap/install/mocap_interfaces/share/mocap_interfaces/package.bash'
[0.610s] INFO:colcon.colcon_core.shell:Creating package script '/home/pietro/Scrivania/TESI/ROS2/MoCap/Ros2MoCap/install/mocap_interfaces/share/mocap_interfaces/package.zsh'
[0.611s] Level 1:colcon.colcon_core.environment:create_file_with_runtime_dependencies(/home/pietro/Scrivania/TESI/ROS2/MoCap/Ros2MoCap/install/mocap_interfaces/share/colcon-core/packages/mocap_interfaces)
[0.661s] Level 1:colcon.colcon_core.environment:create_environment_scripts_only(mocap_interfaces)
[0.661s] Level 1:colcon.colcon_core.environment:checking '/home/pietro/Scrivania/TESI/ROS2/MoCap/Ros2MoCap/install/mocap_interfaces' for CMake module files
[0.662s] Level 1:colcon.colcon_core.environment:checking '/home/pietro/Scrivania/TESI/ROS2/MoCap/Ros2MoCap/install/mocap_interfaces' for CMake config files
[0.662s] Level 1:colcon.colcon_core.shell:create_environment_hook('mocap_interfaces', 'cmake_prefix_path')
[0.663s] INFO:colcon.colcon_core.shell:Creating environment hook '/home/pietro/Scrivania/TESI/ROS2/MoCap/Ros2MoCap/install/mocap_interfaces/share/mocap_interfaces/hook/cmake_prefix_path.ps1'
[0.664s] INFO:colcon.colcon_core.shell:Creating environment descriptor '/home/pietro/Scrivania/TESI/ROS2/MoCap/Ros2MoCap/install/mocap_interfaces/share/mocap_interfaces/hook/cmake_prefix_path.dsv'
[0.664s] INFO:colcon.colcon_core.shell:Creating environment hook '/home/pietro/Scrivania/TESI/ROS2/MoCap/Ros2MoCap/install/mocap_interfaces/share/mocap_interfaces/hook/cmake_prefix_path.sh'
[0.665s] Level 1:colcon.colcon_core.environment:checking '/home/pietro/Scrivania/TESI/ROS2/MoCap/Ros2MoCap/install/mocap_interfaces/lib'
[0.665s] Level 1:colcon.colcon_core.shell:create_environment_hook('mocap_interfaces', 'ld_library_path_lib')
[0.666s] INFO:colcon.colcon_core.shell:Creating environment hook '/home/pietro/Scrivania/TESI/ROS2/MoCap/Ros2MoCap/install/mocap_interfaces/share/mocap_interfaces/hook/ld_library_path_lib.ps1'
[0.666s] INFO:colcon.colcon_core.shell:Creating environment descriptor '/home/pietro/Scrivania/TESI/ROS2/MoCap/Ros2MoCap/install/mocap_interfaces/share/mocap_interfaces/hook/ld_library_path_lib.dsv'
[0.666s] INFO:colcon.colcon_core.shell:Creating environment hook '/home/pietro/Scrivania/TESI/ROS2/MoCap/Ros2MoCap/install/mocap_interfaces/share/mocap_interfaces/hook/ld_library_path_lib.sh'
[0.667s] Level 1:colcon.colcon_core.environment:checking '/home/pietro/Scrivania/TESI/ROS2/MoCap/Ros2MoCap/install/mocap_interfaces/bin'
[0.667s] Level 1:colcon.colcon_core.environment:checking '/home/pietro/Scrivania/TESI/ROS2/MoCap/Ros2MoCap/install/mocap_interfaces/lib/pkgconfig/mocap_interfaces.pc'
[0.667s] Level 1:colcon.colcon_core.environment:checking '/home/pietro/Scrivania/TESI/ROS2/MoCap/Ros2MoCap/install/mocap_interfaces/lib/python3.8/site-packages'
[0.667s] Level 1:colcon.colcon_core.shell:create_environment_hook('mocap_interfaces', 'pythonpath')
[0.668s] INFO:colcon.colcon_core.shell:Creating environment hook '/home/pietro/Scrivania/TESI/ROS2/MoCap/Ros2MoCap/install/mocap_interfaces/share/mocap_interfaces/hook/pythonpath.ps1'
[0.668s] INFO:colcon.colcon_core.shell:Creating environment descriptor '/home/pietro/Scrivania/TESI/ROS2/MoCap/Ros2MoCap/install/mocap_interfaces/share/mocap_interfaces/hook/pythonpath.dsv'
[0.668s] INFO:colcon.colcon_core.shell:Creating environment hook '/home/pietro/Scrivania/TESI/ROS2/MoCap/Ros2MoCap/install/mocap_interfaces/share/mocap_interfaces/hook/pythonpath.sh'
[0.669s] INFO:colcon.colcon_core.shell:Creating package script '/home/pietro/Scrivania/TESI/ROS2/MoCap/Ros2MoCap/install/mocap_interfaces/share/mocap_interfaces/package.ps1'
[0.670s] INFO:colcon.colcon_core.shell:Creating package descriptor '/home/pietro/Scrivania/TESI/ROS2/MoCap/Ros2MoCap/install/mocap_interfaces/share/mocap_interfaces/package.dsv'
[0.670s] INFO:colcon.colcon_core.shell:Creating package script '/home/pietro/Scrivania/TESI/ROS2/MoCap/Ros2MoCap/install/mocap_interfaces/share/mocap_interfaces/package.sh'
[0.671s] INFO:colcon.colcon_core.shell:Creating package script '/home/pietro/Scrivania/TESI/ROS2/MoCap/Ros2MoCap/install/mocap_interfaces/share/mocap_interfaces/package.bash'
[0.671s] INFO:colcon.colcon_core.shell:Creating package script '/home/pietro/Scrivania/TESI/ROS2/MoCap/Ros2MoCap/install/mocap_interfaces/share/mocap_interfaces/package.zsh'
[0.672s] Level 1:colcon.colcon_core.environment:create_file_with_runtime_dependencies(/home/pietro/Scrivania/TESI/ROS2/MoCap/Ros2MoCap/install/mocap_interfaces/share/colcon-core/packages/mocap_interfaces)
[0.672s] INFO:colcon.colcon_ros.task.ament_cmake.build:Building ROS package in '/home/pietro/Scrivania/TESI/ROS2/MoCap/Ros2MoCap/src/mocap_pub' with build type 'ament_cmake'
[0.672s] INFO:colcon.colcon_cmake.task.cmake.build:Building CMake package in '/home/pietro/Scrivania/TESI/ROS2/MoCap/Ros2MoCap/src/mocap_pub'
[0.673s] INFO:colcon.colcon_core.shell:Skip shell extension 'powershell' for command environment: Not usable outside of PowerShell
[0.673s] DEBUG:colcon.colcon_core.shell:Skip shell extension 'dsv' for command environment
[0.675s] DEBUG:colcon.colcon_core.shell:Ignoring prefix path '/opt/ros/foxy'
[0.686s] DEBUG:colcon.colcon_core.event_handler.log_command:Invoking command in '/home/pietro/Scrivania/TESI/ROS2/MoCap/Ros2MoCap/build/mocap_pub': AMENT_PREFIX_PATH=/home/pietro/Scrivania/TESI/ROS2/MoCap/Ros2MoCap/install/mocap_interfaces:${AMENT_PREFIX_PATH} CMAKE_PREFIX_PATH=/home/pietro/Scrivania/TESI/ROS2/MoCap/Ros2MoCap/install/mocap_interfaces:/opt/ros/foxy LD_LIBRARY_PATH=/home/pietro/Scrivania/TESI/ROS2/MoCap/Ros2MoCap/install/mocap_interfaces/lib:${LD_LIBRARY_PATH} PYTHONPATH=/home/pietro/Scrivania/TESI/ROS2/MoCap/Ros2MoCap/install/mocap_interfaces/lib/python3.8/site-packages:${PYTHONPATH} /usr/bin/cmake --build /home/pietro/Scrivania/TESI/ROS2/MoCap/Ros2MoCap/build/mocap_pub -- -j8 -l8
[0.755s] DEBUG:colcon.colcon_core.event_handler.log_command:Invoked command in '/home/pietro/Scrivania/TESI/ROS2/MoCap/Ros2MoCap/build/mocap_pub' returned '0': AMENT_PREFIX_PATH=/home/pietro/Scrivania/TESI/ROS2/MoCap/Ros2MoCap/install/mocap_interfaces:${AMENT_PREFIX_PATH} CMAKE_PREFIX_PATH=/home/pietro/Scrivania/TESI/ROS2/MoCap/Ros2MoCap/install/mocap_interfaces:/opt/ros/foxy LD_LIBRARY_PATH=/home/pietro/Scrivania/TESI/ROS2/MoCap/Ros2MoCap/install/mocap_interfaces/lib:${LD_LIBRARY_PATH} PYTHONPATH=/home/pietro/Scrivania/TESI/ROS2/MoCap/Ros2MoCap/install/mocap_interfaces/lib/python3.8/site-packages:${PYTHONPATH} /usr/bin/cmake --build /home/pietro/Scrivania/TESI/ROS2/MoCap/Ros2MoCap/build/mocap_pub -- -j8 -l8
[0.776s] DEBUG:colcon.colcon_core.event_handler.log_command:Invoking command in '/home/pietro/Scrivania/TESI/ROS2/MoCap/Ros2MoCap/build/mocap_pub': AMENT_PREFIX_PATH=/home/pietro/Scrivania/TESI/ROS2/MoCap/Ros2MoCap/install/mocap_interfaces:${AMENT_PREFIX_PATH} CMAKE_PREFIX_PATH=/home/pietro/Scrivania/TESI/ROS2/MoCap/Ros2MoCap/install/mocap_interfaces:/opt/ros/foxy LD_LIBRARY_PATH=/home/pietro/Scrivania/TESI/ROS2/MoCap/Ros2MoCap/install/mocap_interfaces/lib:${LD_LIBRARY_PATH} PYTHONPATH=/home/pietro/Scrivania/TESI/ROS2/MoCap/Ros2MoCap/install/mocap_interfaces/lib/python3.8/site-packages:${PYTHONPATH} /usr/bin/cmake --install /home/pietro/Scrivania/TESI/ROS2/MoCap/Ros2MoCap/build/mocap_pub
[0.787s] Level 1:colcon.colcon_core.environment:create_environment_scripts_only(mocap_pub)
[0.788s] Level 1:colcon.colcon_core.environment:checking '/home/pietro/Scrivania/TESI/ROS2/MoCap/Ros2MoCap/install/mocap_pub' for CMake module files
[0.788s] DEBUG:colcon.colcon_core.event_handler.log_command:Invoked command in '/home/pietro/Scrivania/TESI/ROS2/MoCap/Ros2MoCap/build/mocap_pub' returned '0': AMENT_PREFIX_PATH=/home/pietro/Scrivania/TESI/ROS2/MoCap/Ros2MoCap/install/mocap_interfaces:${AMENT_PREFIX_PATH} CMAKE_PREFIX_PATH=/home/pietro/Scrivania/TESI/ROS2/MoCap/Ros2MoCap/install/mocap_interfaces:/opt/ros/foxy LD_LIBRARY_PATH=/home/pietro/Scrivania/TESI/ROS2/MoCap/Ros2MoCap/install/mocap_interfaces/lib:${LD_LIBRARY_PATH} PYTHONPATH=/home/pietro/Scrivania/TESI/ROS2/MoCap/Ros2MoCap/install/mocap_interfaces/lib/python3.8/site-packages:${PYTHONPATH} /usr/bin/cmake --install /home/pietro/Scrivania/TESI/ROS2/MoCap/Ros2MoCap/build/mocap_pub
[0.789s] Level 1:colcon.colcon_core.environment:checking '/home/pietro/Scrivania/TESI/ROS2/MoCap/Ros2MoCap/install/mocap_pub' for CMake config files
[0.789s] Level 1:colcon.colcon_core.shell:create_environment_hook('mocap_pub', 'cmake_prefix_path')
[0.790s] INFO:colcon.colcon_core.shell:Creating environment hook '/home/pietro/Scrivania/TESI/ROS2/MoCap/Ros2MoCap/install/mocap_pub/share/mocap_pub/hook/cmake_prefix_path.ps1'
[0.790s] INFO:colcon.colcon_core.shell:Creating environment descriptor '/home/pietro/Scrivania/TESI/ROS2/MoCap/Ros2MoCap/install/mocap_pub/share/mocap_pub/hook/cmake_prefix_path.dsv'
[0.790s] INFO:colcon.colcon_core.shell:Creating environment hook '/home/pietro/Scrivania/TESI/ROS2/MoCap/Ros2MoCap/install/mocap_pub/share/mocap_pub/hook/cmake_prefix_path.sh'
[0.791s] Level 1:colcon.colcon_core.environment:checking '/home/pietro/Scrivania/TESI/ROS2/MoCap/Ros2MoCap/install/mocap_pub/lib'
[0.791s] Level 1:colcon.colcon_core.environment:checking '/home/pietro/Scrivania/TESI/ROS2/MoCap/Ros2MoCap/install/mocap_pub/bin'
[0.791s] Level 1:colcon.colcon_core.environment:checking '/home/pietro/Scrivania/TESI/ROS2/MoCap/Ros2MoCap/install/mocap_pub/lib/pkgconfig/mocap_pub.pc'
[0.791s] Level 1:colcon.colcon_core.environment:checking '/home/pietro/Scrivania/TESI/ROS2/MoCap/Ros2MoCap/install/mocap_pub/lib/python3.8/site-packages'
[0.792s] INFO:colcon.colcon_core.shell:Creating package script '/home/pietro/Scrivania/TESI/ROS2/MoCap/Ros2MoCap/install/mocap_pub/share/mocap_pub/package.ps1'
[0.792s] INFO:colcon.colcon_core.shell:Creating package descriptor '/home/pietro/Scrivania/TESI/ROS2/MoCap/Ros2MoCap/install/mocap_pub/share/mocap_pub/package.dsv'
[0.793s] INFO:colcon.colcon_core.shell:Creating package script '/home/pietro/Scrivania/TESI/ROS2/MoCap/Ros2MoCap/install/mocap_pub/share/mocap_pub/package.sh'
[0.793s] INFO:colcon.colcon_core.shell:Creating package script '/home/pietro/Scrivania/TESI/ROS2/MoCap/Ros2MoCap/install/mocap_pub/share/mocap_pub/package.bash'
[0.794s] INFO:colcon.colcon_core.shell:Creating package script '/home/pietro/Scrivania/TESI/ROS2/MoCap/Ros2MoCap/install/mocap_pub/share/mocap_pub/package.zsh'
[0.794s] Level 1:colcon.colcon_core.environment:create_file_with_runtime_dependencies(/home/pietro/Scrivania/TESI/ROS2/MoCap/Ros2MoCap/install/mocap_pub/share/colcon-core/packages/mocap_pub)
[0.815s] Level 1:colcon.colcon_core.environment:create_environment_scripts_only(mocap_pub)
[0.815s] Level 1:colcon.colcon_core.environment:checking '/home/pietro/Scrivania/TESI/ROS2/MoCap/Ros2MoCap/install/mocap_pub' for CMake module files
[0.816s] Level 1:colcon.colcon_core.environment:checking '/home/pietro/Scrivania/TESI/ROS2/MoCap/Ros2MoCap/install/mocap_pub' for CMake config files
[0.816s] Level 1:colcon.colcon_core.shell:create_environment_hook('mocap_pub', 'cmake_prefix_path')
[0.817s] INFO:colcon.colcon_core.shell:Creating environment hook '/home/pietro/Scrivania/TESI/ROS2/MoCap/Ros2MoCap/install/mocap_pub/share/mocap_pub/hook/cmake_prefix_path.ps1'
[0.817s] INFO:colcon.colcon_core.shell:Creating environment descriptor '/home/pietro/Scrivania/TESI/ROS2/MoCap/Ros2MoCap/install/mocap_pub/share/mocap_pub/hook/cmake_prefix_path.dsv'
[0.817s] INFO:colcon.colcon_core.shell:Creating environment hook '/home/pietro/Scrivania/TESI/ROS2/MoCap/Ros2MoCap/install/mocap_pub/share/mocap_pub/hook/cmake_prefix_path.sh'
[0.818s] Level 1:colcon.colcon_core.environment:checking '/home/pietro/Scrivania/TESI/ROS2/MoCap/Ros2MoCap/install/mocap_pub/lib'
[0.818s] Level 1:colcon.colcon_core.environment:checking '/home/pietro/Scrivania/TESI/ROS2/MoCap/Ros2MoCap/install/mocap_pub/bin'
[0.818s] Level 1:colcon.colcon_core.environment:checking '/home/pietro/Scrivania/TESI/ROS2/MoCap/Ros2MoCap/install/mocap_pub/lib/pkgconfig/mocap_pub.pc'
[0.818s] Level 1:colcon.colcon_core.environment:checking '/home/pietro/Scrivania/TESI/ROS2/MoCap/Ros2MoCap/install/mocap_pub/lib/python3.8/site-packages'
[0.819s] INFO:colcon.colcon_core.shell:Creating package script '/home/pietro/Scrivania/TESI/ROS2/MoCap/Ros2MoCap/install/mocap_pub/share/mocap_pub/package.ps1'
[0.820s] INFO:colcon.colcon_core.shell:Creating package descriptor '/home/pietro/Scrivania/TESI/ROS2/MoCap/Ros2MoCap/install/mocap_pub/share/mocap_pub/package.dsv'
[0.820s] INFO:colcon.colcon_core.shell:Creating package script '/home/pietro/Scrivania/TESI/ROS2/MoCap/Ros2MoCap/install/mocap_pub/share/mocap_pub/package.sh'
[0.821s] INFO:colcon.colcon_core.shell:Creating package script '/home/pietro/Scrivania/TESI/ROS2/MoCap/Ros2MoCap/install/mocap_pub/share/mocap_pub/package.bash'
[0.821s] INFO:colcon.colcon_core.shell:Creating package script '/home/pietro/Scrivania/TESI/ROS2/MoCap/Ros2MoCap/install/mocap_pub/share/mocap_pub/package.zsh'
[0.821s] Level 1:colcon.colcon_core.environment:create_file_with_runtime_dependencies(/home/pietro/Scrivania/TESI/ROS2/MoCap/Ros2MoCap/install/mocap_pub/share/colcon-core/packages/mocap_pub)
[0.937s] DEBUG:colcon.colcon_core.event_handler.log_command:Invoked command in '/home/pietro/Scrivania/TESI/ROS2/MoCap/Ros2MoCap/build/world_to_base' returned '0': CMAKE_PREFIX_PATH=/opt/ros/foxy /usr/bin/cmake /home/pietro/Scrivania/TESI/ROS2/MoCap/Ros2MoCap/src/world_to_base -DCMAKE_INSTALL_PREFIX=/home/pietro/Scrivania/TESI/ROS2/MoCap/Ros2MoCap/install/world_to_base
[0.939s] DEBUG:colcon.colcon_core.event_handler.log_command:Invoking command in '/home/pietro/Scrivania/TESI/ROS2/MoCap/Ros2MoCap/build/world_to_base': CMAKE_PREFIX_PATH=/opt/ros/foxy /usr/bin/cmake --build /home/pietro/Scrivania/TESI/ROS2/MoCap/Ros2MoCap/build/world_to_base -- -j8 -l8
[0.971s] DEBUG:colcon.colcon_core.event_handler.log_command:Invoked command in '/home/pietro/Scrivania/TESI/ROS2/MoCap/Ros2MoCap/build/world_to_base' returned '0': CMAKE_PREFIX_PATH=/opt/ros/foxy /usr/bin/cmake --build /home/pietro/Scrivania/TESI/ROS2/MoCap/Ros2MoCap/build/world_to_base -- -j8 -l8
[0.989s] DEBUG:colcon.colcon_core.event_handler.log_command:Invoking command in '/home/pietro/Scrivania/TESI/ROS2/MoCap/Ros2MoCap/build/world_to_base': CMAKE_PREFIX_PATH=/opt/ros/foxy /usr/bin/cmake --install /home/pietro/Scrivania/TESI/ROS2/MoCap/Ros2MoCap/build/world_to_base
[0.999s] Level 1:colcon.colcon_core.environment:create_environment_scripts_only(world_to_base)
[1.000s] Level 1:colcon.colcon_core.environment:checking '/home/pietro/Scrivania/TESI/ROS2/MoCap/Ros2MoCap/install/world_to_base' for CMake module files
[1.000s] DEBUG:colcon.colcon_core.event_handler.log_command:Invoked command in '/home/pietro/Scrivania/TESI/ROS2/MoCap/Ros2MoCap/build/world_to_base' returned '0': CMAKE_PREFIX_PATH=/opt/ros/foxy /usr/bin/cmake --install /home/pietro/Scrivania/TESI/ROS2/MoCap/Ros2MoCap/build/world_to_base
[1.001s] Level 1:colcon.colcon_core.environment:checking '/home/pietro/Scrivania/TESI/ROS2/MoCap/Ros2MoCap/install/world_to_base' for CMake config files
[1.001s] Level 1:colcon.colcon_core.shell:create_environment_hook('world_to_base', 'cmake_prefix_path')
[1.001s] INFO:colcon.colcon_core.shell:Creating environment hook '/home/pietro/Scrivania/TESI/ROS2/MoCap/Ros2MoCap/install/world_to_base/share/world_to_base/hook/cmake_prefix_path.ps1'
[1.002s] INFO:colcon.colcon_core.shell:Creating environment descriptor '/home/pietro/Scrivania/TESI/ROS2/MoCap/Ros2MoCap/install/world_to_base/share/world_to_base/hook/cmake_prefix_path.dsv'
[1.002s] INFO:colcon.colcon_core.shell:Creating environment hook '/home/pietro/Scrivania/TESI/ROS2/MoCap/Ros2MoCap/install/world_to_base/share/world_to_base/hook/cmake_prefix_path.sh'
[1.002s] Level 1:colcon.colcon_core.environment:checking '/home/pietro/Scrivania/TESI/ROS2/MoCap/Ros2MoCap/install/world_to_base/bin'
[1.002s] Level 1:colcon.colcon_core.environment:checking '/home/pietro/Scrivania/TESI/ROS2/MoCap/Ros2MoCap/install/world_to_base/lib/pkgconfig/world_to_base.pc'
[1.003s] Level 1:colcon.colcon_core.environment:checking '/home/pietro/Scrivania/TESI/ROS2/MoCap/Ros2MoCap/install/world_to_base/lib/python3.8/site-packages'
[1.003s] INFO:colcon.colcon_core.shell:Creating package script '/home/pietro/Scrivania/TESI/ROS2/MoCap/Ros2MoCap/install/world_to_base/share/world_to_base/package.ps1'
[1.003s] INFO:colcon.colcon_core.shell:Creating package descriptor '/home/pietro/Scrivania/TESI/ROS2/MoCap/Ros2MoCap/install/world_to_base/share/world_to_base/package.dsv'
[1.004s] INFO:colcon.colcon_core.shell:Creating package script '/home/pietro/Scrivania/TESI/ROS2/MoCap/Ros2MoCap/install/world_to_base/share/world_to_base/package.sh'
[1.004s] INFO:colcon.colcon_core.shell:Creating package script '/home/pietro/Scrivania/TESI/ROS2/MoCap/Ros2MoCap/install/world_to_base/share/world_to_base/package.bash'
[1.004s] INFO:colcon.colcon_core.shell:Creating package script '/home/pietro/Scrivania/TESI/ROS2/MoCap/Ros2MoCap/install/world_to_base/share/world_to_base/package.zsh'
[1.005s] Level 1:colcon.colcon_core.environment:create_file_with_runtime_dependencies(/home/pietro/Scrivania/TESI/ROS2/MoCap/Ros2MoCap/install/world_to_base/share/colcon-core/packages/world_to_base)
[1.023s] Level 1:colcon.colcon_core.environment:create_environment_scripts_only(world_to_base)
[1.023s] Level 1:colcon.colcon_core.environment:checking '/home/pietro/Scrivania/TESI/ROS2/MoCap/Ros2MoCap/install/world_to_base' for CMake module files
[1.024s] Level 1:colcon.colcon_core.environment:checking '/home/pietro/Scrivania/TESI/ROS2/MoCap/Ros2MoCap/install/world_to_base' for CMake config files
[1.024s] Level 1:colcon.colcon_core.shell:create_environment_hook('world_to_base', 'cmake_prefix_path')
[1.025s] INFO:colcon.colcon_core.shell:Creating environment hook '/home/pietro/Scrivania/TESI/ROS2/MoCap/Ros2MoCap/install/world_to_base/share/world_to_base/hook/cmake_prefix_path.ps1'
[1.025s] INFO:colcon.colcon_core.shell:Creating environment descriptor '/home/pietro/Scrivania/TESI/ROS2/MoCap/Ros2MoCap/install/world_to_base/share/world_to_base/hook/cmake_prefix_path.dsv'
[1.025s] INFO:colcon.colcon_core.shell:Creating environment hook '/home/pietro/Scrivania/TESI/ROS2/MoCap/Ros2MoCap/install/world_to_base/share/world_to_base/hook/cmake_prefix_path.sh'
[1.026s] Level 1:colcon.colcon_core.environment:checking '/home/pietro/Scrivania/TESI/ROS2/MoCap/Ros2MoCap/install/world_to_base/bin'
[1.026s] Level 1:colcon.colcon_core.environment:checking '/home/pietro/Scrivania/TESI/ROS2/MoCap/Ros2MoCap/install/world_to_base/lib/pkgconfig/world_to_base.pc'
[1.026s] Level 1:colcon.colcon_core.environment:checking '/home/pietro/Scrivania/TESI/ROS2/MoCap/Ros2MoCap/install/world_to_base/lib/python3.8/site-packages'
[1.027s] INFO:colcon.colcon_core.shell:Creating package script '/home/pietro/Scrivania/TESI/ROS2/MoCap/Ros2MoCap/install/world_to_base/share/world_to_base/package.ps1'
[1.027s] INFO:colcon.colcon_core.shell:Creating package descriptor '/home/pietro/Scrivania/TESI/ROS2/MoCap/Ros2MoCap/install/world_to_base/share/world_to_base/package.dsv'
[1.027s] INFO:colcon.colcon_core.shell:Creating package script '/home/pietro/Scrivania/TESI/ROS2/MoCap/Ros2MoCap/install/world_to_base/share/world_to_base/package.sh'
[1.028s] INFO:colcon.colcon_core.shell:Creating package script '/home/pietro/Scrivania/TESI/ROS2/MoCap/Ros2MoCap/install/world_to_base/share/world_to_base/package.bash'
[1.028s] INFO:colcon.colcon_core.shell:Creating package script '/home/pietro/Scrivania/TESI/ROS2/MoCap/Ros2MoCap/install/world_to_base/share/world_to_base/package.zsh'
[1.028s] Level 1:colcon.colcon_core.environment:create_file_with_runtime_dependencies(/home/pietro/Scrivania/TESI/ROS2/MoCap/Ros2MoCap/install/world_to_base/share/colcon-core/packages/world_to_base)
[1.029s] DEBUG:colcon.colcon_parallel_executor.executor.parallel:closing loop
[1.029s] DEBUG:colcon.colcon_parallel_executor.executor.parallel:loop closed
[1.029s] DEBUG:colcon.colcon_parallel_executor.executor.parallel:run_until_complete finished with '0'
[1.029s] DEBUG:colcon.colcon_core.event_reactor:joining thread
[1.034s] INFO:colcon.colcon_core.plugin_system:Skipping extension 'colcon_notification.desktop_notification.terminal_notifier': Not used on non-Darwin systems
[1.034s] INFO:colcon.colcon_core.plugin_system:Skipping extension 'colcon_notification.desktop_notification.win32': Not used on non-Windows systems
[1.034s] INFO:colcon.colcon_notification.desktop_notification:Sending desktop notification using 'notify2'
[1.045s] DEBUG:colcon.colcon_core.event_reactor:joined thread
[1.046s] INFO:colcon.colcon_core.shell:Creating prefix script '/home/pietro/Scrivania/TESI/ROS2/MoCap/Ros2MoCap/install/local_setup.ps1'
[1.047s] INFO:colcon.colcon_core.shell:Creating prefix util module '/home/pietro/Scrivania/TESI/ROS2/MoCap/Ros2MoCap/install/_local_setup_util_ps1.py'
[1.049s] INFO:colcon.colcon_core.shell:Creating prefix chain script '/home/pietro/Scrivania/TESI/ROS2/MoCap/Ros2MoCap/install/setup.ps1'
[1.051s] INFO:colcon.colcon_core.shell:Creating prefix script '/home/pietro/Scrivania/TESI/ROS2/MoCap/Ros2MoCap/install/local_setup.sh'
[1.052s] INFO:colcon.colcon_core.shell:Creating prefix util module '/home/pietro/Scrivania/TESI/ROS2/MoCap/Ros2MoCap/install/_local_setup_util_sh.py'
[1.052s] INFO:colcon.colcon_core.shell:Creating prefix chain script '/home/pietro/Scrivania/TESI/ROS2/MoCap/Ros2MoCap/install/setup.sh'
[1.055s] INFO:colcon.colcon_core.shell:Creating prefix script '/home/pietro/Scrivania/TESI/ROS2/MoCap/Ros2MoCap/install/local_setup.bash'
[1.056s] INFO:colcon.colcon_core.shell:Creating prefix chain script '/home/pietro/Scrivania/TESI/ROS2/MoCap/Ros2MoCap/install/setup.bash'
[1.057s] INFO:colcon.colcon_core.shell:Creating prefix script '/home/pietro/Scrivania/TESI/ROS2/MoCap/Ros2MoCap/install/local_setup.zsh'
[1.058s] INFO:colcon.colcon_core.shell:Creating prefix chain script '/home/pietro/Scrivania/TESI/ROS2/MoCap/Ros2MoCap/install/setup.zsh'
