[0.014s] Invoking command in '/home/pietro/Scrivania/TESI/ROS2/MoCap/Ros2MoCap/build/world_to_base': AMENT_PREFIX_PATH=/home/pietro/Scrivania/TESI/ROS2/MoCap/Ros2MoCap/install/mocap_interfaces:${AMENT_PREFIX_PATH} CMAKE_PREFIX_PATH=/home/pietro/Scrivania/TESI/ROS2/MoCap/Ros2MoCap/install/mocap_interfaces:/opt/ros/foxy LD_LIBRARY_PATH=/home/pietro/Scrivania/TESI/ROS2/MoCap/Ros2MoCap/install/mocap_interfaces/lib:${LD_LIBRARY_PATH} PYTHONPATH=/home/pietro/Scrivania/TESI/ROS2/MoCap/Ros2MoCap/install/mocap_interfaces/lib/python3.8/site-packages:${PYTHONPATH} /usr/bin/cmake --build /home/pietro/Scrivania/TESI/ROS2/MoCap/Ros2MoCap/build/world_to_base -- -j8 -l8
[0.064s] [ 33%] [32mBuilding CXX object CMakeFiles/world_to_base.dir/src/MoCapSubscriber.cpp.o[0m
[1.075s] [01m[K/home/pietro/Scrivania/TESI/ROS2/MoCap/Ros2MoCap/src/world_to_base/src/MoCapSubscriber.cpp:[m[K In member function ‘[01m[Kvoid MoCapSubscriber::rigid_body_topic_callback(mocap_interfaces::msg::RigidBodyArray) const[m[K’:
[1.075s] [01m[K/home/pietro/Scrivania/TESI/ROS2/MoCap/Ros2MoCap/src/world_to_base/src/MoCapSubscriber.cpp:17:80:[m[K [01;35m[Kwarning: [m[Kunused parameter ‘[01m[Kmsg[m[K’ [[01;35m[K-Wunused-parameter[m[K]
[1.075s]    17 | igid_body_topic_callback([01;35m[Kconst mocap_interfaces::msg::RigidBodyArray msg[m[K) const
[1.075s]       |                          [01;35m[K~~~~~~~~~~~~~~~~~~~~~~~~~~~~~~~~~~~~~~~~~~~~^~~[m[K
[1.075s] 
[1.269s] In file included from [01m[K/opt/ros/foxy/include/rclcpp/node_interfaces/node_topics_interface.hpp:32[m[K,
[1.269s]                  from [01m[K/opt/ros/foxy/include/rclcpp/node.hpp:55[m[K,
[1.269s]                  from [01m[K/opt/ros/foxy/include/rclcpp/executors/single_threaded_executor.hpp:28[m[K,
[1.270s]                  from [01m[K/opt/ros/foxy/include/rclcpp/executors.hpp:22[m[K,
[1.270s]                  from [01m[K/opt/ros/foxy/include/rclcpp/rclcpp.hpp:146[m[K,
[1.270s]                  from [01m[K/home/pietro/Scrivania/TESI/ROS2/MoCap/Ros2MoCap/src/world_to_base/src/MoCapSubscriber.cpp:2[m[K:
[1.270s] /opt/ros/foxy/include/rclcpp/subscription_factory.hpp: In instantiation of ‘[01m[Krclcpp::SubscriptionFactory rclcpp::create_subscription_factory(CallbackT&&, const rclcpp::SubscriptionOptionsWithAllocator<AllocatorT>&, typename MessageMemoryStrategyT::SharedPtr, std::shared_ptr<rclcpp::topic_statistics::SubscriptionTopicStatistics<CallbackMessageT> >) [with MessageT = mocap_interfaces::msg::RigidBodyArray_<std::allocator<void> >; CallbackT = std::_Bind<void (MoCapSubscriber::*(MoCapSubscriber*, std::_Placeholder<1>))(mocap_interfaces::msg::RigidBodyArray_<std::allocator<void> >) const>; AllocatorT = std::allocator<void>; CallbackMessageT = mocap_interfaces::msg::RigidBodyArray_<std::allocator<void> >; SubscriptionT = rclcpp::Subscription<mocap_interfaces::msg::RigidBodyArray_<std::allocator<void> > >; MessageMemoryStrategyT = rclcpp::message_memory_strategy::MessageMemoryStrategy<mocap_interfaces::msg::RigidBodyArray_<std::allocator<void> >, std::allocator<void> >; typename MessageMemoryStrategyT::SharedPtr = std::shared_ptr<rclcpp::message_memory_strategy::MessageMemoryStrategy<mocap_interfaces::msg::RigidBodyArray_<std::allocator<void> >, std::allocator<void> > >][m[K’:
[1.270s] [01m[K/opt/ros/foxy/include/rclcpp/create_subscription.hpp:144:63:[m[K   required from ‘[01m[Kstd::shared_ptr<SubscriptionT> rclcpp::create_subscription(NodeT&&, const string&, const rclcpp::QoS&, CallbackT&&, const rclcpp::SubscriptionOptionsWithAllocator<AllocatorT>&, typename MessageMemoryStrategyT::SharedPtr) [with MessageT = mocap_interfaces::msg::RigidBodyArray_<std::allocator<void> >; CallbackT = std::_Bind<void (MoCapSubscriber::*(MoCapSubscriber*, std::_Placeholder<1>))(mocap_interfaces::msg::RigidBodyArray_<std::allocator<void> >) const>; AllocatorT = std::allocator<void>; CallbackMessageT = mocap_interfaces::msg::RigidBodyArray_<std::allocator<void> >; SubscriptionT = rclcpp::Subscription<mocap_interfaces::msg::RigidBodyArray_<std::allocator<void> > >; MessageMemoryStrategyT = rclcpp::message_memory_strategy::MessageMemoryStrategy<mocap_interfaces::msg::RigidBodyArray_<std::allocator<void> >, std::allocator<void> >; NodeT = rclcpp::Node&; std::string = std::__cxx11::basic_string<char>; typename MessageMemoryStrategyT::SharedPtr = std::shared_ptr<rclcpp::message_memory_strategy::MessageMemoryStrategy<mocap_interfaces::msg::RigidBodyArray_<std::allocator<void> >, std::allocator<void> > >][m[K’
[1.270s] [01m[K/opt/ros/foxy/include/rclcpp/node_impl.hpp:98:47:[m[K   required from ‘[01m[Kstd::shared_ptr<SubscriptionT> rclcpp::Node::create_subscription(const string&, const rclcpp::QoS&, CallbackT&&, const rclcpp::SubscriptionOptionsWithAllocator<AllocatorT>&, typename MessageMemoryStrategyT::SharedPtr) [with MessageT = mocap_interfaces::msg::RigidBodyArray_<std::allocator<void> >; CallbackT = std::_Bind<void (MoCapSubscriber::*(MoCapSubscriber*, std::_Placeholder<1>))(mocap_interfaces::msg::RigidBodyArray_<std::allocator<void> >) const>; AllocatorT = std::allocator<void>; CallbackMessageT = mocap_interfaces::msg::RigidBodyArray_<std::allocator<void> >; SubscriptionT = rclcpp::Subscription<mocap_interfaces::msg::RigidBodyArray_<std::allocator<void> > >; MessageMemoryStrategyT = rclcpp::message_memory_strategy::MessageMemoryStrategy<mocap_interfaces::msg::RigidBodyArray_<std::allocator<void> >, std::allocator<void> >; std::string = std::__cxx11::basic_string<char>; typename MessageMemoryStrategyT::SharedPtr = std::shared_ptr<rclcpp::message_memory_strategy::MessageMemoryStrategy<mocap_interfaces::msg::RigidBodyArray_<std::allocator<void> >, std::allocator<void> > >][m[K’
[1.270s] [01m[K/home/pietro/Scrivania/TESI/ROS2/MoCap/Ros2MoCap/src/world_to_base/src/MoCapSubscriber.cpp:13:95:[m[K   required from here
[1.270s] [01m[K/opt/ros/foxy/include/rclcpp/subscription_factory.hpp:97:3:[m[K [01;31m[Kerror: [m[Kno matching function for call to ‘[01m[Krclcpp::AnySubscriptionCallback<mocap_interfaces::msg::RigidBodyArray_<std::allocator<void> >, std::allocator<void> >::set(std::_Bind<void (MoCapSubscriber::*(MoCapSubscriber*, std::_Placeholder<1>))(mocap_interfaces::msg::RigidBodyArray_<std::allocator<void> >) const>)[m[K’
[1.270s]    97 |   [01;31m[Kany_subscription_callback[m[K.set(std::forward<CallbackT>(callback));
[1.270s]       |   [01;31m[K^~~~~~~~~~~~~~~~~~~~~~~~~[m[K
[1.270s] In file included from [01m[K/opt/ros/foxy/include/rclcpp/subscription_base.hpp:29[m[K,
[1.270s]                  from [01m[K/opt/ros/foxy/include/rclcpp/callback_group.hpp:26[m[K,
[1.270s]                  from [01m[K/opt/ros/foxy/include/rclcpp/any_executable.hpp:20[m[K,
[1.270s]                  from [01m[K/opt/ros/foxy/include/rclcpp/memory_strategy.hpp:24[m[K,
[1.271s]                  from [01m[K/opt/ros/foxy/include/rclcpp/memory_strategies.hpp:18[m[K,
[1.271s]                  from [01m[K/opt/ros/foxy/include/rclcpp/executor_options.hpp:20[m[K,
[1.271s]                  from [01m[K/opt/ros/foxy/include/rclcpp/executor.hpp:33[m[K,
[1.271s]                  from [01m[K/opt/ros/foxy/include/rclcpp/executors/multi_threaded_executor.hpp:25[m[K,
[1.271s]                  from [01m[K/opt/ros/foxy/include/rclcpp/executors.hpp:21[m[K,
[1.271s]                  from [01m[K/opt/ros/foxy/include/rclcpp/rclcpp.hpp:146[m[K,
[1.271s]                  from [01m[K/home/pietro/Scrivania/TESI/ROS2/MoCap/Ros2MoCap/src/world_to_base/src/MoCapSubscriber.cpp:2[m[K:
[1.271s] [01m[K/opt/ros/foxy/include/rclcpp/any_subscription_callback.hpp:83:8:[m[K [01;36m[Knote: [m[Kcandidate: ‘[01m[Ktemplate<class CallbackT, typename std::enable_if<rclcpp::function_traits::same_arguments<CallbackT, std::function<void(std::shared_ptr<mocap_interfaces::msg::RigidBodyArray_<std::allocator<void> > >)> >::value, void>::type* <anonymous> > void rclcpp::AnySubscriptionCallback<MessageT, Alloc>::set(CallbackT) [with CallbackT = CallbackT; typename std::enable_if<rclcpp::function_traits::same_arguments<CallbackT, std::function<void(std::shared_ptr<_Tp>)> >::value>::type* <anonymous> = <enumerator>; MessageT = mocap_interfaces::msg::RigidBodyArray_<std::allocator<void> >; Alloc = std::allocator<void>][m[K’
[1.271s]    83 |   void [01;36m[Kset[m[K(CallbackT callback)
[1.271s]       |        [01;36m[K^~~[m[K
[1.271s] [01m[K/opt/ros/foxy/include/rclcpp/any_subscription_callback.hpp:83:8:[m[K [01;36m[Knote: [m[K  template argument deduction/substitution failed:
[1.271s] [01m[K/opt/ros/foxy/include/rclcpp/any_subscription_callback.hpp:81:17:[m[K [01;31m[Kerror: [m[Kno type named ‘[01m[Ktype[m[K’ in ‘[01m[Kstruct std::enable_if<false, void>[m[K’
[1.271s]    81 |     >::type * = [01;31m[Knullptr[m[K
[1.271s]       |                 [01;31m[K^~~~~~~[m[K
[1.272s] [01m[K/opt/ros/foxy/include/rclcpp/any_subscription_callback.hpp:97:8:[m[K [01;36m[Knote: [m[Kcandidate: ‘[01m[Ktemplate<class CallbackT, typename std::enable_if<rclcpp::function_traits::same_arguments<CallbackT, std::function<void(std::shared_ptr<mocap_interfaces::msg::RigidBodyArray_<std::allocator<void> > >, const rclcpp::MessageInfo&)> >::value, void>::type* <anonymous> > void rclcpp::AnySubscriptionCallback<MessageT, Alloc>::set(CallbackT) [with CallbackT = CallbackT; typename std::enable_if<rclcpp::function_traits::same_arguments<CallbackT, std::function<void(std::shared_ptr<_Tp>, const rclcpp::MessageInfo&)> >::value>::type* <anonymous> = <enumerator>; MessageT = mocap_interfaces::msg::RigidBodyArray_<std::allocator<void> >; Alloc = std::allocator<void>][m[K’
[1.272s]    97 |   void [01;36m[Kset[m[K(CallbackT callback)
[1.272s]       |        [01;36m[K^~~[m[K
[1.272s] [01m[K/opt/ros/foxy/include/rclcpp/any_subscription_callback.hpp:97:8:[m[K [01;36m[Knote: [m[K  template argument deduction/substitution failed:
[1.272s] [01m[K/opt/ros/foxy/include/rclcpp/any_subscription_callback.hpp:95:17:[m[K [01;31m[Kerror: [m[Kno type named ‘[01m[Ktype[m[K’ in ‘[01m[Kstruct std::enable_if<false, void>[m[K’
[1.272s]    95 |     >::type * = [01;31m[Knullptr[m[K
[1.272s]       |                 [01;31m[K^~~~~~~[m[K
[1.272s] [01m[K/opt/ros/foxy/include/rclcpp/any_subscription_callback.hpp:111:8:[m[K [01;36m[Knote: [m[Kcandidate: ‘[01m[Ktemplate<class CallbackT, typename std::enable_if<rclcpp::function_traits::same_arguments<CallbackT, std::function<void(std::shared_ptr<const mocap_interfaces::msg::RigidBodyArray_<std::allocator<void> > >)> >::value, void>::type* <anonymous> > void rclcpp::AnySubscriptionCallback<MessageT, Alloc>::set(CallbackT) [with CallbackT = CallbackT; typename std::enable_if<rclcpp::function_traits::same_arguments<CallbackT, std::function<void(std::shared_ptr<const _Tp>)> >::value>::type* <anonymous> = <enumerator>; MessageT = mocap_interfaces::msg::RigidBodyArray_<std::allocator<void> >; Alloc = std::allocator<void>][m[K’
[1.272s]   111 |   void [01;36m[Kset[m[K(CallbackT callback)
[1.272s]       |        [01;36m[K^~~[m[K
[1.272s] [01m[K/opt/ros/foxy/include/rclcpp/any_subscription_callback.hpp:111:8:[m[K [01;36m[Knote: [m[K  template argument deduction/substitution failed:
[1.272s] [01m[K/opt/ros/foxy/include/rclcpp/any_subscription_callback.hpp:109:17:[m[K [01;31m[Kerror: [m[Kno type named ‘[01m[Ktype[m[K’ in ‘[01m[Kstruct std::enable_if<false, void>[m[K’
[1.272s]   109 |     >::type * = [01;31m[Knullptr[m[K
[1.272s]       |                 [01;31m[K^~~~~~~[m[K
[1.272s] [01m[K/opt/ros/foxy/include/rclcpp/any_subscription_callback.hpp:125:8:[m[K [01;36m[Knote: [m[Kcandidate: ‘[01m[Ktemplate<class CallbackT, typename std::enable_if<rclcpp::function_traits::same_arguments<CallbackT, std::function<void(std::shared_ptr<const mocap_interfaces::msg::RigidBodyArray_<std::allocator<void> > >, const rclcpp::MessageInfo&)> >::value, void>::type* <anonymous> > void rclcpp::AnySubscriptionCallback<MessageT, Alloc>::set(CallbackT) [with CallbackT = CallbackT; typename std::enable_if<rclcpp::function_traits::same_arguments<CallbackT, std::function<void(std::shared_ptr<const _Tp>, const rclcpp::MessageInfo&)> >::value>::type* <anonymous> = <enumerator>; MessageT = mocap_interfaces::msg::RigidBodyArray_<std::allocator<void> >; Alloc = std::allocator<void>][m[K’
[1.273s]   125 |   void [01;36m[Kset[m[K(CallbackT callback)
[1.273s]       |        [01;36m[K^~~[m[K
[1.273s] [01m[K/opt/ros/foxy/include/rclcpp/any_subscription_callback.hpp:125:8:[m[K [01;36m[Knote: [m[K  template argument deduction/substitution failed:
[1.273s] [01m[K/opt/ros/foxy/include/rclcpp/any_subscription_callback.hpp:123:17:[m[K [01;31m[Kerror: [m[Kno type named ‘[01m[Ktype[m[K’ in ‘[01m[Kstruct std::enable_if<false, void>[m[K’
[1.273s]   123 |     >::type * = [01;31m[Knullptr[m[K
[1.273s]       |                 [01;31m[K^~~~~~~[m[K
[1.273s] [01m[K/opt/ros/foxy/include/rclcpp/any_subscription_callback.hpp:139:8:[m[K [01;36m[Knote: [m[Kcandidate: ‘[01m[Ktemplate<class CallbackT, typename std::enable_if<rclcpp::function_traits::same_arguments<CallbackT, std::function<void(std::unique_ptr<mocap_interfaces::msg::RigidBodyArray_<std::allocator<void> >, std::default_delete<mocap_interfaces::msg::RigidBodyArray_<std::allocator<void> > > >)> >::value, void>::type* <anonymous> > void rclcpp::AnySubscriptionCallback<MessageT, Alloc>::set(CallbackT) [with CallbackT = CallbackT; typename std::enable_if<rclcpp::function_traits::same_arguments<CallbackT, std::function<void(std::unique_ptr<MessageT, typename std::conditional<std::is_same<typename std::allocator_traits<typename std::allocator_traits<_Alloc>::rebind_traits<MessageT>::allocator_type>::rebind_alloc<MessageT>, typename std::allocator<void>::rebind<_Tp1>::other>::value, std::default_delete<_Tp>, rclcpp::allocator::AllocatorDeleter<typename std::allocator_traits<_Alloc>::rebind_traits<MessageT>::allocator_type> >::type>)> >::value>::type* <anonymous> = <enumerator>; MessageT = mocap_interfaces::msg::RigidBodyArray_<std::allocator<void> >; Alloc = std::allocator<void>][m[K’
[1.273s]   139 |   void [01;36m[Kset[m[K(CallbackT callback)
[1.273s]       |        [01;36m[K^~~[m[K
[1.273s] [01m[K/opt/ros/foxy/include/rclcpp/any_subscription_callback.hpp:139:8:[m[K [01;36m[Knote: [m[K  template argument deduction/substitution failed:
[1.273s] [01m[K/opt/ros/foxy/include/rclcpp/any_subscription_callback.hpp:137:17:[m[K [01;31m[Kerror: [m[Kno type named ‘[01m[Ktype[m[K’ in ‘[01m[Kstruct std::enable_if<false, void>[m[K’
[1.273s]   137 |     >::type * = [01;31m[Knullptr[m[K
[1.273s]       |                 [01;31m[K^~~~~~~[m[K
[1.273s] [01m[K/opt/ros/foxy/include/rclcpp/any_subscription_callback.hpp:153:8:[m[K [01;36m[Knote: [m[Kcandidate: ‘[01m[Ktemplate<class CallbackT, typename std::enable_if<rclcpp::function_traits::same_arguments<CallbackT, std::function<void(std::unique_ptr<mocap_interfaces::msg::RigidBodyArray_<std::allocator<void> >, std::default_delete<mocap_interfaces::msg::RigidBodyArray_<std::allocator<void> > > >, const rclcpp::MessageInfo&)> >::value, void>::type* <anonymous> > void rclcpp::AnySubscriptionCallback<MessageT, Alloc>::set(CallbackT) [with CallbackT = CallbackT; typename std::enable_if<rclcpp::function_traits::same_arguments<CallbackT, std::function<void(std::unique_ptr<MessageT, typename std::conditional<std::is_same<typename std::allocator_traits<typename std::allocator_traits<_Alloc>::rebind_traits<MessageT>::allocator_type>::rebind_alloc<MessageT>, typename std::allocator<void>::rebind<_Tp1>::other>::value, std::default_delete<_Tp>, rclcpp::allocator::AllocatorDeleter<typename std::allocator_traits<_Alloc>::rebind_traits<MessageT>::allocator_type> >::type>, const rclcpp::MessageInfo&)> >::value>::type* <anonymous> = <enumerator>; MessageT = mocap_interfaces::msg::RigidBodyArray_<std::allocator<void> >; Alloc = std::allocator<void>][m[K’
[1.273s]   153 |   void [01;36m[Kset[m[K(CallbackT callback)
[1.274s]       |        [01;36m[K^~~[m[K
[1.274s] [01m[K/opt/ros/foxy/include/rclcpp/any_subscription_callback.hpp:153:8:[m[K [01;36m[Knote: [m[K  template argument deduction/substitution failed:
[1.274s] [01m[K/opt/ros/foxy/include/rclcpp/any_subscription_callback.hpp:151:17:[m[K [01;31m[Kerror: [m[Kno type named ‘[01m[Ktype[m[K’ in ‘[01m[Kstruct std::enable_if<false, void>[m[K’
[1.274s]   151 |     >::type * = [01;31m[Knullptr[m[K
[1.274s]       |                 [01;31m[K^~~~~~~[m[K
[1.785s] In file included from [01m[K/usr/include/c++/9/future:48[m[K,
[1.785s]                  from [01m[K/opt/ros/foxy/include/rclcpp/executors.hpp:18[m[K,
[1.785s]                  from [01m[K/opt/ros/foxy/include/rclcpp/rclcpp.hpp:146[m[K,
[1.785s]                  from [01m[K/home/pietro/Scrivania/TESI/ROS2/MoCap/Ros2MoCap/src/world_to_base/src/MoCapSubscriber.cpp:2[m[K:
[1.786s] [01m[K/usr/include/c++/9/bits/std_function.h:[m[K At global scope:
[1.786s] [01m[K/usr/include/c++/9/bits/std_function.h:667:7:[m[K [01;31m[Kerror: [m[K‘[01m[Kstd::function<_Res(_ArgTypes ...)>::function(_Functor) [with _Functor = rclcpp::create_subscription_factory(CallbackT&&, const rclcpp::SubscriptionOptionsWithAllocator<AllocatorT>&, typename MessageMemoryStrategyT::SharedPtr, std::shared_ptr<rclcpp::topic_statistics::SubscriptionTopicStatistics<CallbackMessageT> >) [with MessageT = mocap_interfaces::msg::RigidBodyArray_<std::allocator<void> >; CallbackT = std::_Bind<void (MoCapSubscriber::*(MoCapSubscriber*, std::_Placeholder<1>))(mocap_interfaces::msg::RigidBodyArray_<std::allocator<void> >) const>; AllocatorT = std::allocator<void>; CallbackMessageT = mocap_interfaces::msg::RigidBodyArray_<std::allocator<void> >; SubscriptionT = rclcpp::Subscription<mocap_interfaces::msg::RigidBodyArray_<std::allocator<void> > >; MessageMemoryStrategyT = rclcpp::message_memory_strategy::MessageMemoryStrategy<mocap_interfaces::msg::RigidBodyArray_<std::allocator<void> >, std::allocator<void> >; typename MessageMemoryStrategyT::SharedPtr = std::shared_ptr<rclcpp::message_memory_strategy::MessageMemoryStrategy<mocap_interfaces::msg::RigidBodyArray_<std::allocator<void> >, std::allocator<void> > >]::<lambda(rclcpp::node_interfaces::NodeBaseInterface*, const string&, const rclcpp::QoS&)>; <template-parameter-2-2> = void; <template-parameter-2-3> = void; _Res = std::shared_ptr<rclcpp::SubscriptionBase>; _ArgTypes = {rclcpp::node_interfaces::NodeBaseInterface*, const std::__cxx11::basic_string<char, std::char_traits<char>, std::allocator<char> >&, const rclcpp::QoS&}][m[K’, declared using local type ‘[01m[Krclcpp::create_subscription_factory(CallbackT&&, const rclcpp::SubscriptionOptionsWithAllocator<AllocatorT>&, typename MessageMemoryStrategyT::SharedPtr, std::shared_ptr<rclcpp::topic_statistics::SubscriptionTopicStatistics<CallbackMessageT> >) [with MessageT = mocap_interfaces::msg::RigidBodyArray_<std::allocator<void> >; CallbackT = std::_Bind<void (MoCapSubscriber::*(MoCapSubscriber*, std::_Placeholder<1>))(mocap_interfaces::msg::RigidBodyArray_<std::allocator<void> >) const>; AllocatorT = std::allocator<void>; CallbackMessageT = mocap_interfaces::msg::RigidBodyArray_<std::allocator<void> >; SubscriptionT = rclcpp::Subscription<mocap_interfaces::msg::RigidBodyArray_<std::allocator<void> > >; MessageMemoryStrategyT = rclcpp::message_memory_strategy::MessageMemoryStrategy<mocap_interfaces::msg::RigidBodyArray_<std::allocator<void> >, std::allocator<void> >; typename MessageMemoryStrategyT::SharedPtr = std::shared_ptr<rclcpp::message_memory_strategy::MessageMemoryStrategy<mocap_interfaces::msg::RigidBodyArray_<std::allocator<void> >, std::allocator<void> > >]::<lambda(rclcpp::node_interfaces::NodeBaseInterface*, const string&, const rclcpp::QoS&)>[m[K’, is used but never defined [[01;31m[K-fpermissive[m[K]
[1.786s]   667 |       [01;31m[Kfunction<_Res(_ArgTypes...)>[m[K::
[1.786s]       |       [01;31m[K^~~~~~~~~~~~~~~~~~~~~~~~~~~~[m[K
[1.843s] make[2]: *** [CMakeFiles/world_to_base.dir/build.make:76: CMakeFiles/world_to_base.dir/src/MoCapSubscriber.cpp.o] Error 1
[1.843s] make[1]: *** [CMakeFiles/Makefile2:78: CMakeFiles/world_to_base.dir/all] Error 2
[1.843s] make: *** [Makefile:141: all] Error 2
[1.845s] Invoked command in '/home/pietro/Scrivania/TESI/ROS2/MoCap/Ros2MoCap/build/world_to_base' returned '2': AMENT_PREFIX_PATH=/home/pietro/Scrivania/TESI/ROS2/MoCap/Ros2MoCap/install/mocap_interfaces:${AMENT_PREFIX_PATH} CMAKE_PREFIX_PATH=/home/pietro/Scrivania/TESI/ROS2/MoCap/Ros2MoCap/install/mocap_interfaces:/opt/ros/foxy LD_LIBRARY_PATH=/home/pietro/Scrivania/TESI/ROS2/MoCap/Ros2MoCap/install/mocap_interfaces/lib:${LD_LIBRARY_PATH} PYTHONPATH=/home/pietro/Scrivania/TESI/ROS2/MoCap/Ros2MoCap/install/mocap_interfaces/lib/python3.8/site-packages:${PYTHONPATH} /usr/bin/cmake --build /home/pietro/Scrivania/TESI/ROS2/MoCap/Ros2MoCap/build/world_to_base -- -j8 -l8
