[0.012s] Invoking command in '/home/pietro/Scrivania/TESI/ROS2/MoCap/Ros2MoCap/build/mocap': CMAKE_PREFIX_PATH=/opt/ros/foxy /usr/bin/cmake --build /home/pietro/Scrivania/TESI/ROS2/MoCap/Ros2MoCap/build/mocap -- -j8 -l8
[0.041s] [35m[1mScanning dependencies of target mocap[0m
[0.051s] [ 50%] [32mBuilding CXX object CMakeFiles/mocap.dir/src/MoCapNatNetClient.cpp.o[0m
[0.051s] [ 50%] [32mBuilding CXX object CMakeFiles/mocap.dir/src/MoCap.cpp.o[0m
[0.208s] [01m[K/home/pietro/Scrivania/TESI/ROS2/MoCap/Ros2MoCap/src/mocap/src/MoCapNatNetClient.cpp:[m[K In function ‘[01m[Kvoid dataFrameHandler(sFrameOfMocapData*, void*)[m[K’:
[0.208s] [01m[K/home/pietro/Scrivania/TESI/ROS2/MoCap/Ros2MoCap/src/mocap/src/MoCapNatNetClient.cpp:84:58:[m[K [01;35m[Kwarning: [m[Kunused parameter ‘[01m[Kdata[m[K’ [[01;35m[K-Wunused-parameter[m[K]
[0.208s]    84 | void NATNET_CALLCONV dataFrameHandler([01;35m[KsFrameOfMocapData* data[m[K, void* pUserData)
[0.208s]       |                                       [01;35m[K~~~~~~~~~~~~~~~~~~~^~~~[m[K
[0.208s] [01m[K/home/pietro/Scrivania/TESI/ROS2/MoCap/Ros2MoCap/src/mocap/src/MoCapNatNetClient.cpp:84:70:[m[K [01;35m[Kwarning: [m[Kunused parameter ‘[01m[KpUserData[m[K’ [[01;35m[K-Wunused-parameter[m[K]
[0.208s]    84 | void NATNET_CALLCONV dataFrameHandler(sFrameOfMocapData* data, [01;35m[Kvoid* pUserData[m[K)
[0.208s]       |                                                                [01;35m[K~~~~~~^~~~~~~~~[m[K
[0.250s] [ 75%] [32m[1mLinking CXX executable mocap[0m
[0.311s] [100%] Built target mocap
[0.320s] Invoked command in '/home/pietro/Scrivania/TESI/ROS2/MoCap/Ros2MoCap/build/mocap' returned '0': CMAKE_PREFIX_PATH=/opt/ros/foxy /usr/bin/cmake --build /home/pietro/Scrivania/TESI/ROS2/MoCap/Ros2MoCap/build/mocap -- -j8 -l8
[0.351s] Invoking command in '/home/pietro/Scrivania/TESI/ROS2/MoCap/Ros2MoCap/build/mocap': CMAKE_PREFIX_PATH=/opt/ros/foxy /usr/bin/cmake --install /home/pietro/Scrivania/TESI/ROS2/MoCap/Ros2MoCap/build/mocap
[0.358s] -- Install configuration: ""
[0.358s] -- Installing: /home/pietro/Scrivania/TESI/ROS2/MoCap/Ros2MoCap/install/mocap/lib/mocap/mocap
[0.358s] -- Set runtime path of "/home/pietro/Scrivania/TESI/ROS2/MoCap/Ros2MoCap/install/mocap/lib/mocap/mocap" to ""
[0.358s] -- Up-to-date: /home/pietro/Scrivania/TESI/ROS2/MoCap/Ros2MoCap/install/mocap/share/ament_index/resource_index/package_run_dependencies/mocap
[0.358s] -- Up-to-date: /home/pietro/Scrivania/TESI/ROS2/MoCap/Ros2MoCap/install/mocap/share/ament_index/resource_index/parent_prefix_path/mocap
[0.358s] -- Up-to-date: /home/pietro/Scrivania/TESI/ROS2/MoCap/Ros2MoCap/install/mocap/share/mocap/environment/ament_prefix_path.sh
[0.358s] -- Up-to-date: /home/pietro/Scrivania/TESI/ROS2/MoCap/Ros2MoCap/install/mocap/share/mocap/environment/ament_prefix_path.dsv
[0.358s] -- Up-to-date: /home/pietro/Scrivania/TESI/ROS2/MoCap/Ros2MoCap/install/mocap/share/mocap/environment/path.sh
[0.358s] -- Up-to-date: /home/pietro/Scrivania/TESI/ROS2/MoCap/Ros2MoCap/install/mocap/share/mocap/environment/path.dsv
[0.359s] -- Up-to-date: /home/pietro/Scrivania/TESI/ROS2/MoCap/Ros2MoCap/install/mocap/share/mocap/local_setup.bash
[0.359s] -- Up-to-date: /home/pietro/Scrivania/TESI/ROS2/MoCap/Ros2MoCap/install/mocap/share/mocap/local_setup.sh
[0.359s] -- Up-to-date: /home/pietro/Scrivania/TESI/ROS2/MoCap/Ros2MoCap/install/mocap/share/mocap/local_setup.zsh
[0.359s] -- Up-to-date: /home/pietro/Scrivania/TESI/ROS2/MoCap/Ros2MoCap/install/mocap/share/mocap/local_setup.dsv
[0.359s] -- Installing: /home/pietro/Scrivania/TESI/ROS2/MoCap/Ros2MoCap/install/mocap/share/mocap/package.dsv
[0.359s] -- Up-to-date: /home/pietro/Scrivania/TESI/ROS2/MoCap/Ros2MoCap/install/mocap/share/ament_index/resource_index/packages/mocap
[0.359s] -- Up-to-date: /home/pietro/Scrivania/TESI/ROS2/MoCap/Ros2MoCap/install/mocap/share/mocap/cmake/mocapConfig.cmake
[0.359s] -- Up-to-date: /home/pietro/Scrivania/TESI/ROS2/MoCap/Ros2MoCap/install/mocap/share/mocap/cmake/mocapConfig-version.cmake
[0.359s] -- Up-to-date: /home/pietro/Scrivania/TESI/ROS2/MoCap/Ros2MoCap/install/mocap/share/mocap/package.xml
[0.361s] Invoked command in '/home/pietro/Scrivania/TESI/ROS2/MoCap/Ros2MoCap/build/mocap' returned '0': CMAKE_PREFIX_PATH=/opt/ros/foxy /usr/bin/cmake --install /home/pietro/Scrivania/TESI/ROS2/MoCap/Ros2MoCap/build/mocap
