-- Found ament_cmake: 0.9.8 (/opt/ros/foxy/share/ament_cmake/cmake)
-- Using PYTHON_EXECUTABLE: /usr/bin/python3
-- Found rclcpp: 2.3.1 (/opt/ros/foxy/share/rclcpp/cmake)
-- Using all available rosidl_typesupport_c: rosidl_typesupport_fastrtps_c;rosidl_typesupport_introspection_c
-- Found rosidl_adapter: 1.2.1 (/opt/ros/foxy/share/rosidl_adapter/cmake)
-- Using all available rosidl_typesupport_cpp: rosidl_typesupport_fastrtps_cpp;rosidl_typesupport_introspection_cpp
-- Found rmw_implementation_cmake: 1.0.3 (/opt/ros/foxy/share/rmw_implementation_cmake/cmake)
-- Using RMW implementation 'rmw_fastrtps_cpp' as default
-- Found mocap_interfaces: 0.0.0 (/home/pietro/Scrivania/TESI/ROS2/MoCap/Ros2MoCap/install/mocap_interfaces/share/mocap_interfaces/cmake)
-- Configuring done
-- Generating done
-- Build files have been written to: /home/pietro/Scrivania/TESI/ROS2/MoCap/Ros2MoCap/build/world_to_base
[35m[1mScanning dependencies of target world_to_base[0m
[ 33%] [32mBuilding CXX object CMakeFiles/world_to_base.dir/src/WorldToBase.cpp.o[0m
[ 66%] [32mBuilding CXX object CMakeFiles/world_to_base.dir/src/MoCapSubscriber.cpp.o[0m
[01m[K/home/pietro/Scrivania/TESI/ROS2/MoCap/Ros2MoCap/src/world_to_base/src/WorldToBase.cpp:[m[K In function ‘[01m[Kint main(int, char**)[m[K’:
[01m[K/home/pietro/Scrivania/TESI/ROS2/MoCap/Ros2MoCap/src/world_to_base/src/WorldToBase.cpp:6:14:[m[K [01;35m[Kwarning: [m[Kunused parameter ‘[01m[Kargc[m[K’ [[01;35m[K-Wunused-parameter[m[K]
    6 | int main([01;35m[Kint argc[m[K, char ** argv)
      |          [01;35m[K~~~~^~~~[m[K
[01m[K/home/pietro/Scrivania/TESI/ROS2/MoCap/Ros2MoCap/src/world_to_base/src/WorldToBase.cpp:6:28:[m[K [01;35m[Kwarning: [m[Kunused parameter ‘[01m[Kargv[m[K’ [[01;35m[K-Wunused-parameter[m[K]
    6 | int main(int argc, [01;35m[Kchar ** argv[m[K)
      |                    [01;35m[K~~~~~~~~^~~~[m[K
[01m[K/home/pietro/Scrivania/TESI/ROS2/MoCap/Ros2MoCap/src/world_to_base/src/MoCapSubscriber.cpp:[m[K In constructor ‘[01m[KMoCapSubscriber::MoCapSubscriber()[m[K’:
[01m[K/home/pietro/Scrivania/TESI/ROS2/MoCap/Ros2MoCap/src/world_to_base/src/MoCapSubscriber.cpp:11:7:[m[K [01;31m[Kerror: [m[Kclass ‘[01m[KMoCapSubscriber[m[K’ does not have any field named ‘[01m[KNode[m[K’
   11 |     : [01;31m[KNode[m[K("mocap_subscriber")
      |       [01;31m[K^~~~[m[K
[01m[K/home/pietro/Scrivania/TESI/ROS2/MoCap/Ros2MoCap/src/world_to_base/src/MoCapSubscriber.cpp:13:29:[m[K [01;31m[Kerror: [m[K‘[01m[Kclass MoCapSubscriber[m[K’ has no member named ‘[01m[Kcreate_subscription[m[K’
   13 |       subscription_ = this->[01;31m[Kcreate_subscription[m[K<mocap_interfaces::msg::RigidBodyArray>(
      |                             [01;31m[K^~~~~~~~~~~~~~~~~~~[m[K
[01m[K/home/pietro/Scrivania/TESI/ROS2/MoCap/Ros2MoCap/src/world_to_base/src/MoCapSubscriber.cpp:13:86:[m[K [01;31m[Kerror: [m[Kexpected primary-expression before ‘[01m[K>[m[K’ token
   13 |       subscription_ = this->create_subscription<mocap_interfaces::msg::RigidBodyArray[01;31m[K>[m[K(
      |                                                                                      [01;31m[K^[m[K
[01m[K/home/pietro/Scrivania/TESI/ROS2/MoCap/Ros2MoCap/src/world_to_base/src/MoCapSubscriber.cpp:14:7:[m[K [01;35m[Kwarning: [m[Kleft operand of comma operator has no effect [[01;35m[K-Wunused-value[m[K]
   14 |       [01;35m[K"rigid_body_topic"[m[K, 10, std::bind(&MinimalSubscriber::rigid_body_topic_callback, this, _1));
      |       [01;35m[K^~~~~~~~~~~~~~~~~~[m[K
[01m[K/home/pietro/Scrivania/TESI/ROS2/MoCap/Ros2MoCap/src/world_to_base/src/MoCapSubscriber.cpp:14:42:[m[K [01;31m[Kerror: [m[K‘[01m[KMinimalSubscriber[m[K’ has not been declared
   14 |       "rigid_body_topic", 10, std::bind(&[01;31m[KMinimalSubscriber[m[K::rigid_body_topic_callback, this, _1));
      |                                          [01;31m[K^~~~~~~~~~~~~~~~~[m[K
[01m[K/home/pietro/Scrivania/TESI/ROS2/MoCap/Ros2MoCap/src/world_to_base/src/MoCapSubscriber.cpp:[m[K In member function ‘[01m[Kvoid MoCapSubscriber::rigid_body_topic_callback(mocap_interfaces::msg::RigidBodyArray) const[m[K’:
[01m[K/home/pietro/Scrivania/TESI/ROS2/MoCap/Ros2MoCap/src/world_to_base/src/MoCapSubscriber.cpp:22:5:[m[K [01;31m[Kerror: [m[Kexpected primary-expression before ‘[01m[K}[m[K’ token
   22 |     [01;31m[K}[m[K
      |     [01;31m[K^[m[K
[01m[K/home/pietro/Scrivania/TESI/ROS2/MoCap/Ros2MoCap/src/world_to_base/src/MoCapSubscriber.cpp:18:80:[m[K [01;35m[Kwarning: [m[Kunused parameter ‘[01m[Kmsg[m[K’ [[01;35m[K-Wunused-parameter[m[K]
   18 |     void rigid_body_topic_callback([01;35m[Kconst mocap_interfaces::msg::RigidBodyArray msg[m[K) const
      |                                    [01;35m[K~~~~~~~~~~~~~~~~~~~~~~~~~~~~~~~~~~~~~~~~~~~~^~~[m[K
make[2]: *** [CMakeFiles/world_to_base.dir/build.make:76: CMakeFiles/world_to_base.dir/src/MoCapSubscriber.cpp.o] Error 1
make[1]: *** [CMakeFiles/Makefile2:78: CMakeFiles/world_to_base.dir/all] Error 2
make: *** [Makefile:141: all] Error 2
