[35m[1mScanning dependencies of target world_to_base[0m
[ 50%] [32mBuilding CXX object CMakeFiles/world_to_base.dir/src/WorldToBase.cpp.o[0m
[01m[K/home/pietro/Scrivania/TESI/ROS2/MoCap/Ros2MoCap/src/world_to_base/src/WorldToBase.cpp:[m[K In member function ‘[01m[Kvoid WorldToBase::rigid_body_topic_callback(mocap_interfaces::msg::RigidBodyArray_<std::allocator<void> >::SharedPtr) const[m[K’:
[01m[K/home/pietro/Scrivania/TESI/ROS2/MoCap/Ros2MoCap/src/world_to_base/src/WorldToBase.cpp:15:20:[m[K [01;31m[Kerror: [m[Kexpected ‘[01m[K;[m[K’ before ‘[01m[K<[m[K’ token
   15 |   for (int i = 0, i[01;31m[K [m[K[32m[K<[m[K msg.rigid_bodies.size(), i++)
      |                    [01;31m[K^[m[K[32m[K~[m[K
      |                    [32m[K;[m[K
[01m[K/home/pietro/Scrivania/TESI/ROS2/MoCap/Ros2MoCap/src/world_to_base/src/WorldToBase.cpp:15:21:[m[K [01;31m[Kerror: [m[Kexpected primary-expression before ‘[01m[K<[m[K’ token
   15 |   for (int i = 0, i [01;31m[K<[m[K msg.rigid_bodies.size(), i++)
      |                     [01;31m[K^[m[K
[01m[K/home/pietro/Scrivania/TESI/ROS2/MoCap/Ros2MoCap/src/world_to_base/src/WorldToBase.cpp:15:27:[m[K [01;31m[Kerror: [m[K‘[01m[Kconst SharedPtr[m[K’ {aka ‘[01m[Kconst class std::shared_ptr<mocap_interfaces::msg::RigidBodyArray_<std::allocator<void> > >[m[K’} has no member named ‘[01m[Krigid_bodies[m[K’
   15 |   for (int i = 0, i < msg.[01;31m[Krigid_bodies[m[K.size(), i++)
      |                           [01;31m[K^~~~~~~~~~~~[m[K
[01m[K/home/pietro/Scrivania/TESI/ROS2/MoCap/Ros2MoCap/src/world_to_base/src/WorldToBase.cpp:15:51:[m[K [01;31m[Kerror: [m[Kexpected ‘[01m[K;[m[K’ before ‘[01m[K)[m[K’ token
   15 |   for (int i = 0, i < msg.rigid_bodies.size(), i++[01;31m[K)[m[K
      |                                                   [01;31m[K^[m[K
      |                                                   [32m[K;[m[K
[01m[K/home/pietro/Scrivania/TESI/ROS2/MoCap/Ros2MoCap/src/world_to_base/src/WorldToBase.cpp:17:31:[m[K [01;31m[Kerror: [m[K‘[01m[Kconst SharedPtr[m[K’ {aka ‘[01m[Kconst class std::shared_ptr<mocap_interfaces::msg::RigidBodyArray_<std::allocator<void> > >[m[K’} has no member named ‘[01m[Krigid_bodies[m[K’
   17 |       printf("ID : %d\n", msg.[01;31m[Krigid_bodies[m[K[i].id);
      |                               [01;31m[K^~~~~~~~~~~~[m[K
make[2]: *** [CMakeFiles/world_to_base.dir/build.make:63: CMakeFiles/world_to_base.dir/src/WorldToBase.cpp.o] Error 1
make[1]: *** [CMakeFiles/Makefile2:78: CMakeFiles/world_to_base.dir/all] Error 2
make: *** [Makefile:141: all] Error 2
