[35m[1mScanning dependencies of target mocap_pub[0m
[ 33%] [32mBuilding CXX object CMakeFiles/mocap_pub.dir/src/MoCapPublisher.cpp.o[0m
[01m[K/home/pietro/Scrivania/TESI/ROS2/MoCap/Ros2MoCap/src/mocap_pub/src/MoCapPublisher.cpp:[m[K In member function ‘[01m[Kvoid MoCapPublisher::sendRigidBodyMessage(sRigidBodyData*, int)[m[K’:
[01m[K/home/pietro/Scrivania/TESI/ROS2/MoCap/Ros2MoCap/src/mocap_pub/src/MoCapPublisher.cpp:41:101:[m[K [01;31m[Kerror: [m[Kno match for ‘[01m[Koperator=[m[K’ (operand types are ‘[01m[Kmocap_interfaces::msg::RigidBodyArray_<std::allocator<void> >[m[K’ and ‘[01m[Kmocap_interfaces::msg::RigidBodyArray*[m[K’ {aka ‘[01m[Kmocap_interfaces::msg::RigidBodyArray_<std::allocator<void> >*[m[K’})
   41 | idBodyArray*) malloc(sizeof(mocap_interfaces::msg::RigidBody)[01;31m[K)[m[K;
      |                                                              [01;31m[K^[m[K

In file included from [01m[K/home/pietro/Scrivania/TESI/ROS2/MoCap/Ros2MoCap/install/mocap_interfaces/include/mocap_interfaces/msg/rigid_body_array.hpp:7[m[K,
                 from [01m[K/home/pietro/Scrivania/TESI/ROS2/MoCap/Ros2MoCap/src/mocap_pub/include/MoCapPublisher/MoCapPublisher.h:8[m[K,
                 from [01m[K/home/pietro/Scrivania/TESI/ROS2/MoCap/Ros2MoCap/src/mocap_pub/src/MoCapPublisher.cpp:2[m[K:
[01m[K/home/pietro/Scrivania/TESI/ROS2/MoCap/Ros2MoCap/install/mocap_interfaces/include/mocap_interfaces/msg/detail/rigid_body_array__struct.hpp:35:8:[m[K [01;36m[Knote: [m[Kcandidate: ‘[01m[Kmocap_interfaces::msg::RigidBodyArray_<std::allocator<void> >& mocap_interfaces::msg::RigidBodyArray_<std::allocator<void> >::operator=(const mocap_interfaces::msg::RigidBodyArray_<std::allocator<void> >&)[m[K’
   35 | struct [01;36m[KRigidBodyArray_[m[K
      |        [01;36m[K^~~~~~~~~~~~~~~[m[K
[01m[K/home/pietro/Scrivania/TESI/ROS2/MoCap/Ros2MoCap/install/mocap_interfaces/include/mocap_interfaces/msg/detail/rigid_body_array__struct.hpp:35:8:[m[K [01;36m[Knote: [m[K  no known conversion for argument 1 from ‘[01m[Kmocap_interfaces::msg::RigidBodyArray*[m[K’ {aka ‘[01m[Kmocap_interfaces::msg::RigidBodyArray_<std::allocator<void> >*[m[K’} to ‘[01m[Kconst mocap_interfaces::msg::RigidBodyArray_<std::allocator<void> >&[m[K’
[01m[K/home/pietro/Scrivania/TESI/ROS2/MoCap/Ros2MoCap/install/mocap_interfaces/include/mocap_interfaces/msg/detail/rigid_body_array__struct.hpp:35:8:[m[K [01;36m[Knote: [m[Kcandidate: ‘[01m[Kmocap_interfaces::msg::RigidBodyArray_<std::allocator<void> >& mocap_interfaces::msg::RigidBodyArray_<std::allocator<void> >::operator=(mocap_interfaces::msg::RigidBodyArray_<std::allocator<void> >&&)[m[K’
[01m[K/home/pietro/Scrivania/TESI/ROS2/MoCap/Ros2MoCap/install/mocap_interfaces/include/mocap_interfaces/msg/detail/rigid_body_array__struct.hpp:35:8:[m[K [01;36m[Knote: [m[K  no known conversion for argument 1 from ‘[01m[Kmocap_interfaces::msg::RigidBodyArray*[m[K’ {aka ‘[01m[Kmocap_interfaces::msg::RigidBodyArray_<std::allocator<void> >*[m[K’} to ‘[01m[Kmocap_interfaces::msg::RigidBodyArray_<std::allocator<void> >&&[m[K’
[01m[K/home/pietro/Scrivania/TESI/ROS2/MoCap/Ros2MoCap/src/mocap_pub/src/MoCapPublisher.cpp:45:8:[m[K [01;31m[Kerror: [m[Kcannot convert ‘[01m[Kmocap_interfaces::msg::RigidBodyArray_<std::allocator<void> >[m[K’ to ‘[01m[Kvoid*[m[K’
   45 |   free([01;31m[Kmessage[m[K);
      |        [01;31m[K^~~~~~~[m[K
      |        [01;31m[K|[m[K
      |        [01;31m[Kmocap_interfaces::msg::RigidBodyArray_<std::allocator<void> >[m[K
In file included from [01m[K/usr/include/c++/9/cstdlib:75[m[K,
                 from [01m[K/usr/include/c++/9/ext/string_conversions.h:41[m[K,
                 from [01m[K/usr/include/c++/9/bits/basic_string.h:6493[m[K,
                 from [01m[K/usr/include/c++/9/string:55[m[K,
                 from [01m[K/usr/include/c++/9/stdexcept:39[m[K,
                 from [01m[K/usr/include/c++/9/array:39[m[K,
                 from [01m[K/usr/include/c++/9/tuple:39[m[K,
                 from [01m[K/usr/include/c++/9/bits/unique_ptr.h:37[m[K,
                 from [01m[K/usr/include/c++/9/memory:80[m[K,
                 from [01m[K/opt/ros/foxy/include/rclcpp/rclcpp.hpp:144[m[K,
                 from [01m[K/home/pietro/Scrivania/TESI/ROS2/MoCap/Ros2MoCap/src/mocap_pub/include/MoCapPublisher/MoCapPublisher.h:7[m[K,
                 from [01m[K/home/pietro/Scrivania/TESI/ROS2/MoCap/Ros2MoCap/src/mocap_pub/src/MoCapPublisher.cpp:2[m[K:
[01m[K/usr/include/stdlib.h:565:25:[m[K [01;36m[Knote: [m[K  initializing argument 1 of ‘[01m[Kvoid free(void*)[m[K’
  565 | extern void free ([01;36m[Kvoid *__ptr[m[K) __THROW;
      |                   [01;36m[K~~~~~~^~~~~[m[K
make[2]: *** [CMakeFiles/mocap_pub.dir/build.make:63: CMakeFiles/mocap_pub.dir/src/MoCapPublisher.cpp.o] Error 1
make[1]: *** [CMakeFiles/Makefile2:78: CMakeFiles/mocap_pub.dir/all] Error 2
make: *** [Makefile:141: all] Error 2
