[35m[1mScanning dependencies of target mocap[0m
[ 25%] [32mBuilding CXX object CMakeFiles/mocap.dir/src/MoCapNatNetClient.cpp.o[0m
[01m[K/home/pietro/Scrivania/TESI/ROS2/MoCap/Ros2MoCap/src/mocap/src/MoCapNatNetClient.cpp:[m[K In constructor ‘[01m[KMoCapNatNetClient::MoCapNatNetClient()[m[K’:
[01m[K/home/pietro/Scrivania/TESI/ROS2/MoCap/Ros2MoCap/src/mocap/src/MoCapNatNetClient.cpp:20:48:[m[K [01;35m[Kwarning: [m[K‘[01m[KNatNetClient::NatNetClient(int)[m[K’ is deprecated: The constructor specifying connection type is deprecated; use the sNatNetClientConnectParams::connectionType field instead. [[01;35m[K-Wdeprecated-declarations[m[K]
   20 |     g_pClient = new NatNetClient(connectionType[01;35m[K)[m[K;
      |                                                [01;35m[K^[m[K
In file included from [01m[K/home/pietro/Scrivania/TESI/ROS2/MoCap/Ros2MoCap/src/mocap/include/MoCapNatNetClient/MoCapNatNetClient.h:10[m[K,
                 from [01m[K/home/pietro/Scrivania/TESI/ROS2/MoCap/Ros2MoCap/src/mocap/src/MoCapNatNetClient.cpp:3[m[K:
[01m[K/home/pietro/Scrivania/TESI/ROS2/MoCap/Ros2MoCap/src/mocap/include/NatNet/NatNetClient.h:51:14:[m[K [01;36m[Knote: [m[Kdeclared here
   51 |     explicit [01;36m[KNatNetClient[m[K( int connectionType );
      |              [01;36m[K^~~~~~~~~~~~[m[K
[01m[K/home/pietro/Scrivania/TESI/ROS2/MoCap/Ros2MoCap/src/mocap/src/MoCapNatNetClient.cpp:[m[K In function ‘[01m[Kvoid dataFrameHandler(sFrameOfMocapData*, void*)[m[K’:
[01m[K/home/pietro/Scrivania/TESI/ROS2/MoCap/Ros2MoCap/src/mocap/src/MoCapNatNetClient.cpp:76:58:[m[K [01;35m[Kwarning: [m[Kunused parameter ‘[01m[Kdata[m[K’ [[01;35m[K-Wunused-parameter[m[K]
   76 | void NATNET_CALLCONV dataFrameHandler([01;35m[KsFrameOfMocapData* data[m[K, void* pUserData)
      |                                       [01;35m[K~~~~~~~~~~~~~~~~~~~^~~~[m[K
[01m[K/home/pietro/Scrivania/TESI/ROS2/MoCap/Ros2MoCap/src/mocap/src/MoCapNatNetClient.cpp:76:70:[m[K [01;35m[Kwarning: [m[Kunused parameter ‘[01m[KpUserData[m[K’ [[01;35m[K-Wunused-parameter[m[K]
   76 | void NATNET_CALLCONV dataFrameHandler(sFrameOfMocapData* data, [01;35m[Kvoid* pUserData[m[K)
      |                                                                [01;35m[K~~~~~~^~~~~~~~~[m[K
[ 50%] [32m[1mLinking CXX executable mocap[0m
[100%] Built target mocap
-- Install configuration: ""
-- Installing: /home/pietro/Scrivania/TESI/ROS2/MoCap/Ros2MoCap/install/mocap/lib/mocap/mocap
-- Set runtime path of "/home/pietro/Scrivania/TESI/ROS2/MoCap/Ros2MoCap/install/mocap/lib/mocap/mocap" to ""
-- Up-to-date: /home/pietro/Scrivania/TESI/ROS2/MoCap/Ros2MoCap/install/mocap/share/ament_index/resource_index/package_run_dependencies/mocap
-- Up-to-date: /home/pietro/Scrivania/TESI/ROS2/MoCap/Ros2MoCap/install/mocap/share/ament_index/resource_index/parent_prefix_path/mocap
-- Up-to-date: /home/pietro/Scrivania/TESI/ROS2/MoCap/Ros2MoCap/install/mocap/share/mocap/environment/ament_prefix_path.sh
-- Up-to-date: /home/pietro/Scrivania/TESI/ROS2/MoCap/Ros2MoCap/install/mocap/share/mocap/environment/ament_prefix_path.dsv
-- Up-to-date: /home/pietro/Scrivania/TESI/ROS2/MoCap/Ros2MoCap/install/mocap/share/mocap/environment/path.sh
-- Up-to-date: /home/pietro/Scrivania/TESI/ROS2/MoCap/Ros2MoCap/install/mocap/share/mocap/environment/path.dsv
-- Up-to-date: /home/pietro/Scrivania/TESI/ROS2/MoCap/Ros2MoCap/install/mocap/share/mocap/local_setup.bash
-- Up-to-date: /home/pietro/Scrivania/TESI/ROS2/MoCap/Ros2MoCap/install/mocap/share/mocap/local_setup.sh
-- Up-to-date: /home/pietro/Scrivania/TESI/ROS2/MoCap/Ros2MoCap/install/mocap/share/mocap/local_setup.zsh
-- Up-to-date: /home/pietro/Scrivania/TESI/ROS2/MoCap/Ros2MoCap/install/mocap/share/mocap/local_setup.dsv
-- Installing: /home/pietro/Scrivania/TESI/ROS2/MoCap/Ros2MoCap/install/mocap/share/mocap/package.dsv
-- Up-to-date: /home/pietro/Scrivania/TESI/ROS2/MoCap/Ros2MoCap/install/mocap/share/ament_index/resource_index/packages/mocap
-- Up-to-date: /home/pietro/Scrivania/TESI/ROS2/MoCap/Ros2MoCap/install/mocap/share/mocap/cmake/mocapConfig.cmake
-- Up-to-date: /home/pietro/Scrivania/TESI/ROS2/MoCap/Ros2MoCap/install/mocap/share/mocap/cmake/mocapConfig-version.cmake
-- Up-to-date: /home/pietro/Scrivania/TESI/ROS2/MoCap/Ros2MoCap/install/mocap/share/mocap/package.xml
