[35m[1mScanning dependencies of target mocap[0m
[ 50%] [32mBuilding CXX object CMakeFiles/mocap.dir/src/MoCapNatNetClient.cpp.o[0m
[ 50%] [32mBuilding CXX object CMakeFiles/mocap.dir/src/MoCap.cpp.o[0m
[01m[K/home/pietro/Scrivania/TESI/ROS2/MoCap/Ros2MoCap/src/mocap/src/MoCapNatNetClient.cpp:[m[K In member function ‘[01m[Kint MoCapNatNetClient::connect()[m[K’:
[01m[K/home/pietro/Scrivania/TESI/ROS2/MoCap/Ros2MoCap/src/mocap/src/MoCapNatNetClient.cpp:131:41:[m[K [01;35m[Kwarning: [m[Kunused variable ‘[01m[KpMS[m[K’ [[01;35m[K-Wunused-variable[m[K]
  131 |                  sMarkerSetDescription* [01;35m[KpMS[m[K = pDataDefs->arrDataDescriptions[i].Data.MarkerSetDescription;
      |                                         [01;35m[K^~~[m[K
[01m[K/home/pietro/Scrivania/TESI/ROS2/MoCap/Ros2MoCap/src/mocap/src/MoCapNatNetClient.cpp:136:40:[m[K [01;35m[Kwarning: [m[Kunused variable ‘[01m[KpRB[m[K’ [[01;35m[K-Wunused-variable[m[K]
  136 |                 sRigidBodyDescription* [01;35m[KpRB[m[K = pDataDefs->arrDataDescriptions[i].Data.RigidBodyDescription;
      |                                        [01;35m[K^~~[m[K
[01m[K/home/pietro/Scrivania/TESI/ROS2/MoCap/Ros2MoCap/src/mocap/src/MoCapNatNetClient.cpp:141:39:[m[K [01;35m[Kwarning: [m[Kunused variable ‘[01m[KpSK[m[K’ [[01;35m[K-Wunused-variable[m[K]
  141 |                 sSkeletonDescription* [01;35m[KpSK[m[K = pDataDefs->arrDataDescriptions[i].Data.SkeletonDescription;
      |                                       [01;35m[K^~~[m[K
[01m[K/home/pietro/Scrivania/TESI/ROS2/MoCap/Ros2MoCap/src/mocap/src/MoCapNatNetClient.cpp:146:41:[m[K [01;35m[Kwarning: [m[Kunused variable ‘[01m[KpFP[m[K’ [[01;35m[K-Wunused-variable[m[K]
  146 |                 sForcePlateDescription* [01;35m[KpFP[m[K = pDataDefs->arrDataDescriptions[i].Data.ForcePlateDescription;
      |                                         [01;35m[K^~~[m[K
[01m[K/home/pietro/Scrivania/TESI/ROS2/MoCap/Ros2MoCap/src/mocap/src/MoCapNatNetClient.cpp:[m[K In function ‘[01m[Kvoid dataFrameHandler(sFrameOfMocapData*, void*)[m[K’:
[01m[K/home/pietro/Scrivania/TESI/ROS2/MoCap/Ros2MoCap/src/mocap/src/MoCapNatNetClient.cpp:169:58:[m[K [01;35m[Kwarning: [m[Kunused parameter ‘[01m[Kdata[m[K’ [[01;35m[K-Wunused-parameter[m[K]
  169 | void NATNET_CALLCONV dataFrameHandler([01;35m[KsFrameOfMocapData* data[m[K, void* pUserData)
      |                                       [01;35m[K~~~~~~~~~~~~~~~~~~~^~~~[m[K
[01m[K/home/pietro/Scrivania/TESI/ROS2/MoCap/Ros2MoCap/src/mocap/src/MoCapNatNetClient.cpp:169:70:[m[K [01;35m[Kwarning: [m[Kunused parameter ‘[01m[KpUserData[m[K’ [[01;35m[K-Wunused-parameter[m[K]
  169 | void NATNET_CALLCONV dataFrameHandler(sFrameOfMocapData* data, [01;35m[Kvoid* pUserData[m[K)
      |                                                                [01;35m[K~~~~~~^~~~~~~~~[m[K
[01m[K/home/pietro/Scrivania/TESI/ROS2/MoCap/Ros2MoCap/src/mocap/src/MoCapNatNetClient.cpp:[m[K In member function ‘[01m[Kvoid MoCapNatNetClient::getDataDescription()[m[K’:
[01m[K/home/pietro/Scrivania/TESI/ROS2/MoCap/Ros2MoCap/src/mocap/src/MoCapNatNetClient.cpp:180:66:[m[K [01;35m[Kwarning: [m[K‘[01m[Kint NatNetClient::GetDataDescriptions(sDataDescriptions**)[m[K’ is deprecated: This method is deprecated; use GetDataDescriptionList, which returns an ErrorCode instead of the number of descriptions (which is still available as sDataDescriptions::nDataDescriptions). [[01;35m[K-Wdeprecated-declarations[m[K]
  180 |     int iResult = this->g_pClient->GetDataDescriptions(&pDataDefs[01;35m[K)[m[K;
      |                                                                  [01;35m[K^[m[K
In file included from [01m[K/home/pietro/Scrivania/TESI/ROS2/MoCap/Ros2MoCap/src/mocap/include/MoCapNatNetClient/MoCapNatNetClient.h:10[m[K,
                 from [01m[K/home/pietro/Scrivania/TESI/ROS2/MoCap/Ros2MoCap/src/mocap/src/MoCapNatNetClient.cpp:3[m[K:
[01m[K/home/pietro/Scrivania/TESI/ROS2/MoCap/Ros2MoCap/src/mocap/include/NatNet/NatNetClient.h:72:9:[m[K [01;36m[Knote: [m[Kdeclared here
   72 |     int [01;36m[KGetDataDescriptions[m[K( sDataDescriptions** ppDataDescriptions );
      |         [01;36m[K^~~~~~~~~~~~~~~~~~~[m[K
[01m[K/home/pietro/Scrivania/TESI/ROS2/MoCap/Ros2MoCap/src/mocap/src/MoCapNatNetClient.cpp:196:41:[m[K [01;35m[Kwarning: [m[Kunused variable ‘[01m[KpMS[m[K’ [[01;35m[K-Wunused-variable[m[K]
  196 |                  sMarkerSetDescription* [01;35m[KpMS[m[K = pDataDefs->arrDataDescriptions[i].Data.MarkerSetDescription;
      |                                         [01;35m[K^~~[m[K
[01m[K/home/pietro/Scrivania/TESI/ROS2/MoCap/Ros2MoCap/src/mocap/src/MoCapNatNetClient.cpp:201:40:[m[K [01;35m[Kwarning: [m[Kunused variable ‘[01m[KpRB[m[K’ [[01;35m[K-Wunused-variable[m[K]
  201 |                 sRigidBodyDescription* [01;35m[KpRB[m[K = pDataDefs->arrDataDescriptions[i].Data.RigidBodyDescription;
      |                                        [01;35m[K^~~[m[K
[01m[K/home/pietro/Scrivania/TESI/ROS2/MoCap/Ros2MoCap/src/mocap/src/MoCapNatNetClient.cpp:206:39:[m[K [01;35m[Kwarning: [m[Kunused variable ‘[01m[KpSK[m[K’ [[01;35m[K-Wunused-variable[m[K]
  206 |                 sSkeletonDescription* [01;35m[KpSK[m[K = pDataDefs->arrDataDescriptions[i].Data.SkeletonDescription;
      |                                       [01;35m[K^~~[m[K
[01m[K/home/pietro/Scrivania/TESI/ROS2/MoCap/Ros2MoCap/src/mocap/src/MoCapNatNetClient.cpp:211:41:[m[K [01;35m[Kwarning: [m[Kunused variable ‘[01m[KpFP[m[K’ [[01;35m[K-Wunused-variable[m[K]
  211 |                 sForcePlateDescription* [01;35m[KpFP[m[K = pDataDefs->arrDataDescriptions[i].Data.ForcePlateDescription;
      |                                         [01;35m[K^~~[m[K
[ 75%] [32m[1mLinking CXX executable mocap[0m
[100%] Built target mocap
-- Install configuration: ""
-- Installing: /home/pietro/Scrivania/TESI/ROS2/MoCap/Ros2MoCap/install/mocap/lib/mocap/mocap
-- Set runtime path of "/home/pietro/Scrivania/TESI/ROS2/MoCap/Ros2MoCap/install/mocap/lib/mocap/mocap" to ""
-- Up-to-date: /home/pietro/Scrivania/TESI/ROS2/MoCap/Ros2MoCap/install/mocap/share/ament_index/resource_index/package_run_dependencies/mocap
-- Up-to-date: /home/pietro/Scrivania/TESI/ROS2/MoCap/Ros2MoCap/install/mocap/share/ament_index/resource_index/parent_prefix_path/mocap
-- Up-to-date: /home/pietro/Scrivania/TESI/ROS2/MoCap/Ros2MoCap/install/mocap/share/mocap/environment/ament_prefix_path.sh
-- Up-to-date: /home/pietro/Scrivania/TESI/ROS2/MoCap/Ros2MoCap/install/mocap/share/mocap/environment/ament_prefix_path.dsv
-- Up-to-date: /home/pietro/Scrivania/TESI/ROS2/MoCap/Ros2MoCap/install/mocap/share/mocap/environment/path.sh
-- Up-to-date: /home/pietro/Scrivania/TESI/ROS2/MoCap/Ros2MoCap/install/mocap/share/mocap/environment/path.dsv
-- Up-to-date: /home/pietro/Scrivania/TESI/ROS2/MoCap/Ros2MoCap/install/mocap/share/mocap/local_setup.bash
-- Up-to-date: /home/pietro/Scrivania/TESI/ROS2/MoCap/Ros2MoCap/install/mocap/share/mocap/local_setup.sh
-- Up-to-date: /home/pietro/Scrivania/TESI/ROS2/MoCap/Ros2MoCap/install/mocap/share/mocap/local_setup.zsh
-- Up-to-date: /home/pietro/Scrivania/TESI/ROS2/MoCap/Ros2MoCap/install/mocap/share/mocap/local_setup.dsv
-- Installing: /home/pietro/Scrivania/TESI/ROS2/MoCap/Ros2MoCap/install/mocap/share/mocap/package.dsv
-- Up-to-date: /home/pietro/Scrivania/TESI/ROS2/MoCap/Ros2MoCap/install/mocap/share/ament_index/resource_index/packages/mocap
-- Up-to-date: /home/pietro/Scrivania/TESI/ROS2/MoCap/Ros2MoCap/install/mocap/share/mocap/cmake/mocapConfig.cmake
-- Up-to-date: /home/pietro/Scrivania/TESI/ROS2/MoCap/Ros2MoCap/install/mocap/share/mocap/cmake/mocapConfig-version.cmake
-- Up-to-date: /home/pietro/Scrivania/TESI/ROS2/MoCap/Ros2MoCap/install/mocap/share/mocap/package.xml
