[0.016s] Invoking command in '/home/pietro/Scrivania/TESI/ROS2/MoCap/Ros2MoCap/build/world_to_base': AMENT_PREFIX_PATH=/home/pietro/Scrivania/TESI/ROS2/MoCap/Ros2MoCap/install/mocap_interfaces:${AMENT_PREFIX_PATH} CMAKE_PREFIX_PATH=/home/pietro/Scrivania/TESI/ROS2/MoCap/Ros2MoCap/install/mocap_interfaces:/opt/ros/foxy LD_LIBRARY_PATH=/home/pietro/Scrivania/TESI/ROS2/MoCap/Ros2MoCap/install/mocap_interfaces/lib:${LD_LIBRARY_PATH} PYTHONPATH=/home/pietro/Scrivania/TESI/ROS2/MoCap/Ros2MoCap/install/mocap_interfaces/lib/python3.8/site-packages:${PYTHONPATH} /usr/bin/cmake --build /home/pietro/Scrivania/TESI/ROS2/MoCap/Ros2MoCap/build/world_to_base -- -j8 -l8
[0.053s] [35m[1mScanning dependencies of target world_to_base[0m
[0.089s] [ 50%] [32mBuilding CXX object CMakeFiles/world_to_base.dir/src/WorldToBase.cpp.o[0m
[1.783s] [01m[K/home/pietro/Scrivania/TESI/ROS2/MoCap/Ros2MoCap/src/world_to_base/src/WorldToBase.cpp:[m[K In member function ‘[01m[Kvoid WorldToBase::transformPose(mocap_interfaces::msg::RigidBodyArray_<std::allocator<void> >::SharedPtr) const[m[K’:
[1.783s] [01m[K/home/pietro/Scrivania/TESI/ROS2/MoCap/Ros2MoCap/src/world_to_base/src/WorldToBase.cpp:31:17:[m[K [01;35m[Kwarning: [m[Kcomparison of integer expressions of different signedness: ‘[01m[Kint[m[K’ and ‘[01m[Kstd::vector<mocap_interfaces::msg::RigidBody_<std::allocator<void> >, std::allocator<mocap_interfaces::msg::RigidBody_<std::allocator<void> > > >::size_type[m[K’ {aka ‘[01m[Klong unsigned int[m[K’} [[01;35m[K-Wsign-compare[m[K]
[1.783s]    31 |   for (i = 0; [01;35m[Ki < msg->rigid_bodies.size()[m[K; i++)
[1.783s]       |               [01;35m[K~~^~~~~~~~~~~~~~~~~~~~~~~~~~[m[K
[1.783s] [01m[K/home/pietro/Scrivania/TESI/ROS2/MoCap/Ros2MoCap/src/world_to_base/src/WorldToBase.cpp:35:40:[m[K [01;35m[Kwarning: [m[Knarrowing conversion of ‘[01m[K((const std::__shared_ptr_access<mocap_interfaces::msg::RigidBodyArray_<std::allocator<void> >, __gnu_cxx::_S_atomic, false, false>*)(& msg))->std::__shared_ptr_access<mocap_interfaces::msg::RigidBodyArray_<std::allocator<void> >, __gnu_cxx::_S_atomic, false, false>::operator->()->mocap_interfaces::msg::RigidBodyArray_<std::allocator<void> >::rigid_bodies.std::vector<mocap_interfaces::msg::RigidBody_<std::allocator<void> >, std::allocator<mocap_interfaces::msg::RigidBody_<std::allocator<void> > > >::operator[](((std::vector<mocap_interfaces::msg::RigidBody_<std::allocator<void> >, std::allocator<mocap_interfaces::msg::RigidBody_<std::allocator<void> > > >::size_type)i)).mocap_interfaces::msg::RigidBody_<std::allocator<void> >::p.mocap_interfaces::msg::Point_<std::allocator<void> >::x[m[K’ from ‘[01m[Kmocap_interfaces::msg::Point_<std::allocator<void> >::_x_type[m[K’ {aka ‘[01m[Kdouble[m[K’} to ‘[01m[KEigen::Matrix<float, 3, 1>::Scalar[m[K’ {aka ‘[01m[Kfloat[m[K’} [[01;35m[K-Wnarrowing[m[K]
[1.784s]    35 |       P_base = {msg->rigid_bodies[i].p.x, msg->rigid_bodies[i].p.y, msg->rigid_bodies[i].p.z};
[1.784s] [01m[K/home/pietro/Scrivania/TESI/ROS2/MoCap/Ros2MoCap/src/world_to_base/src/WorldToBase.cpp:35:66:[m[K [01;35m[Kwarning: [m[Knarrowing conversion of ‘[01m[K((const std::__shared_ptr_access<mocap_interfaces::msg::RigidBodyArray_<std::allocator<void> >, __gnu_cxx::_S_atomic, false, false>*)(& msg))->std::__shared_ptr_access<mocap_interfaces::msg::RigidBodyArray_<std::allocator<void> >, __gnu_cxx::_S_atomic, false, false>::operator->()->mocap_interfaces::msg::RigidBodyArray_<std::allocator<void> >::rigid_bodies.std::vector<mocap_interfaces::msg::RigidBody_<std::allocator<void> >, std::allocator<mocap_interfaces::msg::RigidBody_<std::allocator<void> > > >::operator[](((std::vector<mocap_interfaces::msg::RigidBody_<std::allocator<void> >, std::allocator<mocap_interfaces::msg::RigidBody_<std::allocator<void> > > >::size_type)i)).mocap_interfaces::msg::RigidBody_<std::allocator<void> >::p.mocap_interfaces::msg::Point_<std::allocator<void> >::y[m[K’ from ‘[01m[Kmocap_interfaces::msg::Point_<std::allocator<void> >::_y_type[m[K’ {aka ‘[01m[Kdouble[m[K’} to ‘[01m[KEigen::Matrix<float, 3, 1>::Scalar[m[K’ {aka ‘[01m[Kfloat[m[K’} [[01;35m[K-Wnarrowing[m[K]
[1.784s]    35 |   P_base = {msg->rigid_bodies[i].p.x, msg->rigid_bodies[i].p.y, msg->rigid_bodies[i].p.z};
[1.784s] 
[1.784s] [01m[K/home/pietro/Scrivania/TESI/ROS2/MoCap/Ros2MoCap/src/world_to_base/src/WorldToBase.cpp:35:92:[m[K [01;35m[Kwarning: [m[Knarrowing conversion of ‘[01m[K((const std::__shared_ptr_access<mocap_interfaces::msg::RigidBodyArray_<std::allocator<void> >, __gnu_cxx::_S_atomic, false, false>*)(& msg))->std::__shared_ptr_access<mocap_interfaces::msg::RigidBodyArray_<std::allocator<void> >, __gnu_cxx::_S_atomic, false, false>::operator->()->mocap_interfaces::msg::RigidBodyArray_<std::allocator<void> >::rigid_bodies.std::vector<mocap_interfaces::msg::RigidBody_<std::allocator<void> >, std::allocator<mocap_interfaces::msg::RigidBody_<std::allocator<void> > > >::operator[](((std::vector<mocap_interfaces::msg::RigidBody_<std::allocator<void> >, std::allocator<mocap_interfaces::msg::RigidBody_<std::allocator<void> > > >::size_type)i)).mocap_interfaces::msg::RigidBody_<std::allocator<void> >::p.mocap_interfaces::msg::Point_<std::allocator<void> >::z[m[K’ from ‘[01m[Kmocap_interfaces::msg::Point_<std::allocator<void> >::_z_type[m[K’ {aka ‘[01m[Kdouble[m[K’} to ‘[01m[KEigen::Matrix<float, 3, 1>::Scalar[m[K’ {aka ‘[01m[Kfloat[m[K’} [[01;35m[K-Wnarrowing[m[K]
[1.784s]    35 | ies[i].p.x, msg->rigid_bodies[i].p.y, msg->rigid_bodies[i].p.z};
[1.784s] 
[1.784s] [01m[K/home/pietro/Scrivania/TESI/ROS2/MoCap/Ros2MoCap/src/world_to_base/src/WorldToBase.cpp:50:17:[m[K [01;35m[Kwarning: [m[Kcomparison of integer expressions of different signedness: ‘[01m[Kint[m[K’ and ‘[01m[Kstd::vector<mocap_interfaces::msg::RigidBody_<std::allocator<void> >, std::allocator<mocap_interfaces::msg::RigidBody_<std::allocator<void> > > >::size_type[m[K’ {aka ‘[01m[Klong unsigned int[m[K’} [[01;35m[K-Wsign-compare[m[K]
[1.784s]    50 |   for (i = 0; [01;35m[Ki < msg->rigid_bodies.size()[m[K; i++)
[1.784s]       |               [01;35m[K~~^~~~~~~~~~~~~~~~~~~~~~~~~~[m[K
[1.784s] [01m[K/home/pietro/Scrivania/TESI/ROS2/MoCap/Ros2MoCap/src/world_to_base/src/WorldToBase.cpp:54:35:[m[K [01;35m[Kwarning: [m[Knarrowing conversion of ‘[01m[K((const std::__shared_ptr_access<mocap_interfaces::msg::RigidBodyArray_<std::allocator<void> >, __gnu_cxx::_S_atomic, false, false>*)(& msg))->std::__shared_ptr_access<mocap_interfaces::msg::RigidBodyArray_<std::allocator<void> >, __gnu_cxx::_S_atomic, false, false>::operator->()->mocap_interfaces::msg::RigidBodyArray_<std::allocator<void> >::rigid_bodies.std::vector<mocap_interfaces::msg::RigidBody_<std::allocator<void> >, std::allocator<mocap_interfaces::msg::RigidBody_<std::allocator<void> > > >::operator[](((std::vector<mocap_interfaces::msg::RigidBody_<std::allocator<void> >, std::allocator<mocap_interfaces::msg::RigidBody_<std::allocator<void> > > >::size_type)i)).mocap_interfaces::msg::RigidBody_<std::allocator<void> >::p.mocap_interfaces::msg::Point_<std::allocator<void> >::x[m[K’ from ‘[01m[Kmocap_interfaces::msg::Point_<std::allocator<void> >::_x_type[m[K’ {aka ‘[01m[Kdouble[m[K’} to ‘[01m[KEigen::Matrix<float, 3, 1>::Scalar[m[K’ {aka ‘[01m[Kfloat[m[K’} [[01;35m[K-Wnarrowing[m[K]
[1.784s]    54 |       P = {msg->rigid_bodies[i].p.x, msg->rigid_bodies[i].p.y, msg->rigid_bodies[i].p.z};
[1.784s] [01m[K/home/pietro/Scrivania/TESI/ROS2/MoCap/Ros2MoCap/src/world_to_base/src/WorldToBase.cpp:54:61:[m[K [01;35m[Kwarning: [m[Knarrowing conversion of ‘[01m[K((const std::__shared_ptr_access<mocap_interfaces::msg::RigidBodyArray_<std::allocator<void> >, __gnu_cxx::_S_atomic, false, false>*)(& msg))->std::__shared_ptr_access<mocap_interfaces::msg::RigidBodyArray_<std::allocator<void> >, __gnu_cxx::_S_atomic, false, false>::operator->()->mocap_interfaces::msg::RigidBodyArray_<std::allocator<void> >::rigid_bodies.std::vector<mocap_interfaces::msg::RigidBody_<std::allocator<void> >, std::allocator<mocap_interfaces::msg::RigidBody_<std::allocator<void> > > >::operator[](((std::vector<mocap_interfaces::msg::RigidBody_<std::allocator<void> >, std::allocator<mocap_interfaces::msg::RigidBody_<std::allocator<void> > > >::size_type)i)).mocap_interfaces::msg::RigidBody_<std::allocator<void> >::p.mocap_interfaces::msg::Point_<std::allocator<void> >::y[m[K’ from ‘[01m[Kmocap_interfaces::msg::Point_<std::allocator<void> >::_y_type[m[K’ {aka ‘[01m[Kdouble[m[K’} to ‘[01m[KEigen::Matrix<float, 3, 1>::Scalar[m[K’ {aka ‘[01m[Kfloat[m[K’} [[01;35m[K-Wnarrowing[m[K]
[1.784s]    54 |       P = {msg->rigid_bodies[i].p.x, msg->rigid_bodies[i].p.y, msg->rigid_bodies[i].p.z};
[1.785s] [01m[K/home/pietro/Scrivania/TESI/ROS2/MoCap/Ros2MoCap/src/world_to_base/src/WorldToBase.cpp:54:87:[m[K [01;35m[Kwarning: [m[Knarrowing conversion of ‘[01m[K((const std::__shared_ptr_access<mocap_interfaces::msg::RigidBodyArray_<std::allocator<void> >, __gnu_cxx::_S_atomic, false, false>*)(& msg))->std::__shared_ptr_access<mocap_interfaces::msg::RigidBodyArray_<std::allocator<void> >, __gnu_cxx::_S_atomic, false, false>::operator->()->mocap_interfaces::msg::RigidBodyArray_<std::allocator<void> >::rigid_bodies.std::vector<mocap_interfaces::msg::RigidBody_<std::allocator<void> >, std::allocator<mocap_interfaces::msg::RigidBody_<std::allocator<void> > > >::operator[](((std::vector<mocap_interfaces::msg::RigidBody_<std::allocator<void> >, std::allocator<mocap_interfaces::msg::RigidBody_<std::allocator<void> > > >::size_type)i)).mocap_interfaces::msg::RigidBody_<std::allocator<void> >::p.mocap_interfaces::msg::Point_<std::allocator<void> >::z[m[K’ from ‘[01m[Kmocap_interfaces::msg::Point_<std::allocator<void> >::_z_type[m[K’ {aka ‘[01m[Kdouble[m[K’} to ‘[01m[KEigen::Matrix<float, 3, 1>::Scalar[m[K’ {aka ‘[01m[Kfloat[m[K’} [[01;35m[K-Wnarrowing[m[K]
[1.785s]    54 | ies[i].p.x, msg->rigid_bodies[i].p.y, msg->rigid_bodies[i].p.z};
[1.785s] 
[1.786s] [01m[K/home/pietro/Scrivania/TESI/ROS2/MoCap/Ros2MoCap/src/world_to_base/src/WorldToBase.cpp:[m[K In member function ‘[01m[KEigen::Matrix3f WorldToBase::quatToRotm(float, float, float, float) const[m[K’:
[1.786s] [01m[K/home/pietro/Scrivania/TESI/ROS2/MoCap/Ros2MoCap/src/world_to_base/src/WorldToBase.cpp:62:17:[m[K [01;31m[Kerror: [m[Kinvalid operands of types ‘[01m[Kfloat[m[K’ and ‘[01m[Kfloat[m[K’ to binary ‘[01m[Koperator^[m[K’
[1.786s]    62 |   R(1,1) = 2*([32m[Kqw[m[K[01;31m[K^[m[K[34m[K2+qx[m[K^2)-1;
[1.786s]       |               [32m[K~~[m[K[01;31m[K^[m[K[34m[K~~~~[m[K
[1.787s]       |               [32m[K|[m[K   [34m[K|[m[K
[1.787s]       |               [32m[K|[m[K   [34m[Kfloat[m[K
[1.787s]       |               [32m[Kfloat[m[K
[1.787s] [01m[K/home/pietro/Scrivania/TESI/ROS2/MoCap/Ros2MoCap/src/world_to_base/src/WorldToBase.cpp:62:19:[m[K [01;35m[Kwarning: [m[Ksuggest parentheses around arithmetic in operand of ‘[01m[K^[m[K’ [[01;35m[K-Wparentheses[m[K]
[1.787s]    62 |   R(1,1) = 2*(qw^[01;35m[K2+qx[m[K^2)-1;
[1.787s]       |                  [01;35m[K~^~~[m[K
[1.787s] [01m[K/home/pietro/Scrivania/TESI/ROS2/MoCap/Ros2MoCap/src/world_to_base/src/WorldToBase.cpp:66:17:[m[K [01;31m[Kerror: [m[Kinvalid operands of types ‘[01m[Kfloat[m[K’ and ‘[01m[Kfloat[m[K’ to binary ‘[01m[Koperator^[m[K’
[1.787s]    66 |   R(2,2) = 2*([32m[Kqw[m[K[01;31m[K^[m[K[34m[K2+qy[m[K^2)-1;
[1.787s]       |               [32m[K~~[m[K[01;31m[K^[m[K[34m[K~~~~[m[K
[1.787s]       |               [32m[K|[m[K   [34m[K|[m[K
[1.787s]       |               [32m[K|[m[K   [34m[Kfloat[m[K
[1.787s]       |               [32m[Kfloat[m[K
[1.787s] [01m[K/home/pietro/Scrivania/TESI/ROS2/MoCap/Ros2MoCap/src/world_to_base/src/WorldToBase.cpp:66:19:[m[K [01;35m[Kwarning: [m[Ksuggest parentheses around arithmetic in operand of ‘[01m[K^[m[K’ [[01;35m[K-Wparentheses[m[K]
[1.787s]    66 |   R(2,2) = 2*(qw^[01;35m[K2+qy[m[K^2)-1;
[1.787s]       |                  [01;35m[K~^~~[m[K
[1.787s] [01m[K/home/pietro/Scrivania/TESI/ROS2/MoCap/Ros2MoCap/src/world_to_base/src/WorldToBase.cpp:70:17:[m[K [01;31m[Kerror: [m[Kinvalid operands of types ‘[01m[Kfloat[m[K’ and ‘[01m[Kfloat[m[K’ to binary ‘[01m[Koperator^[m[K’
[1.788s]    70 |   R(3,3) = 2*([32m[Kqw[m[K[01;31m[K^[m[K[34m[K2+qz[m[K^2)-1;
[1.788s]       |               [32m[K~~[m[K[01;31m[K^[m[K[34m[K~~~~[m[K
[1.788s]       |               [32m[K|[m[K   [34m[K|[m[K
[1.788s]       |               [32m[K|[m[K   [34m[Kfloat[m[K
[1.788s]       |               [32m[Kfloat[m[K
[1.788s] [01m[K/home/pietro/Scrivania/TESI/ROS2/MoCap/Ros2MoCap/src/world_to_base/src/WorldToBase.cpp:70:19:[m[K [01;35m[Kwarning: [m[Ksuggest parentheses around arithmetic in operand of ‘[01m[K^[m[K’ [[01;35m[K-Wparentheses[m[K]
[1.788s]    70 |   R(3,3) = 2*(qw^[01;35m[K2+qz[m[K^2)-1;
[1.788s]       |                  [01;35m[K~^~~[m[K
[1.788s] [01m[K/home/pietro/Scrivania/TESI/ROS2/MoCap/Ros2MoCap/src/world_to_base/src/WorldToBase.cpp:71:1:[m[K [01;35m[Kwarning: [m[Kno return statement in function returning non-void [[01;35m[K-Wreturn-type[m[K]
[1.788s]    71 | [01;35m[K}[m[K
[1.788s]       | [01;35m[K^[m[K
[2.729s] make[2]: *** [CMakeFiles/world_to_base.dir/build.make:63: CMakeFiles/world_to_base.dir/src/WorldToBase.cpp.o] Error 1
[2.730s] make[1]: *** [CMakeFiles/Makefile2:78: CMakeFiles/world_to_base.dir/all] Error 2
[2.730s] make: *** [Makefile:141: all] Error 2
[2.731s] Invoked command in '/home/pietro/Scrivania/TESI/ROS2/MoCap/Ros2MoCap/build/world_to_base' returned '2': AMENT_PREFIX_PATH=/home/pietro/Scrivania/TESI/ROS2/MoCap/Ros2MoCap/install/mocap_interfaces:${AMENT_PREFIX_PATH} CMAKE_PREFIX_PATH=/home/pietro/Scrivania/TESI/ROS2/MoCap/Ros2MoCap/install/mocap_interfaces:/opt/ros/foxy LD_LIBRARY_PATH=/home/pietro/Scrivania/TESI/ROS2/MoCap/Ros2MoCap/install/mocap_interfaces/lib:${LD_LIBRARY_PATH} PYTHONPATH=/home/pietro/Scrivania/TESI/ROS2/MoCap/Ros2MoCap/install/mocap_interfaces/lib/python3.8/site-packages:${PYTHONPATH} /usr/bin/cmake --build /home/pietro/Scrivania/TESI/ROS2/MoCap/Ros2MoCap/build/world_to_base -- -j8 -l8
