[0.199s] DEBUG:colcon:Command line arguments: ['/usr/bin/colcon', 'build']
[0.199s] DEBUG:colcon:Parsed command line arguments: Namespace(ament_cmake_args=None, base_paths=['.'], build_base='build', catkin_cmake_args=None, catkin_skip_building_tests=False, cmake_args=None, cmake_clean_cache=False, cmake_clean_first=False, cmake_force_configure=False, cmake_target=None, cmake_target_skip_unavailable=False, continue_on_error=False, event_handlers=None, executor='parallel', ignore_user_meta=False, install_base='install', log_base=None, log_level=None, main=<bound method BuildVerb.main of <colcon_core.verb.build.BuildVerb object at 0x7f010ad3f9a0>>, merge_install=False, metas=['./colcon.meta'], packages_above=None, packages_above_and_dependencies=None, packages_above_depth=None, packages_end=None, packages_ignore=None, packages_ignore_regex=None, packages_select=None, packages_select_build_failed=False, packages_select_by_dep=None, packages_select_regex=None, packages_select_test_failures=False, packages_skip=None, packages_skip_build_finished=False, packages_skip_by_dep=None, packages_skip_regex=None, packages_skip_test_passed=False, packages_skip_up_to=None, packages_start=None, packages_up_to=None, packages_up_to_regex=None, parallel_workers=8, paths=None, symlink_install=False, test_result_base=None, verb_extension=<colcon_core.verb.build.BuildVerb object at 0x7f010ad3f9a0>, verb_name='build', verb_parser=<colcon_defaults.argument_parser.defaults.DefaultArgumentsDecorator object at 0x7f010ad3ff10>)
[0.203s] Level 1:colcon.colcon_core.package_discovery:discover_packages(colcon_meta) check parameters
[0.203s] Level 1:colcon.colcon_core.package_discovery:discover_packages(recursive) check parameters
[0.203s] Level 1:colcon.colcon_core.package_discovery:discover_packages(ignore) check parameters
[0.203s] Level 1:colcon.colcon_core.package_discovery:discover_packages(path) check parameters
[0.203s] Level 1:colcon.colcon_core.package_discovery:discover_packages(colcon_meta) discover
[0.203s] Level 1:colcon.colcon_core.package_discovery:discover_packages(recursive) discover
[0.203s] INFO:colcon.colcon_core.package_discovery:Crawling recursively for packages in '/home/pietro/Scrivania/TESI/ROS2/MoCap/Ros2MoCap'
[0.203s] Level 1:colcon.colcon_core.package_identification:_identify(.) by extensions ['ignore', 'ignore_ament_install']
[0.203s] Level 1:colcon.colcon_core.package_identification:_identify(.) by extension 'ignore'
[0.203s] Level 1:colcon.colcon_core.package_identification:_identify(.) by extension 'ignore_ament_install'
[0.204s] Level 1:colcon.colcon_core.package_identification:_identify(.) by extensions ['colcon_pkg']
[0.204s] Level 1:colcon.colcon_core.package_identification:_identify(.) by extension 'colcon_pkg'
[0.204s] Level 1:colcon.colcon_core.package_identification:_identify(.) by extensions ['colcon_meta']
[0.204s] Level 1:colcon.colcon_core.package_identification:_identify(.) by extension 'colcon_meta'
[0.204s] Level 1:colcon.colcon_core.package_identification:_identify(.) by extensions ['ros']
[0.204s] Level 1:colcon.colcon_core.package_identification:_identify(.) by extension 'ros'
[0.213s] Level 1:colcon.colcon_core.package_identification:_identify(.) by extensions ['cmake', 'python']
[0.213s] Level 1:colcon.colcon_core.package_identification:_identify(.) by extension 'cmake'
[0.213s] Level 1:colcon.colcon_core.package_identification:_identify(.) by extension 'python'
[0.213s] Level 1:colcon.colcon_core.package_identification:_identify(.) by extensions ['python_setup_py']
[0.213s] Level 1:colcon.colcon_core.package_identification:_identify(.) by extension 'python_setup_py'
[0.213s] Level 1:colcon.colcon_core.package_identification:_identify(build) by extensions ['ignore', 'ignore_ament_install']
[0.213s] Level 1:colcon.colcon_core.package_identification:_identify(build) by extension 'ignore'
[0.213s] Level 1:colcon.colcon_core.package_identification:_identify(build) ignored
[0.213s] Level 1:colcon.colcon_core.package_identification:_identify(install) by extensions ['ignore', 'ignore_ament_install']
[0.213s] Level 1:colcon.colcon_core.package_identification:_identify(install) by extension 'ignore'
[0.214s] Level 1:colcon.colcon_core.package_identification:_identify(install) ignored
[0.214s] Level 1:colcon.colcon_core.package_identification:_identify(log) by extensions ['ignore', 'ignore_ament_install']
[0.214s] Level 1:colcon.colcon_core.package_identification:_identify(log) by extension 'ignore'
[0.214s] Level 1:colcon.colcon_core.package_identification:_identify(log) ignored
[0.214s] Level 1:colcon.colcon_core.package_identification:_identify(src) by extensions ['ignore', 'ignore_ament_install']
[0.214s] Level 1:colcon.colcon_core.package_identification:_identify(src) by extension 'ignore'
[0.214s] Level 1:colcon.colcon_core.package_identification:_identify(src) by extension 'ignore_ament_install'
[0.214s] Level 1:colcon.colcon_core.package_identification:_identify(src) by extensions ['colcon_pkg']
[0.214s] Level 1:colcon.colcon_core.package_identification:_identify(src) by extension 'colcon_pkg'
[0.214s] Level 1:colcon.colcon_core.package_identification:_identify(src) by extensions ['colcon_meta']
[0.214s] Level 1:colcon.colcon_core.package_identification:_identify(src) by extension 'colcon_meta'
[0.214s] Level 1:colcon.colcon_core.package_identification:_identify(src) by extensions ['ros']
[0.214s] Level 1:colcon.colcon_core.package_identification:_identify(src) by extension 'ros'
[0.214s] Level 1:colcon.colcon_core.package_identification:_identify(src) by extensions ['cmake', 'python']
[0.214s] Level 1:colcon.colcon_core.package_identification:_identify(src) by extension 'cmake'
[0.214s] Level 1:colcon.colcon_core.package_identification:_identify(src) by extension 'python'
[0.214s] Level 1:colcon.colcon_core.package_identification:_identify(src) by extensions ['python_setup_py']
[0.214s] Level 1:colcon.colcon_core.package_identification:_identify(src) by extension 'python_setup_py'
[0.215s] Level 1:colcon.colcon_core.package_identification:_identify(src/mocap_interfaces) by extensions ['ignore', 'ignore_ament_install']
[0.215s] Level 1:colcon.colcon_core.package_identification:_identify(src/mocap_interfaces) by extension 'ignore'
[0.215s] Level 1:colcon.colcon_core.package_identification:_identify(src/mocap_interfaces) by extension 'ignore_ament_install'
[0.215s] Level 1:colcon.colcon_core.package_identification:_identify(src/mocap_interfaces) by extensions ['colcon_pkg']
[0.215s] Level 1:colcon.colcon_core.package_identification:_identify(src/mocap_interfaces) by extension 'colcon_pkg'
[0.215s] Level 1:colcon.colcon_core.package_identification:_identify(src/mocap_interfaces) by extensions ['colcon_meta']
[0.215s] Level 1:colcon.colcon_core.package_identification:_identify(src/mocap_interfaces) by extension 'colcon_meta'
[0.215s] Level 1:colcon.colcon_core.package_identification:_identify(src/mocap_interfaces) by extensions ['ros']
[0.215s] Level 1:colcon.colcon_core.package_identification:_identify(src/mocap_interfaces) by extension 'ros'
[0.217s] DEBUG:colcon.colcon_core.package_identification:Package 'src/mocap_interfaces' with type 'ros.ament_cmake' and name 'mocap_interfaces'
[0.217s] Level 1:colcon.colcon_core.package_identification:_identify(src/mocap_pub) by extensions ['ignore', 'ignore_ament_install']
[0.217s] Level 1:colcon.colcon_core.package_identification:_identify(src/mocap_pub) by extension 'ignore'
[0.217s] Level 1:colcon.colcon_core.package_identification:_identify(src/mocap_pub) by extension 'ignore_ament_install'
[0.217s] Level 1:colcon.colcon_core.package_identification:_identify(src/mocap_pub) by extensions ['colcon_pkg']
[0.217s] Level 1:colcon.colcon_core.package_identification:_identify(src/mocap_pub) by extension 'colcon_pkg'
[0.217s] Level 1:colcon.colcon_core.package_identification:_identify(src/mocap_pub) by extensions ['colcon_meta']
[0.217s] Level 1:colcon.colcon_core.package_identification:_identify(src/mocap_pub) by extension 'colcon_meta'
[0.217s] Level 1:colcon.colcon_core.package_identification:_identify(src/mocap_pub) by extensions ['ros']
[0.217s] Level 1:colcon.colcon_core.package_identification:_identify(src/mocap_pub) by extension 'ros'
[0.218s] DEBUG:colcon.colcon_core.package_identification:Package 'src/mocap_pub' with type 'ros.ament_cmake' and name 'mocap_pub'
[0.218s] Level 1:colcon.colcon_core.package_identification:_identify(src/world_to_base) by extensions ['ignore', 'ignore_ament_install']
[0.218s] Level 1:colcon.colcon_core.package_identification:_identify(src/world_to_base) by extension 'ignore'
[0.218s] Level 1:colcon.colcon_core.package_identification:_identify(src/world_to_base) by extension 'ignore_ament_install'
[0.218s] Level 1:colcon.colcon_core.package_identification:_identify(src/world_to_base) by extensions ['colcon_pkg']
[0.218s] Level 1:colcon.colcon_core.package_identification:_identify(src/world_to_base) by extension 'colcon_pkg'
[0.218s] Level 1:colcon.colcon_core.package_identification:_identify(src/world_to_base) by extensions ['colcon_meta']
[0.218s] Level 1:colcon.colcon_core.package_identification:_identify(src/world_to_base) by extension 'colcon_meta'
[0.218s] Level 1:colcon.colcon_core.package_identification:_identify(src/world_to_base) by extensions ['ros']
[0.218s] Level 1:colcon.colcon_core.package_identification:_identify(src/world_to_base) by extension 'ros'
[0.219s] DEBUG:colcon.colcon_core.package_identification:Package 'src/world_to_base' with type 'ros.ament_cmake' and name 'world_to_base'
[0.219s] Level 1:colcon.colcon_core.package_discovery:discover_packages(recursive) using defaults
[0.219s] Level 1:colcon.colcon_core.package_discovery:discover_packages(ignore) discover
[0.219s] Level 1:colcon.colcon_core.package_discovery:discover_packages(ignore) using defaults
[0.219s] Level 1:colcon.colcon_core.package_discovery:discover_packages(path) discover
[0.219s] Level 1:colcon.colcon_core.package_discovery:discover_packages(path) using defaults
[0.233s] Level 5:colcon.colcon_core.verb:set package 'mocap_interfaces' build argument 'cmake_args' from command line to 'None'
[0.233s] Level 5:colcon.colcon_core.verb:set package 'mocap_interfaces' build argument 'cmake_target' from command line to 'None'
[0.233s] Level 5:colcon.colcon_core.verb:set package 'mocap_interfaces' build argument 'cmake_target_skip_unavailable' from command line to 'False'
[0.233s] Level 5:colcon.colcon_core.verb:set package 'mocap_interfaces' build argument 'cmake_clean_cache' from command line to 'False'
[0.233s] Level 5:colcon.colcon_core.verb:set package 'mocap_interfaces' build argument 'cmake_clean_first' from command line to 'False'
[0.233s] Level 5:colcon.colcon_core.verb:set package 'mocap_interfaces' build argument 'cmake_force_configure' from command line to 'False'
[0.233s] Level 5:colcon.colcon_core.verb:set package 'mocap_interfaces' build argument 'ament_cmake_args' from command line to 'None'
[0.233s] Level 5:colcon.colcon_core.verb:set package 'mocap_interfaces' build argument 'catkin_cmake_args' from command line to 'None'
[0.233s] Level 5:colcon.colcon_core.verb:set package 'mocap_interfaces' build argument 'catkin_skip_building_tests' from command line to 'False'
[0.233s] DEBUG:colcon.colcon_core.verb:Building package 'mocap_interfaces' with the following arguments: {'ament_cmake_args': None, 'build_base': '/home/pietro/Scrivania/TESI/ROS2/MoCap/Ros2MoCap/build/mocap_interfaces', 'catkin_cmake_args': None, 'catkin_skip_building_tests': False, 'cmake_args': None, 'cmake_clean_cache': False, 'cmake_clean_first': False, 'cmake_force_configure': False, 'cmake_target': None, 'cmake_target_skip_unavailable': False, 'install_base': '/home/pietro/Scrivania/TESI/ROS2/MoCap/Ros2MoCap/install/mocap_interfaces', 'merge_install': False, 'path': '/home/pietro/Scrivania/TESI/ROS2/MoCap/Ros2MoCap/src/mocap_interfaces', 'symlink_install': False, 'test_result_base': None}
[0.235s] Level 5:colcon.colcon_core.verb:set package 'world_to_base' build argument 'cmake_args' from command line to 'None'
[0.235s] Level 5:colcon.colcon_core.verb:set package 'world_to_base' build argument 'cmake_target' from command line to 'None'
[0.235s] Level 5:colcon.colcon_core.verb:set package 'world_to_base' build argument 'cmake_target_skip_unavailable' from command line to 'False'
[0.235s] Level 5:colcon.colcon_core.verb:set package 'world_to_base' build argument 'cmake_clean_cache' from command line to 'False'
[0.235s] Level 5:colcon.colcon_core.verb:set package 'world_to_base' build argument 'cmake_clean_first' from command line to 'False'
[0.235s] Level 5:colcon.colcon_core.verb:set package 'world_to_base' build argument 'cmake_force_configure' from command line to 'False'
[0.235s] Level 5:colcon.colcon_core.verb:set package 'world_to_base' build argument 'ament_cmake_args' from command line to 'None'
[0.235s] Level 5:colcon.colcon_core.verb:set package 'world_to_base' build argument 'catkin_cmake_args' from command line to 'None'
[0.235s] Level 5:colcon.colcon_core.verb:set package 'world_to_base' build argument 'catkin_skip_building_tests' from command line to 'False'
[0.235s] DEBUG:colcon.colcon_core.verb:Building package 'world_to_base' with the following arguments: {'ament_cmake_args': None, 'build_base': '/home/pietro/Scrivania/TESI/ROS2/MoCap/Ros2MoCap/build/world_to_base', 'catkin_cmake_args': None, 'catkin_skip_building_tests': False, 'cmake_args': None, 'cmake_clean_cache': False, 'cmake_clean_first': False, 'cmake_force_configure': False, 'cmake_target': None, 'cmake_target_skip_unavailable': False, 'install_base': '/home/pietro/Scrivania/TESI/ROS2/MoCap/Ros2MoCap/install/world_to_base', 'merge_install': False, 'path': '/home/pietro/Scrivania/TESI/ROS2/MoCap/Ros2MoCap/src/world_to_base', 'symlink_install': False, 'test_result_base': None}
[0.237s] Level 5:colcon.colcon_core.verb:set package 'mocap_pub' build argument 'cmake_args' from command line to 'None'
[0.237s] Level 5:colcon.colcon_core.verb:set package 'mocap_pub' build argument 'cmake_target' from command line to 'None'
[0.237s] Level 5:colcon.colcon_core.verb:set package 'mocap_pub' build argument 'cmake_target_skip_unavailable' from command line to 'False'
[0.237s] Level 5:colcon.colcon_core.verb:set package 'mocap_pub' build argument 'cmake_clean_cache' from command line to 'False'
[0.237s] Level 5:colcon.colcon_core.verb:set package 'mocap_pub' build argument 'cmake_clean_first' from command line to 'False'
[0.237s] Level 5:colcon.colcon_core.verb:set package 'mocap_pub' build argument 'cmake_force_configure' from command line to 'False'
[0.237s] Level 5:colcon.colcon_core.verb:set package 'mocap_pub' build argument 'ament_cmake_args' from command line to 'None'
[0.237s] Level 5:colcon.colcon_core.verb:set package 'mocap_pub' build argument 'catkin_cmake_args' from command line to 'None'
[0.237s] Level 5:colcon.colcon_core.verb:set package 'mocap_pub' build argument 'catkin_skip_building_tests' from command line to 'False'
[0.237s] DEBUG:colcon.colcon_core.verb:Building package 'mocap_pub' with the following arguments: {'ament_cmake_args': None, 'build_base': '/home/pietro/Scrivania/TESI/ROS2/MoCap/Ros2MoCap/build/mocap_pub', 'catkin_cmake_args': None, 'catkin_skip_building_tests': False, 'cmake_args': None, 'cmake_clean_cache': False, 'cmake_clean_first': False, 'cmake_force_configure': False, 'cmake_target': None, 'cmake_target_skip_unavailable': False, 'install_base': '/home/pietro/Scrivania/TESI/ROS2/MoCap/Ros2MoCap/install/mocap_pub', 'merge_install': False, 'path': '/home/pietro/Scrivania/TESI/ROS2/MoCap/Ros2MoCap/src/mocap_pub', 'symlink_install': False, 'test_result_base': None}
[0.238s] INFO:colcon.colcon_core.executor:Executing jobs using 'parallel' executor
[0.239s] DEBUG:colcon.colcon_parallel_executor.executor.parallel:run_until_complete
[0.239s] INFO:colcon.colcon_ros.task.ament_cmake.build:Building ROS package in '/home/pietro/Scrivania/TESI/ROS2/MoCap/Ros2MoCap/src/mocap_interfaces' with build type 'ament_cmake'
[0.240s] INFO:colcon.colcon_cmake.task.cmake.build:Building CMake package in '/home/pietro/Scrivania/TESI/ROS2/MoCap/Ros2MoCap/src/mocap_interfaces'
[0.242s] INFO:colcon.colcon_core.plugin_system:Skipping extension 'colcon_core.shell.bat': Not used on non-Windows systems
[0.242s] INFO:colcon.colcon_core.shell:Skip shell extension 'powershell' for command environment: Not usable outside of PowerShell
[0.242s] DEBUG:colcon.colcon_core.shell:Skip shell extension 'dsv' for command environment
[0.244s] DEBUG:colcon.colcon_core.shell:Ignoring prefix path '/opt/ros/foxy'
[0.246s] INFO:colcon.colcon_ros.task.ament_cmake.build:Building ROS package in '/home/pietro/Scrivania/TESI/ROS2/MoCap/Ros2MoCap/src/world_to_base' with build type 'ament_cmake'
[0.247s] INFO:colcon.colcon_cmake.task.cmake.build:Building CMake package in '/home/pietro/Scrivania/TESI/ROS2/MoCap/Ros2MoCap/src/world_to_base'
[0.247s] INFO:colcon.colcon_core.shell:Skip shell extension 'powershell' for command environment: Not usable outside of PowerShell
[0.248s] DEBUG:colcon.colcon_core.shell:Skip shell extension 'dsv' for command environment
[0.249s] DEBUG:colcon.colcon_core.shell:Ignoring prefix path '/opt/ros/foxy'
[0.258s] DEBUG:colcon.colcon_core.event_handler.log_command:Invoking command in '/home/pietro/Scrivania/TESI/ROS2/MoCap/Ros2MoCap/build/mocap_interfaces': CMAKE_PREFIX_PATH=/opt/ros/foxy /usr/bin/cmake --build /home/pietro/Scrivania/TESI/ROS2/MoCap/Ros2MoCap/build/mocap_interfaces -- -j8 -l8
[0.264s] DEBUG:colcon.colcon_core.event_handler.log_command:Invoking command in '/home/pietro/Scrivania/TESI/ROS2/MoCap/Ros2MoCap/build/world_to_base': CMAKE_PREFIX_PATH=/opt/ros/foxy /usr/bin/cmake --build /home/pietro/Scrivania/TESI/ROS2/MoCap/Ros2MoCap/build/world_to_base -- -j8 -l8
[0.321s] DEBUG:colcon.colcon_core.event_handler.log_command:Invoked command in '/home/pietro/Scrivania/TESI/ROS2/MoCap/Ros2MoCap/build/world_to_base' returned '0': CMAKE_PREFIX_PATH=/opt/ros/foxy /usr/bin/cmake --build /home/pietro/Scrivania/TESI/ROS2/MoCap/Ros2MoCap/build/world_to_base -- -j8 -l8
[0.359s] DEBUG:colcon.colcon_core.event_handler.log_command:Invoking command in '/home/pietro/Scrivania/TESI/ROS2/MoCap/Ros2MoCap/build/world_to_base': CMAKE_PREFIX_PATH=/opt/ros/foxy /usr/bin/cmake --install /home/pietro/Scrivania/TESI/ROS2/MoCap/Ros2MoCap/build/world_to_base
[0.370s] Level 1:colcon.colcon_core.environment:create_environment_scripts_only(world_to_base)
[0.372s] DEBUG:colcon.colcon_core.event_handler.log_command:Invoked command in '/home/pietro/Scrivania/TESI/ROS2/MoCap/Ros2MoCap/build/world_to_base' returned '0': CMAKE_PREFIX_PATH=/opt/ros/foxy /usr/bin/cmake --install /home/pietro/Scrivania/TESI/ROS2/MoCap/Ros2MoCap/build/world_to_base
[0.376s] Level 1:colcon.colcon_core.environment:checking '/home/pietro/Scrivania/TESI/ROS2/MoCap/Ros2MoCap/install/world_to_base' for CMake module files
[0.377s] Level 1:colcon.colcon_core.environment:checking '/home/pietro/Scrivania/TESI/ROS2/MoCap/Ros2MoCap/install/world_to_base' for CMake config files
[0.377s] Level 1:colcon.colcon_core.shell:create_environment_hook('world_to_base', 'cmake_prefix_path')
[0.378s] INFO:colcon.colcon_core.shell:Creating environment hook '/home/pietro/Scrivania/TESI/ROS2/MoCap/Ros2MoCap/install/world_to_base/share/world_to_base/hook/cmake_prefix_path.ps1'
[0.379s] INFO:colcon.colcon_core.shell:Creating environment descriptor '/home/pietro/Scrivania/TESI/ROS2/MoCap/Ros2MoCap/install/world_to_base/share/world_to_base/hook/cmake_prefix_path.dsv'
[0.379s] INFO:colcon.colcon_core.shell:Creating environment hook '/home/pietro/Scrivania/TESI/ROS2/MoCap/Ros2MoCap/install/world_to_base/share/world_to_base/hook/cmake_prefix_path.sh'
[0.380s] Level 1:colcon.colcon_core.environment:checking '/home/pietro/Scrivania/TESI/ROS2/MoCap/Ros2MoCap/install/world_to_base/lib'
[0.381s] Level 1:colcon.colcon_core.environment:checking '/home/pietro/Scrivania/TESI/ROS2/MoCap/Ros2MoCap/install/world_to_base/bin'
[0.381s] Level 1:colcon.colcon_core.environment:checking '/home/pietro/Scrivania/TESI/ROS2/MoCap/Ros2MoCap/install/world_to_base/lib/pkgconfig/world_to_base.pc'
[0.381s] Level 1:colcon.colcon_core.environment:checking '/home/pietro/Scrivania/TESI/ROS2/MoCap/Ros2MoCap/install/world_to_base/lib/python3.8/site-packages'
[0.382s] INFO:colcon.colcon_core.shell:Creating package script '/home/pietro/Scrivania/TESI/ROS2/MoCap/Ros2MoCap/install/world_to_base/share/world_to_base/package.ps1'
[0.383s] INFO:colcon.colcon_core.shell:Creating package descriptor '/home/pietro/Scrivania/TESI/ROS2/MoCap/Ros2MoCap/install/world_to_base/share/world_to_base/package.dsv'
[0.383s] INFO:colcon.colcon_core.shell:Creating package script '/home/pietro/Scrivania/TESI/ROS2/MoCap/Ros2MoCap/install/world_to_base/share/world_to_base/package.sh'
[0.384s] INFO:colcon.colcon_core.shell:Creating package script '/home/pietro/Scrivania/TESI/ROS2/MoCap/Ros2MoCap/install/world_to_base/share/world_to_base/package.bash'
[0.385s] INFO:colcon.colcon_core.shell:Creating package script '/home/pietro/Scrivania/TESI/ROS2/MoCap/Ros2MoCap/install/world_to_base/share/world_to_base/package.zsh'
[0.387s] Level 1:colcon.colcon_core.environment:create_file_with_runtime_dependencies(/home/pietro/Scrivania/TESI/ROS2/MoCap/Ros2MoCap/install/world_to_base/share/colcon-core/packages/world_to_base)
[0.408s] Level 1:colcon.colcon_core.environment:create_environment_scripts_only(world_to_base)
[0.409s] Level 1:colcon.colcon_core.environment:checking '/home/pietro/Scrivania/TESI/ROS2/MoCap/Ros2MoCap/install/world_to_base' for CMake module files
[0.409s] Level 1:colcon.colcon_core.environment:checking '/home/pietro/Scrivania/TESI/ROS2/MoCap/Ros2MoCap/install/world_to_base' for CMake config files
[0.409s] Level 1:colcon.colcon_core.shell:create_environment_hook('world_to_base', 'cmake_prefix_path')
[0.410s] INFO:colcon.colcon_core.shell:Creating environment hook '/home/pietro/Scrivania/TESI/ROS2/MoCap/Ros2MoCap/install/world_to_base/share/world_to_base/hook/cmake_prefix_path.ps1'
[0.410s] INFO:colcon.colcon_core.shell:Creating environment descriptor '/home/pietro/Scrivania/TESI/ROS2/MoCap/Ros2MoCap/install/world_to_base/share/world_to_base/hook/cmake_prefix_path.dsv'
[0.411s] INFO:colcon.colcon_core.shell:Creating environment hook '/home/pietro/Scrivania/TESI/ROS2/MoCap/Ros2MoCap/install/world_to_base/share/world_to_base/hook/cmake_prefix_path.sh'
[0.411s] Level 1:colcon.colcon_core.environment:checking '/home/pietro/Scrivania/TESI/ROS2/MoCap/Ros2MoCap/install/world_to_base/lib'
[0.411s] Level 1:colcon.colcon_core.environment:checking '/home/pietro/Scrivania/TESI/ROS2/MoCap/Ros2MoCap/install/world_to_base/bin'
[0.411s] Level 1:colcon.colcon_core.environment:checking '/home/pietro/Scrivania/TESI/ROS2/MoCap/Ros2MoCap/install/world_to_base/lib/pkgconfig/world_to_base.pc'
[0.411s] Level 1:colcon.colcon_core.environment:checking '/home/pietro/Scrivania/TESI/ROS2/MoCap/Ros2MoCap/install/world_to_base/lib/python3.8/site-packages'
[0.412s] INFO:colcon.colcon_core.shell:Creating package script '/home/pietro/Scrivania/TESI/ROS2/MoCap/Ros2MoCap/install/world_to_base/share/world_to_base/package.ps1'
[0.413s] INFO:colcon.colcon_core.shell:Creating package descriptor '/home/pietro/Scrivania/TESI/ROS2/MoCap/Ros2MoCap/install/world_to_base/share/world_to_base/package.dsv'
[0.413s] INFO:colcon.colcon_core.shell:Creating package script '/home/pietro/Scrivania/TESI/ROS2/MoCap/Ros2MoCap/install/world_to_base/share/world_to_base/package.sh'
[0.414s] INFO:colcon.colcon_core.shell:Creating package script '/home/pietro/Scrivania/TESI/ROS2/MoCap/Ros2MoCap/install/world_to_base/share/world_to_base/package.bash'
[0.414s] INFO:colcon.colcon_core.shell:Creating package script '/home/pietro/Scrivania/TESI/ROS2/MoCap/Ros2MoCap/install/world_to_base/share/world_to_base/package.zsh'
[0.414s] Level 1:colcon.colcon_core.environment:create_file_with_runtime_dependencies(/home/pietro/Scrivania/TESI/ROS2/MoCap/Ros2MoCap/install/world_to_base/share/colcon-core/packages/world_to_base)
[0.465s] DEBUG:colcon.colcon_core.event_handler.log_command:Invoked command in '/home/pietro/Scrivania/TESI/ROS2/MoCap/Ros2MoCap/build/mocap_interfaces' returned '0': CMAKE_PREFIX_PATH=/opt/ros/foxy /usr/bin/cmake --build /home/pietro/Scrivania/TESI/ROS2/MoCap/Ros2MoCap/build/mocap_interfaces -- -j8 -l8
[0.514s] DEBUG:colcon.colcon_core.event_handler.log_command:Invoking command in '/home/pietro/Scrivania/TESI/ROS2/MoCap/Ros2MoCap/build/mocap_interfaces': CMAKE_PREFIX_PATH=/opt/ros/foxy /usr/bin/cmake --install /home/pietro/Scrivania/TESI/ROS2/MoCap/Ros2MoCap/build/mocap_interfaces
[0.563s] Level 1:colcon.colcon_core.environment:create_environment_scripts_only(mocap_interfaces)
[0.564s] Level 1:colcon.colcon_core.environment:checking '/home/pietro/Scrivania/TESI/ROS2/MoCap/Ros2MoCap/install/mocap_interfaces' for CMake module files
[0.565s] DEBUG:colcon.colcon_core.event_handler.log_command:Invoked command in '/home/pietro/Scrivania/TESI/ROS2/MoCap/Ros2MoCap/build/mocap_interfaces' returned '0': CMAKE_PREFIX_PATH=/opt/ros/foxy /usr/bin/cmake --install /home/pietro/Scrivania/TESI/ROS2/MoCap/Ros2MoCap/build/mocap_interfaces
[0.565s] Level 1:colcon.colcon_core.environment:checking '/home/pietro/Scrivania/TESI/ROS2/MoCap/Ros2MoCap/install/mocap_interfaces' for CMake config files
[0.565s] Level 1:colcon.colcon_core.shell:create_environment_hook('mocap_interfaces', 'cmake_prefix_path')
[0.566s] INFO:colcon.colcon_core.shell:Creating environment hook '/home/pietro/Scrivania/TESI/ROS2/MoCap/Ros2MoCap/install/mocap_interfaces/share/mocap_interfaces/hook/cmake_prefix_path.ps1'
[0.567s] INFO:colcon.colcon_core.shell:Creating environment descriptor '/home/pietro/Scrivania/TESI/ROS2/MoCap/Ros2MoCap/install/mocap_interfaces/share/mocap_interfaces/hook/cmake_prefix_path.dsv'
[0.567s] INFO:colcon.colcon_core.shell:Creating environment hook '/home/pietro/Scrivania/TESI/ROS2/MoCap/Ros2MoCap/install/mocap_interfaces/share/mocap_interfaces/hook/cmake_prefix_path.sh'
[0.568s] Level 1:colcon.colcon_core.environment:checking '/home/pietro/Scrivania/TESI/ROS2/MoCap/Ros2MoCap/install/mocap_interfaces/lib'
[0.568s] Level 1:colcon.colcon_core.shell:create_environment_hook('mocap_interfaces', 'ld_library_path_lib')
[0.568s] INFO:colcon.colcon_core.shell:Creating environment hook '/home/pietro/Scrivania/TESI/ROS2/MoCap/Ros2MoCap/install/mocap_interfaces/share/mocap_interfaces/hook/ld_library_path_lib.ps1'
[0.569s] INFO:colcon.colcon_core.shell:Creating environment descriptor '/home/pietro/Scrivania/TESI/ROS2/MoCap/Ros2MoCap/install/mocap_interfaces/share/mocap_interfaces/hook/ld_library_path_lib.dsv'
[0.569s] INFO:colcon.colcon_core.shell:Creating environment hook '/home/pietro/Scrivania/TESI/ROS2/MoCap/Ros2MoCap/install/mocap_interfaces/share/mocap_interfaces/hook/ld_library_path_lib.sh'
[0.569s] Level 1:colcon.colcon_core.environment:checking '/home/pietro/Scrivania/TESI/ROS2/MoCap/Ros2MoCap/install/mocap_interfaces/bin'
[0.569s] Level 1:colcon.colcon_core.environment:checking '/home/pietro/Scrivania/TESI/ROS2/MoCap/Ros2MoCap/install/mocap_interfaces/lib/pkgconfig/mocap_interfaces.pc'
[0.569s] Level 1:colcon.colcon_core.environment:checking '/home/pietro/Scrivania/TESI/ROS2/MoCap/Ros2MoCap/install/mocap_interfaces/lib/python3.8/site-packages'
[0.569s] Level 1:colcon.colcon_core.shell:create_environment_hook('mocap_interfaces', 'pythonpath')
[0.570s] INFO:colcon.colcon_core.shell:Creating environment hook '/home/pietro/Scrivania/TESI/ROS2/MoCap/Ros2MoCap/install/mocap_interfaces/share/mocap_interfaces/hook/pythonpath.ps1'
[0.570s] INFO:colcon.colcon_core.shell:Creating environment descriptor '/home/pietro/Scrivania/TESI/ROS2/MoCap/Ros2MoCap/install/mocap_interfaces/share/mocap_interfaces/hook/pythonpath.dsv'
[0.570s] INFO:colcon.colcon_core.shell:Creating environment hook '/home/pietro/Scrivania/TESI/ROS2/MoCap/Ros2MoCap/install/mocap_interfaces/share/mocap_interfaces/hook/pythonpath.sh'
[0.572s] INFO:colcon.colcon_core.shell:Creating package script '/home/pietro/Scrivania/TESI/ROS2/MoCap/Ros2MoCap/install/mocap_interfaces/share/mocap_interfaces/package.ps1'
[0.572s] INFO:colcon.colcon_core.shell:Creating package descriptor '/home/pietro/Scrivania/TESI/ROS2/MoCap/Ros2MoCap/install/mocap_interfaces/share/mocap_interfaces/package.dsv'
[0.573s] INFO:colcon.colcon_core.shell:Creating package script '/home/pietro/Scrivania/TESI/ROS2/MoCap/Ros2MoCap/install/mocap_interfaces/share/mocap_interfaces/package.sh'
[0.573s] INFO:colcon.colcon_core.shell:Creating package script '/home/pietro/Scrivania/TESI/ROS2/MoCap/Ros2MoCap/install/mocap_interfaces/share/mocap_interfaces/package.bash'
[0.573s] INFO:colcon.colcon_core.shell:Creating package script '/home/pietro/Scrivania/TESI/ROS2/MoCap/Ros2MoCap/install/mocap_interfaces/share/mocap_interfaces/package.zsh'
[0.574s] Level 1:colcon.colcon_core.environment:create_file_with_runtime_dependencies(/home/pietro/Scrivania/TESI/ROS2/MoCap/Ros2MoCap/install/mocap_interfaces/share/colcon-core/packages/mocap_interfaces)
[0.619s] Level 1:colcon.colcon_core.environment:create_environment_scripts_only(mocap_interfaces)
[0.620s] Level 1:colcon.colcon_core.environment:checking '/home/pietro/Scrivania/TESI/ROS2/MoCap/Ros2MoCap/install/mocap_interfaces' for CMake module files
[0.621s] Level 1:colcon.colcon_core.environment:checking '/home/pietro/Scrivania/TESI/ROS2/MoCap/Ros2MoCap/install/mocap_interfaces' for CMake config files
[0.621s] Level 1:colcon.colcon_core.shell:create_environment_hook('mocap_interfaces', 'cmake_prefix_path')
[0.622s] INFO:colcon.colcon_core.shell:Creating environment hook '/home/pietro/Scrivania/TESI/ROS2/MoCap/Ros2MoCap/install/mocap_interfaces/share/mocap_interfaces/hook/cmake_prefix_path.ps1'
[0.622s] INFO:colcon.colcon_core.shell:Creating environment descriptor '/home/pietro/Scrivania/TESI/ROS2/MoCap/Ros2MoCap/install/mocap_interfaces/share/mocap_interfaces/hook/cmake_prefix_path.dsv'
[0.622s] INFO:colcon.colcon_core.shell:Creating environment hook '/home/pietro/Scrivania/TESI/ROS2/MoCap/Ros2MoCap/install/mocap_interfaces/share/mocap_interfaces/hook/cmake_prefix_path.sh'
[0.623s] Level 1:colcon.colcon_core.environment:checking '/home/pietro/Scrivania/TESI/ROS2/MoCap/Ros2MoCap/install/mocap_interfaces/lib'
[0.623s] Level 1:colcon.colcon_core.shell:create_environment_hook('mocap_interfaces', 'ld_library_path_lib')
[0.624s] INFO:colcon.colcon_core.shell:Creating environment hook '/home/pietro/Scrivania/TESI/ROS2/MoCap/Ros2MoCap/install/mocap_interfaces/share/mocap_interfaces/hook/ld_library_path_lib.ps1'
[0.624s] INFO:colcon.colcon_core.shell:Creating environment descriptor '/home/pietro/Scrivania/TESI/ROS2/MoCap/Ros2MoCap/install/mocap_interfaces/share/mocap_interfaces/hook/ld_library_path_lib.dsv'
[0.625s] INFO:colcon.colcon_core.shell:Creating environment hook '/home/pietro/Scrivania/TESI/ROS2/MoCap/Ros2MoCap/install/mocap_interfaces/share/mocap_interfaces/hook/ld_library_path_lib.sh'
[0.625s] Level 1:colcon.colcon_core.environment:checking '/home/pietro/Scrivania/TESI/ROS2/MoCap/Ros2MoCap/install/mocap_interfaces/bin'
[0.625s] Level 1:colcon.colcon_core.environment:checking '/home/pietro/Scrivania/TESI/ROS2/MoCap/Ros2MoCap/install/mocap_interfaces/lib/pkgconfig/mocap_interfaces.pc'
[0.625s] Level 1:colcon.colcon_core.environment:checking '/home/pietro/Scrivania/TESI/ROS2/MoCap/Ros2MoCap/install/mocap_interfaces/lib/python3.8/site-packages'
[0.625s] Level 1:colcon.colcon_core.shell:create_environment_hook('mocap_interfaces', 'pythonpath')
[0.626s] INFO:colcon.colcon_core.shell:Creating environment hook '/home/pietro/Scrivania/TESI/ROS2/MoCap/Ros2MoCap/install/mocap_interfaces/share/mocap_interfaces/hook/pythonpath.ps1'
[0.626s] INFO:colcon.colcon_core.shell:Creating environment descriptor '/home/pietro/Scrivania/TESI/ROS2/MoCap/Ros2MoCap/install/mocap_interfaces/share/mocap_interfaces/hook/pythonpath.dsv'
[0.627s] INFO:colcon.colcon_core.shell:Creating environment hook '/home/pietro/Scrivania/TESI/ROS2/MoCap/Ros2MoCap/install/mocap_interfaces/share/mocap_interfaces/hook/pythonpath.sh'
[0.628s] INFO:colcon.colcon_core.shell:Creating package script '/home/pietro/Scrivania/TESI/ROS2/MoCap/Ros2MoCap/install/mocap_interfaces/share/mocap_interfaces/package.ps1'
[0.628s] INFO:colcon.colcon_core.shell:Creating package descriptor '/home/pietro/Scrivania/TESI/ROS2/MoCap/Ros2MoCap/install/mocap_interfaces/share/mocap_interfaces/package.dsv'
[0.629s] INFO:colcon.colcon_core.shell:Creating package script '/home/pietro/Scrivania/TESI/ROS2/MoCap/Ros2MoCap/install/mocap_interfaces/share/mocap_interfaces/package.sh'
[0.629s] INFO:colcon.colcon_core.shell:Creating package script '/home/pietro/Scrivania/TESI/ROS2/MoCap/Ros2MoCap/install/mocap_interfaces/share/mocap_interfaces/package.bash'
[0.630s] INFO:colcon.colcon_core.shell:Creating package script '/home/pietro/Scrivania/TESI/ROS2/MoCap/Ros2MoCap/install/mocap_interfaces/share/mocap_interfaces/package.zsh'
[0.630s] Level 1:colcon.colcon_core.environment:create_file_with_runtime_dependencies(/home/pietro/Scrivania/TESI/ROS2/MoCap/Ros2MoCap/install/mocap_interfaces/share/colcon-core/packages/mocap_interfaces)
[0.631s] INFO:colcon.colcon_ros.task.ament_cmake.build:Building ROS package in '/home/pietro/Scrivania/TESI/ROS2/MoCap/Ros2MoCap/src/mocap_pub' with build type 'ament_cmake'
[0.631s] INFO:colcon.colcon_cmake.task.cmake.build:Building CMake package in '/home/pietro/Scrivania/TESI/ROS2/MoCap/Ros2MoCap/src/mocap_pub'
[0.632s] INFO:colcon.colcon_core.shell:Skip shell extension 'powershell' for command environment: Not usable outside of PowerShell
[0.632s] DEBUG:colcon.colcon_core.shell:Skip shell extension 'dsv' for command environment
[0.633s] DEBUG:colcon.colcon_core.shell:Ignoring prefix path '/opt/ros/foxy'
[0.642s] DEBUG:colcon.colcon_core.event_handler.log_command:Invoking command in '/home/pietro/Scrivania/TESI/ROS2/MoCap/Ros2MoCap/build/mocap_pub': AMENT_PREFIX_PATH=/home/pietro/Scrivania/TESI/ROS2/MoCap/Ros2MoCap/install/mocap_interfaces:${AMENT_PREFIX_PATH} CMAKE_PREFIX_PATH=/home/pietro/Scrivania/TESI/ROS2/MoCap/Ros2MoCap/install/mocap_interfaces:/opt/ros/foxy LD_LIBRARY_PATH=/home/pietro/Scrivania/TESI/ROS2/MoCap/Ros2MoCap/install/mocap_interfaces/lib:${LD_LIBRARY_PATH} PYTHONPATH=/home/pietro/Scrivania/TESI/ROS2/MoCap/Ros2MoCap/install/mocap_interfaces/lib/python3.8/site-packages:${PYTHONPATH} /usr/bin/cmake --build /home/pietro/Scrivania/TESI/ROS2/MoCap/Ros2MoCap/build/mocap_pub -- -j8 -l8
[0.709s] DEBUG:colcon.colcon_core.event_handler.log_command:Invoked command in '/home/pietro/Scrivania/TESI/ROS2/MoCap/Ros2MoCap/build/mocap_pub' returned '0': AMENT_PREFIX_PATH=/home/pietro/Scrivania/TESI/ROS2/MoCap/Ros2MoCap/install/mocap_interfaces:${AMENT_PREFIX_PATH} CMAKE_PREFIX_PATH=/home/pietro/Scrivania/TESI/ROS2/MoCap/Ros2MoCap/install/mocap_interfaces:/opt/ros/foxy LD_LIBRARY_PATH=/home/pietro/Scrivania/TESI/ROS2/MoCap/Ros2MoCap/install/mocap_interfaces/lib:${LD_LIBRARY_PATH} PYTHONPATH=/home/pietro/Scrivania/TESI/ROS2/MoCap/Ros2MoCap/install/mocap_interfaces/lib/python3.8/site-packages:${PYTHONPATH} /usr/bin/cmake --build /home/pietro/Scrivania/TESI/ROS2/MoCap/Ros2MoCap/build/mocap_pub -- -j8 -l8
[0.732s] DEBUG:colcon.colcon_core.event_handler.log_command:Invoking command in '/home/pietro/Scrivania/TESI/ROS2/MoCap/Ros2MoCap/build/mocap_pub': AMENT_PREFIX_PATH=/home/pietro/Scrivania/TESI/ROS2/MoCap/Ros2MoCap/install/mocap_interfaces:${AMENT_PREFIX_PATH} CMAKE_PREFIX_PATH=/home/pietro/Scrivania/TESI/ROS2/MoCap/Ros2MoCap/install/mocap_interfaces:/opt/ros/foxy LD_LIBRARY_PATH=/home/pietro/Scrivania/TESI/ROS2/MoCap/Ros2MoCap/install/mocap_interfaces/lib:${LD_LIBRARY_PATH} PYTHONPATH=/home/pietro/Scrivania/TESI/ROS2/MoCap/Ros2MoCap/install/mocap_interfaces/lib/python3.8/site-packages:${PYTHONPATH} /usr/bin/cmake --install /home/pietro/Scrivania/TESI/ROS2/MoCap/Ros2MoCap/build/mocap_pub
[0.743s] Level 1:colcon.colcon_core.environment:create_environment_scripts_only(mocap_pub)
[0.744s] Level 1:colcon.colcon_core.environment:checking '/home/pietro/Scrivania/TESI/ROS2/MoCap/Ros2MoCap/install/mocap_pub' for CMake module files
[0.744s] DEBUG:colcon.colcon_core.event_handler.log_command:Invoked command in '/home/pietro/Scrivania/TESI/ROS2/MoCap/Ros2MoCap/build/mocap_pub' returned '0': AMENT_PREFIX_PATH=/home/pietro/Scrivania/TESI/ROS2/MoCap/Ros2MoCap/install/mocap_interfaces:${AMENT_PREFIX_PATH} CMAKE_PREFIX_PATH=/home/pietro/Scrivania/TESI/ROS2/MoCap/Ros2MoCap/install/mocap_interfaces:/opt/ros/foxy LD_LIBRARY_PATH=/home/pietro/Scrivania/TESI/ROS2/MoCap/Ros2MoCap/install/mocap_interfaces/lib:${LD_LIBRARY_PATH} PYTHONPATH=/home/pietro/Scrivania/TESI/ROS2/MoCap/Ros2MoCap/install/mocap_interfaces/lib/python3.8/site-packages:${PYTHONPATH} /usr/bin/cmake --install /home/pietro/Scrivania/TESI/ROS2/MoCap/Ros2MoCap/build/mocap_pub
[0.745s] Level 1:colcon.colcon_core.environment:checking '/home/pietro/Scrivania/TESI/ROS2/MoCap/Ros2MoCap/install/mocap_pub' for CMake config files
[0.745s] Level 1:colcon.colcon_core.shell:create_environment_hook('mocap_pub', 'cmake_prefix_path')
[0.745s] INFO:colcon.colcon_core.shell:Creating environment hook '/home/pietro/Scrivania/TESI/ROS2/MoCap/Ros2MoCap/install/mocap_pub/share/mocap_pub/hook/cmake_prefix_path.ps1'
[0.746s] INFO:colcon.colcon_core.shell:Creating environment descriptor '/home/pietro/Scrivania/TESI/ROS2/MoCap/Ros2MoCap/install/mocap_pub/share/mocap_pub/hook/cmake_prefix_path.dsv'
[0.746s] INFO:colcon.colcon_core.shell:Creating environment hook '/home/pietro/Scrivania/TESI/ROS2/MoCap/Ros2MoCap/install/mocap_pub/share/mocap_pub/hook/cmake_prefix_path.sh'
[0.746s] Level 1:colcon.colcon_core.environment:checking '/home/pietro/Scrivania/TESI/ROS2/MoCap/Ros2MoCap/install/mocap_pub/lib'
[0.746s] Level 1:colcon.colcon_core.environment:checking '/home/pietro/Scrivania/TESI/ROS2/MoCap/Ros2MoCap/install/mocap_pub/bin'
[0.746s] Level 1:colcon.colcon_core.environment:checking '/home/pietro/Scrivania/TESI/ROS2/MoCap/Ros2MoCap/install/mocap_pub/lib/pkgconfig/mocap_pub.pc'
[0.747s] Level 1:colcon.colcon_core.environment:checking '/home/pietro/Scrivania/TESI/ROS2/MoCap/Ros2MoCap/install/mocap_pub/lib/python3.8/site-packages'
[0.747s] INFO:colcon.colcon_core.shell:Creating package script '/home/pietro/Scrivania/TESI/ROS2/MoCap/Ros2MoCap/install/mocap_pub/share/mocap_pub/package.ps1'
[0.747s] INFO:colcon.colcon_core.shell:Creating package descriptor '/home/pietro/Scrivania/TESI/ROS2/MoCap/Ros2MoCap/install/mocap_pub/share/mocap_pub/package.dsv'
[0.748s] INFO:colcon.colcon_core.shell:Creating package script '/home/pietro/Scrivania/TESI/ROS2/MoCap/Ros2MoCap/install/mocap_pub/share/mocap_pub/package.sh'
[0.748s] INFO:colcon.colcon_core.shell:Creating package script '/home/pietro/Scrivania/TESI/ROS2/MoCap/Ros2MoCap/install/mocap_pub/share/mocap_pub/package.bash'
[0.748s] INFO:colcon.colcon_core.shell:Creating package script '/home/pietro/Scrivania/TESI/ROS2/MoCap/Ros2MoCap/install/mocap_pub/share/mocap_pub/package.zsh'
[0.748s] Level 1:colcon.colcon_core.environment:create_file_with_runtime_dependencies(/home/pietro/Scrivania/TESI/ROS2/MoCap/Ros2MoCap/install/mocap_pub/share/colcon-core/packages/mocap_pub)
[0.768s] Level 1:colcon.colcon_core.environment:create_environment_scripts_only(mocap_pub)
[0.769s] Level 1:colcon.colcon_core.environment:checking '/home/pietro/Scrivania/TESI/ROS2/MoCap/Ros2MoCap/install/mocap_pub' for CMake module files
[0.769s] Level 1:colcon.colcon_core.environment:checking '/home/pietro/Scrivania/TESI/ROS2/MoCap/Ros2MoCap/install/mocap_pub' for CMake config files
[0.769s] Level 1:colcon.colcon_core.shell:create_environment_hook('mocap_pub', 'cmake_prefix_path')
[0.770s] INFO:colcon.colcon_core.shell:Creating environment hook '/home/pietro/Scrivania/TESI/ROS2/MoCap/Ros2MoCap/install/mocap_pub/share/mocap_pub/hook/cmake_prefix_path.ps1'
[0.771s] INFO:colcon.colcon_core.shell:Creating environment descriptor '/home/pietro/Scrivania/TESI/ROS2/MoCap/Ros2MoCap/install/mocap_pub/share/mocap_pub/hook/cmake_prefix_path.dsv'
[0.771s] INFO:colcon.colcon_core.shell:Creating environment hook '/home/pietro/Scrivania/TESI/ROS2/MoCap/Ros2MoCap/install/mocap_pub/share/mocap_pub/hook/cmake_prefix_path.sh'
[0.772s] Level 1:colcon.colcon_core.environment:checking '/home/pietro/Scrivania/TESI/ROS2/MoCap/Ros2MoCap/install/mocap_pub/lib'
[0.772s] Level 1:colcon.colcon_core.environment:checking '/home/pietro/Scrivania/TESI/ROS2/MoCap/Ros2MoCap/install/mocap_pub/bin'
[0.772s] Level 1:colcon.colcon_core.environment:checking '/home/pietro/Scrivania/TESI/ROS2/MoCap/Ros2MoCap/install/mocap_pub/lib/pkgconfig/mocap_pub.pc'
[0.772s] Level 1:colcon.colcon_core.environment:checking '/home/pietro/Scrivania/TESI/ROS2/MoCap/Ros2MoCap/install/mocap_pub/lib/python3.8/site-packages'
[0.772s] INFO:colcon.colcon_core.shell:Creating package script '/home/pietro/Scrivania/TESI/ROS2/MoCap/Ros2MoCap/install/mocap_pub/share/mocap_pub/package.ps1'
[0.773s] INFO:colcon.colcon_core.shell:Creating package descriptor '/home/pietro/Scrivania/TESI/ROS2/MoCap/Ros2MoCap/install/mocap_pub/share/mocap_pub/package.dsv'
[0.773s] INFO:colcon.colcon_core.shell:Creating package script '/home/pietro/Scrivania/TESI/ROS2/MoCap/Ros2MoCap/install/mocap_pub/share/mocap_pub/package.sh'
[0.773s] INFO:colcon.colcon_core.shell:Creating package script '/home/pietro/Scrivania/TESI/ROS2/MoCap/Ros2MoCap/install/mocap_pub/share/mocap_pub/package.bash'
[0.774s] INFO:colcon.colcon_core.shell:Creating package script '/home/pietro/Scrivania/TESI/ROS2/MoCap/Ros2MoCap/install/mocap_pub/share/mocap_pub/package.zsh'
[0.774s] Level 1:colcon.colcon_core.environment:create_file_with_runtime_dependencies(/home/pietro/Scrivania/TESI/ROS2/MoCap/Ros2MoCap/install/mocap_pub/share/colcon-core/packages/mocap_pub)
[0.774s] DEBUG:colcon.colcon_parallel_executor.executor.parallel:closing loop
[0.775s] DEBUG:colcon.colcon_parallel_executor.executor.parallel:loop closed
[0.775s] DEBUG:colcon.colcon_parallel_executor.executor.parallel:run_until_complete finished with '0'
[0.775s] DEBUG:colcon.colcon_core.event_reactor:joining thread
[0.779s] INFO:colcon.colcon_core.plugin_system:Skipping extension 'colcon_notification.desktop_notification.terminal_notifier': Not used on non-Darwin systems
[0.779s] INFO:colcon.colcon_core.plugin_system:Skipping extension 'colcon_notification.desktop_notification.win32': Not used on non-Windows systems
[0.779s] INFO:colcon.colcon_notification.desktop_notification:Sending desktop notification using 'notify2'
[0.786s] DEBUG:colcon.colcon_core.event_reactor:joined thread
[0.786s] INFO:colcon.colcon_core.shell:Creating prefix script '/home/pietro/Scrivania/TESI/ROS2/MoCap/Ros2MoCap/install/local_setup.ps1'
[0.787s] INFO:colcon.colcon_core.shell:Creating prefix util module '/home/pietro/Scrivania/TESI/ROS2/MoCap/Ros2MoCap/install/_local_setup_util_ps1.py'
[0.788s] INFO:colcon.colcon_core.shell:Creating prefix chain script '/home/pietro/Scrivania/TESI/ROS2/MoCap/Ros2MoCap/install/setup.ps1'
[0.790s] INFO:colcon.colcon_core.shell:Creating prefix script '/home/pietro/Scrivania/TESI/ROS2/MoCap/Ros2MoCap/install/local_setup.sh'
[0.791s] INFO:colcon.colcon_core.shell:Creating prefix util module '/home/pietro/Scrivania/TESI/ROS2/MoCap/Ros2MoCap/install/_local_setup_util_sh.py'
[0.791s] INFO:colcon.colcon_core.shell:Creating prefix chain script '/home/pietro/Scrivania/TESI/ROS2/MoCap/Ros2MoCap/install/setup.sh'
[0.793s] INFO:colcon.colcon_core.shell:Creating prefix script '/home/pietro/Scrivania/TESI/ROS2/MoCap/Ros2MoCap/install/local_setup.bash'
[0.793s] INFO:colcon.colcon_core.shell:Creating prefix chain script '/home/pietro/Scrivania/TESI/ROS2/MoCap/Ros2MoCap/install/setup.bash'
[0.795s] INFO:colcon.colcon_core.shell:Creating prefix script '/home/pietro/Scrivania/TESI/ROS2/MoCap/Ros2MoCap/install/local_setup.zsh'
[0.795s] INFO:colcon.colcon_core.shell:Creating prefix chain script '/home/pietro/Scrivania/TESI/ROS2/MoCap/Ros2MoCap/install/setup.zsh'
