[0.015s] Invoking command in '/home/pietro/Scrivania/TESI/ROS2/MoCap/Ros2MoCap/build/mocap_interfaces': CMAKE_PREFIX_PATH=/opt/ros/foxy /usr/bin/cmake --build /home/pietro/Scrivania/TESI/ROS2/MoCap/Ros2MoCap/build/mocap_interfaces -- -j8 -l8
[0.059s] [  1%] Built target mocap_interfaces__cpp
[0.059s] [ 12%] Built target mocap_interfaces__rosidl_generator_c
[0.077s] [ 23%] Built target mocap_interfaces__rosidl_typesupport_cpp
[0.079s] [ 34%] Built target mocap_interfaces__rosidl_typesupport_introspection_cpp
[0.080s] [ 45%] Built target mocap_interfaces__rosidl_typesupport_introspection_c
[0.081s] [ 56%] Built target mocap_interfaces__rosidl_typesupport_fastrtps_cpp
[0.081s] [ 67%] Built target mocap_interfaces__rosidl_typesupport_c
[0.103s] [ 78%] Built target mocap_interfaces__rosidl_typesupport_fastrtps_c
[0.120s] [ 78%] Built target mocap_interfaces
[0.139s] [ 80%] Built target mocap_interfaces__py
[0.162s] [ 89%] Built target mocap_interfaces__python
[0.184s] [ 96%] Built target mocap_interfaces__rosidl_typesupport_fastrtps_c__pyext
[0.184s] [ 96%] Built target mocap_interfaces__rosidl_typesupport_c__pyext
[0.184s] [100%] Built target mocap_interfaces__rosidl_typesupport_introspection_c__pyext
[0.195s] Invoked command in '/home/pietro/Scrivania/TESI/ROS2/MoCap/Ros2MoCap/build/mocap_interfaces' returned '0': CMAKE_PREFIX_PATH=/opt/ros/foxy /usr/bin/cmake --build /home/pietro/Scrivania/TESI/ROS2/MoCap/Ros2MoCap/build/mocap_interfaces -- -j8 -l8
[0.276s] Invoking command in '/home/pietro/Scrivania/TESI/ROS2/MoCap/Ros2MoCap/build/mocap_interfaces': CMAKE_PREFIX_PATH=/opt/ros/foxy /usr/bin/cmake --install /home/pietro/Scrivania/TESI/ROS2/MoCap/Ros2MoCap/build/mocap_interfaces
[0.283s] -- Install configuration: ""
[0.284s] -- Up-to-date: /home/pietro/Scrivania/TESI/ROS2/MoCap/Ros2MoCap/install/mocap_interfaces/share/ament_index/resource_index/rosidl_interfaces/mocap_interfaces
[0.284s] -- Up-to-date: /home/pietro/Scrivania/TESI/ROS2/MoCap/Ros2MoCap/install/mocap_interfaces/include/mocap_interfaces
[0.284s] -- Up-to-date: /home/pietro/Scrivania/TESI/ROS2/MoCap/Ros2MoCap/install/mocap_interfaces/include/mocap_interfaces/msg
[0.284s] -- Up-to-date: /home/pietro/Scrivania/TESI/ROS2/MoCap/Ros2MoCap/install/mocap_interfaces/include/mocap_interfaces/msg/detail
[0.284s] -- Up-to-date: /home/pietro/Scrivania/TESI/ROS2/MoCap/Ros2MoCap/install/mocap_interfaces/include/mocap_interfaces/msg/detail/rigid_body_array__type_support.h
[0.284s] -- Up-to-date: /home/pietro/Scrivania/TESI/ROS2/MoCap/Ros2MoCap/install/mocap_interfaces/include/mocap_interfaces/msg/detail/rotation_matrix__functions.c
[0.284s] -- Up-to-date: /home/pietro/Scrivania/TESI/ROS2/MoCap/Ros2MoCap/install/mocap_interfaces/include/mocap_interfaces/msg/detail/rigid_body_array__functions.h
[0.284s] -- Up-to-date: /home/pietro/Scrivania/TESI/ROS2/MoCap/Ros2MoCap/install/mocap_interfaces/include/mocap_interfaces/msg/detail/point__struct.h
[0.285s] -- Up-to-date: /home/pietro/Scrivania/TESI/ROS2/MoCap/Ros2MoCap/install/mocap_interfaces/include/mocap_interfaces/msg/detail/rotation_matrix__type_support.h
[0.285s] -- Up-to-date: /home/pietro/Scrivania/TESI/ROS2/MoCap/Ros2MoCap/install/mocap_interfaces/include/mocap_interfaces/msg/detail/rigid_body_array__functions.c
[0.285s] -- Up-to-date: /home/pietro/Scrivania/TESI/ROS2/MoCap/Ros2MoCap/install/mocap_interfaces/include/mocap_interfaces/msg/detail/point__type_support.h
[0.285s] -- Up-to-date: /home/pietro/Scrivania/TESI/ROS2/MoCap/Ros2MoCap/install/mocap_interfaces/include/mocap_interfaces/msg/detail/point__functions.c
[0.285s] -- Up-to-date: /home/pietro/Scrivania/TESI/ROS2/MoCap/Ros2MoCap/install/mocap_interfaces/include/mocap_interfaces/msg/detail/rigid_body__functions.c
[0.285s] -- Up-to-date: /home/pietro/Scrivania/TESI/ROS2/MoCap/Ros2MoCap/install/mocap_interfaces/include/mocap_interfaces/msg/detail/unit_quaternion__functions.c
[0.285s] -- Up-to-date: /home/pietro/Scrivania/TESI/ROS2/MoCap/Ros2MoCap/install/mocap_interfaces/include/mocap_interfaces/msg/detail/point__functions.h
[0.285s] -- Up-to-date: /home/pietro/Scrivania/TESI/ROS2/MoCap/Ros2MoCap/install/mocap_interfaces/include/mocap_interfaces/msg/detail/rotation_matrix__struct.h
[0.286s] -- Up-to-date: /home/pietro/Scrivania/TESI/ROS2/MoCap/Ros2MoCap/install/mocap_interfaces/include/mocap_interfaces/msg/detail/rigid_body__type_support.h
[0.286s] -- Up-to-date: /home/pietro/Scrivania/TESI/ROS2/MoCap/Ros2MoCap/install/mocap_interfaces/include/mocap_interfaces/msg/detail/rotation_matrix__functions.h
[0.286s] -- Up-to-date: /home/pietro/Scrivania/TESI/ROS2/MoCap/Ros2MoCap/install/mocap_interfaces/include/mocap_interfaces/msg/detail/rigid_body__functions.h
[0.286s] -- Up-to-date: /home/pietro/Scrivania/TESI/ROS2/MoCap/Ros2MoCap/install/mocap_interfaces/include/mocap_interfaces/msg/detail/unit_quaternion__functions.h
[0.286s] -- Up-to-date: /home/pietro/Scrivania/TESI/ROS2/MoCap/Ros2MoCap/install/mocap_interfaces/include/mocap_interfaces/msg/detail/rigid_body_array__struct.h
[0.286s] -- Up-to-date: /home/pietro/Scrivania/TESI/ROS2/MoCap/Ros2MoCap/install/mocap_interfaces/include/mocap_interfaces/msg/detail/unit_quaternion__struct.h
[0.286s] -- Up-to-date: /home/pietro/Scrivania/TESI/ROS2/MoCap/Ros2MoCap/install/mocap_interfaces/include/mocap_interfaces/msg/detail/rigid_body__struct.h
[0.286s] -- Up-to-date: /home/pietro/Scrivania/TESI/ROS2/MoCap/Ros2MoCap/install/mocap_interfaces/include/mocap_interfaces/msg/detail/unit_quaternion__type_support.h
[0.287s] -- Up-to-date: /home/pietro/Scrivania/TESI/ROS2/MoCap/Ros2MoCap/install/mocap_interfaces/include/mocap_interfaces/msg/rigid_body_array.h
[0.287s] -- Up-to-date: /home/pietro/Scrivania/TESI/ROS2/MoCap/Ros2MoCap/install/mocap_interfaces/include/mocap_interfaces/msg/point.h
[0.287s] -- Up-to-date: /home/pietro/Scrivania/TESI/ROS2/MoCap/Ros2MoCap/install/mocap_interfaces/include/mocap_interfaces/msg/rotation_matrix.h
[0.287s] -- Up-to-date: /home/pietro/Scrivania/TESI/ROS2/MoCap/Ros2MoCap/install/mocap_interfaces/include/mocap_interfaces/msg/unit_quaternion.h
[0.287s] -- Up-to-date: /home/pietro/Scrivania/TESI/ROS2/MoCap/Ros2MoCap/install/mocap_interfaces/include/mocap_interfaces/msg/rigid_body.h
[0.287s] -- Up-to-date: /home/pietro/Scrivania/TESI/ROS2/MoCap/Ros2MoCap/install/mocap_interfaces/include/mocap_interfaces/msg/rosidl_generator_c__visibility_control.h
[0.287s] -- Up-to-date: /home/pietro/Scrivania/TESI/ROS2/MoCap/Ros2MoCap/install/mocap_interfaces/share/mocap_interfaces/environment/library_path.sh
[0.288s] -- Up-to-date: /home/pietro/Scrivania/TESI/ROS2/MoCap/Ros2MoCap/install/mocap_interfaces/share/mocap_interfaces/environment/library_path.dsv
[0.288s] -- Up-to-date: /home/pietro/Scrivania/TESI/ROS2/MoCap/Ros2MoCap/install/mocap_interfaces/lib/libmocap_interfaces__rosidl_generator_c.so
[0.288s] -- Up-to-date: /home/pietro/Scrivania/TESI/ROS2/MoCap/Ros2MoCap/install/mocap_interfaces/include/mocap_interfaces
[0.288s] -- Up-to-date: /home/pietro/Scrivania/TESI/ROS2/MoCap/Ros2MoCap/install/mocap_interfaces/include/mocap_interfaces/msg
[0.288s] -- Up-to-date: /home/pietro/Scrivania/TESI/ROS2/MoCap/Ros2MoCap/install/mocap_interfaces/include/mocap_interfaces/msg/detail
[0.288s] -- Up-to-date: /home/pietro/Scrivania/TESI/ROS2/MoCap/Ros2MoCap/install/mocap_interfaces/include/mocap_interfaces/msg/detail/rigid_body__rosidl_typesupport_fastrtps_c.h
[0.288s] -- Up-to-date: /home/pietro/Scrivania/TESI/ROS2/MoCap/Ros2MoCap/install/mocap_interfaces/include/mocap_interfaces/msg/detail/rotation_matrix__rosidl_typesupport_fastrtps_c.h
[0.288s] -- Up-to-date: /home/pietro/Scrivania/TESI/ROS2/MoCap/Ros2MoCap/install/mocap_interfaces/include/mocap_interfaces/msg/detail/point__rosidl_typesupport_fastrtps_c.h
[0.288s] -- Up-to-date: /home/pietro/Scrivania/TESI/ROS2/MoCap/Ros2MoCap/install/mocap_interfaces/include/mocap_interfaces/msg/detail/rigid_body_array__rosidl_typesupport_fastrtps_c.h
[0.288s] -- Up-to-date: /home/pietro/Scrivania/TESI/ROS2/MoCap/Ros2MoCap/install/mocap_interfaces/include/mocap_interfaces/msg/detail/unit_quaternion__rosidl_typesupport_fastrtps_c.h
[0.289s] -- Up-to-date: /home/pietro/Scrivania/TESI/ROS2/MoCap/Ros2MoCap/install/mocap_interfaces/include/mocap_interfaces/msg/rosidl_typesupport_fastrtps_c__visibility_control.h
[0.289s] -- Up-to-date: /home/pietro/Scrivania/TESI/ROS2/MoCap/Ros2MoCap/install/mocap_interfaces/lib/libmocap_interfaces__rosidl_typesupport_fastrtps_c.so
[0.289s] -- Up-to-date: /home/pietro/Scrivania/TESI/ROS2/MoCap/Ros2MoCap/install/mocap_interfaces/include/mocap_interfaces
[0.289s] -- Up-to-date: /home/pietro/Scrivania/TESI/ROS2/MoCap/Ros2MoCap/install/mocap_interfaces/include/mocap_interfaces/msg
[0.289s] -- Up-to-date: /home/pietro/Scrivania/TESI/ROS2/MoCap/Ros2MoCap/install/mocap_interfaces/include/mocap_interfaces/msg/detail
[0.289s] -- Up-to-date: /home/pietro/Scrivania/TESI/ROS2/MoCap/Ros2MoCap/install/mocap_interfaces/include/mocap_interfaces/msg/detail/unit_quaternion__rosidl_typesupport_fastrtps_cpp.hpp
[0.289s] -- Up-to-date: /home/pietro/Scrivania/TESI/ROS2/MoCap/Ros2MoCap/install/mocap_interfaces/include/mocap_interfaces/msg/detail/dds_fastrtps
[0.289s] -- Up-to-date: /home/pietro/Scrivania/TESI/ROS2/MoCap/Ros2MoCap/install/mocap_interfaces/include/mocap_interfaces/msg/detail/rigid_body_array__rosidl_typesupport_fastrtps_cpp.hpp
[0.289s] -- Up-to-date: /home/pietro/Scrivania/TESI/ROS2/MoCap/Ros2MoCap/install/mocap_interfaces/include/mocap_interfaces/msg/detail/rotation_matrix__rosidl_typesupport_fastrtps_cpp.hpp
[0.289s] -- Up-to-date: /home/pietro/Scrivania/TESI/ROS2/MoCap/Ros2MoCap/install/mocap_interfaces/include/mocap_interfaces/msg/detail/point__rosidl_typesupport_fastrtps_cpp.hpp
[0.289s] -- Up-to-date: /home/pietro/Scrivania/TESI/ROS2/MoCap/Ros2MoCap/install/mocap_interfaces/include/mocap_interfaces/msg/detail/rigid_body__rosidl_typesupport_fastrtps_cpp.hpp
[0.290s] -- Up-to-date: /home/pietro/Scrivania/TESI/ROS2/MoCap/Ros2MoCap/install/mocap_interfaces/include/mocap_interfaces/msg/rosidl_typesupport_fastrtps_cpp__visibility_control.h
[0.290s] -- Up-to-date: /home/pietro/Scrivania/TESI/ROS2/MoCap/Ros2MoCap/install/mocap_interfaces/lib/libmocap_interfaces__rosidl_typesupport_fastrtps_cpp.so
[0.290s] -- Up-to-date: /home/pietro/Scrivania/TESI/ROS2/MoCap/Ros2MoCap/install/mocap_interfaces/include/mocap_interfaces
[0.290s] -- Up-to-date: /home/pietro/Scrivania/TESI/ROS2/MoCap/Ros2MoCap/install/mocap_interfaces/include/mocap_interfaces/msg
[0.290s] -- Up-to-date: /home/pietro/Scrivania/TESI/ROS2/MoCap/Ros2MoCap/install/mocap_interfaces/include/mocap_interfaces/msg/rosidl_typesupport_introspection_c__visibility_control.h
[0.290s] -- Up-to-date: /home/pietro/Scrivania/TESI/ROS2/MoCap/Ros2MoCap/install/mocap_interfaces/include/mocap_interfaces/msg/detail
[0.290s] -- Up-to-date: /home/pietro/Scrivania/TESI/ROS2/MoCap/Ros2MoCap/install/mocap_interfaces/include/mocap_interfaces/msg/detail/rotation_matrix__rosidl_typesupport_introspection_c.h
[0.290s] -- Up-to-date: /home/pietro/Scrivania/TESI/ROS2/MoCap/Ros2MoCap/install/mocap_interfaces/include/mocap_interfaces/msg/detail/rigid_body__rosidl_typesupport_introspection_c.h
[0.290s] -- Up-to-date: /home/pietro/Scrivania/TESI/ROS2/MoCap/Ros2MoCap/install/mocap_interfaces/include/mocap_interfaces/msg/detail/point__type_support.c
[0.290s] -- Up-to-date: /home/pietro/Scrivania/TESI/ROS2/MoCap/Ros2MoCap/install/mocap_interfaces/include/mocap_interfaces/msg/detail/point__rosidl_typesupport_introspection_c.h
[0.290s] -- Up-to-date: /home/pietro/Scrivania/TESI/ROS2/MoCap/Ros2MoCap/install/mocap_interfaces/include/mocap_interfaces/msg/detail/rotation_matrix__type_support.c
[0.291s] -- Up-to-date: /home/pietro/Scrivania/TESI/ROS2/MoCap/Ros2MoCap/install/mocap_interfaces/include/mocap_interfaces/msg/detail/unit_quaternion__type_support.c
[0.291s] -- Up-to-date: /home/pietro/Scrivania/TESI/ROS2/MoCap/Ros2MoCap/install/mocap_interfaces/include/mocap_interfaces/msg/detail/unit_quaternion__rosidl_typesupport_introspection_c.h
[0.291s] -- Up-to-date: /home/pietro/Scrivania/TESI/ROS2/MoCap/Ros2MoCap/install/mocap_interfaces/include/mocap_interfaces/msg/detail/rigid_body_array__rosidl_typesupport_introspection_c.h
[0.291s] -- Up-to-date: /home/pietro/Scrivania/TESI/ROS2/MoCap/Ros2MoCap/install/mocap_interfaces/include/mocap_interfaces/msg/detail/rigid_body__type_support.c
[0.291s] -- Up-to-date: /home/pietro/Scrivania/TESI/ROS2/MoCap/Ros2MoCap/install/mocap_interfaces/include/mocap_interfaces/msg/detail/rigid_body_array__type_support.c
[0.291s] -- Up-to-date: /home/pietro/Scrivania/TESI/ROS2/MoCap/Ros2MoCap/install/mocap_interfaces/lib/libmocap_interfaces__rosidl_typesupport_introspection_c.so
[0.291s] -- Up-to-date: /home/pietro/Scrivania/TESI/ROS2/MoCap/Ros2MoCap/install/mocap_interfaces/lib/libmocap_interfaces__rosidl_typesupport_c.so
[0.291s] -- Up-to-date: /home/pietro/Scrivania/TESI/ROS2/MoCap/Ros2MoCap/install/mocap_interfaces/include/mocap_interfaces
[0.291s] -- Up-to-date: /home/pietro/Scrivania/TESI/ROS2/MoCap/Ros2MoCap/install/mocap_interfaces/include/mocap_interfaces/msg
[0.291s] -- Up-to-date: /home/pietro/Scrivania/TESI/ROS2/MoCap/Ros2MoCap/install/mocap_interfaces/include/mocap_interfaces/msg/detail
[0.291s] -- Up-to-date: /home/pietro/Scrivania/TESI/ROS2/MoCap/Ros2MoCap/install/mocap_interfaces/include/mocap_interfaces/msg/detail/rigid_body__struct.hpp
[0.291s] -- Up-to-date: /home/pietro/Scrivania/TESI/ROS2/MoCap/Ros2MoCap/install/mocap_interfaces/include/mocap_interfaces/msg/detail/rigid_body__builder.hpp
[0.292s] -- Up-to-date: /home/pietro/Scrivania/TESI/ROS2/MoCap/Ros2MoCap/install/mocap_interfaces/include/mocap_interfaces/msg/detail/rigid_body_array__builder.hpp
[0.292s] -- Up-to-date: /home/pietro/Scrivania/TESI/ROS2/MoCap/Ros2MoCap/install/mocap_interfaces/include/mocap_interfaces/msg/detail/point__struct.hpp
[0.292s] -- Up-to-date: /home/pietro/Scrivania/TESI/ROS2/MoCap/Ros2MoCap/install/mocap_interfaces/include/mocap_interfaces/msg/detail/rotation_matrix__traits.hpp
[0.292s] -- Up-to-date: /home/pietro/Scrivania/TESI/ROS2/MoCap/Ros2MoCap/install/mocap_interfaces/include/mocap_interfaces/msg/detail/rotation_matrix__builder.hpp
[0.292s] -- Up-to-date: /home/pietro/Scrivania/TESI/ROS2/MoCap/Ros2MoCap/install/mocap_interfaces/include/mocap_interfaces/msg/detail/rigid_body_array__traits.hpp
[0.292s] -- Up-to-date: /home/pietro/Scrivania/TESI/ROS2/MoCap/Ros2MoCap/install/mocap_interfaces/include/mocap_interfaces/msg/detail/rotation_matrix__struct.hpp
[0.292s] -- Up-to-date: /home/pietro/Scrivania/TESI/ROS2/MoCap/Ros2MoCap/install/mocap_interfaces/include/mocap_interfaces/msg/detail/unit_quaternion__traits.hpp
[0.292s] -- Up-to-date: /home/pietro/Scrivania/TESI/ROS2/MoCap/Ros2MoCap/install/mocap_interfaces/include/mocap_interfaces/msg/detail/unit_quaternion__builder.hpp
[0.292s] -- Up-to-date: /home/pietro/Scrivania/TESI/ROS2/MoCap/Ros2MoCap/install/mocap_interfaces/include/mocap_interfaces/msg/detail/rigid_body__traits.hpp
[0.292s] -- Up-to-date: /home/pietro/Scrivania/TESI/ROS2/MoCap/Ros2MoCap/install/mocap_interfaces/include/mocap_interfaces/msg/detail/rigid_body_array__struct.hpp
[0.292s] -- Up-to-date: /home/pietro/Scrivania/TESI/ROS2/MoCap/Ros2MoCap/install/mocap_interfaces/include/mocap_interfaces/msg/detail/point__builder.hpp
[0.292s] -- Up-to-date: /home/pietro/Scrivania/TESI/ROS2/MoCap/Ros2MoCap/install/mocap_interfaces/include/mocap_interfaces/msg/detail/point__traits.hpp
[0.293s] -- Up-to-date: /home/pietro/Scrivania/TESI/ROS2/MoCap/Ros2MoCap/install/mocap_interfaces/include/mocap_interfaces/msg/detail/unit_quaternion__struct.hpp
[0.293s] -- Up-to-date: /home/pietro/Scrivania/TESI/ROS2/MoCap/Ros2MoCap/install/mocap_interfaces/include/mocap_interfaces/msg/rigid_body.hpp
[0.293s] -- Up-to-date: /home/pietro/Scrivania/TESI/ROS2/MoCap/Ros2MoCap/install/mocap_interfaces/include/mocap_interfaces/msg/unit_quaternion.hpp
[0.293s] -- Up-to-date: /home/pietro/Scrivania/TESI/ROS2/MoCap/Ros2MoCap/install/mocap_interfaces/include/mocap_interfaces/msg/rigid_body_array.hpp
[0.293s] -- Up-to-date: /home/pietro/Scrivania/TESI/ROS2/MoCap/Ros2MoCap/install/mocap_interfaces/include/mocap_interfaces/msg/point.hpp
[0.293s] -- Up-to-date: /home/pietro/Scrivania/TESI/ROS2/MoCap/Ros2MoCap/install/mocap_interfaces/include/mocap_interfaces/msg/rotation_matrix.hpp
[0.293s] -- Up-to-date: /home/pietro/Scrivania/TESI/ROS2/MoCap/Ros2MoCap/install/mocap_interfaces/include/mocap_interfaces
[0.293s] -- Up-to-date: /home/pietro/Scrivania/TESI/ROS2/MoCap/Ros2MoCap/install/mocap_interfaces/include/mocap_interfaces/msg
[0.293s] -- Up-to-date: /home/pietro/Scrivania/TESI/ROS2/MoCap/Ros2MoCap/install/mocap_interfaces/include/mocap_interfaces/msg/detail
[0.293s] -- Up-to-date: /home/pietro/Scrivania/TESI/ROS2/MoCap/Ros2MoCap/install/mocap_interfaces/include/mocap_interfaces/msg/detail/rigid_body__type_support.cpp
[0.293s] -- Up-to-date: /home/pietro/Scrivania/TESI/ROS2/MoCap/Ros2MoCap/install/mocap_interfaces/include/mocap_interfaces/msg/detail/rotation_matrix__type_support.cpp
[0.293s] -- Up-to-date: /home/pietro/Scrivania/TESI/ROS2/MoCap/Ros2MoCap/install/mocap_interfaces/include/mocap_interfaces/msg/detail/point__type_support.cpp
[0.294s] -- Up-to-date: /home/pietro/Scrivania/TESI/ROS2/MoCap/Ros2MoCap/install/mocap_interfaces/include/mocap_interfaces/msg/detail/unit_quaternion__rosidl_typesupport_introspection_cpp.hpp
[0.294s] -- Up-to-date: /home/pietro/Scrivania/TESI/ROS2/MoCap/Ros2MoCap/install/mocap_interfaces/include/mocap_interfaces/msg/detail/rigid_body_array__type_support.cpp
[0.294s] -- Up-to-date: /home/pietro/Scrivania/TESI/ROS2/MoCap/Ros2MoCap/install/mocap_interfaces/include/mocap_interfaces/msg/detail/rigid_body__rosidl_typesupport_introspection_cpp.hpp
[0.294s] -- Up-to-date: /home/pietro/Scrivania/TESI/ROS2/MoCap/Ros2MoCap/install/mocap_interfaces/include/mocap_interfaces/msg/detail/point__rosidl_typesupport_introspection_cpp.hpp
[0.294s] -- Up-to-date: /home/pietro/Scrivania/TESI/ROS2/MoCap/Ros2MoCap/install/mocap_interfaces/include/mocap_interfaces/msg/detail/unit_quaternion__type_support.cpp
[0.294s] -- Up-to-date: /home/pietro/Scrivania/TESI/ROS2/MoCap/Ros2MoCap/install/mocap_interfaces/include/mocap_interfaces/msg/detail/rigid_body_array__rosidl_typesupport_introspection_cpp.hpp
[0.294s] -- Up-to-date: /home/pietro/Scrivania/TESI/ROS2/MoCap/Ros2MoCap/install/mocap_interfaces/include/mocap_interfaces/msg/detail/rotation_matrix__rosidl_typesupport_introspection_cpp.hpp
[0.294s] -- Up-to-date: /home/pietro/Scrivania/TESI/ROS2/MoCap/Ros2MoCap/install/mocap_interfaces/lib/libmocap_interfaces__rosidl_typesupport_introspection_cpp.so
[0.294s] -- Up-to-date: /home/pietro/Scrivania/TESI/ROS2/MoCap/Ros2MoCap/install/mocap_interfaces/lib/libmocap_interfaces__rosidl_typesupport_cpp.so
[0.294s] -- Up-to-date: /home/pietro/Scrivania/TESI/ROS2/MoCap/Ros2MoCap/install/mocap_interfaces/share/mocap_interfaces/environment/pythonpath.sh
[0.294s] -- Up-to-date: /home/pietro/Scrivania/TESI/ROS2/MoCap/Ros2MoCap/install/mocap_interfaces/share/mocap_interfaces/environment/pythonpath.dsv
[0.295s] -- Up-to-date: /home/pietro/Scrivania/TESI/ROS2/MoCap/Ros2MoCap/install/mocap_interfaces/lib/python3.8/site-packages/mocap_interfaces/__init__.py
[0.316s] -- Up-to-date: /home/pietro/Scrivania/TESI/ROS2/MoCap/Ros2MoCap/install/mocap_interfaces/lib/python3.8/site-packages/mocap_interfaces/msg
[0.316s] -- Up-to-date: /home/pietro/Scrivania/TESI/ROS2/MoCap/Ros2MoCap/install/mocap_interfaces/lib/python3.8/site-packages/mocap_interfaces/msg/_rigid_body_s.c
[0.317s] -- Up-to-date: /home/pietro/Scrivania/TESI/ROS2/MoCap/Ros2MoCap/install/mocap_interfaces/lib/python3.8/site-packages/mocap_interfaces/msg/_unit_quaternion_s.c
[0.317s] -- Up-to-date: /home/pietro/Scrivania/TESI/ROS2/MoCap/Ros2MoCap/install/mocap_interfaces/lib/python3.8/site-packages/mocap_interfaces/msg/_unit_quaternion.py
[0.317s] -- Up-to-date: /home/pietro/Scrivania/TESI/ROS2/MoCap/Ros2MoCap/install/mocap_interfaces/lib/python3.8/site-packages/mocap_interfaces/msg/_point.py
[0.317s] -- Up-to-date: /home/pietro/Scrivania/TESI/ROS2/MoCap/Ros2MoCap/install/mocap_interfaces/lib/python3.8/site-packages/mocap_interfaces/msg/_rigid_body.py
[0.317s] -- Up-to-date: /home/pietro/Scrivania/TESI/ROS2/MoCap/Ros2MoCap/install/mocap_interfaces/lib/python3.8/site-packages/mocap_interfaces/msg/_rotation_matrix_s.c
[0.317s] -- Up-to-date: /home/pietro/Scrivania/TESI/ROS2/MoCap/Ros2MoCap/install/mocap_interfaces/lib/python3.8/site-packages/mocap_interfaces/msg/__init__.py
[0.317s] -- Up-to-date: /home/pietro/Scrivania/TESI/ROS2/MoCap/Ros2MoCap/install/mocap_interfaces/lib/python3.8/site-packages/mocap_interfaces/msg/_rigid_body_array_s.c
[0.317s] -- Up-to-date: /home/pietro/Scrivania/TESI/ROS2/MoCap/Ros2MoCap/install/mocap_interfaces/lib/python3.8/site-packages/mocap_interfaces/msg/_rotation_matrix.py
[0.317s] -- Up-to-date: /home/pietro/Scrivania/TESI/ROS2/MoCap/Ros2MoCap/install/mocap_interfaces/lib/python3.8/site-packages/mocap_interfaces/msg/_point_s.c
[0.317s] -- Up-to-date: /home/pietro/Scrivania/TESI/ROS2/MoCap/Ros2MoCap/install/mocap_interfaces/lib/python3.8/site-packages/mocap_interfaces/msg/_rigid_body_array.py
[0.318s] -- Up-to-date: /home/pietro/Scrivania/TESI/ROS2/MoCap/Ros2MoCap/install/mocap_interfaces/lib/python3.8/site-packages/mocap_interfaces/mocap_interfaces_s__rosidl_typesupport_fastrtps_c.cpython-38-x86_64-linux-gnu.so
[0.318s] -- Up-to-date: /home/pietro/Scrivania/TESI/ROS2/MoCap/Ros2MoCap/install/mocap_interfaces/lib/python3.8/site-packages/mocap_interfaces/mocap_interfaces_s__rosidl_typesupport_introspection_c.cpython-38-x86_64-linux-gnu.so
[0.318s] -- Up-to-date: /home/pietro/Scrivania/TESI/ROS2/MoCap/Ros2MoCap/install/mocap_interfaces/lib/python3.8/site-packages/mocap_interfaces/mocap_interfaces_s__rosidl_typesupport_c.cpython-38-x86_64-linux-gnu.so
[0.318s] -- Up-to-date: /home/pietro/Scrivania/TESI/ROS2/MoCap/Ros2MoCap/install/mocap_interfaces/lib/libmocap_interfaces__python.so
[0.318s] -- Up-to-date: /home/pietro/Scrivania/TESI/ROS2/MoCap/Ros2MoCap/install/mocap_interfaces/share/mocap_interfaces/msg/Point.idl
[0.319s] -- Up-to-date: /home/pietro/Scrivania/TESI/ROS2/MoCap/Ros2MoCap/install/mocap_interfaces/share/mocap_interfaces/msg/UnitQuaternion.idl
[0.319s] -- Up-to-date: /home/pietro/Scrivania/TESI/ROS2/MoCap/Ros2MoCap/install/mocap_interfaces/share/mocap_interfaces/msg/RigidBody.idl
[0.319s] -- Up-to-date: /home/pietro/Scrivania/TESI/ROS2/MoCap/Ros2MoCap/install/mocap_interfaces/share/mocap_interfaces/msg/RigidBodyArray.idl
[0.319s] -- Up-to-date: /home/pietro/Scrivania/TESI/ROS2/MoCap/Ros2MoCap/install/mocap_interfaces/share/mocap_interfaces/msg/Point.msg
[0.319s] -- Up-to-date: /home/pietro/Scrivania/TESI/ROS2/MoCap/Ros2MoCap/install/mocap_interfaces/share/mocap_interfaces/msg/UnitQuaternion.msg
[0.319s] -- Up-to-date: /home/pietro/Scrivania/TESI/ROS2/MoCap/Ros2MoCap/install/mocap_interfaces/share/mocap_interfaces/msg/RigidBody.msg
[0.319s] -- Up-to-date: /home/pietro/Scrivania/TESI/ROS2/MoCap/Ros2MoCap/install/mocap_interfaces/share/mocap_interfaces/msg/RigidBodyArray.msg
[0.319s] -- Up-to-date: /home/pietro/Scrivania/TESI/ROS2/MoCap/Ros2MoCap/install/mocap_interfaces/share/ament_index/resource_index/package_run_dependencies/mocap_interfaces
[0.320s] -- Up-to-date: /home/pietro/Scrivania/TESI/ROS2/MoCap/Ros2MoCap/install/mocap_interfaces/share/ament_index/resource_index/parent_prefix_path/mocap_interfaces
[0.320s] -- Up-to-date: /home/pietro/Scrivania/TESI/ROS2/MoCap/Ros2MoCap/install/mocap_interfaces/share/mocap_interfaces/environment/ament_prefix_path.sh
[0.320s] -- Up-to-date: /home/pietro/Scrivania/TESI/ROS2/MoCap/Ros2MoCap/install/mocap_interfaces/share/mocap_interfaces/environment/ament_prefix_path.dsv
[0.320s] -- Up-to-date: /home/pietro/Scrivania/TESI/ROS2/MoCap/Ros2MoCap/install/mocap_interfaces/share/mocap_interfaces/environment/path.sh
[0.320s] -- Up-to-date: /home/pietro/Scrivania/TESI/ROS2/MoCap/Ros2MoCap/install/mocap_interfaces/share/mocap_interfaces/environment/path.dsv
[0.320s] -- Up-to-date: /home/pietro/Scrivania/TESI/ROS2/MoCap/Ros2MoCap/install/mocap_interfaces/share/mocap_interfaces/local_setup.bash
[0.320s] -- Up-to-date: /home/pietro/Scrivania/TESI/ROS2/MoCap/Ros2MoCap/install/mocap_interfaces/share/mocap_interfaces/local_setup.sh
[0.320s] -- Up-to-date: /home/pietro/Scrivania/TESI/ROS2/MoCap/Ros2MoCap/install/mocap_interfaces/share/mocap_interfaces/local_setup.zsh
[0.321s] -- Up-to-date: /home/pietro/Scrivania/TESI/ROS2/MoCap/Ros2MoCap/install/mocap_interfaces/share/mocap_interfaces/local_setup.dsv
[0.321s] -- Installing: /home/pietro/Scrivania/TESI/ROS2/MoCap/Ros2MoCap/install/mocap_interfaces/share/mocap_interfaces/package.dsv
[0.321s] -- Up-to-date: /home/pietro/Scrivania/TESI/ROS2/MoCap/Ros2MoCap/install/mocap_interfaces/share/ament_index/resource_index/packages/mocap_interfaces
[0.321s] -- Up-to-date: /home/pietro/Scrivania/TESI/ROS2/MoCap/Ros2MoCap/install/mocap_interfaces/share/mocap_interfaces/cmake/mocap_interfaces__rosidl_generator_cExport.cmake
[0.321s] -- Up-to-date: /home/pietro/Scrivania/TESI/ROS2/MoCap/Ros2MoCap/install/mocap_interfaces/share/mocap_interfaces/cmake/mocap_interfaces__rosidl_generator_cExport-noconfig.cmake
[0.321s] -- Up-to-date: /home/pietro/Scrivania/TESI/ROS2/MoCap/Ros2MoCap/install/mocap_interfaces/share/mocap_interfaces/cmake/mocap_interfaces__rosidl_typesupport_introspection_cExport.cmake
[0.321s] -- Up-to-date: /home/pietro/Scrivania/TESI/ROS2/MoCap/Ros2MoCap/install/mocap_interfaces/share/mocap_interfaces/cmake/mocap_interfaces__rosidl_typesupport_introspection_cExport-noconfig.cmake
[0.321s] -- Up-to-date: /home/pietro/Scrivania/TESI/ROS2/MoCap/Ros2MoCap/install/mocap_interfaces/share/mocap_interfaces/cmake/mocap_interfaces__rosidl_typesupport_cExport.cmake
[0.321s] -- Up-to-date: /home/pietro/Scrivania/TESI/ROS2/MoCap/Ros2MoCap/install/mocap_interfaces/share/mocap_interfaces/cmake/mocap_interfaces__rosidl_typesupport_cExport-noconfig.cmake
[0.322s] -- Up-to-date: /home/pietro/Scrivania/TESI/ROS2/MoCap/Ros2MoCap/install/mocap_interfaces/share/mocap_interfaces/cmake/mocap_interfaces__rosidl_generator_cppExport.cmake
[0.322s] -- Up-to-date: /home/pietro/Scrivania/TESI/ROS2/MoCap/Ros2MoCap/install/mocap_interfaces/share/mocap_interfaces/cmake/mocap_interfaces__rosidl_typesupport_introspection_cppExport.cmake
[0.322s] -- Up-to-date: /home/pietro/Scrivania/TESI/ROS2/MoCap/Ros2MoCap/install/mocap_interfaces/share/mocap_interfaces/cmake/mocap_interfaces__rosidl_typesupport_introspection_cppExport-noconfig.cmake
[0.322s] -- Up-to-date: /home/pietro/Scrivania/TESI/ROS2/MoCap/Ros2MoCap/install/mocap_interfaces/share/mocap_interfaces/cmake/mocap_interfaces__rosidl_typesupport_cppExport.cmake
[0.322s] -- Up-to-date: /home/pietro/Scrivania/TESI/ROS2/MoCap/Ros2MoCap/install/mocap_interfaces/share/mocap_interfaces/cmake/mocap_interfaces__rosidl_typesupport_cppExport-noconfig.cmake
[0.322s] -- Up-to-date: /home/pietro/Scrivania/TESI/ROS2/MoCap/Ros2MoCap/install/mocap_interfaces/share/mocap_interfaces/cmake/rosidl_cmake-extras.cmake
[0.322s] -- Up-to-date: /home/pietro/Scrivania/TESI/ROS2/MoCap/Ros2MoCap/install/mocap_interfaces/share/mocap_interfaces/cmake/ament_cmake_export_dependencies-extras.cmake
[0.322s] -- Up-to-date: /home/pietro/Scrivania/TESI/ROS2/MoCap/Ros2MoCap/install/mocap_interfaces/share/mocap_interfaces/cmake/ament_cmake_export_libraries-extras.cmake
[0.322s] -- Up-to-date: /home/pietro/Scrivania/TESI/ROS2/MoCap/Ros2MoCap/install/mocap_interfaces/share/mocap_interfaces/cmake/ament_cmake_export_targets-extras.cmake
[0.323s] -- Up-to-date: /home/pietro/Scrivania/TESI/ROS2/MoCap/Ros2MoCap/install/mocap_interfaces/share/mocap_interfaces/cmake/ament_cmake_export_include_directories-extras.cmake
[0.323s] -- Up-to-date: /home/pietro/Scrivania/TESI/ROS2/MoCap/Ros2MoCap/install/mocap_interfaces/share/mocap_interfaces/cmake/rosidl_cmake_export_typesupport_libraries-extras.cmake
[0.324s] -- Up-to-date: /home/pietro/Scrivania/TESI/ROS2/MoCap/Ros2MoCap/install/mocap_interfaces/share/mocap_interfaces/cmake/rosidl_cmake_export_typesupport_targets-extras.cmake
[0.325s] -- Up-to-date: /home/pietro/Scrivania/TESI/ROS2/MoCap/Ros2MoCap/install/mocap_interfaces/share/mocap_interfaces/cmake/mocap_interfacesConfig.cmake
[0.325s] -- Up-to-date: /home/pietro/Scrivania/TESI/ROS2/MoCap/Ros2MoCap/install/mocap_interfaces/share/mocap_interfaces/cmake/mocap_interfacesConfig-version.cmake
[0.325s] -- Up-to-date: /home/pietro/Scrivania/TESI/ROS2/MoCap/Ros2MoCap/install/mocap_interfaces/share/mocap_interfaces/package.xml
[0.325s] Invoked command in '/home/pietro/Scrivania/TESI/ROS2/MoCap/Ros2MoCap/build/mocap_interfaces' returned '0': CMAKE_PREFIX_PATH=/opt/ros/foxy /usr/bin/cmake --install /home/pietro/Scrivania/TESI/ROS2/MoCap/Ros2MoCap/build/mocap_interfaces
