[0.018s] Invoking command in '/home/pietro/Scrivania/TESI/ROS2/MoCap/Ros2MoCap/build/mocap_interfaces': CMAKE_PREFIX_PATH=/opt/ros/foxy /usr/bin/cmake --build /home/pietro/Scrivania/TESI/ROS2/MoCap/Ros2MoCap/build/mocap_interfaces -- -j8 -l8
[0.065s] [  2%] Built target mocap_interfaces__cpp
[0.066s] [ 12%] Built target mocap_interfaces__rosidl_generator_c
[0.092s] [ 23%] Built target mocap_interfaces__rosidl_typesupport_cpp
[0.097s] [ 33%] Built target mocap_interfaces__rosidl_typesupport_introspection_c
[0.098s] [ 43%] Built target mocap_interfaces__rosidl_typesupport_c
[0.098s] [ 53%] Built target mocap_interfaces__rosidl_typesupport_introspection_cpp
[0.103s] [ 64%] Built target mocap_interfaces__rosidl_typesupport_fastrtps_cpp
[0.126s] [ 74%] Built target mocap_interfaces__rosidl_typesupport_fastrtps_c
[0.147s] [ 74%] Built target mocap_interfaces
[0.164s] [ 76%] Built target mocap_interfaces__py
[0.188s] [ 84%] Built target mocap_interfaces__python
[0.214s] [ 89%] Built target mocap_interfaces__rosidl_typesupport_introspection_c__pyext
[0.214s] [ 94%] Built target mocap_interfaces__rosidl_typesupport_c__pyext
[0.214s] [100%] Built target mocap_interfaces__rosidl_typesupport_fastrtps_c__pyext
[0.225s] Invoked command in '/home/pietro/Scrivania/TESI/ROS2/MoCap/Ros2MoCap/build/mocap_interfaces' returned '0': CMAKE_PREFIX_PATH=/opt/ros/foxy /usr/bin/cmake --build /home/pietro/Scrivania/TESI/ROS2/MoCap/Ros2MoCap/build/mocap_interfaces -- -j8 -l8
[0.274s] Invoking command in '/home/pietro/Scrivania/TESI/ROS2/MoCap/Ros2MoCap/build/mocap_interfaces': CMAKE_PREFIX_PATH=/opt/ros/foxy /usr/bin/cmake --install /home/pietro/Scrivania/TESI/ROS2/MoCap/Ros2MoCap/build/mocap_interfaces
[0.282s] -- Install configuration: ""
[0.282s] -- Up-to-date: /home/pietro/Scrivania/TESI/ROS2/MoCap/Ros2MoCap/install/mocap_interfaces/share/ament_index/resource_index/rosidl_interfaces/mocap_interfaces
[0.283s] -- Up-to-date: /home/pietro/Scrivania/TESI/ROS2/MoCap/Ros2MoCap/install/mocap_interfaces/include/mocap_interfaces
[0.283s] -- Up-to-date: /home/pietro/Scrivania/TESI/ROS2/MoCap/Ros2MoCap/install/mocap_interfaces/include/mocap_interfaces/msg
[0.283s] -- Up-to-date: /home/pietro/Scrivania/TESI/ROS2/MoCap/Ros2MoCap/install/mocap_interfaces/include/mocap_interfaces/msg/detail
[0.283s] -- Up-to-date: /home/pietro/Scrivania/TESI/ROS2/MoCap/Ros2MoCap/install/mocap_interfaces/include/mocap_interfaces/msg/detail/rigid_body_array__type_support.h
[0.283s] -- Up-to-date: /home/pietro/Scrivania/TESI/ROS2/MoCap/Ros2MoCap/install/mocap_interfaces/include/mocap_interfaces/msg/detail/rigid_body_array__functions.h
[0.283s] -- Up-to-date: /home/pietro/Scrivania/TESI/ROS2/MoCap/Ros2MoCap/install/mocap_interfaces/include/mocap_interfaces/msg/detail/rigid_body_array__functions.c
[0.283s] -- Up-to-date: /home/pietro/Scrivania/TESI/ROS2/MoCap/Ros2MoCap/install/mocap_interfaces/include/mocap_interfaces/msg/detail/rigid_body__functions.c
[0.284s] -- Up-to-date: /home/pietro/Scrivania/TESI/ROS2/MoCap/Ros2MoCap/install/mocap_interfaces/include/mocap_interfaces/msg/detail/rigid_body__type_support.h
[0.284s] -- Up-to-date: /home/pietro/Scrivania/TESI/ROS2/MoCap/Ros2MoCap/install/mocap_interfaces/include/mocap_interfaces/msg/detail/rigid_body__functions.h
[0.284s] -- Up-to-date: /home/pietro/Scrivania/TESI/ROS2/MoCap/Ros2MoCap/install/mocap_interfaces/include/mocap_interfaces/msg/detail/rigid_body_array__struct.h
[0.284s] -- Up-to-date: /home/pietro/Scrivania/TESI/ROS2/MoCap/Ros2MoCap/install/mocap_interfaces/include/mocap_interfaces/msg/detail/rigid_body__struct.h
[0.284s] -- Up-to-date: /home/pietro/Scrivania/TESI/ROS2/MoCap/Ros2MoCap/install/mocap_interfaces/include/mocap_interfaces/msg/rigid_body_array.h
[0.284s] -- Up-to-date: /home/pietro/Scrivania/TESI/ROS2/MoCap/Ros2MoCap/install/mocap_interfaces/include/mocap_interfaces/msg/rigid_body.h
[0.284s] -- Up-to-date: /home/pietro/Scrivania/TESI/ROS2/MoCap/Ros2MoCap/install/mocap_interfaces/include/mocap_interfaces/msg/rosidl_generator_c__visibility_control.h
[0.284s] -- Up-to-date: /home/pietro/Scrivania/TESI/ROS2/MoCap/Ros2MoCap/install/mocap_interfaces/share/mocap_interfaces/environment/library_path.sh
[0.284s] -- Up-to-date: /home/pietro/Scrivania/TESI/ROS2/MoCap/Ros2MoCap/install/mocap_interfaces/share/mocap_interfaces/environment/library_path.dsv
[0.285s] -- Up-to-date: /home/pietro/Scrivania/TESI/ROS2/MoCap/Ros2MoCap/install/mocap_interfaces/lib/libmocap_interfaces__rosidl_generator_c.so
[0.285s] -- Up-to-date: /home/pietro/Scrivania/TESI/ROS2/MoCap/Ros2MoCap/install/mocap_interfaces/include/mocap_interfaces
[0.285s] -- Up-to-date: /home/pietro/Scrivania/TESI/ROS2/MoCap/Ros2MoCap/install/mocap_interfaces/include/mocap_interfaces/msg
[0.285s] -- Up-to-date: /home/pietro/Scrivania/TESI/ROS2/MoCap/Ros2MoCap/install/mocap_interfaces/include/mocap_interfaces/msg/detail
[0.285s] -- Up-to-date: /home/pietro/Scrivania/TESI/ROS2/MoCap/Ros2MoCap/install/mocap_interfaces/include/mocap_interfaces/msg/detail/rigid_body__rosidl_typesupport_fastrtps_c.h
[0.285s] -- Up-to-date: /home/pietro/Scrivania/TESI/ROS2/MoCap/Ros2MoCap/install/mocap_interfaces/include/mocap_interfaces/msg/detail/rigid_body_array__rosidl_typesupport_fastrtps_c.h
[0.285s] -- Up-to-date: /home/pietro/Scrivania/TESI/ROS2/MoCap/Ros2MoCap/install/mocap_interfaces/include/mocap_interfaces/msg/rosidl_typesupport_fastrtps_c__visibility_control.h
[0.286s] -- Up-to-date: /home/pietro/Scrivania/TESI/ROS2/MoCap/Ros2MoCap/install/mocap_interfaces/lib/libmocap_interfaces__rosidl_typesupport_fastrtps_c.so
[0.286s] -- Up-to-date: /home/pietro/Scrivania/TESI/ROS2/MoCap/Ros2MoCap/install/mocap_interfaces/include/mocap_interfaces
[0.286s] -- Up-to-date: /home/pietro/Scrivania/TESI/ROS2/MoCap/Ros2MoCap/install/mocap_interfaces/include/mocap_interfaces/msg
[0.286s] -- Up-to-date: /home/pietro/Scrivania/TESI/ROS2/MoCap/Ros2MoCap/install/mocap_interfaces/include/mocap_interfaces/msg/detail
[0.286s] -- Up-to-date: /home/pietro/Scrivania/TESI/ROS2/MoCap/Ros2MoCap/install/mocap_interfaces/include/mocap_interfaces/msg/detail/dds_fastrtps
[0.286s] -- Up-to-date: /home/pietro/Scrivania/TESI/ROS2/MoCap/Ros2MoCap/install/mocap_interfaces/include/mocap_interfaces/msg/detail/rigid_body_array__rosidl_typesupport_fastrtps_cpp.hpp
[0.286s] -- Up-to-date: /home/pietro/Scrivania/TESI/ROS2/MoCap/Ros2MoCap/install/mocap_interfaces/include/mocap_interfaces/msg/detail/rigid_body__rosidl_typesupport_fastrtps_cpp.hpp
[0.286s] -- Up-to-date: /home/pietro/Scrivania/TESI/ROS2/MoCap/Ros2MoCap/install/mocap_interfaces/include/mocap_interfaces/msg/rosidl_typesupport_fastrtps_cpp__visibility_control.h
[0.286s] -- Up-to-date: /home/pietro/Scrivania/TESI/ROS2/MoCap/Ros2MoCap/install/mocap_interfaces/lib/libmocap_interfaces__rosidl_typesupport_fastrtps_cpp.so
[0.287s] -- Up-to-date: /home/pietro/Scrivania/TESI/ROS2/MoCap/Ros2MoCap/install/mocap_interfaces/include/mocap_interfaces
[0.287s] -- Up-to-date: /home/pietro/Scrivania/TESI/ROS2/MoCap/Ros2MoCap/install/mocap_interfaces/include/mocap_interfaces/msg
[0.287s] -- Up-to-date: /home/pietro/Scrivania/TESI/ROS2/MoCap/Ros2MoCap/install/mocap_interfaces/include/mocap_interfaces/msg/rosidl_typesupport_introspection_c__visibility_control.h
[0.287s] -- Up-to-date: /home/pietro/Scrivania/TESI/ROS2/MoCap/Ros2MoCap/install/mocap_interfaces/include/mocap_interfaces/msg/detail
[0.287s] -- Up-to-date: /home/pietro/Scrivania/TESI/ROS2/MoCap/Ros2MoCap/install/mocap_interfaces/include/mocap_interfaces/msg/detail/rigid_body__rosidl_typesupport_introspection_c.h
[0.287s] -- Up-to-date: /home/pietro/Scrivania/TESI/ROS2/MoCap/Ros2MoCap/install/mocap_interfaces/include/mocap_interfaces/msg/detail/rigid_body_array__rosidl_typesupport_introspection_c.h
[0.287s] -- Up-to-date: /home/pietro/Scrivania/TESI/ROS2/MoCap/Ros2MoCap/install/mocap_interfaces/include/mocap_interfaces/msg/detail/rigid_body__type_support.c
[0.288s] -- Up-to-date: /home/pietro/Scrivania/TESI/ROS2/MoCap/Ros2MoCap/install/mocap_interfaces/include/mocap_interfaces/msg/detail/rigid_body_array__type_support.c
[0.288s] -- Up-to-date: /home/pietro/Scrivania/TESI/ROS2/MoCap/Ros2MoCap/install/mocap_interfaces/lib/libmocap_interfaces__rosidl_typesupport_introspection_c.so
[0.288s] -- Up-to-date: /home/pietro/Scrivania/TESI/ROS2/MoCap/Ros2MoCap/install/mocap_interfaces/lib/libmocap_interfaces__rosidl_typesupport_c.so
[0.288s] -- Up-to-date: /home/pietro/Scrivania/TESI/ROS2/MoCap/Ros2MoCap/install/mocap_interfaces/include/mocap_interfaces
[0.288s] -- Up-to-date: /home/pietro/Scrivania/TESI/ROS2/MoCap/Ros2MoCap/install/mocap_interfaces/include/mocap_interfaces/msg
[0.288s] -- Up-to-date: /home/pietro/Scrivania/TESI/ROS2/MoCap/Ros2MoCap/install/mocap_interfaces/include/mocap_interfaces/msg/detail
[0.288s] -- Up-to-date: /home/pietro/Scrivania/TESI/ROS2/MoCap/Ros2MoCap/install/mocap_interfaces/include/mocap_interfaces/msg/detail/rigid_body__struct.hpp
[0.288s] -- Up-to-date: /home/pietro/Scrivania/TESI/ROS2/MoCap/Ros2MoCap/install/mocap_interfaces/include/mocap_interfaces/msg/detail/rigid_body__builder.hpp
[0.289s] -- Up-to-date: /home/pietro/Scrivania/TESI/ROS2/MoCap/Ros2MoCap/install/mocap_interfaces/include/mocap_interfaces/msg/detail/rigid_body_array__builder.hpp
[0.289s] -- Up-to-date: /home/pietro/Scrivania/TESI/ROS2/MoCap/Ros2MoCap/install/mocap_interfaces/include/mocap_interfaces/msg/detail/rigid_body_array__traits.hpp
[0.289s] -- Up-to-date: /home/pietro/Scrivania/TESI/ROS2/MoCap/Ros2MoCap/install/mocap_interfaces/include/mocap_interfaces/msg/detail/rigid_body__traits.hpp
[0.289s] -- Up-to-date: /home/pietro/Scrivania/TESI/ROS2/MoCap/Ros2MoCap/install/mocap_interfaces/include/mocap_interfaces/msg/detail/rigid_body_array__struct.hpp
[0.289s] -- Up-to-date: /home/pietro/Scrivania/TESI/ROS2/MoCap/Ros2MoCap/install/mocap_interfaces/include/mocap_interfaces/msg/rigid_body.hpp
[0.289s] -- Up-to-date: /home/pietro/Scrivania/TESI/ROS2/MoCap/Ros2MoCap/install/mocap_interfaces/include/mocap_interfaces/msg/rigid_body_array.hpp
[0.289s] -- Up-to-date: /home/pietro/Scrivania/TESI/ROS2/MoCap/Ros2MoCap/install/mocap_interfaces/include/mocap_interfaces
[0.289s] -- Up-to-date: /home/pietro/Scrivania/TESI/ROS2/MoCap/Ros2MoCap/install/mocap_interfaces/include/mocap_interfaces/msg
[0.289s] -- Up-to-date: /home/pietro/Scrivania/TESI/ROS2/MoCap/Ros2MoCap/install/mocap_interfaces/include/mocap_interfaces/msg/detail
[0.290s] -- Up-to-date: /home/pietro/Scrivania/TESI/ROS2/MoCap/Ros2MoCap/install/mocap_interfaces/include/mocap_interfaces/msg/detail/rigid_body__type_support.cpp
[0.290s] -- Up-to-date: /home/pietro/Scrivania/TESI/ROS2/MoCap/Ros2MoCap/install/mocap_interfaces/include/mocap_interfaces/msg/detail/rigid_body_array__type_support.cpp
[0.290s] -- Up-to-date: /home/pietro/Scrivania/TESI/ROS2/MoCap/Ros2MoCap/install/mocap_interfaces/include/mocap_interfaces/msg/detail/rigid_body__rosidl_typesupport_introspection_cpp.hpp
[0.290s] -- Up-to-date: /home/pietro/Scrivania/TESI/ROS2/MoCap/Ros2MoCap/install/mocap_interfaces/include/mocap_interfaces/msg/detail/rigid_body_array__rosidl_typesupport_introspection_cpp.hpp
[0.290s] -- Up-to-date: /home/pietro/Scrivania/TESI/ROS2/MoCap/Ros2MoCap/install/mocap_interfaces/lib/libmocap_interfaces__rosidl_typesupport_introspection_cpp.so
[0.290s] -- Up-to-date: /home/pietro/Scrivania/TESI/ROS2/MoCap/Ros2MoCap/install/mocap_interfaces/lib/libmocap_interfaces__rosidl_typesupport_cpp.so
[0.290s] -- Up-to-date: /home/pietro/Scrivania/TESI/ROS2/MoCap/Ros2MoCap/install/mocap_interfaces/share/mocap_interfaces/environment/pythonpath.sh
[0.290s] -- Up-to-date: /home/pietro/Scrivania/TESI/ROS2/MoCap/Ros2MoCap/install/mocap_interfaces/share/mocap_interfaces/environment/pythonpath.dsv
[0.291s] -- Up-to-date: /home/pietro/Scrivania/TESI/ROS2/MoCap/Ros2MoCap/install/mocap_interfaces/lib/python3.8/site-packages/mocap_interfaces/__init__.py
[0.315s] -- Up-to-date: /home/pietro/Scrivania/TESI/ROS2/MoCap/Ros2MoCap/install/mocap_interfaces/lib/python3.8/site-packages/mocap_interfaces/msg
[0.316s] -- Up-to-date: /home/pietro/Scrivania/TESI/ROS2/MoCap/Ros2MoCap/install/mocap_interfaces/lib/python3.8/site-packages/mocap_interfaces/msg/_rigid_body_s.c
[0.316s] -- Up-to-date: /home/pietro/Scrivania/TESI/ROS2/MoCap/Ros2MoCap/install/mocap_interfaces/lib/python3.8/site-packages/mocap_interfaces/msg/_rigid_body.py
[0.316s] -- Up-to-date: /home/pietro/Scrivania/TESI/ROS2/MoCap/Ros2MoCap/install/mocap_interfaces/lib/python3.8/site-packages/mocap_interfaces/msg/__init__.py
[0.316s] -- Up-to-date: /home/pietro/Scrivania/TESI/ROS2/MoCap/Ros2MoCap/install/mocap_interfaces/lib/python3.8/site-packages/mocap_interfaces/msg/_rigid_body_array_s.c
[0.316s] -- Up-to-date: /home/pietro/Scrivania/TESI/ROS2/MoCap/Ros2MoCap/install/mocap_interfaces/lib/python3.8/site-packages/mocap_interfaces/msg/_rigid_body_array.py
[0.316s] -- Up-to-date: /home/pietro/Scrivania/TESI/ROS2/MoCap/Ros2MoCap/install/mocap_interfaces/lib/python3.8/site-packages/mocap_interfaces/mocap_interfaces_s__rosidl_typesupport_fastrtps_c.cpython-38-x86_64-linux-gnu.so
[0.316s] -- Up-to-date: /home/pietro/Scrivania/TESI/ROS2/MoCap/Ros2MoCap/install/mocap_interfaces/lib/python3.8/site-packages/mocap_interfaces/mocap_interfaces_s__rosidl_typesupport_introspection_c.cpython-38-x86_64-linux-gnu.so
[0.317s] -- Up-to-date: /home/pietro/Scrivania/TESI/ROS2/MoCap/Ros2MoCap/install/mocap_interfaces/lib/python3.8/site-packages/mocap_interfaces/mocap_interfaces_s__rosidl_typesupport_c.cpython-38-x86_64-linux-gnu.so
[0.318s] -- Up-to-date: /home/pietro/Scrivania/TESI/ROS2/MoCap/Ros2MoCap/install/mocap_interfaces/lib/libmocap_interfaces__python.so
[0.318s] -- Up-to-date: /home/pietro/Scrivania/TESI/ROS2/MoCap/Ros2MoCap/install/mocap_interfaces/share/mocap_interfaces/msg/RigidBody.idl
[0.318s] -- Up-to-date: /home/pietro/Scrivania/TESI/ROS2/MoCap/Ros2MoCap/install/mocap_interfaces/share/mocap_interfaces/msg/RigidBodyArray.idl
[0.318s] -- Up-to-date: /home/pietro/Scrivania/TESI/ROS2/MoCap/Ros2MoCap/install/mocap_interfaces/share/mocap_interfaces/msg/RigidBody.msg
[0.318s] -- Up-to-date: /home/pietro/Scrivania/TESI/ROS2/MoCap/Ros2MoCap/install/mocap_interfaces/share/mocap_interfaces/msg/RigidBodyArray.msg
[0.318s] -- Up-to-date: /home/pietro/Scrivania/TESI/ROS2/MoCap/Ros2MoCap/install/mocap_interfaces/share/ament_index/resource_index/package_run_dependencies/mocap_interfaces
[0.319s] -- Up-to-date: /home/pietro/Scrivania/TESI/ROS2/MoCap/Ros2MoCap/install/mocap_interfaces/share/ament_index/resource_index/parent_prefix_path/mocap_interfaces
[0.319s] -- Up-to-date: /home/pietro/Scrivania/TESI/ROS2/MoCap/Ros2MoCap/install/mocap_interfaces/share/mocap_interfaces/environment/ament_prefix_path.sh
[0.319s] -- Up-to-date: /home/pietro/Scrivania/TESI/ROS2/MoCap/Ros2MoCap/install/mocap_interfaces/share/mocap_interfaces/environment/ament_prefix_path.dsv
[0.319s] -- Up-to-date: /home/pietro/Scrivania/TESI/ROS2/MoCap/Ros2MoCap/install/mocap_interfaces/share/mocap_interfaces/environment/path.sh
[0.319s] -- Up-to-date: /home/pietro/Scrivania/TESI/ROS2/MoCap/Ros2MoCap/install/mocap_interfaces/share/mocap_interfaces/environment/path.dsv
[0.319s] -- Up-to-date: /home/pietro/Scrivania/TESI/ROS2/MoCap/Ros2MoCap/install/mocap_interfaces/share/mocap_interfaces/local_setup.bash
[0.319s] -- Up-to-date: /home/pietro/Scrivania/TESI/ROS2/MoCap/Ros2MoCap/install/mocap_interfaces/share/mocap_interfaces/local_setup.sh
[0.320s] -- Up-to-date: /home/pietro/Scrivania/TESI/ROS2/MoCap/Ros2MoCap/install/mocap_interfaces/share/mocap_interfaces/local_setup.zsh
[0.320s] -- Up-to-date: /home/pietro/Scrivania/TESI/ROS2/MoCap/Ros2MoCap/install/mocap_interfaces/share/mocap_interfaces/local_setup.dsv
[0.320s] -- Installing: /home/pietro/Scrivania/TESI/ROS2/MoCap/Ros2MoCap/install/mocap_interfaces/share/mocap_interfaces/package.dsv
[0.320s] -- Up-to-date: /home/pietro/Scrivania/TESI/ROS2/MoCap/Ros2MoCap/install/mocap_interfaces/share/ament_index/resource_index/packages/mocap_interfaces
[0.320s] -- Up-to-date: /home/pietro/Scrivania/TESI/ROS2/MoCap/Ros2MoCap/install/mocap_interfaces/share/mocap_interfaces/cmake/mocap_interfaces__rosidl_generator_cExport.cmake
[0.320s] -- Up-to-date: /home/pietro/Scrivania/TESI/ROS2/MoCap/Ros2MoCap/install/mocap_interfaces/share/mocap_interfaces/cmake/mocap_interfaces__rosidl_generator_cExport-noconfig.cmake
[0.321s] -- Up-to-date: /home/pietro/Scrivania/TESI/ROS2/MoCap/Ros2MoCap/install/mocap_interfaces/share/mocap_interfaces/cmake/mocap_interfaces__rosidl_typesupport_introspection_cExport.cmake
[0.321s] -- Up-to-date: /home/pietro/Scrivania/TESI/ROS2/MoCap/Ros2MoCap/install/mocap_interfaces/share/mocap_interfaces/cmake/mocap_interfaces__rosidl_typesupport_introspection_cExport-noconfig.cmake
[0.321s] -- Up-to-date: /home/pietro/Scrivania/TESI/ROS2/MoCap/Ros2MoCap/install/mocap_interfaces/share/mocap_interfaces/cmake/mocap_interfaces__rosidl_typesupport_cExport.cmake
[0.321s] -- Up-to-date: /home/pietro/Scrivania/TESI/ROS2/MoCap/Ros2MoCap/install/mocap_interfaces/share/mocap_interfaces/cmake/mocap_interfaces__rosidl_typesupport_cExport-noconfig.cmake
[0.321s] -- Up-to-date: /home/pietro/Scrivania/TESI/ROS2/MoCap/Ros2MoCap/install/mocap_interfaces/share/mocap_interfaces/cmake/mocap_interfaces__rosidl_generator_cppExport.cmake
[0.321s] -- Up-to-date: /home/pietro/Scrivania/TESI/ROS2/MoCap/Ros2MoCap/install/mocap_interfaces/share/mocap_interfaces/cmake/mocap_interfaces__rosidl_typesupport_introspection_cppExport.cmake
[0.321s] -- Up-to-date: /home/pietro/Scrivania/TESI/ROS2/MoCap/Ros2MoCap/install/mocap_interfaces/share/mocap_interfaces/cmake/mocap_interfaces__rosidl_typesupport_introspection_cppExport-noconfig.cmake
[0.321s] -- Up-to-date: /home/pietro/Scrivania/TESI/ROS2/MoCap/Ros2MoCap/install/mocap_interfaces/share/mocap_interfaces/cmake/mocap_interfaces__rosidl_typesupport_cppExport.cmake
[0.322s] -- Up-to-date: /home/pietro/Scrivania/TESI/ROS2/MoCap/Ros2MoCap/install/mocap_interfaces/share/mocap_interfaces/cmake/mocap_interfaces__rosidl_typesupport_cppExport-noconfig.cmake
[0.322s] -- Up-to-date: /home/pietro/Scrivania/TESI/ROS2/MoCap/Ros2MoCap/install/mocap_interfaces/share/mocap_interfaces/cmake/rosidl_cmake-extras.cmake
[0.322s] -- Up-to-date: /home/pietro/Scrivania/TESI/ROS2/MoCap/Ros2MoCap/install/mocap_interfaces/share/mocap_interfaces/cmake/ament_cmake_export_dependencies-extras.cmake
[0.322s] -- Up-to-date: /home/pietro/Scrivania/TESI/ROS2/MoCap/Ros2MoCap/install/mocap_interfaces/share/mocap_interfaces/cmake/ament_cmake_export_libraries-extras.cmake
[0.322s] -- Up-to-date: /home/pietro/Scrivania/TESI/ROS2/MoCap/Ros2MoCap/install/mocap_interfaces/share/mocap_interfaces/cmake/ament_cmake_export_targets-extras.cmake
[0.322s] -- Up-to-date: /home/pietro/Scrivania/TESI/ROS2/MoCap/Ros2MoCap/install/mocap_interfaces/share/mocap_interfaces/cmake/ament_cmake_export_include_directories-extras.cmake
[0.322s] -- Up-to-date: /home/pietro/Scrivania/TESI/ROS2/MoCap/Ros2MoCap/install/mocap_interfaces/share/mocap_interfaces/cmake/rosidl_cmake_export_typesupport_libraries-extras.cmake
[0.322s] -- Up-to-date: /home/pietro/Scrivania/TESI/ROS2/MoCap/Ros2MoCap/install/mocap_interfaces/share/mocap_interfaces/cmake/rosidl_cmake_export_typesupport_targets-extras.cmake
[0.322s] -- Up-to-date: /home/pietro/Scrivania/TESI/ROS2/MoCap/Ros2MoCap/install/mocap_interfaces/share/mocap_interfaces/cmake/mocap_interfacesConfig.cmake
[0.322s] -- Up-to-date: /home/pietro/Scrivania/TESI/ROS2/MoCap/Ros2MoCap/install/mocap_interfaces/share/mocap_interfaces/cmake/mocap_interfacesConfig-version.cmake
[0.322s] -- Up-to-date: /home/pietro/Scrivania/TESI/ROS2/MoCap/Ros2MoCap/install/mocap_interfaces/share/mocap_interfaces/package.xml
[0.325s] Invoked command in '/home/pietro/Scrivania/TESI/ROS2/MoCap/Ros2MoCap/build/mocap_interfaces' returned '0': CMAKE_PREFIX_PATH=/opt/ros/foxy /usr/bin/cmake --install /home/pietro/Scrivania/TESI/ROS2/MoCap/Ros2MoCap/build/mocap_interfaces
