[0.020s] Invoking command in '/home/pietro/Scrivania/TESI/ROS2/MoCap/Ros2MoCap/build/world_to_base': AMENT_PREFIX_PATH=/home/pietro/Scrivania/TESI/ROS2/MoCap/Ros2MoCap/install/mocap_interfaces:${AMENT_PREFIX_PATH} CMAKE_PREFIX_PATH=/home/pietro/Scrivania/TESI/ROS2/MoCap/Ros2MoCap/install/mocap_interfaces:/opt/ros/foxy LD_LIBRARY_PATH=/home/pietro/Scrivania/TESI/ROS2/MoCap/Ros2MoCap/install/mocap_interfaces/lib:${LD_LIBRARY_PATH} PYTHONPATH=/home/pietro/Scrivania/TESI/ROS2/MoCap/Ros2MoCap/install/mocap_interfaces/lib/python3.8/site-packages:${PYTHONPATH} /usr/bin/cmake --build /home/pietro/Scrivania/TESI/ROS2/MoCap/Ros2MoCap/build/world_to_base -- -j8 -l8
[0.056s] [35m[1mScanning dependencies of target world_to_base[0m
[0.088s] [ 50%] [32mBuilding CXX object CMakeFiles/world_to_base.dir/src/WorldToBase.cpp.o[0m
[1.072s] [01m[K/home/pietro/Scrivania/TESI/ROS2/MoCap/Ros2MoCap/src/world_to_base/src/WorldToBase.cpp:[m[K In member function ‘[01m[Kvoid WorldToBase::rigid_body_topic_callback(mocap_interfaces::msg::RigidBodyArray_<std::allocator<void> >::SharedPtr) const[m[K’:
[1.072s] [01m[K/home/pietro/Scrivania/TESI/ROS2/MoCap/Ros2MoCap/src/world_to_base/src/WorldToBase.cpp:15:20:[m[K [01;31m[Kerror: [m[Kexpected ‘[01m[K;[m[K’ before ‘[01m[K<[m[K’ token
[1.072s]    15 |   for (int i = 0, i[01;31m[K [m[K[32m[K<[m[K msg->rigid_bodies->size(), i++)
[1.073s]       |                    [01;31m[K^[m[K[32m[K~[m[K
[1.073s]       |                    [32m[K;[m[K
[1.073s] [01m[K/home/pietro/Scrivania/TESI/ROS2/MoCap/Ros2MoCap/src/world_to_base/src/WorldToBase.cpp:15:21:[m[K [01;31m[Kerror: [m[Kexpected primary-expression before ‘[01m[K<[m[K’ token
[1.073s]    15 |   for (int i = 0, i [01;31m[K<[m[K msg->rigid_bodies->size(), i++)
[1.073s]       |                     [01;31m[K^[m[K
[1.073s] [01m[K/home/pietro/Scrivania/TESI/ROS2/MoCap/Ros2MoCap/src/world_to_base/src/WorldToBase.cpp:15:40:[m[K [01;31m[Kerror: [m[Kbase operand of ‘[01m[K->[m[K’ has non-pointer type ‘[01m[Kmocap_interfaces::msg::RigidBodyArray_<std::allocator<void> >::_rigid_bodies_type[m[K’ {aka ‘[01m[Kstd::vector<mocap_interfaces::msg::RigidBody_<std::allocator<void> >, std::allocator<mocap_interfaces::msg::RigidBody_<std::allocator<void> > > >[m[K’}
[1.073s]    15 |   for (int i = 0, i < msg->rigid_bodies[01;31m[K->[m[Ksize(), i++)
[1.073s]       |                                        [01;31m[K^~[m[K
[1.073s] [01m[K/home/pietro/Scrivania/TESI/ROS2/MoCap/Ros2MoCap/src/world_to_base/src/WorldToBase.cpp:15:53:[m[K [01;31m[Kerror: [m[Kexpected ‘[01m[K;[m[K’ before ‘[01m[K)[m[K’ token
[1.074s]    15 |   for (int i = 0, i < msg->rigid_bodies->size(), i++[01;31m[K)[m[K
[1.074s]       |                                                     [01;31m[K^[m[K
[1.074s]       |                                                     [32m[K;[m[K
[2.151s] make[2]: *** [CMakeFiles/world_to_base.dir/build.make:63: CMakeFiles/world_to_base.dir/src/WorldToBase.cpp.o] Error 1
[2.151s] make[1]: *** [CMakeFiles/Makefile2:78: CMakeFiles/world_to_base.dir/all] Error 2
[2.151s] make: *** [Makefile:141: all] Error 2
[2.153s] Invoked command in '/home/pietro/Scrivania/TESI/ROS2/MoCap/Ros2MoCap/build/world_to_base' returned '2': AMENT_PREFIX_PATH=/home/pietro/Scrivania/TESI/ROS2/MoCap/Ros2MoCap/install/mocap_interfaces:${AMENT_PREFIX_PATH} CMAKE_PREFIX_PATH=/home/pietro/Scrivania/TESI/ROS2/MoCap/Ros2MoCap/install/mocap_interfaces:/opt/ros/foxy LD_LIBRARY_PATH=/home/pietro/Scrivania/TESI/ROS2/MoCap/Ros2MoCap/install/mocap_interfaces/lib:${LD_LIBRARY_PATH} PYTHONPATH=/home/pietro/Scrivania/TESI/ROS2/MoCap/Ros2MoCap/install/mocap_interfaces/lib/python3.8/site-packages:${PYTHONPATH} /usr/bin/cmake --build /home/pietro/Scrivania/TESI/ROS2/MoCap/Ros2MoCap/build/world_to_base -- -j8 -l8
