[0.012s] Invoking command in '/home/pietro/Scrivania/TESI/ROS2/MoCap/Ros2MoCap/build/mocap': CMAKE_PREFIX_PATH=/opt/ros/foxy /usr/bin/cmake --build /home/pietro/Scrivania/TESI/ROS2/MoCap/Ros2MoCap/build/mocap -- -j8 -l8
[0.041s] [35m[1mScanning dependencies of target mocap[0m
[0.050s] [ 66%] [32mBuilding CXX object CMakeFiles/mocap.dir/src/MoCap.cpp.o[0m
[0.050s] [ 66%] [32mBuilding CXX object CMakeFiles/mocap.dir/src/MoCapNatNetClient.cpp.o[0m
[0.207s] [01m[K/home/pietro/Scrivania/TESI/ROS2/MoCap/Ros2MoCap/src/mocap/src/MoCap.cpp:[m[K In member function ‘[01m[Kvoid MoCap::sendRigidBodyMessage(float, bool, float, float, float, float, float, float, float, float)[m[K’:
[0.207s] [01m[K/home/pietro/Scrivania/TESI/ROS2/MoCap/Ros2MoCap/src/mocap/src/MoCap.cpp:16:40:[m[K [01;35m[Kwarning: [m[Kunused parameter ‘[01m[KID[m[K’ [[01;35m[K-Wunused-parameter[m[K]
[0.207s]    16 | void MoCap::sendRigidBodyMessage([01;35m[Kfloat ID[m[K, bool bTrackingValid, float meanError, float x, float y, float z, float qx, float qy, float qz, float qw)
[0.208s]       |                                  [01;35m[K~~~~~~^~[m[K
[0.208s] [01m[K/home/pietro/Scrivania/TESI/ROS2/MoCap/Ros2MoCap/src/mocap/src/MoCap.cpp:16:49:[m[K [01;35m[Kwarning: [m[Kunused parameter ‘[01m[KbTrackingValid[m[K’ [[01;35m[K-Wunused-parameter[m[K]
[0.208s]    16 | void MoCap::sendRigidBodyMessage(float ID, [01;35m[Kbool bTrackingValid[m[K, float meanError, float x, float y, float z, float qx, float qy, float qz, float qw)
[0.208s]       |                                            [01;35m[K~~~~~^~~~~~~~~~~~~~[m[K
[0.208s] [01m[K/home/pietro/Scrivania/TESI/ROS2/MoCap/Ros2MoCap/src/mocap/src/MoCap.cpp:16:71:[m[K [01;35m[Kwarning: [m[Kunused parameter ‘[01m[KmeanError[m[K’ [[01;35m[K-Wunused-parameter[m[K]
[0.208s]    16 | p::sendRigidBodyMessage(float ID, bool bTrackingValid, [01;35m[Kfloat meanError[m[K, float x, float y, float z, float qx, float qy, float qz, float qw)
[0.208s]       |                                                        [01;35m[K~~~~~~^~~~~~~~~[m[K
[0.208s] 
[0.208s] [01m[K/home/pietro/Scrivania/TESI/ROS2/MoCap/Ros2MoCap/src/mocap/src/MoCap.cpp:16:88:[m[K [01;35m[Kwarning: [m[Kunused parameter ‘[01m[Kx[m[K’ [[01;35m[K-Wunused-parameter[m[K]
[0.209s]    16 | essage(float ID, bool bTrackingValid, float meanError, [01;35m[Kfloat x[m[K, float y, float z, float qx, float qy, float qz, float qw)
[0.209s]       |                                                        [01;35m[K~~~~~~^[m[K
[0.209s] 
[0.209s] [01m[K/home/pietro/Scrivania/TESI/ROS2/MoCap/Ros2MoCap/src/mocap/src/MoCap.cpp:16:97:[m[K [01;35m[Kwarning: [m[Kunused parameter ‘[01m[Ky[m[K’ [[01;35m[K-Wunused-parameter[m[K]
[0.209s]    16 | oat ID, bool bTrackingValid, float meanError, float x, [01;35m[Kfloat y[m[K, float z, float qx, float qy, float qz, float qw)
[0.209s]       |                                                        [01;35m[K~~~~~~^[m[K
[0.209s] 
[0.210s] [01m[K/home/pietro/Scrivania/TESI/ROS2/MoCap/Ros2MoCap/src/mocap/src/MoCap.cpp:16:106:[m[K [01;35m[Kwarning: [m[Kunused parameter ‘[01m[Kz[m[K’ [[01;35m[K-Wunused-parameter[m[K]
[0.210s]    16 | ool bTrackingValid, float meanError, float x, float y, [01;35m[Kfloat z[m[K, float qx, float qy, float qz, float qw)
[0.210s]       |                                                        [01;35m[K~~~~~~^[m[K
[0.210s] 
[0.210s] [01m[K/home/pietro/Scrivania/TESI/ROS2/MoCap/Ros2MoCap/src/mocap/src/MoCap.cpp:16:115:[m[K [01;35m[Kwarning: [m[Kunused parameter ‘[01m[Kqx[m[K’ [[01;35m[K-Wunused-parameter[m[K]
[0.210s]    16 | kingValid, float meanError, float x, float y, float z, [01;35m[Kfloat qx[m[K, float qy, float qz, float qw)
[0.211s]       |                                                        [01;35m[K~~~~~~^~[m[K
[0.211s] 
[0.211s] [01m[K/home/pietro/Scrivania/TESI/ROS2/MoCap/Ros2MoCap/src/mocap/src/MoCap.cpp:16:125:[m[K [01;35m[Kwarning: [m[Kunused parameter ‘[01m[Kqy[m[K’ [[01;35m[K-Wunused-parameter[m[K]
[0.211s]    16 |  float meanError, float x, float y, float z, float qx, [01;35m[Kfloat qy[m[K, float qz, float qw)
[0.211s]       |                                                        [01;35m[K~~~~~~^~[m[K
[0.211s] 
[0.211s] [01m[K/home/pietro/Scrivania/TESI/ROS2/MoCap/Ros2MoCap/src/mocap/src/MoCap.cpp:16:135:[m[K [01;35m[Kwarning: [m[Kunused parameter ‘[01m[Kqz[m[K’ [[01;35m[K-Wunused-parameter[m[K]
[0.211s]    16 | t meanError, float x, float y, float z, float qx, float qy, [01;35m[Kfloat qz[m[K, float qw)
[0.211s]       |                                                             [01;35m[K~~~~~~^~[m[K
[0.212s] 
[0.212s] [01m[K/home/pietro/Scrivania/TESI/ROS2/MoCap/Ros2MoCap/src/mocap/src/MoCap.cpp:16:145:[m[K [01;35m[Kwarning: [m[Kunused parameter ‘[01m[Kqw[m[K’ [[01;35m[K-Wunused-parameter[m[K]
[0.212s]    16 | oat x, float y, float z, float qx, float qy, float qz, [01;35m[Kfloat qw[m[K)
[0.212s]       |                                                        [01;35m[K~~~~~~^~[m[K
[0.212s] 
[0.227s] [01m[K/home/pietro/Scrivania/TESI/ROS2/MoCap/Ros2MoCap/src/mocap/src/MoCapNatNetClient.cpp:[m[K In function ‘[01m[Kvoid dataFrameHandler(sFrameOfMocapData*, void*)[m[K’:
[0.227s] [01m[K/home/pietro/Scrivania/TESI/ROS2/MoCap/Ros2MoCap/src/mocap/src/MoCapNatNetClient.cpp:225:10:[m[K [01;35m[Kwarning: [m[Kvariable ‘[01m[KbOccluded[m[K’ set but not used [[01;35m[K-Wunused-but-set-variable[m[K]
[0.227s]   225 |     bool [01;35m[KbOccluded[m[K;     // marker was not visible (occluded) in this frame
[0.227s]       |          [01;35m[K^~~~~~~~~[m[K
[0.227s] [01m[K/home/pietro/Scrivania/TESI/ROS2/MoCap/Ros2MoCap/src/mocap/src/MoCapNatNetClient.cpp:226:10:[m[K [01;35m[Kwarning: [m[Kvariable ‘[01m[KbPCSolved[m[K’ set but not used [[01;35m[K-Wunused-but-set-variable[m[K]
[0.228s]   226 |     bool [01;35m[KbPCSolved[m[K;     // reported position provided by point cloud solve
[0.228s]       |          [01;35m[K^~~~~~~~~[m[K
[0.228s] [01m[K/home/pietro/Scrivania/TESI/ROS2/MoCap/Ros2MoCap/src/mocap/src/MoCapNatNetClient.cpp:227:10:[m[K [01;35m[Kwarning: [m[Kvariable ‘[01m[KbModelSolved[m[K’ set but not used [[01;35m[K-Wunused-but-set-variable[m[K]
[0.228s]   227 |     bool [01;35m[KbModelSolved[m[K;  // reported position provided by model solve
[0.228s]       |          [01;35m[K^~~~~~~~~~~~[m[K
[0.228s] [01m[K/home/pietro/Scrivania/TESI/ROS2/MoCap/Ros2MoCap/src/mocap/src/MoCapNatNetClient.cpp:228:10:[m[K [01;35m[Kwarning: [m[Kvariable ‘[01m[KbHasModel[m[K’ set but not used [[01;35m[K-Wunused-but-set-variable[m[K]
[0.228s]   228 |     bool [01;35m[KbHasModel[m[K;     // marker has an associated asset in the data stream
[0.228s]       |          [01;35m[K^~~~~~~~~[m[K
[0.359s] [100%] [32m[1mLinking CXX executable mocap[0m
[0.426s] [100%] Built target mocap
[0.435s] Invoked command in '/home/pietro/Scrivania/TESI/ROS2/MoCap/Ros2MoCap/build/mocap' returned '0': CMAKE_PREFIX_PATH=/opt/ros/foxy /usr/bin/cmake --build /home/pietro/Scrivania/TESI/ROS2/MoCap/Ros2MoCap/build/mocap -- -j8 -l8
[0.475s] Invoking command in '/home/pietro/Scrivania/TESI/ROS2/MoCap/Ros2MoCap/build/mocap': CMAKE_PREFIX_PATH=/opt/ros/foxy /usr/bin/cmake --install /home/pietro/Scrivania/TESI/ROS2/MoCap/Ros2MoCap/build/mocap
[0.485s] -- Install configuration: ""
[0.485s] -- Installing: /home/pietro/Scrivania/TESI/ROS2/MoCap/Ros2MoCap/install/mocap/lib/mocap/mocap
[0.486s] -- Set runtime path of "/home/pietro/Scrivania/TESI/ROS2/MoCap/Ros2MoCap/install/mocap/lib/mocap/mocap" to ""
[0.486s] -- Up-to-date: /home/pietro/Scrivania/TESI/ROS2/MoCap/Ros2MoCap/install/mocap/share/ament_index/resource_index/package_run_dependencies/mocap
[0.486s] -- Up-to-date: /home/pietro/Scrivania/TESI/ROS2/MoCap/Ros2MoCap/install/mocap/share/ament_index/resource_index/parent_prefix_path/mocap
[0.486s] -- Up-to-date: /home/pietro/Scrivania/TESI/ROS2/MoCap/Ros2MoCap/install/mocap/share/mocap/environment/ament_prefix_path.sh
[0.486s] -- Up-to-date: /home/pietro/Scrivania/TESI/ROS2/MoCap/Ros2MoCap/install/mocap/share/mocap/environment/ament_prefix_path.dsv
[0.486s] -- Up-to-date: /home/pietro/Scrivania/TESI/ROS2/MoCap/Ros2MoCap/install/mocap/share/mocap/environment/path.sh
[0.487s] -- Up-to-date: /home/pietro/Scrivania/TESI/ROS2/MoCap/Ros2MoCap/install/mocap/share/mocap/environment/path.dsv
[0.487s] -- Up-to-date: /home/pietro/Scrivania/TESI/ROS2/MoCap/Ros2MoCap/install/mocap/share/mocap/local_setup.bash
[0.487s] -- Up-to-date: /home/pietro/Scrivania/TESI/ROS2/MoCap/Ros2MoCap/install/mocap/share/mocap/local_setup.sh
[0.487s] -- Up-to-date: /home/pietro/Scrivania/TESI/ROS2/MoCap/Ros2MoCap/install/mocap/share/mocap/local_setup.zsh
[0.487s] -- Up-to-date: /home/pietro/Scrivania/TESI/ROS2/MoCap/Ros2MoCap/install/mocap/share/mocap/local_setup.dsv
[0.487s] -- Installing: /home/pietro/Scrivania/TESI/ROS2/MoCap/Ros2MoCap/install/mocap/share/mocap/package.dsv
[0.487s] -- Up-to-date: /home/pietro/Scrivania/TESI/ROS2/MoCap/Ros2MoCap/install/mocap/share/ament_index/resource_index/packages/mocap
[0.487s] -- Up-to-date: /home/pietro/Scrivania/TESI/ROS2/MoCap/Ros2MoCap/install/mocap/share/mocap/cmake/mocapConfig.cmake
[0.487s] -- Up-to-date: /home/pietro/Scrivania/TESI/ROS2/MoCap/Ros2MoCap/install/mocap/share/mocap/cmake/mocapConfig-version.cmake
[0.487s] -- Up-to-date: /home/pietro/Scrivania/TESI/ROS2/MoCap/Ros2MoCap/install/mocap/share/mocap/package.xml
[0.490s] Invoked command in '/home/pietro/Scrivania/TESI/ROS2/MoCap/Ros2MoCap/build/mocap' returned '0': CMAKE_PREFIX_PATH=/opt/ros/foxy /usr/bin/cmake --install /home/pietro/Scrivania/TESI/ROS2/MoCap/Ros2MoCap/build/mocap
