[0.014s] Invoking command in '/home/pietro/Scrivania/TESI/ROS2/MoCap/Ros2MoCap/build/mocap_pub': AMENT_PREFIX_PATH=/home/pietro/Scrivania/TESI/ROS2/MoCap/Ros2MoCap/install/mocap_interfaces:${AMENT_PREFIX_PATH} CMAKE_PREFIX_PATH=/home/pietro/Scrivania/TESI/ROS2/MoCap/Ros2MoCap/install/mocap_interfaces:/opt/ros/foxy LD_LIBRARY_PATH=/home/pietro/Scrivania/TESI/ROS2/MoCap/Ros2MoCap/install/mocap_interfaces/lib:${LD_LIBRARY_PATH} PYTHONPATH=/home/pietro/Scrivania/TESI/ROS2/MoCap/Ros2MoCap/install/mocap_interfaces/lib/python3.8/site-packages:${PYTHONPATH} /usr/bin/cmake --build /home/pietro/Scrivania/TESI/ROS2/MoCap/Ros2MoCap/build/mocap_pub -- -j8 -l8
[0.061s] [100%] Built target mocap_pub
[0.070s] Invoked command in '/home/pietro/Scrivania/TESI/ROS2/MoCap/Ros2MoCap/build/mocap_pub' returned '0': AMENT_PREFIX_PATH=/home/pietro/Scrivania/TESI/ROS2/MoCap/Ros2MoCap/install/mocap_interfaces:${AMENT_PREFIX_PATH} CMAKE_PREFIX_PATH=/home/pietro/Scrivania/TESI/ROS2/MoCap/Ros2MoCap/install/mocap_interfaces:/opt/ros/foxy LD_LIBRARY_PATH=/home/pietro/Scrivania/TESI/ROS2/MoCap/Ros2MoCap/install/mocap_interfaces/lib:${LD_LIBRARY_PATH} PYTHONPATH=/home/pietro/Scrivania/TESI/ROS2/MoCap/Ros2MoCap/install/mocap_interfaces/lib/python3.8/site-packages:${PYTHONPATH} /usr/bin/cmake --build /home/pietro/Scrivania/TESI/ROS2/MoCap/Ros2MoCap/build/mocap_pub -- -j8 -l8
[0.099s] Invoking command in '/home/pietro/Scrivania/TESI/ROS2/MoCap/Ros2MoCap/build/mocap_pub': AMENT_PREFIX_PATH=/home/pietro/Scrivania/TESI/ROS2/MoCap/Ros2MoCap/install/mocap_interfaces:${AMENT_PREFIX_PATH} CMAKE_PREFIX_PATH=/home/pietro/Scrivania/TESI/ROS2/MoCap/Ros2MoCap/install/mocap_interfaces:/opt/ros/foxy LD_LIBRARY_PATH=/home/pietro/Scrivania/TESI/ROS2/MoCap/Ros2MoCap/install/mocap_interfaces/lib:${LD_LIBRARY_PATH} PYTHONPATH=/home/pietro/Scrivania/TESI/ROS2/MoCap/Ros2MoCap/install/mocap_interfaces/lib/python3.8/site-packages:${PYTHONPATH} /usr/bin/cmake --install /home/pietro/Scrivania/TESI/ROS2/MoCap/Ros2MoCap/build/mocap_pub
[0.105s] -- Install configuration: ""
[0.105s] -- Up-to-date: /home/pietro/Scrivania/TESI/ROS2/MoCap/Ros2MoCap/install/mocap_pub/lib/mocap_pub/mocap_pub
[0.105s] -- Up-to-date: /home/pietro/Scrivania/TESI/ROS2/MoCap/Ros2MoCap/install/mocap_pub/share/ament_index/resource_index/package_run_dependencies/mocap_pub
[0.105s] -- Up-to-date: /home/pietro/Scrivania/TESI/ROS2/MoCap/Ros2MoCap/install/mocap_pub/share/ament_index/resource_index/parent_prefix_path/mocap_pub
[0.106s] -- Up-to-date: /home/pietro/Scrivania/TESI/ROS2/MoCap/Ros2MoCap/install/mocap_pub/share/mocap_pub/environment/ament_prefix_path.sh
[0.106s] -- Up-to-date: /home/pietro/Scrivania/TESI/ROS2/MoCap/Ros2MoCap/install/mocap_pub/share/mocap_pub/environment/ament_prefix_path.dsv
[0.106s] -- Up-to-date: /home/pietro/Scrivania/TESI/ROS2/MoCap/Ros2MoCap/install/mocap_pub/share/mocap_pub/environment/path.sh
[0.106s] -- Up-to-date: /home/pietro/Scrivania/TESI/ROS2/MoCap/Ros2MoCap/install/mocap_pub/share/mocap_pub/environment/path.dsv
[0.106s] -- Up-to-date: /home/pietro/Scrivania/TESI/ROS2/MoCap/Ros2MoCap/install/mocap_pub/share/mocap_pub/local_setup.bash
[0.106s] -- Up-to-date: /home/pietro/Scrivania/TESI/ROS2/MoCap/Ros2MoCap/install/mocap_pub/share/mocap_pub/local_setup.sh
[0.106s] -- Up-to-date: /home/pietro/Scrivania/TESI/ROS2/MoCap/Ros2MoCap/install/mocap_pub/share/mocap_pub/local_setup.zsh
[0.106s] -- Up-to-date: /home/pietro/Scrivania/TESI/ROS2/MoCap/Ros2MoCap/install/mocap_pub/share/mocap_pub/local_setup.dsv
[0.106s] -- Installing: /home/pietro/Scrivania/TESI/ROS2/MoCap/Ros2MoCap/install/mocap_pub/share/mocap_pub/package.dsv
[0.106s] -- Up-to-date: /home/pietro/Scrivania/TESI/ROS2/MoCap/Ros2MoCap/install/mocap_pub/share/ament_index/resource_index/packages/mocap_pub
[0.106s] -- Up-to-date: /home/pietro/Scrivania/TESI/ROS2/MoCap/Ros2MoCap/install/mocap_pub/share/mocap_pub/cmake/mocap_pubConfig.cmake
[0.106s] -- Up-to-date: /home/pietro/Scrivania/TESI/ROS2/MoCap/Ros2MoCap/install/mocap_pub/share/mocap_pub/cmake/mocap_pubConfig-version.cmake
[0.106s] -- Up-to-date: /home/pietro/Scrivania/TESI/ROS2/MoCap/Ros2MoCap/install/mocap_pub/share/mocap_pub/package.xml
[0.108s] Invoked command in '/home/pietro/Scrivania/TESI/ROS2/MoCap/Ros2MoCap/build/mocap_pub' returned '0': AMENT_PREFIX_PATH=/home/pietro/Scrivania/TESI/ROS2/MoCap/Ros2MoCap/install/mocap_interfaces:${AMENT_PREFIX_PATH} CMAKE_PREFIX_PATH=/home/pietro/Scrivania/TESI/ROS2/MoCap/Ros2MoCap/install/mocap_interfaces:/opt/ros/foxy LD_LIBRARY_PATH=/home/pietro/Scrivania/TESI/ROS2/MoCap/Ros2MoCap/install/mocap_interfaces/lib:${LD_LIBRARY_PATH} PYTHONPATH=/home/pietro/Scrivania/TESI/ROS2/MoCap/Ros2MoCap/install/mocap_interfaces/lib/python3.8/site-packages:${PYTHONPATH} /usr/bin/cmake --install /home/pietro/Scrivania/TESI/ROS2/MoCap/Ros2MoCap/build/mocap_pub
