[0.012s] Invoking command in '/home/pietro/Scrivania/TESI/ROS2/MoCap/Ros2MoCap/build/mocap': CMAKE_PREFIX_PATH=/opt/ros/foxy /usr/bin/cmake --build /home/pietro/Scrivania/TESI/ROS2/MoCap/Ros2MoCap/build/mocap -- -j8 -l8
[0.042s] [35m[1mScanning dependencies of target mocap[0m
[0.050s] [ 66%] [32mBuilding CXX object CMakeFiles/mocap.dir/src/MoCap.cpp.o[0m
[0.051s] [ 66%] [32mBuilding CXX object CMakeFiles/mocap.dir/src/MoCapNatNetClient.cpp.o[0m
[0.224s] [01m[K/home/pietro/Scrivania/TESI/ROS2/MoCap/Ros2MoCap/src/mocap/src/MoCapNatNetClient.cpp:[m[K In function ‘[01m[Kvoid dataFrameHandler(sFrameOfMocapData*, void*)[m[K’:
[0.224s] [01m[K/home/pietro/Scrivania/TESI/ROS2/MoCap/Ros2MoCap/src/mocap/src/MoCapNatNetClient.cpp:228:10:[m[K [01;35m[Kwarning: [m[Kvariable ‘[01m[KbOccluded[m[K’ set but not used [[01;35m[K-Wunused-but-set-variable[m[K]
[0.224s]   228 |     bool [01;35m[KbOccluded[m[K;     // marker was not visible (occluded) in this frame
[0.224s]       |          [01;35m[K^~~~~~~~~[m[K
[0.225s] [01m[K/home/pietro/Scrivania/TESI/ROS2/MoCap/Ros2MoCap/src/mocap/src/MoCapNatNetClient.cpp:229:10:[m[K [01;35m[Kwarning: [m[Kvariable ‘[01m[KbPCSolved[m[K’ set but not used [[01;35m[K-Wunused-but-set-variable[m[K]
[0.225s]   229 |     bool [01;35m[KbPCSolved[m[K;     // reported position provided by point cloud solve
[0.225s]       |          [01;35m[K^~~~~~~~~[m[K
[0.225s] [01m[K/home/pietro/Scrivania/TESI/ROS2/MoCap/Ros2MoCap/src/mocap/src/MoCapNatNetClient.cpp:230:10:[m[K [01;35m[Kwarning: [m[Kvariable ‘[01m[KbModelSolved[m[K’ set but not used [[01;35m[K-Wunused-but-set-variable[m[K]
[0.225s]   230 |     bool [01;35m[KbModelSolved[m[K;  // reported position provided by model solve
[0.225s]       |          [01;35m[K^~~~~~~~~~~~[m[K
[0.225s] [01m[K/home/pietro/Scrivania/TESI/ROS2/MoCap/Ros2MoCap/src/mocap/src/MoCapNatNetClient.cpp:231:10:[m[K [01;35m[Kwarning: [m[Kvariable ‘[01m[KbHasModel[m[K’ set but not used [[01;35m[K-Wunused-but-set-variable[m[K]
[0.225s]   231 |     bool [01;35m[KbHasModel[m[K;     // marker has an associated asset in the data stream
[0.225s]       |          [01;35m[K^~~~~~~~~[m[K
[0.244s] [01m[K/home/pietro/Scrivania/TESI/ROS2/MoCap/Ros2MoCap/src/mocap/src/MoCap.cpp:[m[K In member function ‘[01m[Kvoid MoCap::sendRigidBodyMessage(std::vector<int>&, std::vector<bool>&, std::vector<float>&, std::vector<float>&, std::vector<float>&, std::vector<float>&, std::vector<float>&, std::vector<float>&, std::vector<float>&, std::vector<float>&)[m[K’:
[0.244s] [01m[K/home/pietro/Scrivania/TESI/ROS2/MoCap/Ros2MoCap/src/mocap/src/MoCap.cpp:23:39:[m[K [01;35m[Kwarning: [m[Kformat ‘[01m[K%d[m[K’ expects argument of type ‘[01m[Kint[m[K’, but argument 2 has type ‘[01m[Kstd::vector<int>::size_type[m[K’ {aka ‘[01m[Klong unsigned int[m[K’} [[01;35m[K-Wformat=[m[K]
[0.244s]    23 |   printf("Sending message containing [01;35m[K%d[m[K Rigid Bodies.", [32m[KID.size()[m[K);
[0.244s]       |                                      [01;35m[K~^[m[K                 [32m[K~~~~~~~~~[m[K
[0.244s]       |                                       [01;35m[K|[m[K                        [32m[K|[m[K
[0.244s]       |                                       [01;35m[Kint[m[K                      [32m[Kstd::vector<int>::size_type {aka long unsigned int}[m[K
[0.244s]       |                                      [32m[K%ld[m[K
[0.244s] [01m[K/home/pietro/Scrivania/TESI/ROS2/MoCap/Ros2MoCap/src/mocap/src/MoCap.cpp:25:18:[m[K [01;35m[Kwarning: [m[Kcomparison of integer expressions of different signedness: ‘[01m[Kint[m[K’ and ‘[01m[Kstd::vector<int>::size_type[m[K’ {aka ‘[01m[Klong unsigned int[m[K’} [[01;35m[K-Wsign-compare[m[K]
[0.244s]    25 |   for(int i=0; [01;35m[Ki < ID.size()[m[K; i++)
[0.244s]       |                [01;35m[K~~^~~~~~~~~~~[m[K
[0.248s] [01m[K/home/pietro/Scrivania/TESI/ROS2/MoCap/Ros2MoCap/src/mocap/src/MoCap.cpp:27:52:[m[K [01;35m[Kwarning: [m[Kformat ‘[01m[K%d[m[K’ expects argument of type ‘[01m[Kint[m[K’, but argument 4 has type ‘[01m[Kstd::vector<bool>::reference[m[K’ {aka ‘[01m[Kstd::_Bit_reference[m[K’} [[01;35m[K-Wformat=[m[K]
[0.248s]    27 |     printf("Rigid Body [ID=%d  Error=%3.2f  Valid=[01;35m[K%d[m[K]\n", ID[i], meanError[i], [32m[KbTrackingValid[i][m[K);
[0.248s]       |                                                   [01;35m[K~^[m[K                           [32m[K~~~~~~~~~~~~~~~~~[m[K
[0.248s]       |                                                    [01;35m[K|[m[K                                           [32m[K|[m[K
[0.248s]       |                                                    [01;35m[Kint[m[K                                         [32m[Kstd::vector<bool>::reference {aka std::_Bit_reference}[m[K
[0.399s] [100%] [32m[1mLinking CXX executable mocap[0m
[0.467s] [100%] Built target mocap
[0.476s] Invoked command in '/home/pietro/Scrivania/TESI/ROS2/MoCap/Ros2MoCap/build/mocap' returned '0': CMAKE_PREFIX_PATH=/opt/ros/foxy /usr/bin/cmake --build /home/pietro/Scrivania/TESI/ROS2/MoCap/Ros2MoCap/build/mocap -- -j8 -l8
[0.509s] Invoking command in '/home/pietro/Scrivania/TESI/ROS2/MoCap/Ros2MoCap/build/mocap': CMAKE_PREFIX_PATH=/opt/ros/foxy /usr/bin/cmake --install /home/pietro/Scrivania/TESI/ROS2/MoCap/Ros2MoCap/build/mocap
[0.516s] -- Install configuration: ""
[0.516s] -- Installing: /home/pietro/Scrivania/TESI/ROS2/MoCap/Ros2MoCap/install/mocap/lib/mocap/mocap
[0.516s] -- Set runtime path of "/home/pietro/Scrivania/TESI/ROS2/MoCap/Ros2MoCap/install/mocap/lib/mocap/mocap" to ""
[0.516s] -- Up-to-date: /home/pietro/Scrivania/TESI/ROS2/MoCap/Ros2MoCap/install/mocap/share/ament_index/resource_index/package_run_dependencies/mocap
[0.517s] -- Up-to-date: /home/pietro/Scrivania/TESI/ROS2/MoCap/Ros2MoCap/install/mocap/share/ament_index/resource_index/parent_prefix_path/mocap
[0.517s] -- Up-to-date: /home/pietro/Scrivania/TESI/ROS2/MoCap/Ros2MoCap/install/mocap/share/mocap/environment/ament_prefix_path.sh
[0.517s] -- Up-to-date: /home/pietro/Scrivania/TESI/ROS2/MoCap/Ros2MoCap/install/mocap/share/mocap/environment/ament_prefix_path.dsv
[0.517s] -- Up-to-date: /home/pietro/Scrivania/TESI/ROS2/MoCap/Ros2MoCap/install/mocap/share/mocap/environment/path.sh
[0.517s] -- Up-to-date: /home/pietro/Scrivania/TESI/ROS2/MoCap/Ros2MoCap/install/mocap/share/mocap/environment/path.dsv
[0.517s] -- Up-to-date: /home/pietro/Scrivania/TESI/ROS2/MoCap/Ros2MoCap/install/mocap/share/mocap/local_setup.bash
[0.517s] -- Up-to-date: /home/pietro/Scrivania/TESI/ROS2/MoCap/Ros2MoCap/install/mocap/share/mocap/local_setup.sh
[0.517s] -- Up-to-date: /home/pietro/Scrivania/TESI/ROS2/MoCap/Ros2MoCap/install/mocap/share/mocap/local_setup.zsh
[0.517s] -- Up-to-date: /home/pietro/Scrivania/TESI/ROS2/MoCap/Ros2MoCap/install/mocap/share/mocap/local_setup.dsv
[0.517s] -- Installing: /home/pietro/Scrivania/TESI/ROS2/MoCap/Ros2MoCap/install/mocap/share/mocap/package.dsv
[0.517s] -- Up-to-date: /home/pietro/Scrivania/TESI/ROS2/MoCap/Ros2MoCap/install/mocap/share/ament_index/resource_index/packages/mocap
[0.517s] -- Up-to-date: /home/pietro/Scrivania/TESI/ROS2/MoCap/Ros2MoCap/install/mocap/share/mocap/cmake/mocapConfig.cmake
[0.518s] -- Up-to-date: /home/pietro/Scrivania/TESI/ROS2/MoCap/Ros2MoCap/install/mocap/share/mocap/cmake/mocapConfig-version.cmake
[0.518s] -- Up-to-date: /home/pietro/Scrivania/TESI/ROS2/MoCap/Ros2MoCap/install/mocap/share/mocap/package.xml
[0.520s] Invoked command in '/home/pietro/Scrivania/TESI/ROS2/MoCap/Ros2MoCap/build/mocap' returned '0': CMAKE_PREFIX_PATH=/opt/ros/foxy /usr/bin/cmake --install /home/pietro/Scrivania/TESI/ROS2/MoCap/Ros2MoCap/build/mocap
