[0.013s] Invoking command in '/home/pietro/Scrivania/TESI/ROS2/MoCap/Ros2MoCap/build/mocap': CMAKE_PREFIX_PATH=/opt/ros/foxy /usr/bin/cmake --build /home/pietro/Scrivania/TESI/ROS2/MoCap/Ros2MoCap/build/mocap -- -j8 -l8
[0.048s] [35m[1mScanning dependencies of target mocap[0m
[0.058s] [ 50%] [32mBuilding CXX object CMakeFiles/mocap.dir/src/MoCap.cpp.o[0m
[0.058s] [ 50%] [32mBuilding CXX object CMakeFiles/mocap.dir/src/MoCapNatNetClient.cpp.o[0m
[0.212s] [01m[K/home/pietro/Scrivania/TESI/ROS2/MoCap/Ros2MoCap/src/mocap/src/MoCapNatNetClient.cpp:[m[K In function ‘[01m[Kvoid dataFrameHandler(sFrameOfMocapData*, void*)[m[K’:
[0.212s] [01m[K/home/pietro/Scrivania/TESI/ROS2/MoCap/Ros2MoCap/src/mocap/src/MoCapNatNetClient.cpp:224:10:[m[K [01;35m[Kwarning: [m[Kvariable ‘[01m[KbOccluded[m[K’ set but not used [[01;35m[K-Wunused-but-set-variable[m[K]
[0.212s]   224 |     bool [01;35m[KbOccluded[m[K;     // marker was not visible (occluded) in this frame
[0.212s]       |          [01;35m[K^~~~~~~~~[m[K
[0.212s] [01m[K/home/pietro/Scrivania/TESI/ROS2/MoCap/Ros2MoCap/src/mocap/src/MoCapNatNetClient.cpp:225:10:[m[K [01;35m[Kwarning: [m[Kvariable ‘[01m[KbPCSolved[m[K’ set but not used [[01;35m[K-Wunused-but-set-variable[m[K]
[0.212s]   225 |     bool [01;35m[KbPCSolved[m[K;     // reported position provided by point cloud solve
[0.212s]       |          [01;35m[K^~~~~~~~~[m[K
[0.212s] [01m[K/home/pietro/Scrivania/TESI/ROS2/MoCap/Ros2MoCap/src/mocap/src/MoCapNatNetClient.cpp:226:10:[m[K [01;35m[Kwarning: [m[Kvariable ‘[01m[KbModelSolved[m[K’ set but not used [[01;35m[K-Wunused-but-set-variable[m[K]
[0.213s]   226 |     bool [01;35m[KbModelSolved[m[K;  // reported position provided by model solve
[0.213s]       |          [01;35m[K^~~~~~~~~~~~[m[K
[0.213s] [01m[K/home/pietro/Scrivania/TESI/ROS2/MoCap/Ros2MoCap/src/mocap/src/MoCapNatNetClient.cpp:227:10:[m[K [01;35m[Kwarning: [m[Kvariable ‘[01m[KbHasModel[m[K’ set but not used [[01;35m[K-Wunused-but-set-variable[m[K]
[0.213s]   227 |     bool [01;35m[KbHasModel[m[K;     // marker has an associated asset in the data stream
[0.213s]       |          [01;35m[K^~~~~~~~~[m[K
[0.214s] [01m[K/home/pietro/Scrivania/TESI/ROS2/MoCap/Ros2MoCap/src/mocap/src/MoCapNatNetClient.cpp:[m[K In member function ‘[01m[Kvoid MoCapNatNetClient::getDataDescription()[m[K’:
[0.214s] [01m[K/home/pietro/Scrivania/TESI/ROS2/MoCap/Ros2MoCap/src/mocap/src/MoCapNatNetClient.cpp:316:6:[m[K [01;35m[Kwarning: [m[Kunused variable ‘[01m[KretCode[m[K’ [[01;35m[K-Wunused-variable[m[K]
[0.214s]   316 |  int [01;35m[KretCode[m[K;
[0.214s]       |      [01;35m[K^~~~~~~[m[K
[0.271s] [ 75%] [32m[1mLinking CXX executable mocap[0m
[0.331s] /usr/bin/ld: CMakeFiles/mocap.dir/src/MoCapNatNetClient.cpp.o:(.bss+0x0): multiple definition of `g_analogSamplesPerMocapFrame'; CMakeFiles/mocap.dir/src/MoCap.cpp.o:(.bss+0x0): first defined here
[0.331s] collect2: error: ld returned 1 exit status
[0.332s] make[2]: *** [CMakeFiles/mocap.dir/build.make:114: mocap] Error 1
[0.332s] make[1]: *** [CMakeFiles/Makefile2:78: CMakeFiles/mocap.dir/all] Error 2
[0.332s] make: *** [Makefile:141: all] Error 2
[0.334s] Invoked command in '/home/pietro/Scrivania/TESI/ROS2/MoCap/Ros2MoCap/build/mocap' returned '2': CMAKE_PREFIX_PATH=/opt/ros/foxy /usr/bin/cmake --build /home/pietro/Scrivania/TESI/ROS2/MoCap/Ros2MoCap/build/mocap -- -j8 -l8
