[01m[K/home/pietro/Scrivania/TESI/ROS2/MoCap/Ros2MoCap/src/world_to_base/src/WorldToBase.cpp:[m[K In member function ‘[01m[Kvoid WorldToBase::transformPose(mocap_interfaces::msg::RigidBodyArray_<std::allocator<void> >::SharedPtr) const[m[K’:
[01m[K/home/pietro/Scrivania/TESI/ROS2/MoCap/Ros2MoCap/src/world_to_base/src/WorldToBase.cpp:34:17:[m[K [01;35m[Kwarning: [m[Kcomparison of integer expressions of different signedness: ‘[01m[Kint[m[K’ and ‘[01m[Kstd::vector<mocap_interfaces::msg::RigidBody_<std::allocator<void> >, std::allocator<mocap_interfaces::msg::RigidBody_<std::allocator<void> > > >::size_type[m[K’ {aka ‘[01m[Klong unsigned int[m[K’} [[01;35m[K-Wsign-compare[m[K]
   34 |   for (i = 0; [01;35m[Ki < msg->rigid_bodies.size()[m[K; i++)
      |               [01;35m[K~~^~~~~~~~~~~~~~~~~~~~~~~~~~[m[K
[01m[K/home/pietro/Scrivania/TESI/ROS2/MoCap/Ros2MoCap/src/world_to_base/src/WorldToBase.cpp:59:17:[m[K [01;35m[Kwarning: [m[Kcomparison of integer expressions of different signedness: ‘[01m[Kint[m[K’ and ‘[01m[Kstd::vector<mocap_interfaces::msg::RigidBody_<std::allocator<void> >, std::allocator<mocap_interfaces::msg::RigidBody_<std::allocator<void> > > >::size_type[m[K’ {aka ‘[01m[Klong unsigned int[m[K’} [[01;35m[K-Wsign-compare[m[K]
   59 |   for (i = 0; [01;35m[Ki < msg->rigid_bodies.size()[m[K; i++)
      |               [01;35m[K~~^~~~~~~~~~~~~~~~~~~~~~~~~~[m[K
In file included from [01m[K/home/pietro/Scrivania/TESI/ROS2/MoCap/Ros2MoCap/src/world_to_base/include/Eigen/Core:164[m[K,
                 from [01m[K/home/pietro/Scrivania/TESI/ROS2/MoCap/Ros2MoCap/src/world_to_base/include/Eigen/Dense:1[m[K,
                 from [01m[K/home/pietro/Scrivania/TESI/ROS2/MoCap/Ros2MoCap/src/world_to_base/include/WorldToBase.h:8[m[K,
                 from [01m[K/home/pietro/Scrivania/TESI/ROS2/MoCap/Ros2MoCap/src/world_to_base/src/WorldToBase.cpp:1[m[K:
/home/pietro/Scrivania/TESI/ROS2/MoCap/Ros2MoCap/src/world_to_base/include/Eigen/src/Core/PlainObjectBase.h: In instantiation of ‘[01m[KEigen::PlainObjectBase<Derived>::PlainObjectBase(const Scalar&, const Scalar&, const Scalar&, const Scalar&, const ArgTypes& ...) [with ArgTypes = {int, int, int, int, int}; Derived = Eigen::Matrix<float, 3, 3>; Eigen::PlainObjectBase<Derived>::Scalar = float][m[K’:
[01m[K/home/pietro/Scrivania/TESI/ROS2/MoCap/Ros2MoCap/src/world_to_base/include/Eigen/src/Core/Matrix.h:297:37:[m[K   required from ‘[01m[KEigen::Matrix<_Scalar, _Rows, _Cols, _Options, _MaxRows, _MaxCols>::Matrix(const Scalar&, const Scalar&, const Scalar&, const Scalar&, const ArgTypes& ...) [with ArgTypes = {int, int, int, int, int}; _Scalar = float; int _Rows = 3; int _Cols = 3; int _Options = 0; int _MaxRows = 3; int _MaxCols = 3; Eigen::Matrix<_Scalar, _Rows, _Cols, _Options, _MaxRows, _MaxCols>::Scalar = float][m[K’
[01m[K/home/pietro/Scrivania/TESI/ROS2/MoCap/Ros2MoCap/src/world_to_base/src/WorldToBase.cpp:30:30:[m[K   required from here
[01m[K/home/pietro/Scrivania/TESI/ROS2/MoCap/Ros2MoCap/src/world_to_base/include/Eigen/src/Core/util/StaticAssert.h:158:51:[m[K [01;31m[Kerror: [m[Kstatic assertion failed: THIS_METHOD_IS_ONLY_FOR_VECTORS_OF_A_SPECIFIC_SIZE
  158 |   EIGEN_STATIC_ASSERT(TYPE::IsVectorAtCompileTime && TYPE::SizeAtCompileTime==SIZE, \
[01m[K/home/pietro/Scrivania/TESI/ROS2/MoCap/Ros2MoCap/src/world_to_base/include/Eigen/src/Core/util/StaticAssert.h:33:54:[m[K [01;36m[Knote: [m[Kin definition of macro ‘[01m[KEIGEN_STATIC_ASSERT[m[K’
   33 |     #define EIGEN_STATIC_ASSERT(X,MSG) static_assert([01;36m[KX[m[K,#MSG);
      |                                                      [01;36m[K^[m[K
[01m[K/home/pietro/Scrivania/TESI/ROS2/MoCap/Ros2MoCap/src/world_to_base/include/Eigen/src/Core/PlainObjectBase.h:538:7:[m[K [01;36m[Knote: [m[Kin expansion of macro ‘[01m[KEIGEN_STATIC_ASSERT_VECTOR_SPECIFIC_SIZE[m[K’
  538 |       [01;36m[KEIGEN_STATIC_ASSERT_VECTOR_SPECIFIC_SIZE[m[K(PlainObjectBase, sizeof...(args) + 4);
      |       [01;36m[K^~~~~~~~~~~~~~~~~~~~~~~~~~~~~~~~~~~~~~~~[m[K
make[2]: *** [CMakeFiles/world_to_base.dir/build.make:63: CMakeFiles/world_to_base.dir/src/WorldToBase.cpp.o] Error 1
make[1]: *** [CMakeFiles/Makefile2:78: CMakeFiles/world_to_base.dir/all] Error 2
make: *** [Makefile:141: all] Error 2
