[01m[K/home/pietro/Scrivania/TESI/ROS2/MoCap/Ros2MoCap/src/world_to_base/src/WorldToBase.cpp:[m[K In member function ‘[01m[Kvoid WorldToBase::rigid_body_topic_callback(mocap_interfaces::msg::RigidBodyArray_<std::allocator<void> >::SharedPtr) const[m[K’:
[01m[K/home/pietro/Scrivania/TESI/ROS2/MoCap/Ros2MoCap/src/world_to_base/src/WorldToBase.cpp:15:20:[m[K [01;31m[Kerror: [m[Kexpected ‘[01m[K;[m[K’ before ‘[01m[K<[m[K’ token
   15 |   for (int i = 0, i[01;31m[K [m[K[32m[K<[m[K msg.rigid_bodies->size(), i++)
      |                    [01;31m[K^[m[K[32m[K~[m[K
      |                    [32m[K;[m[K
[01m[K/home/pietro/Scrivania/TESI/ROS2/MoCap/Ros2MoCap/src/world_to_base/src/WorldToBase.cpp:15:21:[m[K [01;31m[Kerror: [m[Kexpected primary-expression before ‘[01m[K<[m[K’ token
   15 |   for (int i = 0, i [01;31m[K<[m[K msg.rigid_bodies->size(), i++)
      |                     [01;31m[K^[m[K
[01m[K/home/pietro/Scrivania/TESI/ROS2/MoCap/Ros2MoCap/src/world_to_base/src/WorldToBase.cpp:15:27:[m[K [01;31m[Kerror: [m[K‘[01m[Kconst SharedPtr[m[K’ {aka ‘[01m[Kconst class std::shared_ptr<mocap_interfaces::msg::RigidBodyArray_<std::allocator<void> > >[m[K’} has no member named ‘[01m[Krigid_bodies[m[K’
   15 |   for (int i = 0, i < msg.[01;31m[Krigid_bodies[m[K->size(), i++)
      |                           [01;31m[K^~~~~~~~~~~~[m[K
[01m[K/home/pietro/Scrivania/TESI/ROS2/MoCap/Ros2MoCap/src/world_to_base/src/WorldToBase.cpp:15:52:[m[K [01;31m[Kerror: [m[Kexpected ‘[01m[K;[m[K’ before ‘[01m[K)[m[K’ token
   15 |   for (int i = 0, i < msg.rigid_bodies->size(), i++[01;31m[K)[m[K
      |                                                    [01;31m[K^[m[K
      |                                                    [32m[K;[m[K
[01m[K/home/pietro/Scrivania/TESI/ROS2/MoCap/Ros2MoCap/src/world_to_base/src/WorldToBase.cpp:17:21:[m[K [01;35m[Kwarning: [m[Kformat ‘[01m[K%d[m[K’ expects argument of type ‘[01m[Kint[m[K’, but argument 2 has type ‘[01m[Kmocap_interfaces::msg::RigidBody_<std::allocator<void> >::_id_type[m[K’ {aka ‘[01m[Klong int[m[K’} [[01;35m[K-Wformat=[m[K]
   17 |       printf("ID : [01;35m[K%d[m[K\n", msg->rigid_bodies[i].id);
      |                    [01;35m[K~^[m[K
      |                     [01;35m[K|[m[K
      |                     [01;35m[Kint[m[K
      |                    [32m[K%ld[m[K
make[2]: *** [CMakeFiles/world_to_base.dir/build.make:63: CMakeFiles/world_to_base.dir/src/WorldToBase.cpp.o] Error 1
make[1]: *** [CMakeFiles/Makefile2:78: CMakeFiles/world_to_base.dir/all] Error 2
make: *** [Makefile:141: all] Error 2
