[0.014s] Invoking command in '/home/pietro/Scrivania/TESI/ROS2/MoCap/Ros2MoCap/build/world_to_base': AMENT_PREFIX_PATH=/home/pietro/Scrivania/TESI/ROS2/MoCap/Ros2MoCap/install/mocap_interfaces:${AMENT_PREFIX_PATH} CMAKE_PREFIX_PATH=/home/pietro/Scrivania/TESI/ROS2/MoCap/Ros2MoCap/install/mocap_interfaces:/opt/ros/foxy LD_LIBRARY_PATH=/home/pietro/Scrivania/TESI/ROS2/MoCap/Ros2MoCap/install/mocap_interfaces/lib:${LD_LIBRARY_PATH} PYTHONPATH=/home/pietro/Scrivania/TESI/ROS2/MoCap/Ros2MoCap/install/mocap_interfaces/lib/python3.8/site-packages:${PYTHONPATH} /usr/bin/cmake --build /home/pietro/Scrivania/TESI/ROS2/MoCap/Ros2MoCap/build/world_to_base -- -j8 -l8
[0.050s] [35m[1mScanning dependencies of target world_to_base[0m
[0.083s] [ 50%] [32mBuilding CXX object CMakeFiles/world_to_base.dir/src/WorldToBase.cpp.o[0m
[1.791s] [01m[K/home/pietro/Scrivania/TESI/ROS2/MoCap/Ros2MoCap/src/world_to_base/src/WorldToBase.cpp:[m[K In member function ‘[01m[Kvoid WorldToBase::transformPose(mocap_interfaces::msg::RigidBodyArray_<std::allocator<void> >::SharedPtr) const[m[K’:
[1.791s] [01m[K/home/pietro/Scrivania/TESI/ROS2/MoCap/Ros2MoCap/src/world_to_base/src/WorldToBase.cpp:31:17:[m[K [01;35m[Kwarning: [m[Kcomparison of integer expressions of different signedness: ‘[01m[Kint[m[K’ and ‘[01m[Kstd::vector<mocap_interfaces::msg::RigidBody_<std::allocator<void> >, std::allocator<mocap_interfaces::msg::RigidBody_<std::allocator<void> > > >::size_type[m[K’ {aka ‘[01m[Klong unsigned int[m[K’} [[01;35m[K-Wsign-compare[m[K]
[1.791s]    31 |   for (i = 0; [01;35m[Ki < msg->rigid_bodies.size()[m[K; i++)
[1.791s]       |               [01;35m[K~~^~~~~~~~~~~~~~~~~~~~~~~~~~[m[K
[1.791s] [01m[K/home/pietro/Scrivania/TESI/ROS2/MoCap/Ros2MoCap/src/world_to_base/src/WorldToBase.cpp:35:40:[m[K [01;35m[Kwarning: [m[Knarrowing conversion of ‘[01m[K((const std::__shared_ptr_access<mocap_interfaces::msg::RigidBodyArray_<std::allocator<void> >, __gnu_cxx::_S_atomic, false, false>*)(& msg))->std::__shared_ptr_access<mocap_interfaces::msg::RigidBodyArray_<std::allocator<void> >, __gnu_cxx::_S_atomic, false, false>::operator->()->mocap_interfaces::msg::RigidBodyArray_<std::allocator<void> >::rigid_bodies.std::vector<mocap_interfaces::msg::RigidBody_<std::allocator<void> >, std::allocator<mocap_interfaces::msg::RigidBody_<std::allocator<void> > > >::operator[](((std::vector<mocap_interfaces::msg::RigidBody_<std::allocator<void> >, std::allocator<mocap_interfaces::msg::RigidBody_<std::allocator<void> > > >::size_type)i)).mocap_interfaces::msg::RigidBody_<std::allocator<void> >::p.mocap_interfaces::msg::Point_<std::allocator<void> >::x[m[K’ from ‘[01m[Kmocap_interfaces::msg::Point_<std::allocator<void> >::_x_type[m[K’ {aka ‘[01m[Kdouble[m[K’} to ‘[01m[KEigen::Matrix<float, 3, 1>::Scalar[m[K’ {aka ‘[01m[Kfloat[m[K’} [[01;35m[K-Wnarrowing[m[K]
[1.791s]    35 |       P_base = {msg->rigid_bodies[i].p.x, msg->rigid_bodies[i].p.y, msg->rigid_bodies[i].p.z};
[1.791s] [01m[K/home/pietro/Scrivania/TESI/ROS2/MoCap/Ros2MoCap/src/world_to_base/src/WorldToBase.cpp:35:66:[m[K [01;35m[Kwarning: [m[Knarrowing conversion of ‘[01m[K((const std::__shared_ptr_access<mocap_interfaces::msg::RigidBodyArray_<std::allocator<void> >, __gnu_cxx::_S_atomic, false, false>*)(& msg))->std::__shared_ptr_access<mocap_interfaces::msg::RigidBodyArray_<std::allocator<void> >, __gnu_cxx::_S_atomic, false, false>::operator->()->mocap_interfaces::msg::RigidBodyArray_<std::allocator<void> >::rigid_bodies.std::vector<mocap_interfaces::msg::RigidBody_<std::allocator<void> >, std::allocator<mocap_interfaces::msg::RigidBody_<std::allocator<void> > > >::operator[](((std::vector<mocap_interfaces::msg::RigidBody_<std::allocator<void> >, std::allocator<mocap_interfaces::msg::RigidBody_<std::allocator<void> > > >::size_type)i)).mocap_interfaces::msg::RigidBody_<std::allocator<void> >::p.mocap_interfaces::msg::Point_<std::allocator<void> >::y[m[K’ from ‘[01m[Kmocap_interfaces::msg::Point_<std::allocator<void> >::_y_type[m[K’ {aka ‘[01m[Kdouble[m[K’} to ‘[01m[KEigen::Matrix<float, 3, 1>::Scalar[m[K’ {aka ‘[01m[Kfloat[m[K’} [[01;35m[K-Wnarrowing[m[K]
[1.791s]    35 |   P_base = {msg->rigid_bodies[i].p.x, msg->rigid_bodies[i].p.y, msg->rigid_bodies[i].p.z};
[1.791s] 
[1.791s] [01m[K/home/pietro/Scrivania/TESI/ROS2/MoCap/Ros2MoCap/src/world_to_base/src/WorldToBase.cpp:35:92:[m[K [01;35m[Kwarning: [m[Knarrowing conversion of ‘[01m[K((const std::__shared_ptr_access<mocap_interfaces::msg::RigidBodyArray_<std::allocator<void> >, __gnu_cxx::_S_atomic, false, false>*)(& msg))->std::__shared_ptr_access<mocap_interfaces::msg::RigidBodyArray_<std::allocator<void> >, __gnu_cxx::_S_atomic, false, false>::operator->()->mocap_interfaces::msg::RigidBodyArray_<std::allocator<void> >::rigid_bodies.std::vector<mocap_interfaces::msg::RigidBody_<std::allocator<void> >, std::allocator<mocap_interfaces::msg::RigidBody_<std::allocator<void> > > >::operator[](((std::vector<mocap_interfaces::msg::RigidBody_<std::allocator<void> >, std::allocator<mocap_interfaces::msg::RigidBody_<std::allocator<void> > > >::size_type)i)).mocap_interfaces::msg::RigidBody_<std::allocator<void> >::p.mocap_interfaces::msg::Point_<std::allocator<void> >::z[m[K’ from ‘[01m[Kmocap_interfaces::msg::Point_<std::allocator<void> >::_z_type[m[K’ {aka ‘[01m[Kdouble[m[K’} to ‘[01m[KEigen::Matrix<float, 3, 1>::Scalar[m[K’ {aka ‘[01m[Kfloat[m[K’} [[01;35m[K-Wnarrowing[m[K]
[1.792s]    35 | ies[i].p.x, msg->rigid_bodies[i].p.y, msg->rigid_bodies[i].p.z};
[1.792s] 
[1.792s] [01m[K/home/pietro/Scrivania/TESI/ROS2/MoCap/Ros2MoCap/src/world_to_base/src/WorldToBase.cpp:50:17:[m[K [01;35m[Kwarning: [m[Kcomparison of integer expressions of different signedness: ‘[01m[Kint[m[K’ and ‘[01m[Kstd::vector<mocap_interfaces::msg::RigidBody_<std::allocator<void> >, std::allocator<mocap_interfaces::msg::RigidBody_<std::allocator<void> > > >::size_type[m[K’ {aka ‘[01m[Klong unsigned int[m[K’} [[01;35m[K-Wsign-compare[m[K]
[1.792s]    50 |   for (i = 0; [01;35m[Ki < msg->rigid_bodies.size()[m[K; i++)
[1.792s]       |               [01;35m[K~~^~~~~~~~~~~~~~~~~~~~~~~~~~[m[K
[1.792s] [01m[K/home/pietro/Scrivania/TESI/ROS2/MoCap/Ros2MoCap/src/world_to_base/src/WorldToBase.cpp:54:35:[m[K [01;35m[Kwarning: [m[Knarrowing conversion of ‘[01m[K((const std::__shared_ptr_access<mocap_interfaces::msg::RigidBodyArray_<std::allocator<void> >, __gnu_cxx::_S_atomic, false, false>*)(& msg))->std::__shared_ptr_access<mocap_interfaces::msg::RigidBodyArray_<std::allocator<void> >, __gnu_cxx::_S_atomic, false, false>::operator->()->mocap_interfaces::msg::RigidBodyArray_<std::allocator<void> >::rigid_bodies.std::vector<mocap_interfaces::msg::RigidBody_<std::allocator<void> >, std::allocator<mocap_interfaces::msg::RigidBody_<std::allocator<void> > > >::operator[](((std::vector<mocap_interfaces::msg::RigidBody_<std::allocator<void> >, std::allocator<mocap_interfaces::msg::RigidBody_<std::allocator<void> > > >::size_type)i)).mocap_interfaces::msg::RigidBody_<std::allocator<void> >::p.mocap_interfaces::msg::Point_<std::allocator<void> >::x[m[K’ from ‘[01m[Kmocap_interfaces::msg::Point_<std::allocator<void> >::_x_type[m[K’ {aka ‘[01m[Kdouble[m[K’} to ‘[01m[KEigen::Matrix<float, 3, 1>::Scalar[m[K’ {aka ‘[01m[Kfloat[m[K’} [[01;35m[K-Wnarrowing[m[K]
[1.792s]    54 |       P = {msg->rigid_bodies[i].p.x, msg->rigid_bodies[i].p.y, msg->rigid_bodies[i].p.z};
[1.792s] [01m[K/home/pietro/Scrivania/TESI/ROS2/MoCap/Ros2MoCap/src/world_to_base/src/WorldToBase.cpp:54:61:[m[K [01;35m[Kwarning: [m[Knarrowing conversion of ‘[01m[K((const std::__shared_ptr_access<mocap_interfaces::msg::RigidBodyArray_<std::allocator<void> >, __gnu_cxx::_S_atomic, false, false>*)(& msg))->std::__shared_ptr_access<mocap_interfaces::msg::RigidBodyArray_<std::allocator<void> >, __gnu_cxx::_S_atomic, false, false>::operator->()->mocap_interfaces::msg::RigidBodyArray_<std::allocator<void> >::rigid_bodies.std::vector<mocap_interfaces::msg::RigidBody_<std::allocator<void> >, std::allocator<mocap_interfaces::msg::RigidBody_<std::allocator<void> > > >::operator[](((std::vector<mocap_interfaces::msg::RigidBody_<std::allocator<void> >, std::allocator<mocap_interfaces::msg::RigidBody_<std::allocator<void> > > >::size_type)i)).mocap_interfaces::msg::RigidBody_<std::allocator<void> >::p.mocap_interfaces::msg::Point_<std::allocator<void> >::y[m[K’ from ‘[01m[Kmocap_interfaces::msg::Point_<std::allocator<void> >::_y_type[m[K’ {aka ‘[01m[Kdouble[m[K’} to ‘[01m[KEigen::Matrix<float, 3, 1>::Scalar[m[K’ {aka ‘[01m[Kfloat[m[K’} [[01;35m[K-Wnarrowing[m[K]
[1.792s]    54 |       P = {msg->rigid_bodies[i].p.x, msg->rigid_bodies[i].p.y, msg->rigid_bodies[i].p.z};
[1.792s] [01m[K/home/pietro/Scrivania/TESI/ROS2/MoCap/Ros2MoCap/src/world_to_base/src/WorldToBase.cpp:54:87:[m[K [01;35m[Kwarning: [m[Knarrowing conversion of ‘[01m[K((const std::__shared_ptr_access<mocap_interfaces::msg::RigidBodyArray_<std::allocator<void> >, __gnu_cxx::_S_atomic, false, false>*)(& msg))->std::__shared_ptr_access<mocap_interfaces::msg::RigidBodyArray_<std::allocator<void> >, __gnu_cxx::_S_atomic, false, false>::operator->()->mocap_interfaces::msg::RigidBodyArray_<std::allocator<void> >::rigid_bodies.std::vector<mocap_interfaces::msg::RigidBody_<std::allocator<void> >, std::allocator<mocap_interfaces::msg::RigidBody_<std::allocator<void> > > >::operator[](((std::vector<mocap_interfaces::msg::RigidBody_<std::allocator<void> >, std::allocator<mocap_interfaces::msg::RigidBody_<std::allocator<void> > > >::size_type)i)).mocap_interfaces::msg::RigidBody_<std::allocator<void> >::p.mocap_interfaces::msg::Point_<std::allocator<void> >::z[m[K’ from ‘[01m[Kmocap_interfaces::msg::Point_<std::allocator<void> >::_z_type[m[K’ {aka ‘[01m[Kdouble[m[K’} to ‘[01m[KEigen::Matrix<float, 3, 1>::Scalar[m[K’ {aka ‘[01m[Kfloat[m[K’} [[01;35m[K-Wnarrowing[m[K]
[1.792s]    54 | ies[i].p.x, msg->rigid_bodies[i].p.y, msg->rigid_bodies[i].p.z};
[1.792s] 
[1.792s] [01m[K/home/pietro/Scrivania/TESI/ROS2/MoCap/Ros2MoCap/src/world_to_base/src/WorldToBase.cpp:[m[K In member function ‘[01m[KEigen::Matrix3f WorldToBase::quatToRotm(float, float, float, float) const[m[K’:
[1.793s] [01m[K/home/pietro/Scrivania/TESI/ROS2/MoCap/Ros2MoCap/src/world_to_base/src/WorldToBase.cpp:62:1:[m[K [01;35m[Kwarning: [m[Kno return statement in function returning non-void [[01;35m[K-Wreturn-type[m[K]
[1.793s]    62 | [01;35m[K}[m[K
[1.793s]       | [01;35m[K^[m[K
[1.793s] [01m[K/home/pietro/Scrivania/TESI/ROS2/MoCap/Ros2MoCap/src/world_to_base/src/WorldToBase.cpp:59:47:[m[K [01;35m[Kwarning: [m[Kunused parameter ‘[01m[Kqx[m[K’ [[01;35m[K-Wunused-parameter[m[K]
[1.793s]    59 | Eigen::Matrix3f WorldToBase::quatToRotm([01;35m[Kfloat qx[m[K, float qy, float qz, float qw) const
[1.793s]       |                                         [01;35m[K~~~~~~^~[m[K
[1.793s] [01m[K/home/pietro/Scrivania/TESI/ROS2/MoCap/Ros2MoCap/src/world_to_base/src/WorldToBase.cpp:59:57:[m[K [01;35m[Kwarning: [m[Kunused parameter ‘[01m[Kqy[m[K’ [[01;35m[K-Wunused-parameter[m[K]
[1.793s]    59 | Eigen::Matrix3f WorldToBase::quatToRotm(float qx, [01;35m[Kfloat qy[m[K, float qz, float qw) const
[1.793s]       |                                                   [01;35m[K~~~~~~^~[m[K
[1.793s] [01m[K/home/pietro/Scrivania/TESI/ROS2/MoCap/Ros2MoCap/src/world_to_base/src/WorldToBase.cpp:59:67:[m[K [01;35m[Kwarning: [m[Kunused parameter ‘[01m[Kqz[m[K’ [[01;35m[K-Wunused-parameter[m[K]
[1.793s]    59 | ::Matrix3f WorldToBase::quatToRotm(float qx, float qy, [01;35m[Kfloat qz[m[K, float qw) const
[1.793s]       |                                                        [01;35m[K~~~~~~^~[m[K
[1.793s] 
[1.793s] [01m[K/home/pietro/Scrivania/TESI/ROS2/MoCap/Ros2MoCap/src/world_to_base/src/WorldToBase.cpp:59:77:[m[K [01;35m[Kwarning: [m[Kunused parameter ‘[01m[Kqw[m[K’ [[01;35m[K-Wunused-parameter[m[K]
[1.793s]    59 | :Matrix3f WorldToBase::quatToRotm(float qx, float qy, float qz, [01;35m[Kfloat qw[m[K) const
[1.793s]       |                                                                 [01;35m[K~~~~~~^~[m[K
[1.793s] 
[4.348s] [100%] [32m[1mLinking CXX executable world_to_base[0m
[4.552s] [100%] Built target world_to_base
[4.562s] Invoked command in '/home/pietro/Scrivania/TESI/ROS2/MoCap/Ros2MoCap/build/world_to_base' returned '0': AMENT_PREFIX_PATH=/home/pietro/Scrivania/TESI/ROS2/MoCap/Ros2MoCap/install/mocap_interfaces:${AMENT_PREFIX_PATH} CMAKE_PREFIX_PATH=/home/pietro/Scrivania/TESI/ROS2/MoCap/Ros2MoCap/install/mocap_interfaces:/opt/ros/foxy LD_LIBRARY_PATH=/home/pietro/Scrivania/TESI/ROS2/MoCap/Ros2MoCap/install/mocap_interfaces/lib:${LD_LIBRARY_PATH} PYTHONPATH=/home/pietro/Scrivania/TESI/ROS2/MoCap/Ros2MoCap/install/mocap_interfaces/lib/python3.8/site-packages:${PYTHONPATH} /usr/bin/cmake --build /home/pietro/Scrivania/TESI/ROS2/MoCap/Ros2MoCap/build/world_to_base -- -j8 -l8
[4.582s] Invoking command in '/home/pietro/Scrivania/TESI/ROS2/MoCap/Ros2MoCap/build/world_to_base': AMENT_PREFIX_PATH=/home/pietro/Scrivania/TESI/ROS2/MoCap/Ros2MoCap/install/mocap_interfaces:${AMENT_PREFIX_PATH} CMAKE_PREFIX_PATH=/home/pietro/Scrivania/TESI/ROS2/MoCap/Ros2MoCap/install/mocap_interfaces:/opt/ros/foxy LD_LIBRARY_PATH=/home/pietro/Scrivania/TESI/ROS2/MoCap/Ros2MoCap/install/mocap_interfaces/lib:${LD_LIBRARY_PATH} PYTHONPATH=/home/pietro/Scrivania/TESI/ROS2/MoCap/Ros2MoCap/install/mocap_interfaces/lib/python3.8/site-packages:${PYTHONPATH} /usr/bin/cmake --install /home/pietro/Scrivania/TESI/ROS2/MoCap/Ros2MoCap/build/world_to_base
[4.590s] -- Install configuration: ""
[4.590s] -- Installing: /home/pietro/Scrivania/TESI/ROS2/MoCap/Ros2MoCap/install/world_to_base/lib/world_to_base/world_to_base
[4.592s] -- Set runtime path of "/home/pietro/Scrivania/TESI/ROS2/MoCap/Ros2MoCap/install/world_to_base/lib/world_to_base/world_to_base" to ""
[4.592s] -- Up-to-date: /home/pietro/Scrivania/TESI/ROS2/MoCap/Ros2MoCap/install/world_to_base/share/ament_index/resource_index/package_run_dependencies/world_to_base
[4.592s] -- Up-to-date: /home/pietro/Scrivania/TESI/ROS2/MoCap/Ros2MoCap/install/world_to_base/share/ament_index/resource_index/parent_prefix_path/world_to_base
[4.592s] -- Up-to-date: /home/pietro/Scrivania/TESI/ROS2/MoCap/Ros2MoCap/install/world_to_base/share/world_to_base/environment/ament_prefix_path.sh
[4.592s] -- Up-to-date: /home/pietro/Scrivania/TESI/ROS2/MoCap/Ros2MoCap/install/world_to_base/share/world_to_base/environment/ament_prefix_path.dsv
[4.592s] -- Up-to-date: /home/pietro/Scrivania/TESI/ROS2/MoCap/Ros2MoCap/install/world_to_base/share/world_to_base/environment/path.sh
[4.592s] -- Up-to-date: /home/pietro/Scrivania/TESI/ROS2/MoCap/Ros2MoCap/install/world_to_base/share/world_to_base/environment/path.dsv
[4.592s] -- Up-to-date: /home/pietro/Scrivania/TESI/ROS2/MoCap/Ros2MoCap/install/world_to_base/share/world_to_base/local_setup.bash
[4.593s] -- Up-to-date: /home/pietro/Scrivania/TESI/ROS2/MoCap/Ros2MoCap/install/world_to_base/share/world_to_base/local_setup.sh
[4.593s] -- Up-to-date: /home/pietro/Scrivania/TESI/ROS2/MoCap/Ros2MoCap/install/world_to_base/share/world_to_base/local_setup.zsh
[4.593s] -- Up-to-date: /home/pietro/Scrivania/TESI/ROS2/MoCap/Ros2MoCap/install/world_to_base/share/world_to_base/local_setup.dsv
[4.593s] -- Installing: /home/pietro/Scrivania/TESI/ROS2/MoCap/Ros2MoCap/install/world_to_base/share/world_to_base/package.dsv
[4.593s] -- Up-to-date: /home/pietro/Scrivania/TESI/ROS2/MoCap/Ros2MoCap/install/world_to_base/share/ament_index/resource_index/packages/world_to_base
[4.593s] -- Up-to-date: /home/pietro/Scrivania/TESI/ROS2/MoCap/Ros2MoCap/install/world_to_base/share/world_to_base/cmake/world_to_baseConfig.cmake
[4.593s] -- Up-to-date: /home/pietro/Scrivania/TESI/ROS2/MoCap/Ros2MoCap/install/world_to_base/share/world_to_base/cmake/world_to_baseConfig-version.cmake
[4.594s] -- Up-to-date: /home/pietro/Scrivania/TESI/ROS2/MoCap/Ros2MoCap/install/world_to_base/share/world_to_base/package.xml
[4.595s] Invoked command in '/home/pietro/Scrivania/TESI/ROS2/MoCap/Ros2MoCap/build/world_to_base' returned '0': AMENT_PREFIX_PATH=/home/pietro/Scrivania/TESI/ROS2/MoCap/Ros2MoCap/install/mocap_interfaces:${AMENT_PREFIX_PATH} CMAKE_PREFIX_PATH=/home/pietro/Scrivania/TESI/ROS2/MoCap/Ros2MoCap/install/mocap_interfaces:/opt/ros/foxy LD_LIBRARY_PATH=/home/pietro/Scrivania/TESI/ROS2/MoCap/Ros2MoCap/install/mocap_interfaces/lib:${LD_LIBRARY_PATH} PYTHONPATH=/home/pietro/Scrivania/TESI/ROS2/MoCap/Ros2MoCap/install/mocap_interfaces/lib/python3.8/site-packages:${PYTHONPATH} /usr/bin/cmake --install /home/pietro/Scrivania/TESI/ROS2/MoCap/Ros2MoCap/build/world_to_base
