-- The C compiler identification is GNU 9.3.0
-- The CXX compiler identification is GNU 9.3.0
-- Check for working C compiler: /usr/bin/cc
-- Check for working C compiler: /usr/bin/cc -- works
-- Detecting C compiler ABI info
-- Detecting C compiler ABI info - done
-- Detecting C compile features
-- Detecting C compile features - done
-- Check for working CXX compiler: /usr/bin/c++
-- Check for working CXX compiler: /usr/bin/c++ -- works
-- Detecting CXX compiler ABI info
-- Detecting CXX compiler ABI info - done
-- Detecting CXX compile features
-- Detecting CXX compile features - done
-- Found ament_cmake: 0.9.8 (/opt/ros/foxy/share/ament_cmake/cmake)
-- Found PythonInterp: /usr/bin/python3 (found suitable version "3.8.10", minimum required is "3") 
-- Using PYTHON_EXECUTABLE: /usr/bin/python3
-- Found rosidl_default_generators: 1.0.1 (/opt/ros/foxy/share/rosidl_default_generators/cmake)
-- Using all available rosidl_typesupport_c: rosidl_typesupport_fastrtps_c;rosidl_typesupport_introspection_c
-- Found rosidl_adapter: 1.2.1 (/opt/ros/foxy/share/rosidl_adapter/cmake)
-- Found OpenSSL: /usr/lib/x86_64-linux-gnu/libcrypto.so (found version "1.1.1f")  
-- Found FastRTPS: /opt/ros/foxy/include  
-- Using all available rosidl_typesupport_cpp: rosidl_typesupport_fastrtps_cpp;rosidl_typesupport_introspection_cpp
-- Found PythonInterp: /usr/bin/python3 (found version "3.8.10") 
-- Found ament_cmake_ros: 0.9.2 (/opt/ros/foxy/share/ament_cmake_ros/cmake)
-- Using all available rosidl_typesupport_c: rosidl_typesupport_fastrtps_c;rosidl_typesupport_introspection_c
-- Using all available rosidl_typesupport_cpp: rosidl_typesupport_fastrtps_cpp;rosidl_typesupport_introspection_cpp
-- Found PythonInterp: /usr/bin/python3 (found suitable version "3.8.10", minimum required is "3.5") 
-- Found python_cmake_module: 0.8.1 (/opt/ros/foxy/share/python_cmake_module/cmake)
-- Found PythonLibs: /usr/lib/x86_64-linux-gnu/libpython3.8.so (found suitable version "3.8.10", minimum required is "3.5") 
-- Using PYTHON_EXECUTABLE: /usr/bin/python3
-- Using PYTHON_INCLUDE_DIRS: /usr/include/python3.8
-- Using PYTHON_LIBRARIES: /usr/lib/x86_64-linux-gnu/libpython3.8.so
-- Found PythonExtra: .so  
-- Configuring done
-- Generating done
-- Build files have been written to: /home/pietro/Scrivania/TESI/ROS2/MoCap/Ros2MoCap/build/mocap_interfaces
[  2%] [34m[1mGenerating C code for ROS interfaces[0m
[35m[1mScanning dependencies of target mocap_interfaces__cpp[0m
[  5%] [34m[1mGenerating C++ code for ROS interfaces[0m
[  5%] Built target mocap_interfaces__cpp
[  7%] [34m[1mGenerating C++ type support for eProsima Fast-RTPS[0m
[ 10%] [34m[1mGenerating C++ introspection for ROS interfaces[0m
[ 12%] [34m[1mGenerating C++ type support dispatch for ROS interfaces[0m
[35m[1mScanning dependencies of target mocap_interfaces__rosidl_generator_c[0m
[ 15%] [32mBuilding C object CMakeFiles/mocap_interfaces__rosidl_generator_c.dir/rosidl_generator_c/mocap_interfaces/msg/detail/rigid_body__functions.c.o[0m
[ 17%] [32mBuilding C object CMakeFiles/mocap_interfaces__rosidl_generator_c.dir/rosidl_generator_c/mocap_interfaces/msg/detail/rigid_body_array__functions.c.o[0m
[ 20%] [32m[1mLinking C shared library libmocap_interfaces__rosidl_generator_c.so[0m
[ 20%] Built target mocap_interfaces__rosidl_generator_c
[ 23%] [34m[1mGenerating C introspection for ROS interfaces[0m
[ 25%] [34m[1mGenerating C type support dispatch for ROS interfaces[0m
[35m[1mScanning dependencies of target mocap_interfaces__rosidl_typesupport_cpp[0m
[35m[1mScanning dependencies of target mocap_interfaces__rosidl_typesupport_introspection_cpp[0m
[ 28%] [32mBuilding CXX object CMakeFiles/mocap_interfaces__rosidl_typesupport_cpp.dir/rosidl_typesupport_cpp/mocap_interfaces/msg/rigid_body__type_support.cpp.o[0m
[ 30%] [32mBuilding CXX object CMakeFiles/mocap_interfaces__rosidl_typesupport_cpp.dir/rosidl_typesupport_cpp/mocap_interfaces/msg/rigid_body_array__type_support.cpp.o[0m
[ 33%] [32mBuilding CXX object CMakeFiles/mocap_interfaces__rosidl_typesupport_introspection_cpp.dir/rosidl_typesupport_introspection_cpp/mocap_interfaces/msg/detail/rigid_body__type_support.cpp.o[0m
[ 35%] [32mBuilding CXX object CMakeFiles/mocap_interfaces__rosidl_typesupport_introspection_cpp.dir/rosidl_typesupport_introspection_cpp/mocap_interfaces/msg/detail/rigid_body_array__type_support.cpp.o[0m
[35m[1mScanning dependencies of target mocap_interfaces__rosidl_typesupport_fastrtps_cpp[0m
[ 38%] [32mBuilding CXX object CMakeFiles/mocap_interfaces__rosidl_typesupport_fastrtps_cpp.dir/rosidl_typesupport_fastrtps_cpp/mocap_interfaces/msg/detail/dds_fastrtps/rigid_body__type_support.cpp.o[0m
[ 41%] [32mBuilding CXX object CMakeFiles/mocap_interfaces__rosidl_typesupport_fastrtps_cpp.dir/rosidl_typesupport_fastrtps_cpp/mocap_interfaces/msg/detail/dds_fastrtps/rigid_body_array__type_support.cpp.o[0m
[35m[1mScanning dependencies of target mocap_interfaces__rosidl_typesupport_c[0m
[35m[1mScanning dependencies of target mocap_interfaces__rosidl_typesupport_introspection_c[0m
[ 43%] [32mBuilding CXX object CMakeFiles/mocap_interfaces__rosidl_typesupport_c.dir/rosidl_typesupport_c/mocap_interfaces/msg/rigid_body__type_support.cpp.o[0m
[ 48%] [32mBuilding C object CMakeFiles/mocap_interfaces__rosidl_typesupport_introspection_c.dir/rosidl_typesupport_introspection_c/mocap_interfaces/msg/detail/rigid_body__type_support.c.o[0m
[ 48%] [32mBuilding CXX object CMakeFiles/mocap_interfaces__rosidl_typesupport_c.dir/rosidl_typesupport_c/mocap_interfaces/msg/rigid_body_array__type_support.cpp.o[0m
[ 51%] [32m[1mLinking CXX shared library libmocap_interfaces__rosidl_typesupport_c.so[0m
[ 53%] [32mBuilding C object CMakeFiles/mocap_interfaces__rosidl_typesupport_introspection_c.dir/rosidl_typesupport_introspection_c/mocap_interfaces/msg/detail/rigid_body_array__type_support.c.o[0m
[ 56%] [32m[1mLinking CXX shared library libmocap_interfaces__rosidl_typesupport_cpp.so[0m
[ 58%] [32m[1mLinking C shared library libmocap_interfaces__rosidl_typesupport_introspection_c.so[0m
[ 58%] Built target mocap_interfaces__rosidl_typesupport_c
[ 61%] [32m[1mLinking CXX shared library libmocap_interfaces__rosidl_typesupport_introspection_cpp.so[0m
[ 61%] Built target mocap_interfaces__rosidl_typesupport_introspection_c
[ 61%] Built target mocap_interfaces__rosidl_typesupport_cpp
[ 61%] Built target mocap_interfaces__rosidl_typesupport_introspection_cpp
[ 64%] [32m[1mLinking CXX shared library libmocap_interfaces__rosidl_typesupport_fastrtps_cpp.so[0m
[ 64%] Built target mocap_interfaces__rosidl_typesupport_fastrtps_cpp
[ 66%] [34m[1mGenerating C type support for eProsima Fast-RTPS[0m
[35m[1mScanning dependencies of target mocap_interfaces__rosidl_typesupport_fastrtps_c[0m
[ 71%] [32mBuilding CXX object CMakeFiles/mocap_interfaces__rosidl_typesupport_fastrtps_c.dir/rosidl_typesupport_fastrtps_c/mocap_interfaces/msg/detail/rigid_body__type_support_c.cpp.o[0m
[ 71%] [32mBuilding CXX object CMakeFiles/mocap_interfaces__rosidl_typesupport_fastrtps_c.dir/rosidl_typesupport_fastrtps_c/mocap_interfaces/msg/detail/rigid_body_array__type_support_c.cpp.o[0m
[ 74%] [32m[1mLinking CXX shared library libmocap_interfaces__rosidl_typesupport_fastrtps_c.so[0m
[ 74%] Built target mocap_interfaces__rosidl_typesupport_fastrtps_c
[35m[1mScanning dependencies of target mocap_interfaces[0m
[ 74%] Built target mocap_interfaces
[35m[1mScanning dependencies of target mocap_interfaces__py[0m
[ 76%] [34m[1mGenerating Python code for ROS interfaces[0m
[ 76%] Built target mocap_interfaces__py
[35m[1mScanning dependencies of target mocap_interfaces__python[0m
[ 82%] [32mBuilding C object CMakeFiles/mocap_interfaces__python.dir/rosidl_generator_py/mocap_interfaces/msg/_rigid_body_array_s.c.o[0m
[ 82%] [32mBuilding C object CMakeFiles/mocap_interfaces__python.dir/rosidl_generator_py/mocap_interfaces/msg/_rigid_body_s.c.o[0m
[ 84%] [32m[1mLinking C shared library rosidl_generator_py/mocap_interfaces/libmocap_interfaces__python.so[0m
[ 84%] Built target mocap_interfaces__python
[35m[1mScanning dependencies of target mocap_interfaces__rosidl_typesupport_fastrtps_c__pyext[0m
[35m[1mScanning dependencies of target mocap_interfaces__rosidl_typesupport_c__pyext[0m
[35m[1mScanning dependencies of target mocap_interfaces__rosidl_typesupport_introspection_c__pyext[0m
[ 89%] [32mBuilding C object CMakeFiles/mocap_interfaces__rosidl_typesupport_fastrtps_c__pyext.dir/rosidl_generator_py/mocap_interfaces/_mocap_interfaces_s.ep.rosidl_typesupport_fastrtps_c.c.o[0m
[ 89%] [32mBuilding C object CMakeFiles/mocap_interfaces__rosidl_typesupport_c__pyext.dir/rosidl_generator_py/mocap_interfaces/_mocap_interfaces_s.ep.rosidl_typesupport_c.c.o[0m
[ 92%] [32mBuilding C object CMakeFiles/mocap_interfaces__rosidl_typesupport_introspection_c__pyext.dir/rosidl_generator_py/mocap_interfaces/_mocap_interfaces_s.ep.rosidl_typesupport_introspection_c.c.o[0m
[ 94%] [32m[1mLinking C shared library rosidl_generator_py/mocap_interfaces/mocap_interfaces_s__rosidl_typesupport_c.cpython-38-x86_64-linux-gnu.so[0m
[ 97%] [32m[1mLinking CXX shared library rosidl_generator_py/mocap_interfaces/mocap_interfaces_s__rosidl_typesupport_fastrtps_c.cpython-38-x86_64-linux-gnu.so[0m
[100%] [32m[1mLinking C shared library rosidl_generator_py/mocap_interfaces/mocap_interfaces_s__rosidl_typesupport_introspection_c.cpython-38-x86_64-linux-gnu.so[0m
[100%] Built target mocap_interfaces__rosidl_typesupport_c__pyext
[100%] Built target mocap_interfaces__rosidl_typesupport_introspection_c__pyext
[100%] Built target mocap_interfaces__rosidl_typesupport_fastrtps_c__pyext
-- Install configuration: ""
-- Installing: /home/pietro/Scrivania/TESI/ROS2/MoCap/Ros2MoCap/install/mocap_interfaces/share/ament_index/resource_index/rosidl_interfaces/mocap_interfaces
-- Installing: /home/pietro/Scrivania/TESI/ROS2/MoCap/Ros2MoCap/install/mocap_interfaces/include/mocap_interfaces
-- Installing: /home/pietro/Scrivania/TESI/ROS2/MoCap/Ros2MoCap/install/mocap_interfaces/include/mocap_interfaces/msg
-- Installing: /home/pietro/Scrivania/TESI/ROS2/MoCap/Ros2MoCap/install/mocap_interfaces/include/mocap_interfaces/msg/detail
-- Installing: /home/pietro/Scrivania/TESI/ROS2/MoCap/Ros2MoCap/install/mocap_interfaces/include/mocap_interfaces/msg/detail/rigid_body_array__type_support.h
-- Installing: /home/pietro/Scrivania/TESI/ROS2/MoCap/Ros2MoCap/install/mocap_interfaces/include/mocap_interfaces/msg/detail/rigid_body_array__functions.h
-- Installing: /home/pietro/Scrivania/TESI/ROS2/MoCap/Ros2MoCap/install/mocap_interfaces/include/mocap_interfaces/msg/detail/rigid_body_array__functions.c
-- Installing: /home/pietro/Scrivania/TESI/ROS2/MoCap/Ros2MoCap/install/mocap_interfaces/include/mocap_interfaces/msg/detail/rigid_body__functions.c
-- Installing: /home/pietro/Scrivania/TESI/ROS2/MoCap/Ros2MoCap/install/mocap_interfaces/include/mocap_interfaces/msg/detail/rigid_body__type_support.h
-- Installing: /home/pietro/Scrivania/TESI/ROS2/MoCap/Ros2MoCap/install/mocap_interfaces/include/mocap_interfaces/msg/detail/rigid_body__functions.h
-- Installing: /home/pietro/Scrivania/TESI/ROS2/MoCap/Ros2MoCap/install/mocap_interfaces/include/mocap_interfaces/msg/detail/rigid_body_array__struct.h
-- Installing: /home/pietro/Scrivania/TESI/ROS2/MoCap/Ros2MoCap/install/mocap_interfaces/include/mocap_interfaces/msg/detail/rigid_body__struct.h
-- Installing: /home/pietro/Scrivania/TESI/ROS2/MoCap/Ros2MoCap/install/mocap_interfaces/include/mocap_interfaces/msg/rigid_body_array.h
-- Installing: /home/pietro/Scrivania/TESI/ROS2/MoCap/Ros2MoCap/install/mocap_interfaces/include/mocap_interfaces/msg/rigid_body.h
-- Installing: /home/pietro/Scrivania/TESI/ROS2/MoCap/Ros2MoCap/install/mocap_interfaces/include/mocap_interfaces/msg/rosidl_generator_c__visibility_control.h
-- Installing: /home/pietro/Scrivania/TESI/ROS2/MoCap/Ros2MoCap/install/mocap_interfaces/share/mocap_interfaces/environment/library_path.sh
-- Installing: /home/pietro/Scrivania/TESI/ROS2/MoCap/Ros2MoCap/install/mocap_interfaces/share/mocap_interfaces/environment/library_path.dsv
-- Installing: /home/pietro/Scrivania/TESI/ROS2/MoCap/Ros2MoCap/install/mocap_interfaces/lib/libmocap_interfaces__rosidl_generator_c.so
-- Set runtime path of "/home/pietro/Scrivania/TESI/ROS2/MoCap/Ros2MoCap/install/mocap_interfaces/lib/libmocap_interfaces__rosidl_generator_c.so" to ""
-- Up-to-date: /home/pietro/Scrivania/TESI/ROS2/MoCap/Ros2MoCap/install/mocap_interfaces/include/mocap_interfaces
-- Up-to-date: /home/pietro/Scrivania/TESI/ROS2/MoCap/Ros2MoCap/install/mocap_interfaces/include/mocap_interfaces/msg
-- Up-to-date: /home/pietro/Scrivania/TESI/ROS2/MoCap/Ros2MoCap/install/mocap_interfaces/include/mocap_interfaces/msg/detail
-- Installing: /home/pietro/Scrivania/TESI/ROS2/MoCap/Ros2MoCap/install/mocap_interfaces/include/mocap_interfaces/msg/detail/rigid_body__rosidl_typesupport_fastrtps_c.h
-- Installing: /home/pietro/Scrivania/TESI/ROS2/MoCap/Ros2MoCap/install/mocap_interfaces/include/mocap_interfaces/msg/detail/rigid_body_array__rosidl_typesupport_fastrtps_c.h
-- Installing: /home/pietro/Scrivania/TESI/ROS2/MoCap/Ros2MoCap/install/mocap_interfaces/include/mocap_interfaces/msg/rosidl_typesupport_fastrtps_c__visibility_control.h
-- Installing: /home/pietro/Scrivania/TESI/ROS2/MoCap/Ros2MoCap/install/mocap_interfaces/lib/libmocap_interfaces__rosidl_typesupport_fastrtps_c.so
-- Set runtime path of "/home/pietro/Scrivania/TESI/ROS2/MoCap/Ros2MoCap/install/mocap_interfaces/lib/libmocap_interfaces__rosidl_typesupport_fastrtps_c.so" to ""
-- Up-to-date: /home/pietro/Scrivania/TESI/ROS2/MoCap/Ros2MoCap/install/mocap_interfaces/include/mocap_interfaces
-- Up-to-date: /home/pietro/Scrivania/TESI/ROS2/MoCap/Ros2MoCap/install/mocap_interfaces/include/mocap_interfaces/msg
-- Up-to-date: /home/pietro/Scrivania/TESI/ROS2/MoCap/Ros2MoCap/install/mocap_interfaces/include/mocap_interfaces/msg/detail
-- Installing: /home/pietro/Scrivania/TESI/ROS2/MoCap/Ros2MoCap/install/mocap_interfaces/include/mocap_interfaces/msg/detail/dds_fastrtps
-- Installing: /home/pietro/Scrivania/TESI/ROS2/MoCap/Ros2MoCap/install/mocap_interfaces/include/mocap_interfaces/msg/detail/rigid_body_array__rosidl_typesupport_fastrtps_cpp.hpp
-- Installing: /home/pietro/Scrivania/TESI/ROS2/MoCap/Ros2MoCap/install/mocap_interfaces/include/mocap_interfaces/msg/detail/rigid_body__rosidl_typesupport_fastrtps_cpp.hpp
-- Installing: /home/pietro/Scrivania/TESI/ROS2/MoCap/Ros2MoCap/install/mocap_interfaces/include/mocap_interfaces/msg/rosidl_typesupport_fastrtps_cpp__visibility_control.h
-- Installing: /home/pietro/Scrivania/TESI/ROS2/MoCap/Ros2MoCap/install/mocap_interfaces/lib/libmocap_interfaces__rosidl_typesupport_fastrtps_cpp.so
-- Set runtime path of "/home/pietro/Scrivania/TESI/ROS2/MoCap/Ros2MoCap/install/mocap_interfaces/lib/libmocap_interfaces__rosidl_typesupport_fastrtps_cpp.so" to ""
-- Up-to-date: /home/pietro/Scrivania/TESI/ROS2/MoCap/Ros2MoCap/install/mocap_interfaces/include/mocap_interfaces
-- Up-to-date: /home/pietro/Scrivania/TESI/ROS2/MoCap/Ros2MoCap/install/mocap_interfaces/include/mocap_interfaces/msg
-- Installing: /home/pietro/Scrivania/TESI/ROS2/MoCap/Ros2MoCap/install/mocap_interfaces/include/mocap_interfaces/msg/rosidl_typesupport_introspection_c__visibility_control.h
-- Up-to-date: /home/pietro/Scrivania/TESI/ROS2/MoCap/Ros2MoCap/install/mocap_interfaces/include/mocap_interfaces/msg/detail
-- Installing: /home/pietro/Scrivania/TESI/ROS2/MoCap/Ros2MoCap/install/mocap_interfaces/include/mocap_interfaces/msg/detail/rigid_body__rosidl_typesupport_introspection_c.h
-- Installing: /home/pietro/Scrivania/TESI/ROS2/MoCap/Ros2MoCap/install/mocap_interfaces/include/mocap_interfaces/msg/detail/rigid_body_array__rosidl_typesupport_introspection_c.h
-- Installing: /home/pietro/Scrivania/TESI/ROS2/MoCap/Ros2MoCap/install/mocap_interfaces/include/mocap_interfaces/msg/detail/rigid_body__type_support.c
-- Installing: /home/pietro/Scrivania/TESI/ROS2/MoCap/Ros2MoCap/install/mocap_interfaces/include/mocap_interfaces/msg/detail/rigid_body_array__type_support.c
-- Installing: /home/pietro/Scrivania/TESI/ROS2/MoCap/Ros2MoCap/install/mocap_interfaces/lib/libmocap_interfaces__rosidl_typesupport_introspection_c.so
-- Set runtime path of "/home/pietro/Scrivania/TESI/ROS2/MoCap/Ros2MoCap/install/mocap_interfaces/lib/libmocap_interfaces__rosidl_typesupport_introspection_c.so" to ""
-- Installing: /home/pietro/Scrivania/TESI/ROS2/MoCap/Ros2MoCap/install/mocap_interfaces/lib/libmocap_interfaces__rosidl_typesupport_c.so
-- Set runtime path of "/home/pietro/Scrivania/TESI/ROS2/MoCap/Ros2MoCap/install/mocap_interfaces/lib/libmocap_interfaces__rosidl_typesupport_c.so" to ""
-- Up-to-date: /home/pietro/Scrivania/TESI/ROS2/MoCap/Ros2MoCap/install/mocap_interfaces/include/mocap_interfaces
-- Up-to-date: /home/pietro/Scrivania/TESI/ROS2/MoCap/Ros2MoCap/install/mocap_interfaces/include/mocap_interfaces/msg
-- Up-to-date: /home/pietro/Scrivania/TESI/ROS2/MoCap/Ros2MoCap/install/mocap_interfaces/include/mocap_interfaces/msg/detail
-- Installing: /home/pietro/Scrivania/TESI/ROS2/MoCap/Ros2MoCap/install/mocap_interfaces/include/mocap_interfaces/msg/detail/rigid_body__struct.hpp
-- Installing: /home/pietro/Scrivania/TESI/ROS2/MoCap/Ros2MoCap/install/mocap_interfaces/include/mocap_interfaces/msg/detail/rigid_body__builder.hpp
-- Installing: /home/pietro/Scrivania/TESI/ROS2/MoCap/Ros2MoCap/install/mocap_interfaces/include/mocap_interfaces/msg/detail/rigid_body_array__builder.hpp
-- Installing: /home/pietro/Scrivania/TESI/ROS2/MoCap/Ros2MoCap/install/mocap_interfaces/include/mocap_interfaces/msg/detail/rigid_body_array__traits.hpp
-- Installing: /home/pietro/Scrivania/TESI/ROS2/MoCap/Ros2MoCap/install/mocap_interfaces/include/mocap_interfaces/msg/detail/rigid_body__traits.hpp
-- Installing: /home/pietro/Scrivania/TESI/ROS2/MoCap/Ros2MoCap/install/mocap_interfaces/include/mocap_interfaces/msg/detail/rigid_body_array__struct.hpp
-- Installing: /home/pietro/Scrivania/TESI/ROS2/MoCap/Ros2MoCap/install/mocap_interfaces/include/mocap_interfaces/msg/rigid_body.hpp
-- Installing: /home/pietro/Scrivania/TESI/ROS2/MoCap/Ros2MoCap/install/mocap_interfaces/include/mocap_interfaces/msg/rigid_body_array.hpp
-- Up-to-date: /home/pietro/Scrivania/TESI/ROS2/MoCap/Ros2MoCap/install/mocap_interfaces/include/mocap_interfaces
-- Up-to-date: /home/pietro/Scrivania/TESI/ROS2/MoCap/Ros2MoCap/install/mocap_interfaces/include/mocap_interfaces/msg
-- Up-to-date: /home/pietro/Scrivania/TESI/ROS2/MoCap/Ros2MoCap/install/mocap_interfaces/include/mocap_interfaces/msg/detail
-- Installing: /home/pietro/Scrivania/TESI/ROS2/MoCap/Ros2MoCap/install/mocap_interfaces/include/mocap_interfaces/msg/detail/rigid_body__type_support.cpp
-- Installing: /home/pietro/Scrivania/TESI/ROS2/MoCap/Ros2MoCap/install/mocap_interfaces/include/mocap_interfaces/msg/detail/rigid_body_array__type_support.cpp
-- Installing: /home/pietro/Scrivania/TESI/ROS2/MoCap/Ros2MoCap/install/mocap_interfaces/include/mocap_interfaces/msg/detail/rigid_body__rosidl_typesupport_introspection_cpp.hpp
-- Installing: /home/pietro/Scrivania/TESI/ROS2/MoCap/Ros2MoCap/install/mocap_interfaces/include/mocap_interfaces/msg/detail/rigid_body_array__rosidl_typesupport_introspection_cpp.hpp
-- Installing: /home/pietro/Scrivania/TESI/ROS2/MoCap/Ros2MoCap/install/mocap_interfaces/lib/libmocap_interfaces__rosidl_typesupport_introspection_cpp.so
-- Set runtime path of "/home/pietro/Scrivania/TESI/ROS2/MoCap/Ros2MoCap/install/mocap_interfaces/lib/libmocap_interfaces__rosidl_typesupport_introspection_cpp.so" to ""
-- Installing: /home/pietro/Scrivania/TESI/ROS2/MoCap/Ros2MoCap/install/mocap_interfaces/lib/libmocap_interfaces__rosidl_typesupport_cpp.so
-- Set runtime path of "/home/pietro/Scrivania/TESI/ROS2/MoCap/Ros2MoCap/install/mocap_interfaces/lib/libmocap_interfaces__rosidl_typesupport_cpp.so" to ""
-- Installing: /home/pietro/Scrivania/TESI/ROS2/MoCap/Ros2MoCap/install/mocap_interfaces/share/mocap_interfaces/environment/pythonpath.sh
-- Installing: /home/pietro/Scrivania/TESI/ROS2/MoCap/Ros2MoCap/install/mocap_interfaces/share/mocap_interfaces/environment/pythonpath.dsv
-- Installing: /home/pietro/Scrivania/TESI/ROS2/MoCap/Ros2MoCap/install/mocap_interfaces/lib/python3.8/site-packages/mocap_interfaces/__init__.py
Compiling '/home/pietro/Scrivania/TESI/ROS2/MoCap/Ros2MoCap/install/mocap_interfaces/lib/python3.8/site-packages/mocap_interfaces/__init__.py'...
-- Installing: /home/pietro/Scrivania/TESI/ROS2/MoCap/Ros2MoCap/install/mocap_interfaces/lib/python3.8/site-packages/mocap_interfaces/msg
-- Installing: /home/pietro/Scrivania/TESI/ROS2/MoCap/Ros2MoCap/install/mocap_interfaces/lib/python3.8/site-packages/mocap_interfaces/msg/_rigid_body_s.c
-- Installing: /home/pietro/Scrivania/TESI/ROS2/MoCap/Ros2MoCap/install/mocap_interfaces/lib/python3.8/site-packages/mocap_interfaces/msg/_rigid_body.py
-- Installing: /home/pietro/Scrivania/TESI/ROS2/MoCap/Ros2MoCap/install/mocap_interfaces/lib/python3.8/site-packages/mocap_interfaces/msg/__init__.py
-- Installing: /home/pietro/Scrivania/TESI/ROS2/MoCap/Ros2MoCap/install/mocap_interfaces/lib/python3.8/site-packages/mocap_interfaces/msg/_rigid_body_array_s.c
-- Installing: /home/pietro/Scrivania/TESI/ROS2/MoCap/Ros2MoCap/install/mocap_interfaces/lib/python3.8/site-packages/mocap_interfaces/msg/_rigid_body_array.py
-- Installing: /home/pietro/Scrivania/TESI/ROS2/MoCap/Ros2MoCap/install/mocap_interfaces/lib/python3.8/site-packages/mocap_interfaces/mocap_interfaces_s__rosidl_typesupport_fastrtps_c.cpython-38-x86_64-linux-gnu.so
-- Set runtime path of "/home/pietro/Scrivania/TESI/ROS2/MoCap/Ros2MoCap/install/mocap_interfaces/lib/python3.8/site-packages/mocap_interfaces/mocap_interfaces_s__rosidl_typesupport_fastrtps_c.cpython-38-x86_64-linux-gnu.so" to ""
-- Installing: /home/pietro/Scrivania/TESI/ROS2/MoCap/Ros2MoCap/install/mocap_interfaces/lib/python3.8/site-packages/mocap_interfaces/mocap_interfaces_s__rosidl_typesupport_introspection_c.cpython-38-x86_64-linux-gnu.so
-- Set runtime path of "/home/pietro/Scrivania/TESI/ROS2/MoCap/Ros2MoCap/install/mocap_interfaces/lib/python3.8/site-packages/mocap_interfaces/mocap_interfaces_s__rosidl_typesupport_introspection_c.cpython-38-x86_64-linux-gnu.so" to ""
-- Installing: /home/pietro/Scrivania/TESI/ROS2/MoCap/Ros2MoCap/install/mocap_interfaces/lib/python3.8/site-packages/mocap_interfaces/mocap_interfaces_s__rosidl_typesupport_c.cpython-38-x86_64-linux-gnu.so
-- Set runtime path of "/home/pietro/Scrivania/TESI/ROS2/MoCap/Ros2MoCap/install/mocap_interfaces/lib/python3.8/site-packages/mocap_interfaces/mocap_interfaces_s__rosidl_typesupport_c.cpython-38-x86_64-linux-gnu.so" to ""
-- Installing: /home/pietro/Scrivania/TESI/ROS2/MoCap/Ros2MoCap/install/mocap_interfaces/lib/libmocap_interfaces__python.so
-- Set runtime path of "/home/pietro/Scrivania/TESI/ROS2/MoCap/Ros2MoCap/install/mocap_interfaces/lib/libmocap_interfaces__python.so" to ""
-- Installing: /home/pietro/Scrivania/TESI/ROS2/MoCap/Ros2MoCap/install/mocap_interfaces/share/mocap_interfaces/msg/RigidBody.idl
-- Installing: /home/pietro/Scrivania/TESI/ROS2/MoCap/Ros2MoCap/install/mocap_interfaces/share/mocap_interfaces/msg/RigidBodyArray.idl
-- Installing: /home/pietro/Scrivania/TESI/ROS2/MoCap/Ros2MoCap/install/mocap_interfaces/share/mocap_interfaces/msg/RigidBody.msg
-- Installing: /home/pietro/Scrivania/TESI/ROS2/MoCap/Ros2MoCap/install/mocap_interfaces/share/mocap_interfaces/msg/RigidBodyArray.msg
-- Installing: /home/pietro/Scrivania/TESI/ROS2/MoCap/Ros2MoCap/install/mocap_interfaces/share/ament_index/resource_index/package_run_dependencies/mocap_interfaces
-- Installing: /home/pietro/Scrivania/TESI/ROS2/MoCap/Ros2MoCap/install/mocap_interfaces/share/ament_index/resource_index/parent_prefix_path/mocap_interfaces
-- Installing: /home/pietro/Scrivania/TESI/ROS2/MoCap/Ros2MoCap/install/mocap_interfaces/share/mocap_interfaces/environment/ament_prefix_path.sh
-- Installing: /home/pietro/Scrivania/TESI/ROS2/MoCap/Ros2MoCap/install/mocap_interfaces/share/mocap_interfaces/environment/ament_prefix_path.dsv
-- Installing: /home/pietro/Scrivania/TESI/ROS2/MoCap/Ros2MoCap/install/mocap_interfaces/share/mocap_interfaces/environment/path.sh
-- Installing: /home/pietro/Scrivania/TESI/ROS2/MoCap/Ros2MoCap/install/mocap_interfaces/share/mocap_interfaces/environment/path.dsv
-- Installing: /home/pietro/Scrivania/TESI/ROS2/MoCap/Ros2MoCap/install/mocap_interfaces/share/mocap_interfaces/local_setup.bash
-- Installing: /home/pietro/Scrivania/TESI/ROS2/MoCap/Ros2MoCap/install/mocap_interfaces/share/mocap_interfaces/local_setup.sh
-- Installing: /home/pietro/Scrivania/TESI/ROS2/MoCap/Ros2MoCap/install/mocap_interfaces/share/mocap_interfaces/local_setup.zsh
-- Installing: /home/pietro/Scrivania/TESI/ROS2/MoCap/Ros2MoCap/install/mocap_interfaces/share/mocap_interfaces/local_setup.dsv
-- Installing: /home/pietro/Scrivania/TESI/ROS2/MoCap/Ros2MoCap/install/mocap_interfaces/share/mocap_interfaces/package.dsv
-- Installing: /home/pietro/Scrivania/TESI/ROS2/MoCap/Ros2MoCap/install/mocap_interfaces/share/ament_index/resource_index/packages/mocap_interfaces
-- Installing: /home/pietro/Scrivania/TESI/ROS2/MoCap/Ros2MoCap/install/mocap_interfaces/share/mocap_interfaces/cmake/mocap_interfaces__rosidl_generator_cExport.cmake
-- Installing: /home/pietro/Scrivania/TESI/ROS2/MoCap/Ros2MoCap/install/mocap_interfaces/share/mocap_interfaces/cmake/mocap_interfaces__rosidl_generator_cExport-noconfig.cmake
-- Installing: /home/pietro/Scrivania/TESI/ROS2/MoCap/Ros2MoCap/install/mocap_interfaces/share/mocap_interfaces/cmake/mocap_interfaces__rosidl_typesupport_introspection_cExport.cmake
-- Installing: /home/pietro/Scrivania/TESI/ROS2/MoCap/Ros2MoCap/install/mocap_interfaces/share/mocap_interfaces/cmake/mocap_interfaces__rosidl_typesupport_introspection_cExport-noconfig.cmake
-- Installing: /home/pietro/Scrivania/TESI/ROS2/MoCap/Ros2MoCap/install/mocap_interfaces/share/mocap_interfaces/cmake/mocap_interfaces__rosidl_typesupport_cExport.cmake
-- Installing: /home/pietro/Scrivania/TESI/ROS2/MoCap/Ros2MoCap/install/mocap_interfaces/share/mocap_interfaces/cmake/mocap_interfaces__rosidl_typesupport_cExport-noconfig.cmake
-- Installing: /home/pietro/Scrivania/TESI/ROS2/MoCap/Ros2MoCap/install/mocap_interfaces/share/mocap_interfaces/cmake/mocap_interfaces__rosidl_generator_cppExport.cmake
-- Installing: /home/pietro/Scrivania/TESI/ROS2/MoCap/Ros2MoCap/install/mocap_interfaces/share/mocap_interfaces/cmake/mocap_interfaces__rosidl_typesupport_introspection_cppExport.cmake
-- Installing: /home/pietro/Scrivania/TESI/ROS2/MoCap/Ros2MoCap/install/mocap_interfaces/share/mocap_interfaces/cmake/mocap_interfaces__rosidl_typesupport_introspection_cppExport-noconfig.cmake
-- Installing: /home/pietro/Scrivania/TESI/ROS2/MoCap/Ros2MoCap/install/mocap_interfaces/share/mocap_interfaces/cmake/mocap_interfaces__rosidl_typesupport_cppExport.cmake
-- Installing: /home/pietro/Scrivania/TESI/ROS2/MoCap/Ros2MoCap/install/mocap_interfaces/share/mocap_interfaces/cmake/mocap_interfaces__rosidl_typesupport_cppExport-noconfig.cmake
-- Installing: /home/pietro/Scrivania/TESI/ROS2/MoCap/Ros2MoCap/install/mocap_interfaces/share/mocap_interfaces/cmake/rosidl_cmake-extras.cmake
-- Installing: /home/pietro/Scrivania/TESI/ROS2/MoCap/Ros2MoCap/install/mocap_interfaces/share/mocap_interfaces/cmake/ament_cmake_export_dependencies-extras.cmake
-- Installing: /home/pietro/Scrivania/TESI/ROS2/MoCap/Ros2MoCap/install/mocap_interfaces/share/mocap_interfaces/cmake/ament_cmake_export_libraries-extras.cmake
-- Installing: /home/pietro/Scrivania/TESI/ROS2/MoCap/Ros2MoCap/install/mocap_interfaces/share/mocap_interfaces/cmake/ament_cmake_export_targets-extras.cmake
-- Installing: /home/pietro/Scrivania/TESI/ROS2/MoCap/Ros2MoCap/install/mocap_interfaces/share/mocap_interfaces/cmake/ament_cmake_export_include_directories-extras.cmake
-- Installing: /home/pietro/Scrivania/TESI/ROS2/MoCap/Ros2MoCap/install/mocap_interfaces/share/mocap_interfaces/cmake/rosidl_cmake_export_typesupport_libraries-extras.cmake
-- Installing: /home/pietro/Scrivania/TESI/ROS2/MoCap/Ros2MoCap/install/mocap_interfaces/share/mocap_interfaces/cmake/rosidl_cmake_export_typesupport_targets-extras.cmake
-- Installing: /home/pietro/Scrivania/TESI/ROS2/MoCap/Ros2MoCap/install/mocap_interfaces/share/mocap_interfaces/cmake/mocap_interfacesConfig.cmake
-- Installing: /home/pietro/Scrivania/TESI/ROS2/MoCap/Ros2MoCap/install/mocap_interfaces/share/mocap_interfaces/cmake/mocap_interfacesConfig-version.cmake
-- Installing: /home/pietro/Scrivania/TESI/ROS2/MoCap/Ros2MoCap/install/mocap_interfaces/share/mocap_interfaces/package.xml
