[0.013s] Invoking command in '/home/pietro/Scrivania/TESI/ROS2/MoCap/Ros2MoCap/build/world_to_base': AMENT_PREFIX_PATH=/home/pietro/Scrivania/TESI/ROS2/MoCap/Ros2MoCap/install/mocap_interfaces:${AMENT_PREFIX_PATH} CMAKE_PREFIX_PATH=/home/pietro/Scrivania/TESI/ROS2/MoCap/Ros2MoCap/install/mocap_interfaces:/opt/ros/foxy LD_LIBRARY_PATH=/home/pietro/Scrivania/TESI/ROS2/MoCap/Ros2MoCap/install/mocap_interfaces/lib:${LD_LIBRARY_PATH} PYTHONPATH=/home/pietro/Scrivania/TESI/ROS2/MoCap/Ros2MoCap/install/mocap_interfaces/lib/python3.8/site-packages:${PYTHONPATH} /usr/bin/cmake --build /home/pietro/Scrivania/TESI/ROS2/MoCap/Ros2MoCap/build/world_to_base -- -j8 -l8
[0.048s] [35m[1mScanning dependencies of target world_to_base[0m
[0.079s] [ 50%] [32mBuilding CXX object CMakeFiles/world_to_base.dir/src/WorldToBase.cpp.o[0m
[1.689s] [01m[K/home/pietro/Scrivania/TESI/ROS2/MoCap/Ros2MoCap/src/world_to_base/src/WorldToBase.cpp:[m[K In member function ‘[01m[Kvoid WorldToBase::rigid_body_topic_callback(mocap_interfaces::msg::RigidBodyArray_<std::allocator<void> >::SharedPtr) const[m[K’:
[1.690s] [01m[K/home/pietro/Scrivania/TESI/ROS2/MoCap/Ros2MoCap/src/world_to_base/src/WorldToBase.cpp:18:21:[m[K [01;35m[Kwarning: [m[Kcomparison of integer expressions of different signedness: ‘[01m[Kint[m[K’ and ‘[01m[Kstd::vector<mocap_interfaces::msg::RigidBody_<std::allocator<void> >, std::allocator<mocap_interfaces::msg::RigidBody_<std::allocator<void> > > >::size_type[m[K’ {aka ‘[01m[Klong unsigned int[m[K’} [[01;35m[K-Wsign-compare[m[K]
[1.690s]    18 |   for (int i = 0; [01;35m[Ki < msg->rigid_bodies.size()[m[K; i++)
[1.690s]       |                   [01;35m[K~~^~~~~~~~~~~~~~~~~~~~~~~~~~[m[K
[1.690s] [01m[K/home/pietro/Scrivania/TESI/ROS2/MoCap/Ros2MoCap/src/world_to_base/src/WorldToBase.cpp:23:33:[m[K [01;31m[Kerror: [m[Kpassing ‘[01m[Kconst WorldToBase[m[K’ as ‘[01m[Kthis[m[K’ argument discards qualifiers [[01;31m[K-fpermissive[m[K]
[1.690s]    23 |   WorldToBase::transformPose(msg[01;31m[K)[m[K;
[1.690s]       |                                 [01;31m[K^[m[K
[1.690s] In file included from [01m[K/home/pietro/Scrivania/TESI/ROS2/MoCap/Ros2MoCap/src/world_to_base/src/WorldToBase.cpp:1[m[K:
[1.690s] [01m[K/home/pietro/Scrivania/TESI/ROS2/MoCap/Ros2MoCap/src/world_to_base/include/WorldToBase.h:18:10:[m[K [01;36m[Knote: [m[K  in call to ‘[01m[Kvoid WorldToBase::transformPose(mocap_interfaces::msg::RigidBodyArray_<std::allocator<void> >::SharedPtr)[m[K’
[1.690s]    18 |     void [01;36m[KtransformPose[m[K(const mocap_interfaces::msg::RigidBodyArray::SharedPtr msg);
[1.690s]       |          [01;36m[K^~~~~~~~~~~~~[m[K
[1.690s] [01m[K/home/pietro/Scrivania/TESI/ROS2/MoCap/Ros2MoCap/src/world_to_base/src/WorldToBase.cpp:[m[K In member function ‘[01m[Kvoid WorldToBase::transformPose(mocap_interfaces::msg::RigidBodyArray_<std::allocator<void> >::SharedPtr)[m[K’:
[1.690s] [01m[K/home/pietro/Scrivania/TESI/ROS2/MoCap/Ros2MoCap/src/world_to_base/src/WorldToBase.cpp:31:21:[m[K [01;35m[Kwarning: [m[Kcomparison of integer expressions of different signedness: ‘[01m[Kint[m[K’ and ‘[01m[Kstd::vector<mocap_interfaces::msg::RigidBody_<std::allocator<void> >, std::allocator<mocap_interfaces::msg::RigidBody_<std::allocator<void> > > >::size_type[m[K’ {aka ‘[01m[Klong unsigned int[m[K’} [[01;35m[K-Wsign-compare[m[K]
[1.690s]    31 |   for (int i = 0; [01;35m[Ki < msg->rigid_bodies.size()[m[K; i++)
[1.691s]       |                   [01;35m[K~~^~~~~~~~~~~~~~~~~~~~~~~~~~[m[K
[2.619s] make[2]: *** [CMakeFiles/world_to_base.dir/build.make:63: CMakeFiles/world_to_base.dir/src/WorldToBase.cpp.o] Error 1
[2.620s] make[1]: *** [CMakeFiles/Makefile2:78: CMakeFiles/world_to_base.dir/all] Error 2
[2.620s] make: *** [Makefile:141: all] Error 2
[2.621s] Invoked command in '/home/pietro/Scrivania/TESI/ROS2/MoCap/Ros2MoCap/build/world_to_base' returned '2': AMENT_PREFIX_PATH=/home/pietro/Scrivania/TESI/ROS2/MoCap/Ros2MoCap/install/mocap_interfaces:${AMENT_PREFIX_PATH} CMAKE_PREFIX_PATH=/home/pietro/Scrivania/TESI/ROS2/MoCap/Ros2MoCap/install/mocap_interfaces:/opt/ros/foxy LD_LIBRARY_PATH=/home/pietro/Scrivania/TESI/ROS2/MoCap/Ros2MoCap/install/mocap_interfaces/lib:${LD_LIBRARY_PATH} PYTHONPATH=/home/pietro/Scrivania/TESI/ROS2/MoCap/Ros2MoCap/install/mocap_interfaces/lib/python3.8/site-packages:${PYTHONPATH} /usr/bin/cmake --build /home/pietro/Scrivania/TESI/ROS2/MoCap/Ros2MoCap/build/world_to_base -- -j8 -l8
