[01m[K/home/pietro/Scrivania/TESI/ROS2/MoCap/Ros2MoCap/src/mocap/src/MoCap.cpp:[m[K In member function ‘[01m[Kvoid MoCap::sendRigidBodyMessage(std::vector<float>&, std::vector<bool>&, std::vector<float>&, std::vector<float>&, std::vector<float>&, std::vector<float>&, std::vector<float>&, std::vector<float>&, std::vector<float>&, std::vector<float>&)[m[K’:
[01m[K/home/pietro/Scrivania/TESI/ROS2/MoCap/Ros2MoCap/src/mocap/src/MoCap.cpp:18:39:[m[K [01;35m[Kwarning: [m[Kformat ‘[01m[K%d[m[K’ expects argument of type ‘[01m[Kint[m[K’, but argument 2 has type ‘[01m[Kstd::vector<float>::size_type[m[K’ {aka ‘[01m[Klong unsigned int[m[K’} [[01;35m[K-Wformat=[m[K]
   18 |   printf("Sending message containing [01;35m[K%d[m[K Rigid Bodies.", [32m[KID.size()[m[K);
      |                                      [01;35m[K~^[m[K                 [32m[K~~~~~~~~~[m[K
      |                                       [01;35m[K|[m[K                        [32m[K|[m[K
      |                                       [01;35m[Kint[m[K                      [32m[Kstd::vector<float>::size_type {aka long unsigned int}[m[K
      |                                      [32m[K%ld[m[K
[01m[K/home/pietro/Scrivania/TESI/ROS2/MoCap/Ros2MoCap/src/mocap/src/MoCap.cpp:16:67:[m[K [01;35m[Kwarning: [m[Kunused parameter ‘[01m[KbTrackingValid[m[K’ [[01;35m[K-Wunused-parameter[m[K]
   16 | MoCap::sendRigidBodyMessage(vector<float> &ID, [01;35m[Kvector<bool> &bTrackingValid[m[K, vector<float> &meanError, vector<float> &x, vector<float> &y, vector<float> &z, vector<float> &qx, vector<float> &qy, vector<float> &qz, vector<float> &qw)
      |                                                [01;35m[K~~~~~~~~~~~~~~^~~~~~~~~~~~~~[m[K

[01m[K/home/pietro/Scrivania/TESI/ROS2/MoCap/Ros2MoCap/src/mocap/src/MoCap.cpp:16:98:[m[K [01;35m[Kwarning: [m[Kunused parameter ‘[01m[KmeanError[m[K’ [[01;35m[K-Wunused-parameter[m[K]
   16 | tor<float> &ID, vector<bool> &bTrackingValid, [01;35m[Kvector<float> &meanError[m[K, vector<float> &x, vector<float> &y, vector<float> &z, vector<float> &qx, vector<float> &qy, vector<float> &qz, vector<float> &qw)
      |                                               [01;35m[K~~~~~~~~~~~~~~~^~~~~~~~~[m[K

[01m[K/home/pietro/Scrivania/TESI/ROS2/MoCap/Ros2MoCap/src/mocap/src/MoCap.cpp:16:124:[m[K [01;35m[Kwarning: [m[Kunused parameter ‘[01m[Kx[m[K’ [[01;35m[K-Wunused-parameter[m[K]
   16 | l> &bTrackingValid, vector<float> &meanError, [01;35m[Kvector<float> &x[m[K, vector<float> &y, vector<float> &z, vector<float> &qx, vector<float> &qy, vector<float> &qz, vector<float> &qw)
      |                                               [01;35m[K~~~~~~~~~~~~~~~^[m[K

[01m[K/home/pietro/Scrivania/TESI/ROS2/MoCap/Ros2MoCap/src/mocap/src/MoCap.cpp:16:142:[m[K [01;35m[Kwarning: [m[Kunused parameter ‘[01m[Ky[m[K’ [[01;35m[K-Wunused-parameter[m[K]
   16 | , vector<float> &meanError, vector<float> &x, [01;35m[Kvector<float> &y[m[K, vector<float> &z, vector<float> &qx, vector<float> &qy, vector<float> &qz, vector<float> &qw)
      |                                               [01;35m[K~~~~~~~~~~~~~~~^[m[K

[01m[K/home/pietro/Scrivania/TESI/ROS2/MoCap/Ros2MoCap/src/mocap/src/MoCap.cpp:16:160:[m[K [01;35m[Kwarning: [m[Kunused parameter ‘[01m[Kz[m[K’ [[01;35m[K-Wunused-parameter[m[K]
   16 | eanError, vector<float> &x, vector<float> &y, [01;35m[Kvector<float> &z[m[K, vector<float> &qx, vector<float> &qy, vector<float> &qz, vector<float> &qw)
      |                                               [01;35m[K~~~~~~~~~~~~~~~^[m[K

[01m[K/home/pietro/Scrivania/TESI/ROS2/MoCap/Ros2MoCap/src/mocap/src/MoCap.cpp:16:178:[m[K [01;35m[Kwarning: [m[Kunused parameter ‘[01m[Kqx[m[K’ [[01;35m[K-Wunused-parameter[m[K]
   16 | loat> &x, vector<float> &y, vector<float> &z, [01;35m[Kvector<float> &qx[m[K, vector<float> &qy, vector<float> &qz, vector<float> &qw)
      |                                               [01;35m[K~~~~~~~~~~~~~~~^~[m[K

[01m[K/home/pietro/Scrivania/TESI/ROS2/MoCap/Ros2MoCap/src/mocap/src/MoCap.cpp:16:197:[m[K [01;35m[Kwarning: [m[Kunused parameter ‘[01m[Kqy[m[K’ [[01;35m[K-Wunused-parameter[m[K]
   16 | oat> &y, vector<float> &z, vector<float> &qx, [01;35m[Kvector<float> &qy[m[K, vector<float> &qz, vector<float> &qw)
      |                                               [01;35m[K~~~~~~~~~~~~~~~^~[m[K

[01m[K/home/pietro/Scrivania/TESI/ROS2/MoCap/Ros2MoCap/src/mocap/src/MoCap.cpp:16:216:[m[K [01;35m[Kwarning: [m[Kunused parameter ‘[01m[Kqz[m[K’ [[01;35m[K-Wunused-parameter[m[K]
   16 | at> &z, vector<float> &qx, vector<float> &qy, [01;35m[Kvector<float> &qz[m[K, vector<float> &qw)
      |                                               [01;35m[K~~~~~~~~~~~~~~~^~[m[K

[01m[K/home/pietro/Scrivania/TESI/ROS2/MoCap/Ros2MoCap/src/mocap/src/MoCap.cpp:16:235:[m[K [01;35m[Kwarning: [m[Kunused parameter ‘[01m[Kqw[m[K’ [[01;35m[K-Wunused-parameter[m[K]
   16 | t> &qx, vector<float> &qy, vector<float> &qz, [01;35m[Kvector<float> &qw[m[K)
      |                                               [01;35m[K~~~~~~~~~~~~~~~^~[m[K

