[0.013s] Invoking command in '/home/pietro/Scrivania/TESI/ROS2/MoCap/Ros2MoCap/build/mocap': CMAKE_PREFIX_PATH=/opt/ros/foxy /usr/bin/cmake --build /home/pietro/Scrivania/TESI/ROS2/MoCap/Ros2MoCap/build/mocap -- -j8 -l8
[0.043s] [35m[1mScanning dependencies of target mocap[0m
[0.052s] [ 33%] [32mBuilding CXX object CMakeFiles/mocap.dir/src/MoCap.cpp.o[0m
[0.229s] [01m[K/home/pietro/Scrivania/TESI/ROS2/MoCap/Ros2MoCap/src/mocap/src/MoCap.cpp:[m[K In member function ‘[01m[Kvoid MoCap::sendRigidBodyMessage(std::vector<float>&, std::vector<bool>&, std::vector<float>&, std::vector<float>&, std::vector<float>&, std::vector<float>&, std::vector<float>&, std::vector<float>&, std::vector<float>&, std::vector<float>&)[m[K’:
[0.229s] [01m[K/home/pietro/Scrivania/TESI/ROS2/MoCap/Ros2MoCap/src/mocap/src/MoCap.cpp:18:39:[m[K [01;35m[Kwarning: [m[Kformat ‘[01m[K%d[m[K’ expects argument of type ‘[01m[Kint[m[K’, but argument 2 has type ‘[01m[Kstd::vector<float>::size_type[m[K’ {aka ‘[01m[Klong unsigned int[m[K’} [[01;35m[K-Wformat=[m[K]
[0.229s]    18 |   printf("Sending message containing [01;35m[K%d[m[K Rigid Bodies.", [32m[KID.size()[m[K);
[0.230s]       |                                      [01;35m[K~^[m[K                 [32m[K~~~~~~~~~[m[K
[0.230s]       |                                       [01;35m[K|[m[K                        [32m[K|[m[K
[0.230s]       |                                       [01;35m[Kint[m[K                      [32m[Kstd::vector<float>::size_type {aka long unsigned int}[m[K
[0.230s]       |                                      [32m[K%ld[m[K
[0.230s] [01m[K/home/pietro/Scrivania/TESI/ROS2/MoCap/Ros2MoCap/src/mocap/src/MoCap.cpp:16:67:[m[K [01;35m[Kwarning: [m[Kunused parameter ‘[01m[KbTrackingValid[m[K’ [[01;35m[K-Wunused-parameter[m[K]
[0.230s]    16 | MoCap::sendRigidBodyMessage(vector<float> &ID, [01;35m[Kvector<bool> &bTrackingValid[m[K, vector<float> &meanError, vector<float> &x, vector<float> &y, vector<float> &z, vector<float> &qx, vector<float> &qy, vector<float> &qz, vector<float> &qw)
[0.230s]       |                                                [01;35m[K~~~~~~~~~~~~~~^~~~~~~~~~~~~~[m[K
[0.230s] 
[0.230s] [01m[K/home/pietro/Scrivania/TESI/ROS2/MoCap/Ros2MoCap/src/mocap/src/MoCap.cpp:16:98:[m[K [01;35m[Kwarning: [m[Kunused parameter ‘[01m[KmeanError[m[K’ [[01;35m[K-Wunused-parameter[m[K]
[0.230s]    16 | tor<float> &ID, vector<bool> &bTrackingValid, [01;35m[Kvector<float> &meanError[m[K, vector<float> &x, vector<float> &y, vector<float> &z, vector<float> &qx, vector<float> &qy, vector<float> &qz, vector<float> &qw)
[0.230s]       |                                               [01;35m[K~~~~~~~~~~~~~~~^~~~~~~~~[m[K
[0.230s] 
[0.230s] [01m[K/home/pietro/Scrivania/TESI/ROS2/MoCap/Ros2MoCap/src/mocap/src/MoCap.cpp:16:124:[m[K [01;35m[Kwarning: [m[Kunused parameter ‘[01m[Kx[m[K’ [[01;35m[K-Wunused-parameter[m[K]
[0.230s]    16 | l> &bTrackingValid, vector<float> &meanError, [01;35m[Kvector<float> &x[m[K, vector<float> &y, vector<float> &z, vector<float> &qx, vector<float> &qy, vector<float> &qz, vector<float> &qw)
[0.230s]       |                                               [01;35m[K~~~~~~~~~~~~~~~^[m[K
[0.230s] 
[0.230s] [01m[K/home/pietro/Scrivania/TESI/ROS2/MoCap/Ros2MoCap/src/mocap/src/MoCap.cpp:16:142:[m[K [01;35m[Kwarning: [m[Kunused parameter ‘[01m[Ky[m[K’ [[01;35m[K-Wunused-parameter[m[K]
[0.230s]    16 | , vector<float> &meanError, vector<float> &x, [01;35m[Kvector<float> &y[m[K, vector<float> &z, vector<float> &qx, vector<float> &qy, vector<float> &qz, vector<float> &qw)
[0.231s]       |                                               [01;35m[K~~~~~~~~~~~~~~~^[m[K
[0.231s] 
[0.231s] [01m[K/home/pietro/Scrivania/TESI/ROS2/MoCap/Ros2MoCap/src/mocap/src/MoCap.cpp:16:160:[m[K [01;35m[Kwarning: [m[Kunused parameter ‘[01m[Kz[m[K’ [[01;35m[K-Wunused-parameter[m[K]
[0.231s]    16 | eanError, vector<float> &x, vector<float> &y, [01;35m[Kvector<float> &z[m[K, vector<float> &qx, vector<float> &qy, vector<float> &qz, vector<float> &qw)
[0.231s]       |                                               [01;35m[K~~~~~~~~~~~~~~~^[m[K
[0.231s] 
[0.231s] [01m[K/home/pietro/Scrivania/TESI/ROS2/MoCap/Ros2MoCap/src/mocap/src/MoCap.cpp:16:178:[m[K [01;35m[Kwarning: [m[Kunused parameter ‘[01m[Kqx[m[K’ [[01;35m[K-Wunused-parameter[m[K]
[0.231s]    16 | loat> &x, vector<float> &y, vector<float> &z, [01;35m[Kvector<float> &qx[m[K, vector<float> &qy, vector<float> &qz, vector<float> &qw)
[0.231s]       |                                               [01;35m[K~~~~~~~~~~~~~~~^~[m[K
[0.231s] 
[0.231s] [01m[K/home/pietro/Scrivania/TESI/ROS2/MoCap/Ros2MoCap/src/mocap/src/MoCap.cpp:16:197:[m[K [01;35m[Kwarning: [m[Kunused parameter ‘[01m[Kqy[m[K’ [[01;35m[K-Wunused-parameter[m[K]
[0.231s]    16 | oat> &y, vector<float> &z, vector<float> &qx, [01;35m[Kvector<float> &qy[m[K, vector<float> &qz, vector<float> &qw)
[0.231s]       |                                               [01;35m[K~~~~~~~~~~~~~~~^~[m[K
[0.231s] 
[0.231s] [01m[K/home/pietro/Scrivania/TESI/ROS2/MoCap/Ros2MoCap/src/mocap/src/MoCap.cpp:16:216:[m[K [01;35m[Kwarning: [m[Kunused parameter ‘[01m[Kqz[m[K’ [[01;35m[K-Wunused-parameter[m[K]
[0.232s]    16 | at> &z, vector<float> &qx, vector<float> &qy, [01;35m[Kvector<float> &qz[m[K, vector<float> &qw)
[0.232s]       |                                               [01;35m[K~~~~~~~~~~~~~~~^~[m[K
[0.232s] 
[0.232s] [01m[K/home/pietro/Scrivania/TESI/ROS2/MoCap/Ros2MoCap/src/mocap/src/MoCap.cpp:16:235:[m[K [01;35m[Kwarning: [m[Kunused parameter ‘[01m[Kqw[m[K’ [[01;35m[K-Wunused-parameter[m[K]
[0.232s]    16 | t> &qx, vector<float> &qy, vector<float> &qz, [01;35m[Kvector<float> &qw[m[K)
[0.232s]       |                                               [01;35m[K~~~~~~~~~~~~~~~^~[m[K
[0.232s] 
[0.269s] [ 66%] [32m[1mLinking CXX executable mocap[0m
[0.338s] [100%] Built target mocap
[0.347s] Invoked command in '/home/pietro/Scrivania/TESI/ROS2/MoCap/Ros2MoCap/build/mocap' returned '0': CMAKE_PREFIX_PATH=/opt/ros/foxy /usr/bin/cmake --build /home/pietro/Scrivania/TESI/ROS2/MoCap/Ros2MoCap/build/mocap -- -j8 -l8
[0.377s] Invoking command in '/home/pietro/Scrivania/TESI/ROS2/MoCap/Ros2MoCap/build/mocap': CMAKE_PREFIX_PATH=/opt/ros/foxy /usr/bin/cmake --install /home/pietro/Scrivania/TESI/ROS2/MoCap/Ros2MoCap/build/mocap
[0.383s] -- Install configuration: ""
[0.384s] -- Installing: /home/pietro/Scrivania/TESI/ROS2/MoCap/Ros2MoCap/install/mocap/lib/mocap/mocap
[0.384s] -- Set runtime path of "/home/pietro/Scrivania/TESI/ROS2/MoCap/Ros2MoCap/install/mocap/lib/mocap/mocap" to ""
[0.384s] -- Up-to-date: /home/pietro/Scrivania/TESI/ROS2/MoCap/Ros2MoCap/install/mocap/share/ament_index/resource_index/package_run_dependencies/mocap
[0.384s] -- Up-to-date: /home/pietro/Scrivania/TESI/ROS2/MoCap/Ros2MoCap/install/mocap/share/ament_index/resource_index/parent_prefix_path/mocap
[0.384s] -- Up-to-date: /home/pietro/Scrivania/TESI/ROS2/MoCap/Ros2MoCap/install/mocap/share/mocap/environment/ament_prefix_path.sh
[0.384s] -- Up-to-date: /home/pietro/Scrivania/TESI/ROS2/MoCap/Ros2MoCap/install/mocap/share/mocap/environment/ament_prefix_path.dsv
[0.384s] -- Up-to-date: /home/pietro/Scrivania/TESI/ROS2/MoCap/Ros2MoCap/install/mocap/share/mocap/environment/path.sh
[0.384s] -- Up-to-date: /home/pietro/Scrivania/TESI/ROS2/MoCap/Ros2MoCap/install/mocap/share/mocap/environment/path.dsv
[0.384s] -- Up-to-date: /home/pietro/Scrivania/TESI/ROS2/MoCap/Ros2MoCap/install/mocap/share/mocap/local_setup.bash
[0.384s] -- Up-to-date: /home/pietro/Scrivania/TESI/ROS2/MoCap/Ros2MoCap/install/mocap/share/mocap/local_setup.sh
[0.384s] -- Up-to-date: /home/pietro/Scrivania/TESI/ROS2/MoCap/Ros2MoCap/install/mocap/share/mocap/local_setup.zsh
[0.384s] -- Up-to-date: /home/pietro/Scrivania/TESI/ROS2/MoCap/Ros2MoCap/install/mocap/share/mocap/local_setup.dsv
[0.385s] -- Installing: /home/pietro/Scrivania/TESI/ROS2/MoCap/Ros2MoCap/install/mocap/share/mocap/package.dsv
[0.385s] -- Up-to-date: /home/pietro/Scrivania/TESI/ROS2/MoCap/Ros2MoCap/install/mocap/share/ament_index/resource_index/packages/mocap
[0.385s] -- Up-to-date: /home/pietro/Scrivania/TESI/ROS2/MoCap/Ros2MoCap/install/mocap/share/mocap/cmake/mocapConfig.cmake
[0.385s] -- Up-to-date: /home/pietro/Scrivania/TESI/ROS2/MoCap/Ros2MoCap/install/mocap/share/mocap/cmake/mocapConfig-version.cmake
[0.385s] -- Up-to-date: /home/pietro/Scrivania/TESI/ROS2/MoCap/Ros2MoCap/install/mocap/share/mocap/package.xml
[0.387s] Invoked command in '/home/pietro/Scrivania/TESI/ROS2/MoCap/Ros2MoCap/build/mocap' returned '0': CMAKE_PREFIX_PATH=/opt/ros/foxy /usr/bin/cmake --install /home/pietro/Scrivania/TESI/ROS2/MoCap/Ros2MoCap/build/mocap
